[0.021s] Invoking command in '/home/toby/osu-uwrt/development/software/src/riptide_gazebo/Assets/Plugins/uwrt_gui/build/CompObjectsPlugin': /usr/bin/cmake --build /home/toby/osu-uwrt/development/software/src/riptide_gazebo/Assets/Plugins/uwrt_gui/build/CompObjectsPlugin -- -j12 -l12
[0.048s] -- Looking for gz-sim7 -- found version 7.0.0
[0.053s] -- Searching for dependencies of gz-sim7
[0.053s] -- Looking for sdformat13 -- found version 13.2.0
[0.054s] -- Searching for dependencies of sdformat13
[0.059s] -- Checking for module 'tinyxml2'
[0.071s] --   Found tinyxml2, version 9.0.0
[0.100s] -- Looking for gz-math7 -- found version 7.0.2
[0.100s] -- Searching for dependencies of gz-math7
[0.101s] -- Looking for gz-utils2 -- found version 2.0.0
[0.102s] -- Searching for dependencies of gz-utils2
[0.103s] -- Looking for gz-utils2 -- found version 2.0.0
[0.103s] -- Searching for dependencies of gz-utils2
[0.104s] -- Searching for <gz-utils2> component [cli]
[0.104s] -- Looking for gz-utils2-cli -- found version 2.0.0
[0.104s] -- Searching for dependencies of gz-utils2-cli
[0.105s] -- Looking for gz-plugin2 -- found version 2.0.0
[0.106s] -- Searching for dependencies of gz-plugin2
[0.106s] -- Looking for gz-utils2 -- found version 2.0.0
[0.107s] -- Searching for <gz-plugin2> component [loader]
[0.108s] -- Looking for gz-plugin2-loader -- found version 2.0.0
[0.108s] -- Searching for dependencies of gz-plugin2-loader
[0.109s] -- Searching for <gz-plugin2> component [register]
[0.109s] -- Looking for gz-plugin2-register -- found version 2.0.0
[0.110s] -- Searching for dependencies of gz-plugin2-register
[0.111s] -- Looking for gz-transport12 -- found version 12.0.0
[0.111s] -- Searching for dependencies of gz-transport12
[0.150s] -- Config-file not installed for ZeroMQ -- checking for pkg-config
[0.155s] -- Checking for module 'libzmq >= 4'
[0.168s] --   Found libzmq , version 4.3.4
[0.205s] -- Checking for module 'uuid'
[0.217s] --   Found uuid, version 2.37.2
[0.248s] -- Looking for gz-utils2 -- found version 2.0.0
[0.249s] -- Looking for gz-msgs9 -- found version 9.0.0
[0.249s] -- Searching for dependencies of gz-msgs9
[0.271s] -- Looking for gz-math7 -- found version 7.0.2
[0.290s] -- Searching for <gz-transport12> component [log]
[0.291s] -- Looking for gz-transport12-log -- found version 12.0.0
[0.291s] -- Searching for dependencies of gz-transport12-log
[0.292s] -- Looking for gz-msgs9 -- found version 9.0.0
[0.293s] -- Looking for gz-common5 -- found version 5.2.2
[0.293s] -- Searching for dependencies of gz-common5
[0.294s] -- Looking for gz-utils2 -- found version 2.0.0
[0.294s] -- Looking for dlfcn.h - found
[0.294s] -- Looking for libdl - found
[0.303s] -- Searching for <gz-common5> component [profiler]
[0.304s] -- Looking for gz-common5-profiler -- found version 5.2.2
[0.304s] -- Searching for dependencies of gz-common5-profiler
[0.305s] -- Searching for <gz-common5> component [events]
[0.305s] -- Looking for gz-common5-events -- found version 5.2.2
[0.306s] -- Searching for dependencies of gz-common5-events
[0.306s] -- Looking for gz-math7 -- found version 7.0.2
[0.307s] -- Searching for <gz-common5> component [av]
[0.307s] -- Looking for gz-common5-av -- found version 5.2.2
[0.307s] -- Searching for dependencies of gz-common5-av
[0.312s] -- Checking for module 'libswscale'
[0.324s] --   Found libswscale, version 5.9.100
[0.360s] -- Checking for module 'libavdevice >= 56.4.100'
[0.373s] --   Found libavdevice , version 58.13.100
[0.410s] -- Checking for module 'libavformat'
[0.422s] --   Found libavformat, version 58.76.100
[0.458s] -- Checking for module 'libavcodec'
[0.472s] --   Found libavcodec, version 58.134.100
[0.513s] -- Checking for module 'libavutil'
[0.526s] --   Found libavutil, version 56.70.100
[0.558s] -- Looking for gz-fuel_tools8 -- found version 8.0.0
[0.558s] -- Searching for dependencies of gz-fuel_tools8
[0.597s] -- Checking for module 'jsoncpp'
[0.610s] --   Found jsoncpp, version 1.9.5
[0.645s] -- Checking for module 'libzip'
[0.658s] --   Found libzip, version 1.7.3
[0.686s] -- Looking for gz-utils2 -- found version 2.0.0
[0.687s] -- Looking for gz-common5 -- found version 5.2.2
[0.687s] -- Looking for gz-math7 -- found version 7.0.2
[0.688s] -- Looking for gz-msgs9 -- found version 9.0.0
[0.688s] -- Looking for gz-gui7 -- found version 7.0.0
[0.689s] -- Searching for dependencies of gz-gui7
[0.717s] -- Looking for gz-utils2 -- found version 2.0.0
[0.717s] -- Looking for gz-math7 -- found version 7.0.2
[0.718s] -- Looking for gz-common5 -- found version 5.2.2
[0.719s] -- Looking for gz-plugin2 -- found version 2.0.0
[0.719s] -- Looking for gz-transport12 -- found version 12.0.0
[0.720s] -- Looking for gz-rendering7 -- found version 7.1.0
[0.720s] -- Searching for dependencies of gz-rendering7
[0.721s] -- Looking for gz-math7 -- found version 7.0.2
[0.721s] -- Searching for dependencies of gz-math7
[0.722s] -- Looking for gz-utils2 -- found version 2.0.0
[0.722s] -- Searching for <gz-math7> component [eigen3]
[0.722s] -- Looking for gz-math7-eigen3 -- found version 7.0.2
[0.723s] -- Searching for dependencies of gz-math7-eigen3
[0.724s] -- Looking for gz-common5 -- found version 5.2.2
[0.725s] -- Searching for dependencies of gz-common5
[0.725s] -- Looking for gz-utils2 -- found version 2.0.0
[0.726s] -- Looking for dlfcn.h - found
[0.726s] -- Looking for libdl - found
[0.735s] -- Searching for <gz-common5> component [graphics]
[0.736s] -- Looking for gz-common5-graphics -- found version 5.2.2
[0.736s] -- Searching for dependencies of gz-common5-graphics
[0.737s] -- Looking for gz-math7 -- found version 7.0.2
[0.739s] -- Searching for <gz-common5> component [events]
[0.740s] -- Searching for <gz-common5> component [geospatial]
[0.740s] -- Looking for gz-common5-geospatial -- found version 5.2.2
[0.741s] -- Searching for dependencies of gz-common5-geospatial
[0.741s] -- Looking for gz-math7 -- found version 7.0.2
[0.742s] -- Looking for gz-common5 -- found version 5.2.2
[0.743s] -- Looking for gz-plugin2 -- found version 2.0.0
[0.743s] -- Searching for dependencies of gz-plugin2
[0.743s] -- Looking for gz-utils2 -- found version 2.0.0
[0.744s] -- Searching for <gz-plugin2> component [all]
[0.744s] -- Looking for all libraries of gz-plugin2 -- found version 2.0.0
[0.745s] -- Looking for gz-plugin2 -- found version 2.0.0
[0.746s] -- Looking for gz-utils2 -- found version 2.0.0
[0.747s] -- Looking for gz-msgs9 -- found version 9.0.0
[0.761s] -- Looking for gz-physics6 -- found version 6.1.0
[0.762s] -- Searching for dependencies of gz-physics6
[0.762s] -- Looking for gz-math7 -- found version 7.0.2
[0.762s] -- Looking for gz-plugin2 -- found version 2.0.0
[0.763s] -- Looking for gz-utils2 -- found version 2.0.0
[0.764s] -- Searching for <gz-physics6> component [heightmap]
[0.764s] -- Looking for gz-physics6-heightmap -- found version 6.1.0
[0.765s] -- Searching for dependencies of gz-physics6-heightmap
[0.765s] -- Looking for gz-common5 -- found version 5.2.2
[0.765s] -- Searching for <gz-physics6> component [mesh]
[0.766s] -- Looking for gz-physics6-mesh -- found version 6.1.0
[0.766s] -- Searching for dependencies of gz-physics6-mesh
[0.767s] -- Looking for gz-common5 -- found version 5.2.2
[0.767s] -- Searching for <gz-physics6> component [sdf]
[0.768s] -- Looking for gz-physics6-sdf -- found version 6.1.0
[0.768s] -- Searching for dependencies of gz-physics6-sdf
[0.768s] -- Looking for sdformat13 -- found version 13.2.0
[0.769s] -- Looking for gz-sensors7 -- found version 7.0.0
[0.770s] -- Searching for dependencies of gz-sensors7
[0.789s] -- Looking for gz-math7 -- found version 7.0.2
[0.790s] -- Looking for gz-common5 -- found version 5.2.2
[0.790s] -- Looking for gz-transport12 -- found version 12.0.0
[0.791s] -- Looking for gz-rendering7 -- found version 7.1.0
[0.791s] -- Looking for gz-msgs9 -- found version 9.0.0
[0.792s] -- Looking for sdformat13 -- found version 13.2.0
[0.792s] -- Searching for <gz-sensors7> component [air_pressure]
[0.793s] -- Looking for gz-sensors7-air_pressure -- found version 7.0.0
[0.793s] -- Searching for dependencies of gz-sensors7-air_pressure
[0.794s] -- Searching for <gz-sensors7> component [altimeter]
[0.794s] -- Looking for gz-sensors7-altimeter -- found version 7.0.0
[0.794s] -- Searching for dependencies of gz-sensors7-altimeter
[0.795s] -- Searching for <gz-sensors7> component [imu]
[0.795s] -- Looking for gz-sensors7-imu -- found version 7.0.0
[0.796s] -- Searching for dependencies of gz-sensors7-imu
[0.796s] -- Searching for <gz-sensors7> component [force_torque]
[0.796s] -- Looking for gz-sensors7-force_torque -- found version 7.0.0
[0.797s] -- Searching for dependencies of gz-sensors7-force_torque
[0.797s] -- Searching for <gz-sensors7> component [logical_camera]
[0.798s] -- Looking for gz-sensors7-logical_camera -- found version 7.0.0
[0.799s] -- Searching for dependencies of gz-sensors7-logical_camera
[0.799s] -- Searching for <gz-sensors7> component [magnetometer]
[0.800s] -- Looking for gz-sensors7-magnetometer -- found version 7.0.0
[0.800s] -- Searching for dependencies of gz-sensors7-magnetometer
[0.801s] -- Searching for <gz-sensors7> component [navsat]
[0.801s] -- Looking for gz-sensors7-navsat -- found version 7.0.0
[0.802s] -- Searching for dependencies of gz-sensors7-navsat
[0.802s] -- Searching for <gz-sensors7> component [rendering]
[0.802s] -- Looking for gz-sensors7-rendering -- found version 7.0.0
[0.803s] -- Searching for dependencies of gz-sensors7-rendering
[0.803s] -- Searching for <gz-sensors7> component [lidar]
[0.804s] -- Looking for gz-sensors7-lidar -- found version 7.0.0
[0.804s] -- Searching for dependencies of gz-sensors7-lidar
[0.805s] -- Searching for <gz-sensors7> component [gpu_lidar]
[0.805s] -- Looking for gz-sensors7-gpu_lidar -- found version 7.0.0
[0.805s] -- Searching for dependencies of gz-sensors7-gpu_lidar
[0.806s] -- Searching for <gz-sensors7> component [camera]
[0.806s] -- Looking for gz-sensors7-camera -- found version 7.0.0
[0.807s] -- Searching for dependencies of gz-sensors7-camera
[0.807s] -- Searching for <gz-sensors7> component [boundingbox_camera]
[0.808s] -- Looking for gz-sensors7-boundingbox_camera -- found version 7.0.0
[0.808s] -- Searching for dependencies of gz-sensors7-boundingbox_camera
[0.809s] -- Searching for <gz-sensors7> component [segmentation_camera]
[0.809s] -- Looking for gz-sensors7-segmentation_camera -- found version 7.0.0
[0.810s] -- Searching for dependencies of gz-sensors7-segmentation_camera
[0.810s] -- Searching for <gz-sensors7> component [depth_camera]
[0.811s] -- Looking for gz-sensors7-depth_camera -- found version 7.0.0
[0.811s] -- Searching for dependencies of gz-sensors7-depth_camera
[0.812s] -- Searching for <gz-sensors7> component [rgbd_camera]
[0.812s] -- Looking for gz-sensors7-rgbd_camera -- found version 7.0.0
[0.813s] -- Searching for dependencies of gz-sensors7-rgbd_camera
[0.813s] -- Searching for <gz-sensors7> component [thermal_camera]
[0.814s] -- Looking for gz-sensors7-thermal_camera -- found version 7.0.0
[0.814s] -- Searching for dependencies of gz-sensors7-thermal_camera
[0.815s] -- Searching for <gz-sensors7> component [wide_angle_camera]
[0.815s] -- Looking for gz-sensors7-wide_angle_camera -- found version 7.0.0
[0.816s] -- Searching for dependencies of gz-sensors7-wide_angle_camera
[0.817s] -- Looking for gz-rendering7 -- found version 7.1.0
[0.817s] -- Looking for gz-math7 -- found version 7.0.2
[0.818s] -- Looking for gz-utils2 -- found version 2.0.0
[0.840s] -- Searching for <gz-sim7> component [gui]
[0.841s] -- Looking for gz-sim7-gui -- found version 7.0.0
[0.841s] -- Searching for dependencies of gz-sim7-gui
[0.843s] -- Configuring done
[0.875s] -- Generating done
[0.877s] -- Build files have been written to: /home/toby/osu-uwrt/development/software/src/riptide_gazebo/Assets/Plugins/uwrt_gui/build/CompObjectsPlugin
[0.912s] [ 16%] [34m[1mAutomatic MOC for target CompObjectsPlugin[0m
[0.931s] [ 16%] Built target CompObjectsPlugin_autogen
[0.934s] gmake[2]: *** No rule to make target '/home/toby/osu-uwrt/development/software/src/riptide_gui/riptide_meshes/meshes/gmanTorpedo/gmanTorpedo.png', needed by 'qrc_CompObjectsPlugin.cpp'.  Stop.
[0.934s] gmake[1]: *** [CMakeFiles/Makefile2:83: CMakeFiles/CompObjectsPlugin.dir/all] Error 2
[0.934s] gmake: *** [Makefile:136: all] Error 2
[0.936s] Invoked command in '/home/toby/osu-uwrt/development/software/src/riptide_gazebo/Assets/Plugins/uwrt_gui/build/CompObjectsPlugin' returned '2': /usr/bin/cmake --build /home/toby/osu-uwrt/development/software/src/riptide_gazebo/Assets/Plugins/uwrt_gui/build/CompObjectsPlugin -- -j12 -l12
