[0.010s] Invoking command in '/home/hollis/osu-uwrt/riptide_software/src/riptide_gazebo/Assets/Plugins/build/uwrt_gz': CMAKE_PREFIX_PATH=${CMAKE_PREFIX_PATH}:/home/hollis/osu-uwrt/dependencies/install/microstrain_inertial_rqt:/home/hollis/osu-uwrt/dependencies/install/echo_video:/home/hollis/osu-uwrt/dependencies/install/camera_calibration:/home/hollis/osu-uwrt/riptide_software/install/riptide_teleop2:/home/hollis/osu-uwrt/riptide_software/install/riptide_rqt_plugins2:/home/hollis/osu-uwrt/riptide_software/install/riptide_hardware2:/home/hollis/osu-uwrt/riptide_software/install/riptide_controllers2:/home/hollis/osu-uwrt/riptide_software/install/riptide_mapping2:/home/hollis/osu-uwrt/riptide_software/install/riptide_localization2:/home/hollis/osu-uwrt/riptide_software/install/riptide_bringup2:/home/hollis/osu-uwrt/riptide_software/install/riptide_SNIB:/opt/ros/humble /usr/bin/cmake --build /home/hollis/osu-uwrt/riptide_software/src/riptide_gazebo/Assets/Plugins/build/uwrt_gz -- -j20 -l20
[0.023s] -- Found ament_cmake: 1.3.2 (/opt/ros/humble/share/ament_cmake/cmake)
[0.114s] -- Looking for gz-plugin2 -- found version 2.0.0
[0.114s] -- Searching for dependencies of gz-plugin2
[0.114s] -- Looking for gz-utils2 -- found version 2.0.0
[0.114s] -- Searching for dependencies of gz-utils2
[0.114s] -- Searching for <gz-utils2> component [cli]
[0.115s] -- Looking for gz-utils2-cli -- found version 2.0.0
[0.115s] -- Searching for dependencies of gz-utils2-cli
[0.115s] -- Searching for <gz-plugin2> component [register]
[0.115s] -- Looking for gz-plugin2-register -- found version 2.0.0
[0.116s] -- Searching for dependencies of gz-plugin2-register
[0.116s] -- Looking for gz-sim7 -- found version 7.0.0
[0.116s] -- Searching for dependencies of gz-sim7
[0.117s] -- Looking for sdformat13 -- found version 13.0.1
[0.117s] -- Searching for dependencies of sdformat13
[0.120s] -- Checking for module 'tinyxml2'
[0.126s] --   Found tinyxml2, version 9.0.0
[0.140s] -- Looking for gz-math7 -- found version 7.0.2
[0.140s] -- Searching for dependencies of gz-math7
[0.141s] -- Looking for gz-utils2 -- found version 2.0.0
[0.141s] -- Looking for gz-utils2 -- found version 2.0.0
[0.141s] -- Looking for gz-plugin2 -- found version 2.0.0
[0.142s] -- Searching for dependencies of gz-plugin2
[0.142s] -- Looking for gz-utils2 -- found version 2.0.0
[0.142s] -- Searching for <gz-plugin2> component [loader]
[0.142s] -- Looking for gz-plugin2-loader -- found version 2.0.0
[0.142s] -- Searching for dependencies of gz-plugin2-loader
[0.143s] -- Searching for <gz-plugin2> component [register]
[0.143s] -- Looking for gz-transport12 -- found version 12.0.0
[0.143s] -- Searching for dependencies of gz-transport12
[0.161s] -- Config-file not installed for ZeroMQ -- checking for pkg-config
[0.164s] -- Checking for module 'libzmq >= 4'
[0.170s] --   Found libzmq , version 4.3.4
[0.188s] -- Checking for module 'uuid'
[0.194s] --   Found uuid, version 2.37.2
[0.209s] -- Looking for gz-utils2 -- found version 2.0.0
[0.209s] -- Looking for gz-msgs9 -- found version 9.0.0
[0.209s] -- Searching for dependencies of gz-msgs9
[0.220s] -- Looking for gz-math7 -- found version 7.0.2
[0.231s] -- Searching for <gz-transport12> component [log]
[0.231s] -- Looking for gz-transport12-log -- found version 12.0.0
[0.231s] -- Searching for dependencies of gz-transport12-log
[0.231s] -- Looking for gz-msgs9 -- found version 9.0.0
[0.232s] -- Looking for gz-common5 -- found version 5.0.0
[0.232s] -- Searching for dependencies of gz-common5
[0.232s] -- Looking for gz-utils2 -- found version 2.0.0
[0.232s] -- Looking for dlfcn.h - found
[0.232s] -- Looking for libdl - found
[0.238s] -- Searching for <gz-common5> component [profiler]
[0.238s] -- Looking for gz-common5-profiler -- found version 5.0.0
[0.238s] -- Searching for dependencies of gz-common5-profiler
[0.238s] -- Searching for <gz-common5> component [events]
[0.238s] -- Looking for gz-common5-events -- found version 5.0.0
[0.238s] -- Searching for dependencies of gz-common5-events
[0.239s] -- Looking for gz-math7 -- found version 7.0.2
[0.239s] -- Searching for <gz-common5> component [av]
[0.239s] -- Looking for gz-common5-av -- found version 5.0.0
[0.239s] -- Searching for dependencies of gz-common5-av
[0.242s] -- Checking for module 'libswscale'
[0.249s] --   Found libswscale, version 5.9.100
[0.266s] -- Checking for module 'libavdevice >= 56.4.100'
[0.272s] --   Found libavdevice , version 58.13.100
[0.290s] -- Checking for module 'libavformat'
[0.297s] --   Found libavformat, version 58.76.100
[0.315s] -- Checking for module 'libavcodec'
[0.321s] --   Found libavcodec, version 58.134.100
[0.342s] -- Checking for module 'libavutil'
[0.349s] --   Found libavutil, version 56.70.100
[0.364s] -- Looking for gz-fuel_tools8 -- found version 8.0.0
[0.364s] -- Searching for dependencies of gz-fuel_tools8
[0.385s] -- Checking for module 'jsoncpp'
[0.391s] --   Found jsoncpp, version 1.9.5
[0.408s] -- Checking for module 'libzip'
[0.414s] --   Found libzip, version 1.7.3
[0.429s] -- Looking for gz-utils2 -- found version 2.0.0
[0.429s] -- Looking for gz-common5 -- found version 5.0.0
[0.429s] -- Looking for gz-math7 -- found version 7.0.2
[0.430s] -- Looking for gz-msgs9 -- found version 9.0.0
[0.430s] -- Looking for gz-gui7 -- found version 7.0.0
[0.430s] -- Searching for dependencies of gz-gui7
[0.446s] -- Looking for gz-utils2 -- found version 2.0.0
[0.446s] -- Looking for gz-math7 -- found version 7.0.2
[0.446s] -- Looking for gz-common5 -- found version 5.0.0
[0.446s] -- Looking for gz-plugin2 -- found version 2.0.0
[0.446s] -- Looking for gz-transport12 -- found version 12.0.0
[0.447s] -- Looking for gz-rendering7 -- found version 7.0.0
[0.447s] -- Searching for dependencies of gz-rendering7
[0.447s] -- Looking for gz-math7 -- found version 7.0.2
[0.447s] -- Searching for dependencies of gz-math7
[0.447s] -- Looking for gz-utils2 -- found version 2.0.0
[0.447s] -- Searching for <gz-math7> component [eigen3]
[0.447s] -- Looking for gz-math7-eigen3 -- found version 7.0.2
[0.448s] -- Searching for dependencies of gz-math7-eigen3
[0.449s] -- Looking for gz-common5 -- found version 5.0.0
[0.449s] -- Searching for dependencies of gz-common5
[0.449s] -- Looking for gz-utils2 -- found version 2.0.0
[0.449s] -- Looking for dlfcn.h - found
[0.449s] -- Looking for libdl - found
[0.454s] -- Searching for <gz-common5> component [graphics]
[0.454s] -- Looking for gz-common5-graphics -- found version 5.0.0
[0.455s] -- Searching for dependencies of gz-common5-graphics
[0.455s] -- Looking for gz-math7 -- found version 7.0.2
[0.456s] -- Searching for <gz-common5> component [events]
[0.456s] -- Searching for <gz-common5> component [geospatial]
[0.457s] -- Looking for gz-common5-geospatial -- found version 5.0.0
[0.457s] -- Searching for dependencies of gz-common5-geospatial
[0.457s] -- Looking for gz-math7 -- found version 7.0.2
[0.457s] -- Looking for gz-common5 -- found version 5.0.0
[0.458s] -- Looking for gz-plugin2 -- found version 2.0.0
[0.458s] -- Searching for dependencies of gz-plugin2
[0.458s] -- Looking for gz-utils2 -- found version 2.0.0
[0.458s] -- Searching for <gz-plugin2> component [all]
[0.458s] -- Looking for all libraries of gz-plugin2 -- found version 2.0.0
[0.458s] -- Looking for gz-plugin2 -- found version 2.0.0
[0.459s] -- Looking for gz-utils2 -- found version 2.0.0
[0.460s] -- Looking for gz-msgs9 -- found version 9.0.0
[0.467s] -- Looking for gz-physics6 -- found version 6.0.0
[0.467s] -- Searching for dependencies of gz-physics6
[0.468s] -- Looking for gz-math7 -- found version 7.0.2
[0.468s] -- Looking for gz-plugin2 -- found version 2.0.0
[0.468s] -- Looking for gz-utils2 -- found version 2.0.0
[0.469s] -- Searching for <gz-physics6> component [heightmap]
[0.469s] -- Looking for gz-physics6-heightmap -- found version 6.0.0
[0.469s] -- Searching for dependencies of gz-physics6-heightmap
[0.469s] -- Looking for gz-common5 -- found version 5.0.0
[0.469s] -- Searching for <gz-physics6> component [mesh]
[0.470s] -- Looking for gz-physics6-mesh -- found version 6.0.0
[0.470s] -- Searching for dependencies of gz-physics6-mesh
[0.470s] -- Looking for gz-common5 -- found version 5.0.0
[0.470s] -- Searching for <gz-physics6> component [sdf]
[0.470s] -- Looking for gz-physics6-sdf -- found version 6.0.0
[0.471s] -- Searching for dependencies of gz-physics6-sdf
[0.471s] -- Looking for sdformat13 -- found version 13.0.1
[0.471s] -- Looking for gz-sensors7 -- found version 7.0.0
[0.471s] -- Searching for dependencies of gz-sensors7
[0.483s] -- Looking for gz-math7 -- found version 7.0.2
[0.483s] -- Looking for gz-common5 -- found version 5.0.0
[0.483s] -- Looking for gz-transport12 -- found version 12.0.0
[0.483s] -- Looking for gz-rendering7 -- found version 7.0.0
[0.483s] -- Looking for gz-msgs9 -- found version 9.0.0
[0.484s] -- Looking for sdformat13 -- found version 13.0.1
[0.484s] -- Searching for <gz-sensors7> component [air_pressure]
[0.484s] -- Looking for gz-sensors7-air_pressure -- found version 7.0.0
[0.485s] -- Searching for dependencies of gz-sensors7-air_pressure
[0.485s] -- Searching for <gz-sensors7> component [altimeter]
[0.485s] -- Looking for gz-sensors7-altimeter -- found version 7.0.0
[0.485s] -- Searching for dependencies of gz-sensors7-altimeter
[0.485s] -- Searching for <gz-sensors7> component [imu]
[0.485s] -- Looking for gz-sensors7-imu -- found version 7.0.0
[0.486s] -- Searching for dependencies of gz-sensors7-imu
[0.486s] -- Searching for <gz-sensors7> component [force_torque]
[0.486s] -- Looking for gz-sensors7-force_torque -- found version 7.0.0
[0.486s] -- Searching for dependencies of gz-sensors7-force_torque
[0.487s] -- Searching for <gz-sensors7> component [logical_camera]
[0.487s] -- Looking for gz-sensors7-logical_camera -- found version 7.0.0
[0.487s] -- Searching for dependencies of gz-sensors7-logical_camera
[0.487s] -- Searching for <gz-sensors7> component [magnetometer]
[0.487s] -- Looking for gz-sensors7-magnetometer -- found version 7.0.0
[0.488s] -- Searching for dependencies of gz-sensors7-magnetometer
[0.488s] -- Searching for <gz-sensors7> component [navsat]
[0.488s] -- Looking for gz-sensors7-navsat -- found version 7.0.0
[0.488s] -- Searching for dependencies of gz-sensors7-navsat
[0.489s] -- Searching for <gz-sensors7> component [rendering]
[0.489s] -- Looking for gz-sensors7-rendering -- found version 7.0.0
[0.489s] -- Searching for dependencies of gz-sensors7-rendering
[0.489s] -- Searching for <gz-sensors7> component [lidar]
[0.489s] -- Looking for gz-sensors7-lidar -- found version 7.0.0
[0.490s] -- Searching for dependencies of gz-sensors7-lidar
[0.490s] -- Searching for <gz-sensors7> component [gpu_lidar]
[0.490s] -- Looking for gz-sensors7-gpu_lidar -- found version 7.0.0
[0.490s] -- Searching for dependencies of gz-sensors7-gpu_lidar
[0.491s] -- Searching for <gz-sensors7> component [camera]
[0.491s] -- Looking for gz-sensors7-camera -- found version 7.0.0
[0.491s] -- Searching for dependencies of gz-sensors7-camera
[0.491s] -- Searching for <gz-sensors7> component [boundingbox_camera]
[0.491s] -- Looking for gz-sensors7-boundingbox_camera -- found version 7.0.0
[0.492s] -- Searching for dependencies of gz-sensors7-boundingbox_camera
[0.492s] -- Searching for <gz-sensors7> component [segmentation_camera]
[0.492s] -- Looking for gz-sensors7-segmentation_camera -- found version 7.0.0
[0.492s] -- Searching for dependencies of gz-sensors7-segmentation_camera
[0.492s] -- Searching for <gz-sensors7> component [depth_camera]
[0.493s] -- Looking for gz-sensors7-depth_camera -- found version 7.0.0
[0.493s] -- Searching for dependencies of gz-sensors7-depth_camera
[0.493s] -- Searching for <gz-sensors7> component [rgbd_camera]
[0.493s] -- Looking for gz-sensors7-rgbd_camera -- found version 7.0.0
[0.494s] -- Searching for dependencies of gz-sensors7-rgbd_camera
[0.494s] -- Searching for <gz-sensors7> component [thermal_camera]
[0.494s] -- Looking for gz-sensors7-thermal_camera -- found version 7.0.0
[0.494s] -- Searching for dependencies of gz-sensors7-thermal_camera
[0.494s] -- Searching for <gz-sensors7> component [wide_angle_camera]
[0.495s] -- Looking for gz-sensors7-wide_angle_camera -- found version 7.0.0
[0.495s] -- Searching for dependencies of gz-sensors7-wide_angle_camera
[0.495s] -- Looking for gz-rendering7 -- found version 7.0.0
[0.496s] -- Looking for gz-math7 -- found version 7.0.2
[0.496s] -- Looking for gz-utils2 -- found version 2.0.0
[0.509s] -- Found ament_lint_auto: 0.12.4 (/opt/ros/humble/share/ament_lint_auto/cmake)
[0.547s] -- Added test 'cppcheck' to perform static code analysis on C / C++ code
[0.547s] -- Configured cppcheck include dirs: 
[0.547s] -- Configured cppcheck exclude dirs and/or files: 
[0.547s] -- Added test 'lint_cmake' to check CMake code style
[0.548s] -- Added test 'uncrustify' to check C / C++ code style
[0.548s] -- Configured uncrustify additional arguments: 
[0.548s] -- Added test 'xmllint' to check XML markup files
[0.548s] -- Configuring done
[0.553s] -- Generating done
[0.554s] -- Build files have been written to: /home/hollis/osu-uwrt/riptide_software/src/riptide_gazebo/Assets/Plugins/build/uwrt_gz
[0.574s] [ 50%] [32mBuilding CXX object CMakeFiles/MoveEntity.dir/src/MoveEntity.cc.o[0m
[0.619s] [01m[K/home/hollis/osu-uwrt/riptide_software/src/riptide_gazebo/Assets/Plugins/uwrt_gz/src/MoveEntity.cc:29:10:[m[K [01;31m[Kfatal error: [m[KMoveEnitty.hh: No such file or directory
[0.619s]    29 | #include [01;31m[K"MoveEnitty.hh"[m[K
[0.619s]       |          [01;31m[K^~~~~~~~~~~~~~~[m[K
[0.619s] compilation terminated.
[0.621s] gmake[2]: *** [CMakeFiles/MoveEntity.dir/build.make:76: CMakeFiles/MoveEntity.dir/src/MoveEntity.cc.o] Error 1
[0.621s] gmake[1]: *** [CMakeFiles/Makefile2:137: CMakeFiles/MoveEntity.dir/all] Error 2
[0.621s] gmake: *** [Makefile:146: all] Error 2
[0.623s] Invoked command in '/home/hollis/osu-uwrt/riptide_software/src/riptide_gazebo/Assets/Plugins/build/uwrt_gz' returned '2': CMAKE_PREFIX_PATH=${CMAKE_PREFIX_PATH}:/home/hollis/osu-uwrt/dependencies/install/microstrain_inertial_rqt:/home/hollis/osu-uwrt/dependencies/install/echo_video:/home/hollis/osu-uwrt/dependencies/install/camera_calibration:/home/hollis/osu-uwrt/riptide_software/install/riptide_teleop2:/home/hollis/osu-uwrt/riptide_software/install/riptide_rqt_plugins2:/home/hollis/osu-uwrt/riptide_software/install/riptide_hardware2:/home/hollis/osu-uwrt/riptide_software/install/riptide_controllers2:/home/hollis/osu-uwrt/riptide_software/install/riptide_mapping2:/home/hollis/osu-uwrt/riptide_software/install/riptide_localization2:/home/hollis/osu-uwrt/riptide_software/install/riptide_bringup2:/home/hollis/osu-uwrt/riptide_software/install/riptide_SNIB:/opt/ros/humble /usr/bin/cmake --build /home/hollis/osu-uwrt/riptide_software/src/riptide_gazebo/Assets/Plugins/build/uwrt_gz -- -j20 -l20
