[35m[1mConsolidate compiler generated dependencies of target MoveEntity[0m
[ 50%] [32mBuilding CXX object CMakeFiles/MoveEntity.dir/src/MoveEntity.cc.o[0m
In file included from [01m[K/home/hollis/osu-uwrt/riptide_software/src/riptide_gazebo/Assets/Plugins/uwrt_gz/src/MoveEntity.cc:29[m[K:
[01m[K/home/hollis/osu-uwrt/riptide_software/src/riptide_gazebo/Assets/Plugins/uwrt_gz/src/MoveEntity.hh:53:18:[m[K [01;31m[Kerror: [m[K‘[01m[Kvoid move_entity::MoveEntity::PreUpdate(const gz::sim::v7::UpdateInfo&, gz::sim::v7::EntityComponentManager&)[m[K’ marked ‘[01m[Koverride[m[K’, but does not override
   53 |     public: void [01;31m[KPreUpdate[m[K(const gz::sim::UpdateInfo &_info,
      |                  [01;31m[K^~~~~~~~~[m[K
[01m[K/home/hollis/osu-uwrt/riptide_software/src/riptide_gazebo/Assets/Plugins/uwrt_gz/src/MoveEntity.cc:[m[K In member function ‘[01m[Kvirtual void move_entity::MoveEntity::Configure(const Entity&, const std::shared_ptr<const sdf::v13::Element>&, gz::sim::v7::EntityComponentManager&, gz::sim::v7::EventManager&)[m[K’:
[01m[K/home/hollis/osu-uwrt/riptide_software/src/riptide_gazebo/Assets/Plugins/uwrt_gz/src/MoveEntity.cc:58:48:[m[K [01;35m[Kwarning: [m[Kunused parameter ‘[01m[K_sdf[m[K’ [[01;35m[K]8;;https://gcc.gnu.org/onlinedocs/gcc/Warning-Options.html#index-Wunused-parameter-Wunused-parameter]8;;[m[K]
   58 |     [01;35m[Kconst std::shared_ptr<const sdf::Element> &_sdf[m[K,
      |     [01;35m[K~~~~~~~~~~~~~~~~~~~~~~~~~~~~~~~~~~~~~~~~~~~^~~~[m[K
[01m[K/home/hollis/osu-uwrt/riptide_software/src/riptide_gazebo/Assets/Plugins/uwrt_gz/src/MoveEntity.cc:[m[K In member function ‘[01m[Kvoid move_entity::MoveEntity::PreUpdate(const gz::sim::v7::UpdateInfo&, gz::sim::v7::EntityComponentManager&)[m[K’:
[01m[K/home/hollis/osu-uwrt/riptide_software/src/riptide_gazebo/Assets/Plugins/uwrt_gz/src/MoveEntity.cc:114:55:[m[K [01;31m[Kerror: [m[K‘[01m[KPose[m[K’ is not a member of ‘[01m[Kgz::sim::v7::components[m[K’
  114 |   auto poseComp = _ecm.Component<gz::sim::components::[01;31m[KPose[m[K>(this->entity);
      |                                                       [01;31m[K^~~~[m[K
[01m[K/home/hollis/osu-uwrt/riptide_software/src/riptide_gazebo/Assets/Plugins/uwrt_gz/src/MoveEntity.cc:114:60:[m[K [01;31m[Kerror: [m[Kno matching function for call to ‘[01m[Kgz::sim::v7::EntityComponentManager::Component<<expression error> >(gz::sim::v7::Entity&)[m[K’
  114 |   auto poseComp = [01;31m[K_ecm.Component<gz::sim::components::Pose>(this->entity)[m[K;
      |                   [01;31m[K~~~~~~~~~~~~~~~~~~~~~~~~~~~~~~~~~~~~~~~~~^~~~~~~~~~~~~~[m[K
In file included from [01m[K/usr/include/gz/sim7/gz/sim/System.hh:23[m[K,
                 from [01m[K/home/hollis/osu-uwrt/riptide_software/src/riptide_gazebo/Assets/Plugins/uwrt_gz/src/MoveEntity.hh:23[m[K,
                 from [01m[K/home/hollis/osu-uwrt/riptide_software/src/riptide_gazebo/Assets/Plugins/uwrt_gz/src/MoveEntity.cc:29[m[K:
[01m[K/usr/include/gz/sim7/gz/sim/EntityComponentManager.hh:258:37:[m[K [01;36m[Knote: [m[Kcandidate: ‘[01m[Ktemplate<class ComponentTypeT> const ComponentTypeT* gz::sim::v7::EntityComponentManager::Component(gz::sim::v7::Entity) const[m[K’
  258 |               const ComponentTypeT *[01;36m[KComponent[m[K(const Entity _entity) const;
      |                                     [01;36m[K^~~~~~~~~[m[K
[01m[K/usr/include/gz/sim7/gz/sim/EntityComponentManager.hh:258:37:[m[K [01;36m[Knote: [m[K  template argument deduction/substitution failed:
[01m[K/home/hollis/osu-uwrt/riptide_software/src/riptide_gazebo/Assets/Plugins/uwrt_gz/src/MoveEntity.cc:114:60:[m[K [01;31m[Kerror: [m[Ktemplate argument 1 is invalid
  114 |   auto poseComp = [01;31m[K_ecm.Component<gz::sim::components::Pose>(this->entity)[m[K;
      |                   [01;31m[K~~~~~~~~~~~~~~~~~~~~~~~~~~~~~~~~~~~~~~~~~^~~~~~~~~~~~~~[m[K
In file included from [01m[K/usr/include/gz/sim7/gz/sim/System.hh:23[m[K,
                 from [01m[K/home/hollis/osu-uwrt/riptide_software/src/riptide_gazebo/Assets/Plugins/uwrt_gz/src/MoveEntity.hh:23[m[K,
                 from [01m[K/home/hollis/osu-uwrt/riptide_software/src/riptide_gazebo/Assets/Plugins/uwrt_gz/src/MoveEntity.cc:29[m[K:
[01m[K/usr/include/gz/sim7/gz/sim/EntityComponentManager.hh:266:31:[m[K [01;36m[Knote: [m[Kcandidate: ‘[01m[Ktemplate<class ComponentTypeT> ComponentTypeT* gz::sim::v7::EntityComponentManager::Component(gz::sim::v7::Entity)[m[K’
  266 |               ComponentTypeT *[01;36m[KComponent[m[K(const Entity _entity);
      |                               [01;36m[K^~~~~~~~~[m[K
[01m[K/usr/include/gz/sim7/gz/sim/EntityComponentManager.hh:266:31:[m[K [01;36m[Knote: [m[K  template argument deduction/substitution failed:
[01m[K/home/hollis/osu-uwrt/riptide_software/src/riptide_gazebo/Assets/Plugins/uwrt_gz/src/MoveEntity.cc:114:60:[m[K [01;31m[Kerror: [m[Ktemplate argument 1 is invalid
  114 |   auto poseComp = [01;31m[K_ecm.Component<gz::sim::components::Pose>(this->entity)[m[K;
      |                   [01;31m[K~~~~~~~~~~~~~~~~~~~~~~~~~~~~~~~~~~~~~~~~~^~~~~~~~~~~~~~[m[K
[01m[K/home/hollis/osu-uwrt/riptide_software/src/riptide_gazebo/Assets/Plugins/uwrt_gz/src/MoveEntity.cc:66:55:[m[K [01;35m[Kwarning: [m[Kunused parameter ‘[01m[K_info[m[K’ [[01;35m[K]8;;https://gcc.gnu.org/onlinedocs/gcc/Warning-Options.html#index-Wunused-parameter-Wunused-parameter]8;;[m[K]
   66 | void MoveEntity::PreUpdate([01;35m[Kconst gz::sim::UpdateInfo &_info[m[K,
      |                            [01;35m[K~~~~~~~~~~~~~~~~~~~~~~~~~~~^~~~~[m[K
gmake[2]: *** [CMakeFiles/MoveEntity.dir/build.make:76: CMakeFiles/MoveEntity.dir/src/MoveEntity.cc.o] Error 1
gmake[1]: *** [CMakeFiles/Makefile2:137: CMakeFiles/MoveEntity.dir/all] Error 2
gmake: *** [Makefile:146: all] Error 2
