[0.020s] Invoking command in '/home/toby/osu-uwrt/development/software/src/riptide_gazebo/Assets/Plugins/uwrt_gui/build/CompObjectsPlugin': /usr/bin/cmake --build /home/toby/osu-uwrt/development/software/src/riptide_gazebo/Assets/Plugins/uwrt_gui/build/CompObjectsPlugin -- -j12 -l12
[0.046s] -- Looking for gz-sim7 -- found version 7.0.0
[0.050s] -- Searching for dependencies of gz-sim7
[0.051s] -- Looking for sdformat13 -- found version 13.2.0
[0.051s] -- Searching for dependencies of sdformat13
[0.056s] -- Checking for module 'tinyxml2'
[0.067s] --   Found tinyxml2, version 9.0.0
[0.093s] -- Looking for gz-math7 -- found version 7.0.2
[0.093s] -- Searching for dependencies of gz-math7
[0.094s] -- Looking for gz-utils2 -- found version 2.0.0
[0.094s] -- Searching for dependencies of gz-utils2
[0.096s] -- Looking for gz-utils2 -- found version 2.0.0
[0.096s] -- Searching for dependencies of gz-utils2
[0.096s] -- Searching for <gz-utils2> component [cli]
[0.097s] -- Looking for gz-utils2-cli -- found version 2.0.0
[0.097s] -- Searching for dependencies of gz-utils2-cli
[0.098s] -- Looking for gz-plugin2 -- found version 2.0.0
[0.099s] -- Searching for dependencies of gz-plugin2
[0.099s] -- Looking for gz-utils2 -- found version 2.0.0
[0.099s] -- Searching for <gz-plugin2> component [loader]
[0.100s] -- Looking for gz-plugin2-loader -- found version 2.0.0
[0.100s] -- Searching for dependencies of gz-plugin2-loader
[0.101s] -- Searching for <gz-plugin2> component [register]
[0.101s] -- Looking for gz-plugin2-register -- found version 2.0.0
[0.102s] -- Searching for dependencies of gz-plugin2-register
[0.102s] -- Looking for gz-transport12 -- found version 12.0.0
[0.103s] -- Searching for dependencies of gz-transport12
[0.138s] -- Config-file not installed for ZeroMQ -- checking for pkg-config
[0.143s] -- Checking for module 'libzmq >= 4'
[0.154s] --   Found libzmq , version 4.3.4
[0.189s] -- Checking for module 'uuid'
[0.200s] --   Found uuid, version 2.37.2
[0.228s] -- Looking for gz-utils2 -- found version 2.0.0
[0.228s] -- Looking for gz-msgs9 -- found version 9.0.0
[0.229s] -- Searching for dependencies of gz-msgs9
[0.250s] -- Looking for gz-math7 -- found version 7.0.2
[0.267s] -- Searching for <gz-transport12> component [log]
[0.267s] -- Looking for gz-transport12-log -- found version 12.0.0
[0.268s] -- Searching for dependencies of gz-transport12-log
[0.269s] -- Looking for gz-msgs9 -- found version 9.0.0
[0.269s] -- Looking for gz-common5 -- found version 5.2.2
[0.270s] -- Searching for dependencies of gz-common5
[0.270s] -- Looking for gz-utils2 -- found version 2.0.0
[0.270s] -- Looking for dlfcn.h - found
[0.271s] -- Looking for libdl - found
[0.279s] -- Searching for <gz-common5> component [profiler]
[0.279s] -- Looking for gz-common5-profiler -- found version 5.2.2
[0.280s] -- Searching for dependencies of gz-common5-profiler
[0.281s] -- Searching for <gz-common5> component [events]
[0.281s] -- Looking for gz-common5-events -- found version 5.2.2
[0.282s] -- Searching for dependencies of gz-common5-events
[0.282s] -- Looking for gz-math7 -- found version 7.0.2
[0.283s] -- Searching for <gz-common5> component [av]
[0.283s] -- Looking for gz-common5-av -- found version 5.2.2
[0.284s] -- Searching for dependencies of gz-common5-av
[0.289s] -- Checking for module 'libswscale'
[0.300s] --   Found libswscale, version 5.9.100
[0.334s] -- Checking for module 'libavdevice >= 56.4.100'
[0.347s] --   Found libavdevice , version 58.13.100
[0.382s] -- Checking for module 'libavformat'
[0.394s] --   Found libavformat, version 58.76.100
[0.428s] -- Checking for module 'libavcodec'
[0.442s] --   Found libavcodec, version 58.134.100
[0.475s] -- Checking for module 'libavutil'
[0.487s] --   Found libavutil, version 56.70.100
[0.515s] -- Looking for gz-fuel_tools8 -- found version 8.0.0
[0.516s] -- Searching for dependencies of gz-fuel_tools8
[0.555s] -- Checking for module 'jsoncpp'
[0.567s] --   Found jsoncpp, version 1.9.5
[0.600s] -- Checking for module 'libzip'
[0.612s] --   Found libzip, version 1.7.3
[0.643s] -- Looking for gz-utils2 -- found version 2.0.0
[0.643s] -- Looking for gz-common5 -- found version 5.2.2
[0.644s] -- Looking for gz-math7 -- found version 7.0.2
[0.644s] -- Looking for gz-msgs9 -- found version 9.0.0
[0.645s] -- Looking for gz-gui7 -- found version 7.0.0
[0.646s] -- Searching for dependencies of gz-gui7
[0.671s] -- Looking for gz-utils2 -- found version 2.0.0
[0.672s] -- Looking for gz-math7 -- found version 7.0.2
[0.672s] -- Looking for gz-common5 -- found version 5.2.2
[0.673s] -- Looking for gz-plugin2 -- found version 2.0.0
[0.673s] -- Looking for gz-transport12 -- found version 12.0.0
[0.674s] -- Looking for gz-rendering7 -- found version 7.1.0
[0.675s] -- Searching for dependencies of gz-rendering7
[0.675s] -- Looking for gz-math7 -- found version 7.0.2
[0.676s] -- Searching for dependencies of gz-math7
[0.676s] -- Looking for gz-utils2 -- found version 2.0.0
[0.676s] -- Searching for <gz-math7> component [eigen3]
[0.677s] -- Looking for gz-math7-eigen3 -- found version 7.0.2
[0.677s] -- Searching for dependencies of gz-math7-eigen3
[0.679s] -- Looking for gz-common5 -- found version 5.2.2
[0.679s] -- Searching for dependencies of gz-common5
[0.680s] -- Looking for gz-utils2 -- found version 2.0.0
[0.680s] -- Looking for dlfcn.h - found
[0.680s] -- Looking for libdl - found
[0.689s] -- Searching for <gz-common5> component [graphics]
[0.689s] -- Looking for gz-common5-graphics -- found version 5.2.2
[0.690s] -- Searching for dependencies of gz-common5-graphics
[0.690s] -- Looking for gz-math7 -- found version 7.0.2
[0.693s] -- Searching for <gz-common5> component [events]
[0.693s] -- Searching for <gz-common5> component [geospatial]
[0.694s] -- Looking for gz-common5-geospatial -- found version 5.2.2
[0.694s] -- Searching for dependencies of gz-common5-geospatial
[0.695s] -- Looking for gz-math7 -- found version 7.0.2
[0.695s] -- Looking for gz-common5 -- found version 5.2.2
[0.696s] -- Looking for gz-plugin2 -- found version 2.0.0
[0.697s] -- Searching for dependencies of gz-plugin2
[0.697s] -- Looking for gz-utils2 -- found version 2.0.0
[0.697s] -- Searching for <gz-plugin2> component [all]
[0.697s] -- Looking for all libraries of gz-plugin2 -- found version 2.0.0
[0.698s] -- Looking for gz-plugin2 -- found version 2.0.0
[0.699s] -- Looking for gz-utils2 -- found version 2.0.0
[0.700s] -- Looking for gz-msgs9 -- found version 9.0.0
[0.714s] -- Looking for gz-physics6 -- found version 6.1.0
[0.714s] -- Searching for dependencies of gz-physics6
[0.715s] -- Looking for gz-math7 -- found version 7.0.2
[0.715s] -- Looking for gz-plugin2 -- found version 2.0.0
[0.716s] -- Looking for gz-utils2 -- found version 2.0.0
[0.717s] -- Searching for <gz-physics6> component [heightmap]
[0.717s] -- Looking for gz-physics6-heightmap -- found version 6.1.0
[0.718s] -- Searching for dependencies of gz-physics6-heightmap
[0.718s] -- Looking for gz-common5 -- found version 5.2.2
[0.719s] -- Searching for <gz-physics6> component [mesh]
[0.720s] -- Looking for gz-physics6-mesh -- found version 6.1.0
[0.720s] -- Searching for dependencies of gz-physics6-mesh
[0.721s] -- Looking for gz-common5 -- found version 5.2.2
[0.721s] -- Searching for <gz-physics6> component [sdf]
[0.721s] -- Looking for gz-physics6-sdf -- found version 6.1.0
[0.722s] -- Searching for dependencies of gz-physics6-sdf
[0.722s] -- Looking for sdformat13 -- found version 13.2.0
[0.723s] -- Looking for gz-sensors7 -- found version 7.0.0
[0.724s] -- Searching for dependencies of gz-sensors7
[0.746s] -- Looking for gz-math7 -- found version 7.0.2
[0.746s] -- Looking for gz-common5 -- found version 5.2.2
[0.747s] -- Looking for gz-transport12 -- found version 12.0.0
[0.747s] -- Looking for gz-rendering7 -- found version 7.1.0
[0.748s] -- Looking for gz-msgs9 -- found version 9.0.0
[0.748s] -- Looking for sdformat13 -- found version 13.2.0
[0.749s] -- Searching for <gz-sensors7> component [air_pressure]
[0.749s] -- Looking for gz-sensors7-air_pressure -- found version 7.0.0
[0.750s] -- Searching for dependencies of gz-sensors7-air_pressure
[0.750s] -- Searching for <gz-sensors7> component [altimeter]
[0.750s] -- Looking for gz-sensors7-altimeter -- found version 7.0.0
[0.751s] -- Searching for dependencies of gz-sensors7-altimeter
[0.751s] -- Searching for <gz-sensors7> component [imu]
[0.752s] -- Looking for gz-sensors7-imu -- found version 7.0.0
[0.752s] -- Searching for dependencies of gz-sensors7-imu
[0.753s] -- Searching for <gz-sensors7> component [force_torque]
[0.754s] -- Looking for gz-sensors7-force_torque -- found version 7.0.0
[0.754s] -- Searching for dependencies of gz-sensors7-force_torque
[0.755s] -- Searching for <gz-sensors7> component [logical_camera]
[0.755s] -- Looking for gz-sensors7-logical_camera -- found version 7.0.0
[0.756s] -- Searching for dependencies of gz-sensors7-logical_camera
[0.757s] -- Searching for <gz-sensors7> component [magnetometer]
[0.757s] -- Looking for gz-sensors7-magnetometer -- found version 7.0.0
[0.758s] -- Searching for dependencies of gz-sensors7-magnetometer
[0.758s] -- Searching for <gz-sensors7> component [navsat]
[0.759s] -- Looking for gz-sensors7-navsat -- found version 7.0.0
[0.759s] -- Searching for dependencies of gz-sensors7-navsat
[0.760s] -- Searching for <gz-sensors7> component [rendering]
[0.760s] -- Looking for gz-sensors7-rendering -- found version 7.0.0
[0.761s] -- Searching for dependencies of gz-sensors7-rendering
[0.761s] -- Searching for <gz-sensors7> component [lidar]
[0.762s] -- Looking for gz-sensors7-lidar -- found version 7.0.0
[0.762s] -- Searching for dependencies of gz-sensors7-lidar
[0.763s] -- Searching for <gz-sensors7> component [gpu_lidar]
[0.763s] -- Looking for gz-sensors7-gpu_lidar -- found version 7.0.0
[0.764s] -- Searching for dependencies of gz-sensors7-gpu_lidar
[0.764s] -- Searching for <gz-sensors7> component [camera]
[0.765s] -- Looking for gz-sensors7-camera -- found version 7.0.0
[0.765s] -- Searching for dependencies of gz-sensors7-camera
[0.766s] -- Searching for <gz-sensors7> component [boundingbox_camera]
[0.766s] -- Looking for gz-sensors7-boundingbox_camera -- found version 7.0.0
[0.767s] -- Searching for dependencies of gz-sensors7-boundingbox_camera
[0.767s] -- Searching for <gz-sensors7> component [segmentation_camera]
[0.767s] -- Looking for gz-sensors7-segmentation_camera -- found version 7.0.0
[0.768s] -- Searching for dependencies of gz-sensors7-segmentation_camera
[0.769s] -- Searching for <gz-sensors7> component [depth_camera]
[0.769s] -- Looking for gz-sensors7-depth_camera -- found version 7.0.0
[0.770s] -- Searching for dependencies of gz-sensors7-depth_camera
[0.770s] -- Searching for <gz-sensors7> component [rgbd_camera]
[0.770s] -- Looking for gz-sensors7-rgbd_camera -- found version 7.0.0
[0.771s] -- Searching for dependencies of gz-sensors7-rgbd_camera
[0.772s] -- Searching for <gz-sensors7> component [thermal_camera]
[0.772s] -- Looking for gz-sensors7-thermal_camera -- found version 7.0.0
[0.773s] -- Searching for dependencies of gz-sensors7-thermal_camera
[0.773s] -- Searching for <gz-sensors7> component [wide_angle_camera]
[0.774s] -- Looking for gz-sensors7-wide_angle_camera -- found version 7.0.0
[0.774s] -- Searching for dependencies of gz-sensors7-wide_angle_camera
[0.775s] -- Looking for gz-rendering7 -- found version 7.1.0
[0.775s] -- Looking for gz-math7 -- found version 7.0.2
[0.776s] -- Looking for gz-utils2 -- found version 2.0.0
[0.797s] -- Searching for <gz-sim7> component [gui]
[0.797s] -- Looking for gz-sim7-gui -- found version 7.0.0
[0.798s] -- Searching for dependencies of gz-sim7-gui
[0.799s] -- Configuring done
[0.833s] -- Generating done
[0.836s] -- Build files have been written to: /home/toby/osu-uwrt/development/software/src/riptide_gazebo/Assets/Plugins/uwrt_gui/build/CompObjectsPlugin
[0.869s] [ 16%] [34m[1mAutomatic MOC for target CompObjectsPlugin[0m
[0.887s] [ 16%] Built target CompObjectsPlugin_autogen
[0.890s] gmake[2]: *** No rule to make target '/home/toby/osu-uwrt/development/software/src/riptide_gui/riptide_meshes/meshes/tempest/*.png', needed by 'qrc_CompObjectsPlugin.cpp'.  Stop.
[0.890s] gmake[1]: *** [CMakeFiles/Makefile2:83: CMakeFiles/CompObjectsPlugin.dir/all] Error 2
[0.890s] gmake: *** [Makefile:136: all] Error 2
[0.892s] Invoked command in '/home/toby/osu-uwrt/development/software/src/riptide_gazebo/Assets/Plugins/uwrt_gui/build/CompObjectsPlugin' returned '2': /usr/bin/cmake --build /home/toby/osu-uwrt/development/software/src/riptide_gazebo/Assets/Plugins/uwrt_gui/build/CompObjectsPlugin -- -j12 -l12
