[0.022s] Invoking command in '/home/toby/osu-uwrt/development/software/src/riptide_gazebo/Assets/Plugins/uwrt_gui/build/CompObjectsPlugin': /usr/bin/cmake --build /home/toby/osu-uwrt/development/software/src/riptide_gazebo/Assets/Plugins/uwrt_gui/build/CompObjectsPlugin -- -j12 -l12
[0.048s] -- Looking for gz-sim7 -- found version 7.0.0
[0.053s] -- Searching for dependencies of gz-sim7
[0.054s] -- Looking for sdformat13 -- found version 13.2.0
[0.054s] -- Searching for dependencies of sdformat13
[0.058s] -- Checking for module 'tinyxml2'
[0.071s] --   Found tinyxml2, version 9.0.0
[0.099s] -- Looking for gz-math7 -- found version 7.0.2
[0.100s] -- Searching for dependencies of gz-math7
[0.100s] -- Looking for gz-utils2 -- found version 2.0.0
[0.101s] -- Searching for dependencies of gz-utils2
[0.102s] -- Looking for gz-utils2 -- found version 2.0.0
[0.103s] -- Searching for dependencies of gz-utils2
[0.103s] -- Searching for <gz-utils2> component [cli]
[0.104s] -- Looking for gz-utils2-cli -- found version 2.0.0
[0.105s] -- Searching for dependencies of gz-utils2-cli
[0.106s] -- Looking for gz-plugin2 -- found version 2.0.0
[0.106s] -- Searching for dependencies of gz-plugin2
[0.106s] -- Looking for gz-utils2 -- found version 2.0.0
[0.107s] -- Searching for <gz-plugin2> component [loader]
[0.107s] -- Looking for gz-plugin2-loader -- found version 2.0.0
[0.108s] -- Searching for dependencies of gz-plugin2-loader
[0.108s] -- Searching for <gz-plugin2> component [register]
[0.109s] -- Looking for gz-plugin2-register -- found version 2.0.0
[0.109s] -- Searching for dependencies of gz-plugin2-register
[0.111s] -- Looking for gz-transport12 -- found version 12.0.0
[0.111s] -- Searching for dependencies of gz-transport12
[0.151s] -- Config-file not installed for ZeroMQ -- checking for pkg-config
[0.156s] -- Checking for module 'libzmq >= 4'
[0.168s] --   Found libzmq , version 4.3.4
[0.202s] -- Checking for module 'uuid'
[0.214s] --   Found uuid, version 2.37.2
[0.242s] -- Looking for gz-utils2 -- found version 2.0.0
[0.243s] -- Looking for gz-msgs9 -- found version 9.0.0
[0.243s] -- Searching for dependencies of gz-msgs9
[0.264s] -- Looking for gz-math7 -- found version 7.0.2
[0.281s] -- Searching for <gz-transport12> component [log]
[0.281s] -- Looking for gz-transport12-log -- found version 12.0.0
[0.282s] -- Searching for dependencies of gz-transport12-log
[0.282s] -- Looking for gz-msgs9 -- found version 9.0.0
[0.283s] -- Looking for gz-common5 -- found version 5.2.2
[0.283s] -- Searching for dependencies of gz-common5
[0.284s] -- Looking for gz-utils2 -- found version 2.0.0
[0.284s] -- Looking for dlfcn.h - found
[0.284s] -- Looking for libdl - found
[0.293s] -- Searching for <gz-common5> component [profiler]
[0.294s] -- Looking for gz-common5-profiler -- found version 5.2.2
[0.294s] -- Searching for dependencies of gz-common5-profiler
[0.295s] -- Searching for <gz-common5> component [events]
[0.296s] -- Looking for gz-common5-events -- found version 5.2.2
[0.296s] -- Searching for dependencies of gz-common5-events
[0.297s] -- Looking for gz-math7 -- found version 7.0.2
[0.297s] -- Searching for <gz-common5> component [av]
[0.298s] -- Looking for gz-common5-av -- found version 5.2.2
[0.299s] -- Searching for dependencies of gz-common5-av
[0.304s] -- Checking for module 'libswscale'
[0.316s] --   Found libswscale, version 5.9.100
[0.349s] -- Checking for module 'libavdevice >= 56.4.100'
[0.362s] --   Found libavdevice , version 58.13.100
[0.397s] -- Checking for module 'libavformat'
[0.409s] --   Found libavformat, version 58.76.100
[0.443s] -- Checking for module 'libavcodec'
[0.456s] --   Found libavcodec, version 58.134.100
[0.489s] -- Checking for module 'libavutil'
[0.502s] --   Found libavutil, version 56.70.100
[0.537s] -- Looking for gz-fuel_tools8 -- found version 8.0.0
[0.538s] -- Searching for dependencies of gz-fuel_tools8
[0.578s] -- Checking for module 'jsoncpp'
[0.592s] --   Found jsoncpp, version 1.9.5
[0.627s] -- Checking for module 'libzip'
[0.640s] --   Found libzip, version 1.7.3
[0.670s] -- Looking for gz-utils2 -- found version 2.0.0
[0.671s] -- Looking for gz-common5 -- found version 5.2.2
[0.671s] -- Looking for gz-math7 -- found version 7.0.2
[0.672s] -- Looking for gz-msgs9 -- found version 9.0.0
[0.673s] -- Looking for gz-gui7 -- found version 7.0.0
[0.673s] -- Searching for dependencies of gz-gui7
[0.701s] -- Looking for gz-utils2 -- found version 2.0.0
[0.702s] -- Looking for gz-math7 -- found version 7.0.2
[0.702s] -- Looking for gz-common5 -- found version 5.2.2
[0.703s] -- Looking for gz-plugin2 -- found version 2.0.0
[0.704s] -- Looking for gz-transport12 -- found version 12.0.0
[0.704s] -- Looking for gz-rendering7 -- found version 7.1.0
[0.705s] -- Searching for dependencies of gz-rendering7
[0.705s] -- Looking for gz-math7 -- found version 7.0.2
[0.706s] -- Searching for dependencies of gz-math7
[0.707s] -- Looking for gz-utils2 -- found version 2.0.0
[0.707s] -- Searching for <gz-math7> component [eigen3]
[0.707s] -- Looking for gz-math7-eigen3 -- found version 7.0.2
[0.708s] -- Searching for dependencies of gz-math7-eigen3
[0.709s] -- Looking for gz-common5 -- found version 5.2.2
[0.710s] -- Searching for dependencies of gz-common5
[0.710s] -- Looking for gz-utils2 -- found version 2.0.0
[0.711s] -- Looking for dlfcn.h - found
[0.711s] -- Looking for libdl - found
[0.719s] -- Searching for <gz-common5> component [graphics]
[0.720s] -- Looking for gz-common5-graphics -- found version 5.2.2
[0.721s] -- Searching for dependencies of gz-common5-graphics
[0.721s] -- Looking for gz-math7 -- found version 7.0.2
[0.723s] -- Searching for <gz-common5> component [events]
[0.724s] -- Searching for <gz-common5> component [geospatial]
[0.725s] -- Looking for gz-common5-geospatial -- found version 5.2.2
[0.725s] -- Searching for dependencies of gz-common5-geospatial
[0.726s] -- Looking for gz-math7 -- found version 7.0.2
[0.726s] -- Looking for gz-common5 -- found version 5.2.2
[0.727s] -- Looking for gz-plugin2 -- found version 2.0.0
[0.728s] -- Searching for dependencies of gz-plugin2
[0.729s] -- Looking for gz-utils2 -- found version 2.0.0
[0.729s] -- Searching for <gz-plugin2> component [all]
[0.729s] -- Looking for all libraries of gz-plugin2 -- found version 2.0.0
[0.730s] -- Looking for gz-plugin2 -- found version 2.0.0
[0.731s] -- Looking for gz-utils2 -- found version 2.0.0
[0.732s] -- Looking for gz-msgs9 -- found version 9.0.0
[0.746s] -- Looking for gz-physics6 -- found version 6.1.0
[0.747s] -- Searching for dependencies of gz-physics6
[0.747s] -- Looking for gz-math7 -- found version 7.0.2
[0.747s] -- Looking for gz-plugin2 -- found version 2.0.0
[0.748s] -- Looking for gz-utils2 -- found version 2.0.0
[0.749s] -- Searching for <gz-physics6> component [heightmap]
[0.749s] -- Looking for gz-physics6-heightmap -- found version 6.1.0
[0.750s] -- Searching for dependencies of gz-physics6-heightmap
[0.750s] -- Looking for gz-common5 -- found version 5.2.2
[0.751s] -- Searching for <gz-physics6> component [mesh]
[0.751s] -- Looking for gz-physics6-mesh -- found version 6.1.0
[0.752s] -- Searching for dependencies of gz-physics6-mesh
[0.753s] -- Looking for gz-common5 -- found version 5.2.2
[0.753s] -- Searching for <gz-physics6> component [sdf]
[0.754s] -- Looking for gz-physics6-sdf -- found version 6.1.0
[0.754s] -- Searching for dependencies of gz-physics6-sdf
[0.755s] -- Looking for sdformat13 -- found version 13.2.0
[0.756s] -- Looking for gz-sensors7 -- found version 7.0.0
[0.756s] -- Searching for dependencies of gz-sensors7
[0.778s] -- Looking for gz-math7 -- found version 7.0.2
[0.779s] -- Looking for gz-common5 -- found version 5.2.2
[0.779s] -- Looking for gz-transport12 -- found version 12.0.0
[0.780s] -- Looking for gz-rendering7 -- found version 7.1.0
[0.780s] -- Looking for gz-msgs9 -- found version 9.0.0
[0.781s] -- Looking for sdformat13 -- found version 13.2.0
[0.782s] -- Searching for <gz-sensors7> component [air_pressure]
[0.782s] -- Looking for gz-sensors7-air_pressure -- found version 7.0.0
[0.783s] -- Searching for dependencies of gz-sensors7-air_pressure
[0.784s] -- Searching for <gz-sensors7> component [altimeter]
[0.784s] -- Looking for gz-sensors7-altimeter -- found version 7.0.0
[0.785s] -- Searching for dependencies of gz-sensors7-altimeter
[0.786s] -- Searching for <gz-sensors7> component [imu]
[0.786s] -- Looking for gz-sensors7-imu -- found version 7.0.0
[0.787s] -- Searching for dependencies of gz-sensors7-imu
[0.787s] -- Searching for <gz-sensors7> component [force_torque]
[0.788s] -- Looking for gz-sensors7-force_torque -- found version 7.0.0
[0.789s] -- Searching for dependencies of gz-sensors7-force_torque
[0.789s] -- Searching for <gz-sensors7> component [logical_camera]
[0.790s] -- Looking for gz-sensors7-logical_camera -- found version 7.0.0
[0.791s] -- Searching for dependencies of gz-sensors7-logical_camera
[0.791s] -- Searching for <gz-sensors7> component [magnetometer]
[0.792s] -- Looking for gz-sensors7-magnetometer -- found version 7.0.0
[0.792s] -- Searching for dependencies of gz-sensors7-magnetometer
[0.793s] -- Searching for <gz-sensors7> component [navsat]
[0.794s] -- Looking for gz-sensors7-navsat -- found version 7.0.0
[0.794s] -- Searching for dependencies of gz-sensors7-navsat
[0.795s] -- Searching for <gz-sensors7> component [rendering]
[0.795s] -- Looking for gz-sensors7-rendering -- found version 7.0.0
[0.796s] -- Searching for dependencies of gz-sensors7-rendering
[0.797s] -- Searching for <gz-sensors7> component [lidar]
[0.797s] -- Looking for gz-sensors7-lidar -- found version 7.0.0
[0.798s] -- Searching for dependencies of gz-sensors7-lidar
[0.798s] -- Searching for <gz-sensors7> component [gpu_lidar]
[0.799s] -- Looking for gz-sensors7-gpu_lidar -- found version 7.0.0
[0.800s] -- Searching for dependencies of gz-sensors7-gpu_lidar
[0.800s] -- Searching for <gz-sensors7> component [camera]
[0.801s] -- Looking for gz-sensors7-camera -- found version 7.0.0
[0.802s] -- Searching for dependencies of gz-sensors7-camera
[0.802s] -- Searching for <gz-sensors7> component [boundingbox_camera]
[0.803s] -- Looking for gz-sensors7-boundingbox_camera -- found version 7.0.0
[0.803s] -- Searching for dependencies of gz-sensors7-boundingbox_camera
[0.804s] -- Searching for <gz-sensors7> component [segmentation_camera]
[0.804s] -- Looking for gz-sensors7-segmentation_camera -- found version 7.0.0
[0.804s] -- Searching for dependencies of gz-sensors7-segmentation_camera
[0.805s] -- Searching for <gz-sensors7> component [depth_camera]
[0.805s] -- Looking for gz-sensors7-depth_camera -- found version 7.0.0
[0.806s] -- Searching for dependencies of gz-sensors7-depth_camera
[0.806s] -- Searching for <gz-sensors7> component [rgbd_camera]
[0.807s] -- Looking for gz-sensors7-rgbd_camera -- found version 7.0.0
[0.807s] -- Searching for dependencies of gz-sensors7-rgbd_camera
[0.808s] -- Searching for <gz-sensors7> component [thermal_camera]
[0.808s] -- Looking for gz-sensors7-thermal_camera -- found version 7.0.0
[0.809s] -- Searching for dependencies of gz-sensors7-thermal_camera
[0.809s] -- Searching for <gz-sensors7> component [wide_angle_camera]
[0.810s] -- Looking for gz-sensors7-wide_angle_camera -- found version 7.0.0
[0.810s] -- Searching for dependencies of gz-sensors7-wide_angle_camera
[0.811s] -- Looking for gz-rendering7 -- found version 7.1.0
[0.812s] -- Looking for gz-math7 -- found version 7.0.2
[0.812s] -- Looking for gz-utils2 -- found version 2.0.0
[0.834s] -- Searching for <gz-sim7> component [gui]
[0.835s] -- Looking for gz-sim7-gui -- found version 7.0.0
[0.835s] -- Searching for dependencies of gz-sim7-gui
[0.837s] -- Configuring done
[0.868s] -- Generating done
[0.870s] -- Build files have been written to: /home/toby/osu-uwrt/development/software/src/riptide_gazebo/Assets/Plugins/uwrt_gui/build/CompObjectsPlugin
[0.906s] [ 16%] [34m[1mAutomatic MOC for target CompObjectsPlugin[0m
[0.926s] [ 16%] Built target CompObjectsPlugin_autogen
[0.937s] [ 33%] [34m[1mGenerating qrc_CompObjectsPlugin.cpp[0m
[0.982s] [35m[1mConsolidate compiler generated dependencies of target CompObjectsPlugin[0m
[1.006s] [ 50%] [32mBuilding CXX object CMakeFiles/CompObjectsPlugin.dir/CompObjectsPlugin_autogen/mocs_compilation.cpp.o[0m
[1.007s] [ 83%] [32mBuilding CXX object CMakeFiles/CompObjectsPlugin.dir/CompObjectsPlugin.cc.o[0m
[1.007s] [ 83%] [32mBuilding CXX object CMakeFiles/CompObjectsPlugin.dir/qrc_CompObjectsPlugin.cpp.o[0m
[1.709s] [100%] [32m[1mLinking CXX shared library libCompObjectsPlugin.so[0m
[1.905s] [100%] Built target CompObjectsPlugin
[1.916s] Invoked command in '/home/toby/osu-uwrt/development/software/src/riptide_gazebo/Assets/Plugins/uwrt_gui/build/CompObjectsPlugin' returned '0': /usr/bin/cmake --build /home/toby/osu-uwrt/development/software/src/riptide_gazebo/Assets/Plugins/uwrt_gui/build/CompObjectsPlugin -- -j12 -l12
[1.960s] Invoking command in '/home/toby/osu-uwrt/development/software/src/riptide_gazebo/Assets/Plugins/uwrt_gui/build/CompObjectsPlugin': /usr/bin/cmake --install /home/toby/osu-uwrt/development/software/src/riptide_gazebo/Assets/Plugins/uwrt_gui/build/CompObjectsPlugin
[1.967s] -- Install configuration: ""
[1.967s] -- Installing: /home/toby/osu-uwrt/development/software/src/riptide_gazebo/Assets/Plugins/uwrt_gui/install/CompObjectsPlugin/install/CompObjectsPlugin.qrc
[1.967s] -- Installing: /home/toby/osu-uwrt/development/software/src/riptide_gazebo/Assets/Plugins/uwrt_gui/install/CompObjectsPlugin/install/CompObjectsPlugin.qml
[1.970s] Invoked command in '/home/toby/osu-uwrt/development/software/src/riptide_gazebo/Assets/Plugins/uwrt_gui/build/CompObjectsPlugin' returned '0': /usr/bin/cmake --install /home/toby/osu-uwrt/development/software/src/riptide_gazebo/Assets/Plugins/uwrt_gui/build/CompObjectsPlugin
