[0.022s] Invoking command in '/home/toby/osu-uwrt/development/software/src/riptide_gazebo/Assets/Plugins/uwrt_gui/build/CompObjectsPlugin': /usr/bin/cmake --build /home/toby/osu-uwrt/development/software/src/riptide_gazebo/Assets/Plugins/uwrt_gui/build/CompObjectsPlugin -- -j12 -l12
[0.046s] -- Looking for gz-sim7 -- found version 7.0.0
[0.051s] -- Searching for dependencies of gz-sim7
[0.051s] -- Looking for sdformat13 -- found version 13.2.0
[0.052s] -- Searching for dependencies of sdformat13
[0.056s] -- Checking for module 'tinyxml2'
[0.068s] --   Found tinyxml2, version 9.0.0
[0.096s] -- Looking for gz-math7 -- found version 7.0.2
[0.096s] -- Searching for dependencies of gz-math7
[0.097s] -- Looking for gz-utils2 -- found version 2.0.0
[0.097s] -- Searching for dependencies of gz-utils2
[0.099s] -- Looking for gz-utils2 -- found version 2.0.0
[0.099s] -- Searching for dependencies of gz-utils2
[0.100s] -- Searching for <gz-utils2> component [cli]
[0.100s] -- Looking for gz-utils2-cli -- found version 2.0.0
[0.100s] -- Searching for dependencies of gz-utils2-cli
[0.102s] -- Looking for gz-plugin2 -- found version 2.0.0
[0.102s] -- Searching for dependencies of gz-plugin2
[0.102s] -- Looking for gz-utils2 -- found version 2.0.0
[0.103s] -- Searching for <gz-plugin2> component [loader]
[0.103s] -- Looking for gz-plugin2-loader -- found version 2.0.0
[0.104s] -- Searching for dependencies of gz-plugin2-loader
[0.104s] -- Searching for <gz-plugin2> component [register]
[0.104s] -- Looking for gz-plugin2-register -- found version 2.0.0
[0.105s] -- Searching for dependencies of gz-plugin2-register
[0.106s] -- Looking for gz-transport12 -- found version 12.0.0
[0.106s] -- Searching for dependencies of gz-transport12
[0.145s] -- Config-file not installed for ZeroMQ -- checking for pkg-config
[0.149s] -- Checking for module 'libzmq >= 4'
[0.161s] --   Found libzmq , version 4.3.4
[0.197s] -- Checking for module 'uuid'
[0.210s] --   Found uuid, version 2.37.2
[0.243s] -- Looking for gz-utils2 -- found version 2.0.0
[0.244s] -- Looking for gz-msgs9 -- found version 9.0.0
[0.244s] -- Searching for dependencies of gz-msgs9
[0.265s] -- Looking for gz-math7 -- found version 7.0.2
[0.284s] -- Searching for <gz-transport12> component [log]
[0.284s] -- Looking for gz-transport12-log -- found version 12.0.0
[0.285s] -- Searching for dependencies of gz-transport12-log
[0.286s] -- Looking for gz-msgs9 -- found version 9.0.0
[0.286s] -- Looking for gz-common5 -- found version 5.2.2
[0.287s] -- Searching for dependencies of gz-common5
[0.287s] -- Looking for gz-utils2 -- found version 2.0.0
[0.287s] -- Looking for dlfcn.h - found
[0.287s] -- Looking for libdl - found
[0.298s] -- Searching for <gz-common5> component [profiler]
[0.298s] -- Looking for gz-common5-profiler -- found version 5.2.2
[0.299s] -- Searching for dependencies of gz-common5-profiler
[0.299s] -- Searching for <gz-common5> component [events]
[0.300s] -- Looking for gz-common5-events -- found version 5.2.2
[0.301s] -- Searching for dependencies of gz-common5-events
[0.301s] -- Looking for gz-math7 -- found version 7.0.2
[0.302s] -- Searching for <gz-common5> component [av]
[0.302s] -- Looking for gz-common5-av -- found version 5.2.2
[0.303s] -- Searching for dependencies of gz-common5-av
[0.308s] -- Checking for module 'libswscale'
[0.321s] --   Found libswscale, version 5.9.100
[0.358s] -- Checking for module 'libavdevice >= 56.4.100'
[0.370s] --   Found libavdevice , version 58.13.100
[0.410s] -- Checking for module 'libavformat'
[0.423s] --   Found libavformat, version 58.76.100
[0.461s] -- Checking for module 'libavcodec'
[0.474s] --   Found libavcodec, version 58.134.100
[0.516s] -- Checking for module 'libavutil'
[0.530s] --   Found libavutil, version 56.70.100
[0.565s] -- Looking for gz-fuel_tools8 -- found version 8.0.0
[0.565s] -- Searching for dependencies of gz-fuel_tools8
[0.607s] -- Checking for module 'jsoncpp'
[0.622s] --   Found jsoncpp, version 1.9.5
[0.660s] -- Checking for module 'libzip'
[0.673s] --   Found libzip, version 1.7.3
[0.704s] -- Looking for gz-utils2 -- found version 2.0.0
[0.704s] -- Looking for gz-common5 -- found version 5.2.2
[0.705s] -- Looking for gz-math7 -- found version 7.0.2
[0.705s] -- Looking for gz-msgs9 -- found version 9.0.0
[0.706s] -- Looking for gz-gui7 -- found version 7.0.0
[0.706s] -- Searching for dependencies of gz-gui7
[0.736s] -- Looking for gz-utils2 -- found version 2.0.0
[0.737s] -- Looking for gz-math7 -- found version 7.0.2
[0.737s] -- Looking for gz-common5 -- found version 5.2.2
[0.738s] -- Looking for gz-plugin2 -- found version 2.0.0
[0.738s] -- Looking for gz-transport12 -- found version 12.0.0
[0.739s] -- Looking for gz-rendering7 -- found version 7.1.0
[0.740s] -- Searching for dependencies of gz-rendering7
[0.740s] -- Looking for gz-math7 -- found version 7.0.2
[0.741s] -- Searching for dependencies of gz-math7
[0.741s] -- Looking for gz-utils2 -- found version 2.0.0
[0.741s] -- Searching for <gz-math7> component [eigen3]
[0.741s] -- Looking for gz-math7-eigen3 -- found version 7.0.2
[0.742s] -- Searching for dependencies of gz-math7-eigen3
[0.744s] -- Looking for gz-common5 -- found version 5.2.2
[0.744s] -- Searching for dependencies of gz-common5
[0.744s] -- Looking for gz-utils2 -- found version 2.0.0
[0.745s] -- Looking for dlfcn.h - found
[0.745s] -- Looking for libdl - found
[0.754s] -- Searching for <gz-common5> component [graphics]
[0.754s] -- Looking for gz-common5-graphics -- found version 5.2.2
[0.755s] -- Searching for dependencies of gz-common5-graphics
[0.755s] -- Looking for gz-math7 -- found version 7.0.2
[0.758s] -- Searching for <gz-common5> component [events]
[0.758s] -- Searching for <gz-common5> component [geospatial]
[0.759s] -- Looking for gz-common5-geospatial -- found version 5.2.2
[0.759s] -- Searching for dependencies of gz-common5-geospatial
[0.760s] -- Looking for gz-math7 -- found version 7.0.2
[0.760s] -- Looking for gz-common5 -- found version 5.2.2
[0.761s] -- Looking for gz-plugin2 -- found version 2.0.0
[0.762s] -- Searching for dependencies of gz-plugin2
[0.762s] -- Looking for gz-utils2 -- found version 2.0.0
[0.763s] -- Searching for <gz-plugin2> component [all]
[0.763s] -- Looking for all libraries of gz-plugin2 -- found version 2.0.0
[0.764s] -- Looking for gz-plugin2 -- found version 2.0.0
[0.765s] -- Looking for gz-utils2 -- found version 2.0.0
[0.766s] -- Looking for gz-msgs9 -- found version 9.0.0
[0.780s] -- Looking for gz-physics6 -- found version 6.1.0
[0.781s] -- Searching for dependencies of gz-physics6
[0.781s] -- Looking for gz-math7 -- found version 7.0.2
[0.782s] -- Looking for gz-plugin2 -- found version 2.0.0
[0.782s] -- Looking for gz-utils2 -- found version 2.0.0
[0.784s] -- Searching for <gz-physics6> component [heightmap]
[0.784s] -- Looking for gz-physics6-heightmap -- found version 6.1.0
[0.785s] -- Searching for dependencies of gz-physics6-heightmap
[0.785s] -- Looking for gz-common5 -- found version 5.2.2
[0.786s] -- Searching for <gz-physics6> component [mesh]
[0.786s] -- Looking for gz-physics6-mesh -- found version 6.1.0
[0.787s] -- Searching for dependencies of gz-physics6-mesh
[0.788s] -- Looking for gz-common5 -- found version 5.2.2
[0.788s] -- Searching for <gz-physics6> component [sdf]
[0.789s] -- Looking for gz-physics6-sdf -- found version 6.1.0
[0.789s] -- Searching for dependencies of gz-physics6-sdf
[0.790s] -- Looking for sdformat13 -- found version 13.2.0
[0.791s] -- Looking for gz-sensors7 -- found version 7.0.0
[0.791s] -- Searching for dependencies of gz-sensors7
[0.813s] -- Looking for gz-math7 -- found version 7.0.2
[0.814s] -- Looking for gz-common5 -- found version 5.2.2
[0.814s] -- Looking for gz-transport12 -- found version 12.0.0
[0.815s] -- Looking for gz-rendering7 -- found version 7.1.0
[0.816s] -- Looking for gz-msgs9 -- found version 9.0.0
[0.816s] -- Looking for sdformat13 -- found version 13.2.0
[0.817s] -- Searching for <gz-sensors7> component [air_pressure]
[0.817s] -- Looking for gz-sensors7-air_pressure -- found version 7.0.0
[0.818s] -- Searching for dependencies of gz-sensors7-air_pressure
[0.818s] -- Searching for <gz-sensors7> component [altimeter]
[0.819s] -- Looking for gz-sensors7-altimeter -- found version 7.0.0
[0.820s] -- Searching for dependencies of gz-sensors7-altimeter
[0.820s] -- Searching for <gz-sensors7> component [imu]
[0.821s] -- Looking for gz-sensors7-imu -- found version 7.0.0
[0.821s] -- Searching for dependencies of gz-sensors7-imu
[0.822s] -- Searching for <gz-sensors7> component [force_torque]
[0.822s] -- Looking for gz-sensors7-force_torque -- found version 7.0.0
[0.823s] -- Searching for dependencies of gz-sensors7-force_torque
[0.824s] -- Searching for <gz-sensors7> component [logical_camera]
[0.824s] -- Looking for gz-sensors7-logical_camera -- found version 7.0.0
[0.825s] -- Searching for dependencies of gz-sensors7-logical_camera
[0.826s] -- Searching for <gz-sensors7> component [magnetometer]
[0.826s] -- Looking for gz-sensors7-magnetometer -- found version 7.0.0
[0.827s] -- Searching for dependencies of gz-sensors7-magnetometer
[0.828s] -- Searching for <gz-sensors7> component [navsat]
[0.829s] -- Looking for gz-sensors7-navsat -- found version 7.0.0
[0.829s] -- Searching for dependencies of gz-sensors7-navsat
[0.830s] -- Searching for <gz-sensors7> component [rendering]
[0.831s] -- Looking for gz-sensors7-rendering -- found version 7.0.0
[0.831s] -- Searching for dependencies of gz-sensors7-rendering
[0.832s] -- Searching for <gz-sensors7> component [lidar]
[0.832s] -- Looking for gz-sensors7-lidar -- found version 7.0.0
[0.832s] -- Searching for dependencies of gz-sensors7-lidar
[0.833s] -- Searching for <gz-sensors7> component [gpu_lidar]
[0.833s] -- Looking for gz-sensors7-gpu_lidar -- found version 7.0.0
[0.834s] -- Searching for dependencies of gz-sensors7-gpu_lidar
[0.834s] -- Searching for <gz-sensors7> component [camera]
[0.835s] -- Looking for gz-sensors7-camera -- found version 7.0.0
[0.836s] -- Searching for dependencies of gz-sensors7-camera
[0.836s] -- Searching for <gz-sensors7> component [boundingbox_camera]
[0.837s] -- Looking for gz-sensors7-boundingbox_camera -- found version 7.0.0
[0.837s] -- Searching for dependencies of gz-sensors7-boundingbox_camera
[0.838s] -- Searching for <gz-sensors7> component [segmentation_camera]
[0.838s] -- Looking for gz-sensors7-segmentation_camera -- found version 7.0.0
[0.839s] -- Searching for dependencies of gz-sensors7-segmentation_camera
[0.839s] -- Searching for <gz-sensors7> component [depth_camera]
[0.840s] -- Looking for gz-sensors7-depth_camera -- found version 7.0.0
[0.840s] -- Searching for dependencies of gz-sensors7-depth_camera
[0.841s] -- Searching for <gz-sensors7> component [rgbd_camera]
[0.841s] -- Looking for gz-sensors7-rgbd_camera -- found version 7.0.0
[0.842s] -- Searching for dependencies of gz-sensors7-rgbd_camera
[0.842s] -- Searching for <gz-sensors7> component [thermal_camera]
[0.843s] -- Looking for gz-sensors7-thermal_camera -- found version 7.0.0
[0.844s] -- Searching for dependencies of gz-sensors7-thermal_camera
[0.844s] -- Searching for <gz-sensors7> component [wide_angle_camera]
[0.845s] -- Looking for gz-sensors7-wide_angle_camera -- found version 7.0.0
[0.845s] -- Searching for dependencies of gz-sensors7-wide_angle_camera
[0.846s] -- Looking for gz-rendering7 -- found version 7.1.0
[0.847s] -- Looking for gz-math7 -- found version 7.0.2
[0.847s] -- Looking for gz-utils2 -- found version 2.0.0
[0.871s] -- Searching for <gz-sim7> component [gui]
[0.872s] -- Looking for gz-sim7-gui -- found version 7.0.0
[0.872s] -- Searching for dependencies of gz-sim7-gui
[0.874s] -- Configuring done
[0.908s] -- Generating done
[0.911s] -- Build files have been written to: /home/toby/osu-uwrt/development/software/src/riptide_gazebo/Assets/Plugins/uwrt_gui/build/CompObjectsPlugin
[0.949s] [ 16%] [34m[1mAutomatic MOC for target CompObjectsPlugin[0m
[0.969s] [ 16%] Built target CompObjectsPlugin_autogen
[0.980s] [ 33%] [34m[1mGenerating qrc_CompObjectsPlugin.cpp[0m
[1.021s] [35m[1mConsolidate compiler generated dependencies of target CompObjectsPlugin[0m
[1.046s] [ 50%] [32mBuilding CXX object CMakeFiles/CompObjectsPlugin.dir/qrc_CompObjectsPlugin.cpp.o[0m
[1.681s] [ 66%] [32m[1mLinking CXX shared library libCompObjectsPlugin.so[0m
[1.891s] [100%] Built target CompObjectsPlugin
[1.902s] Invoked command in '/home/toby/osu-uwrt/development/software/src/riptide_gazebo/Assets/Plugins/uwrt_gui/build/CompObjectsPlugin' returned '0': /usr/bin/cmake --build /home/toby/osu-uwrt/development/software/src/riptide_gazebo/Assets/Plugins/uwrt_gui/build/CompObjectsPlugin -- -j12 -l12
[1.948s] Invoking command in '/home/toby/osu-uwrt/development/software/src/riptide_gazebo/Assets/Plugins/uwrt_gui/build/CompObjectsPlugin': /usr/bin/cmake --install /home/toby/osu-uwrt/development/software/src/riptide_gazebo/Assets/Plugins/uwrt_gui/build/CompObjectsPlugin
[1.956s] -- Install configuration: ""
[1.956s] -- Installing: /home/toby/osu-uwrt/development/software/src/riptide_gazebo/Assets/Plugins/uwrt_gui/install/CompObjectsPlugin/install/CompObjectsPlugin.qrc
[1.957s] -- Installing: /home/toby/osu-uwrt/development/software/src/riptide_gazebo/Assets/Plugins/uwrt_gui/install/CompObjectsPlugin/install/CompObjectsPlugin.qml
[1.960s] Invoked command in '/home/toby/osu-uwrt/development/software/src/riptide_gazebo/Assets/Plugins/uwrt_gui/build/CompObjectsPlugin' returned '0': /usr/bin/cmake --install /home/toby/osu-uwrt/development/software/src/riptide_gazebo/Assets/Plugins/uwrt_gui/build/CompObjectsPlugin
