[0.034s] Invoking command in '/home/hollis/osu-uwrt/riptide_software/src/riptide_gazebo/Assets/Plugins/build/SampleSystem': /usr/bin/cmake /home/hollis/osu-uwrt/riptide_software/src/riptide_gazebo/Assets/Plugins/TempestPose -DCMAKE_INSTALL_PREFIX=/home/hollis/osu-uwrt/riptide_software/src/riptide_gazebo/Assets/Plugins/install/SampleSystem
[0.072s] -- The C compiler identification is GNU 12.1.0
[0.104s] -- The CXX compiler identification is GNU 11.3.0
[0.109s] -- Detecting C compiler ABI info
[0.153s] -- Detecting C compiler ABI info - done
[0.158s] -- Check for working C compiler: /usr/bin/cc - skipped
[0.158s] -- Detecting C compile features
[0.158s] -- Detecting C compile features - done
[0.160s] -- Detecting CXX compiler ABI info
[0.203s] -- Detecting CXX compiler ABI info - done
[0.208s] -- Check for working CXX compiler: /usr/bin/c++ - skipped
[0.208s] -- Detecting CXX compile features
[0.209s] -- Detecting CXX compile features - done
[0.215s] -- Looking for ignition-plugin1 -- found version 1.3.0
[0.215s] -- Searching for dependencies of ignition-plugin1
[0.215s] -- Searching for <ignition-plugin1> component [register]
[0.217s] -- Looking for ignition-plugin1-register -- found version 1.3.0
[0.217s] -- Searching for dependencies of ignition-plugin1-register
[0.221s] -- Looking for ignition-gazebo6 -- found version 6.12.0
[0.221s] -- Searching for dependencies of ignition-gazebo6
[0.223s] -- Looking for sdformat12 -- found version 12.6.0
[0.223s] -- Searching for dependencies of sdformat12
[0.227s] -- Checking for module 'tinyxml2'
[0.234s] --   Found tinyxml2, version 9.0.0
[0.254s] -- Looking for ignition-math6 -- found version 6.13.0
[0.255s] -- Searching for dependencies of ignition-math6
[0.257s] -- Looking for ignition-utils1 -- found version 1.4.0
[0.257s] -- Searching for dependencies of ignition-utils1
[0.258s] -- Looking for ignition-plugin1 -- found version 1.3.0
[0.258s] -- Searching for dependencies of ignition-plugin1
[0.258s] -- Searching for <ignition-plugin1> component [loader]
[0.260s] -- Looking for ignition-plugin1-loader -- found version 1.3.0
[0.260s] -- Searching for dependencies of ignition-plugin1-loader
[0.260s] -- Searching for <ignition-plugin1> component [register]
[0.262s] -- Looking for ignition-transport11 -- found version 11.2.0
[0.262s] -- Searching for dependencies of ignition-transport11
[0.369s] -- Found Protobuf: /usr/lib/x86_64-linux-gnu/libprotobuf.so (found suitable version "3.12.4", minimum required is "3") 
[0.375s] -- Config-file not installed for ZeroMQ -- checking for pkg-config
[0.378s] -- Checking for module 'libzmq >= 4'
[0.384s] --   Found libzmq , version 4.3.4
[0.401s] -- Found ZeroMQ: TRUE (Required is at least version "4") 
[0.404s] -- Checking for module 'uuid'
[0.413s] --   Found uuid, version 2.37.2
[0.440s] -- Found UUID: TRUE  
[0.441s] -- Looking for ignition-utils1 -- found version 1.4.0
[0.441s] -- Searching for dependencies of ignition-utils1
[0.441s] -- Searching for <ignition-utils1> component [cli]
[0.443s] -- Looking for ignition-utils1-cli -- found version 1.4.0
[0.444s] -- Searching for dependencies of ignition-utils1-cli
[0.446s] -- Looking for ignition-msgs8 -- found version 8.7.0
[0.446s] -- Searching for dependencies of ignition-msgs8
[0.458s] -- Looking for ignition-math6 -- found version 6.13.0
[0.465s] -- Searching for <ignition-transport11> component [log]
[0.466s] -- Looking for ignition-transport11-log -- found version 11.2.0
[0.467s] -- Searching for dependencies of ignition-transport11-log
[0.467s] -- Looking for ignition-msgs8 -- found version 8.7.0
[0.469s] -- Looking for ignition-common4 -- found version 4.6.1
[0.469s] -- Searching for dependencies of ignition-common4
[0.470s] -- Looking for dlfcn.h - found
[0.470s] -- Looking for libdl - found
[0.471s] -- Found DL: TRUE  
[0.475s] -- Searching for <ignition-common4> component [profiler]
[0.477s] -- Looking for ignition-common4-profiler -- found version 4.6.1
[0.477s] -- Searching for dependencies of ignition-common4-profiler
[0.477s] -- Searching for <ignition-common4> component [events]
[0.479s] -- Looking for ignition-common4-events -- found version 4.6.1
[0.479s] -- Searching for dependencies of ignition-common4-events
[0.479s] -- Looking for ignition-math6 -- found version 6.13.0
[0.480s] -- Searching for <ignition-common4> component [av]
[0.481s] -- Looking for ignition-common4-av -- found version 4.6.1
[0.482s] -- Searching for dependencies of ignition-common4-av
[0.484s] -- Checking for module 'libswscale'
[0.491s] --   Found libswscale, version 5.9.100
[0.508s] -- Found SWSCALE: TRUE  
[0.511s] -- Checking for module 'libavdevice >= 56.4.100'
[0.520s] --   Found libavdevice , version 58.13.100
[0.544s] -- Found AVDEVICE: TRUE (Required is at least version "56.4.100") 
[0.547s] -- Checking for module 'libavformat'
[0.555s] --   Found libavformat, version 58.76.100
[0.573s] -- Found AVFORMAT: TRUE  
[0.577s] -- Checking for module 'libavcodec'
[0.587s] --   Found libavcodec, version 58.134.100
[0.612s] -- Found AVCODEC: TRUE  
[0.618s] -- Checking for module 'libavutil'
[0.630s] --   Found libavutil, version 56.70.100
[0.656s] -- Found AVUTIL: TRUE  
[0.659s] -- Looking for ignition-fuel_tools7 -- found version 7.1.0
[0.659s] -- Searching for dependencies of ignition-fuel_tools7
[0.698s] -- Found CURL: /usr/lib/x86_64-linux-gnu/libcurl.so (found version "7.81.0")  
[0.703s] -- Checking for module 'jsoncpp'
[0.711s] --   Found jsoncpp, version 1.9.5
[0.731s] -- Found JSONCPP: TRUE  
[0.736s] -- Checking for module 'libzip'
[0.746s] --   Found libzip, version 1.7.3
[0.764s] -- Found ZIP: TRUE  
[0.764s] -- Looking for ignition-common4 -- found version 4.6.1
[0.765s] -- Looking for ignition-math6 -- found version 6.13.0
[0.765s] -- Looking for ignition-msgs8 -- found version 8.7.0
[0.767s] -- Looking for ignition-gui6 -- found version 6.6.1
[0.767s] -- Searching for dependencies of ignition-gui6
[0.782s] -- Looking for ignition-math6 -- found version 6.13.0
[0.782s] -- Looking for ignition-common4 -- found version 4.6.1
[0.782s] -- Looking for ignition-plugin1 -- found version 1.3.0
[0.782s] -- Looking for ignition-transport11 -- found version 11.2.0
[0.784s] -- Looking for ignition-rendering6 -- found version 6.5.1
[0.784s] -- Searching for dependencies of ignition-rendering6
[0.784s] -- Looking for ignition-math6 -- found version 6.13.0
[0.785s] -- Searching for dependencies of ignition-math6
[0.785s] -- Searching for <ignition-math6> component [eigen3]
[0.786s] -- Looking for ignition-math6-eigen3 -- found version 6.13.0
[0.786s] -- Searching for dependencies of ignition-math6-eigen3
[0.791s] -- Looking for ignition-common4 -- found version 4.6.1
[0.791s] -- Searching for dependencies of ignition-common4
[0.791s] -- Looking for dlfcn.h - found
[0.791s] -- Looking for libdl - found
[0.796s] -- Searching for <ignition-common4> component [graphics]
[0.798s] -- Looking for ignition-common4-graphics -- found version 4.6.1
[0.798s] -- Searching for dependencies of ignition-common4-graphics
[0.798s] -- Looking for ignition-math6 -- found version 6.13.0
[0.798s] -- Looking for ignition-utils1 -- found version 1.4.0
[0.799s] -- Searching for <ignition-common4> component [events]
[0.799s] -- Looking for ignition-plugin1 -- found version 1.3.0
[0.799s] -- Searching for dependencies of ignition-plugin1
[0.799s] -- Searching for <ignition-plugin1> component [all]
[0.802s] -- Looking for all libraries of ignition-plugin1 -- found version 1.3.0
[0.802s] -- Looking for ignition-plugin1 -- found version 1.3.0
[0.803s] -- Looking for ignition-msgs8 -- found version 8.7.0
[0.817s] -- Looking for ignition-physics5 -- found version 5.2.0
[0.817s] -- Searching for dependencies of ignition-physics5
[0.817s] -- Looking for ignition-math6 -- found version 6.13.0
[0.818s] -- Looking for ignition-plugin1 -- found version 1.3.0
[0.818s] -- Looking for ignition-utils1 -- found version 1.4.0
[0.818s] -- Searching for <ignition-physics5> component [heightmap]
[0.821s] -- Looking for ignition-physics5-heightmap -- found version 5.2.0
[0.821s] -- Searching for dependencies of ignition-physics5-heightmap
[0.821s] -- Looking for ignition-common4 -- found version 4.6.1
[0.822s] -- Searching for <ignition-physics5> component [mesh]
[0.825s] -- Looking for ignition-physics5-mesh -- found version 5.2.0
[0.825s] -- Searching for dependencies of ignition-physics5-mesh
[0.825s] -- Looking for ignition-common4 -- found version 4.6.1
[0.826s] -- Searching for <ignition-physics5> component [sdf]
[0.828s] -- Looking for ignition-physics5-sdf -- found version 5.2.0
[0.829s] -- Searching for dependencies of ignition-physics5-sdf
[0.829s] -- Looking for sdformat12 -- found version 12.6.0
[0.831s] -- Looking for ignition-sensors6 -- found version 6.6.0
[0.831s] -- Searching for dependencies of ignition-sensors6
[0.844s] -- Looking for ignition-math6 -- found version 6.13.0
[0.844s] -- Looking for ignition-common4 -- found version 4.6.1
[0.845s] -- Looking for ignition-transport11 -- found version 11.2.0
[0.845s] -- Looking for ignition-rendering6 -- found version 6.5.1
[0.845s] -- Looking for ignition-msgs8 -- found version 8.7.0
[0.845s] -- Looking for sdformat12 -- found version 12.6.0
[0.845s] -- Searching for <ignition-sensors6> component [air_pressure]
[0.847s] -- Looking for ignition-sensors6-air_pressure -- found version 6.6.0
[0.847s] -- Searching for dependencies of ignition-sensors6-air_pressure
[0.848s] -- Searching for <ignition-sensors6> component [altimeter]
[0.850s] -- Looking for ignition-sensors6-altimeter -- found version 6.6.0
[0.850s] -- Searching for dependencies of ignition-sensors6-altimeter
[0.850s] -- Searching for <ignition-sensors6> component [imu]
[0.852s] -- Looking for ignition-sensors6-imu -- found version 6.6.0
[0.853s] -- Searching for dependencies of ignition-sensors6-imu
[0.853s] -- Searching for <ignition-sensors6> component [force_torque]
[0.855s] -- Looking for ignition-sensors6-force_torque -- found version 6.6.0
[0.855s] -- Searching for dependencies of ignition-sensors6-force_torque
[0.855s] -- Searching for <ignition-sensors6> component [logical_camera]
[0.857s] -- Looking for ignition-sensors6-logical_camera -- found version 6.6.0
[0.857s] -- Searching for dependencies of ignition-sensors6-logical_camera
[0.857s] -- Searching for <ignition-sensors6> component [magnetometer]
[0.859s] -- Looking for ignition-sensors6-magnetometer -- found version 6.6.0
[0.859s] -- Searching for dependencies of ignition-sensors6-magnetometer
[0.859s] -- Searching for <ignition-sensors6> component [navsat]
[0.861s] -- Looking for ignition-sensors6-navsat -- found version 6.6.0
[0.862s] -- Searching for dependencies of ignition-sensors6-navsat
[0.862s] -- Searching for <ignition-sensors6> component [rendering]
[0.863s] -- Looking for ignition-sensors6-rendering -- found version 6.6.0
[0.863s] -- Searching for dependencies of ignition-sensors6-rendering
[0.864s] -- Searching for <ignition-sensors6> component [lidar]
[0.866s] -- Looking for ignition-sensors6-lidar -- found version 6.6.0
[0.866s] -- Searching for dependencies of ignition-sensors6-lidar
[0.866s] -- Searching for <ignition-sensors6> component [gpu_lidar]
[0.868s] -- Looking for ignition-sensors6-gpu_lidar -- found version 6.6.0
[0.868s] -- Searching for dependencies of ignition-sensors6-gpu_lidar
[0.868s] -- Searching for <ignition-sensors6> component [camera]
[0.870s] -- Looking for ignition-sensors6-camera -- found version 6.6.0
[0.870s] -- Searching for dependencies of ignition-sensors6-camera
[0.870s] -- Searching for <ignition-sensors6> component [boundingbox_camera]
[0.872s] -- Looking for ignition-sensors6-boundingbox_camera -- found version 6.6.0
[0.872s] -- Searching for dependencies of ignition-sensors6-boundingbox_camera
[0.873s] -- Searching for <ignition-sensors6> component [segmentation_camera]
[0.874s] -- Looking for ignition-sensors6-segmentation_camera -- found version 6.6.0
[0.874s] -- Searching for dependencies of ignition-sensors6-segmentation_camera
[0.875s] -- Searching for <ignition-sensors6> component [depth_camera]
[0.877s] -- Looking for ignition-sensors6-depth_camera -- found version 6.6.0
[0.877s] -- Searching for dependencies of ignition-sensors6-depth_camera
[0.877s] -- Searching for <ignition-sensors6> component [rgbd_camera]
[0.879s] -- Looking for ignition-sensors6-rgbd_camera -- found version 6.6.0
[0.879s] -- Searching for dependencies of ignition-sensors6-rgbd_camera
[0.879s] -- Searching for <ignition-sensors6> component [thermal_camera]
[0.881s] -- Looking for ignition-sensors6-thermal_camera -- found version 6.6.0
[0.881s] -- Searching for dependencies of ignition-sensors6-thermal_camera
[0.882s] -- Looking for ignition-rendering6 -- found version 6.5.1
[0.882s] -- Looking for ignition-math6 -- found version 6.13.0
[0.883s] -- Looking for ignition-utils1 -- found version 1.4.0
[0.895s] -- Configuring done
[0.898s] -- Generating done
[0.899s] -- Build files have been written to: /home/hollis/osu-uwrt/riptide_software/src/riptide_gazebo/Assets/Plugins/build/SampleSystem
[0.903s] Invoked command in '/home/hollis/osu-uwrt/riptide_software/src/riptide_gazebo/Assets/Plugins/build/SampleSystem' returned '0': /usr/bin/cmake /home/hollis/osu-uwrt/riptide_software/src/riptide_gazebo/Assets/Plugins/TempestPose -DCMAKE_INSTALL_PREFIX=/home/hollis/osu-uwrt/riptide_software/src/riptide_gazebo/Assets/Plugins/install/SampleSystem
[0.904s] Invoking command in '/home/hollis/osu-uwrt/riptide_software/src/riptide_gazebo/Assets/Plugins/build/SampleSystem': /usr/bin/cmake --build /home/hollis/osu-uwrt/riptide_software/src/riptide_gazebo/Assets/Plugins/build/SampleSystem -- -j20 -l20
[0.934s] [ 50%] [32mBuilding CXX object CMakeFiles/SampleSystem.dir/SampleSystem.cpp.o[0m
[3.061s] [100%] [32m[1mLinking CXX shared library libSampleSystem.so[0m
[3.189s] [100%] Built target SampleSystem
[3.196s] Invoked command in '/home/hollis/osu-uwrt/riptide_software/src/riptide_gazebo/Assets/Plugins/build/SampleSystem' returned '0': /usr/bin/cmake --build /home/hollis/osu-uwrt/riptide_software/src/riptide_gazebo/Assets/Plugins/build/SampleSystem -- -j20 -l20
[3.215s] Invoking command in '/home/hollis/osu-uwrt/riptide_software/src/riptide_gazebo/Assets/Plugins/build/SampleSystem': /usr/bin/cmake --install /home/hollis/osu-uwrt/riptide_software/src/riptide_gazebo/Assets/Plugins/build/SampleSystem
[3.220s] -- Install configuration: ""
[3.220s] -- Installing: /home/hollis/osu-uwrt/riptide_software/src/riptide_gazebo/Assets/Plugins/install/SampleSystem/lib/libSampleSystem.so
[3.224s] Invoked command in '/home/hollis/osu-uwrt/riptide_software/src/riptide_gazebo/Assets/Plugins/build/SampleSystem' returned '0': /usr/bin/cmake --install /home/hollis/osu-uwrt/riptide_software/src/riptide_gazebo/Assets/Plugins/build/SampleSystem
