[0.012s] Invoking command in '/home/hollis/osu-uwrt/riptide_software/src/riptide_gazebo/Assets/Plugins/build/hello_world_plugin': CMAKE_PREFIX_PATH=${CMAKE_PREFIX_PATH}:/home/hollis/osu-uwrt/dependencies/install/microstrain_inertial_rqt:/home/hollis/osu-uwrt/dependencies/install/echo_video:/home/hollis/osu-uwrt/dependencies/install/camera_calibration:/home/hollis/osu-uwrt/riptide_software/install/riptide_teleop2:/home/hollis/osu-uwrt/riptide_software/install/riptide_rqt_plugins2:/home/hollis/osu-uwrt/riptide_software/install/riptide_hardware2:/home/hollis/osu-uwrt/riptide_software/install/riptide_controllers2:/home/hollis/osu-uwrt/riptide_software/install/riptide_mapping2:/home/hollis/osu-uwrt/riptide_software/install/riptide_localization2:/home/hollis/osu-uwrt/riptide_software/install/riptide_bringup2:/home/hollis/osu-uwrt/riptide_software/install/riptide_SNIB:/opt/ros/humble /usr/bin/cmake /home/hollis/osu-uwrt/riptide_software/src/riptide_gazebo/Assets/Plugins/hello_world_plugin -DCMAKE_INSTALL_PREFIX=/home/hollis/osu-uwrt/riptide_software/src/riptide_gazebo/Assets/Plugins/install/hello_world_plugin
[0.020s] -- Found ament_cmake: 1.3.2 (/opt/ros/humble/share/ament_cmake/cmake)
[0.116s] -- Looking for gz-plugin2 -- found version 2.0.0
[0.116s] -- Searching for dependencies of gz-plugin2
[0.116s] -- Looking for gz-utils2 -- found version 2.0.0
[0.116s] -- Searching for dependencies of gz-utils2
[0.116s] -- Searching for <gz-utils2> component [cli]
[0.117s] -- Looking for gz-utils2-cli -- found version 2.0.0
[0.117s] -- Searching for dependencies of gz-utils2-cli
[0.117s] -- Searching for <gz-plugin2> component [register]
[0.117s] -- Looking for gz-plugin2-register -- found version 2.0.0
[0.118s] -- Searching for dependencies of gz-plugin2-register
[0.118s] -- Looking for gz-plugin2 - found
[0.118s] 
[0.119s] -- Looking for gz-sim7 -- found version 7.0.0
[0.119s] -- Searching for dependencies of gz-sim7
[0.120s] -- Looking for sdformat13 -- found version 13.0.1
[0.120s] -- Searching for dependencies of sdformat13
[0.123s] -- Checking for module 'tinyxml2'
[0.133s] --   Found tinyxml2, version 9.0.0
[0.151s] -- Looking for gz-math7 -- found version 7.0.2
[0.151s] -- Searching for dependencies of gz-math7
[0.151s] -- Looking for gz-utils2 -- found version 2.0.0
[0.152s] -- Looking for gz-utils2 -- found version 2.0.0
[0.152s] -- Looking for gz-plugin2 -- found version 2.0.0
[0.152s] -- Searching for dependencies of gz-plugin2
[0.153s] -- Looking for gz-utils2 -- found version 2.0.0
[0.153s] -- Searching for <gz-plugin2> component [loader]
[0.153s] -- Looking for gz-plugin2-loader -- found version 2.0.0
[0.153s] -- Searching for dependencies of gz-plugin2-loader
[0.154s] -- Searching for <gz-plugin2> component [register]
[0.154s] -- Looking for gz-transport12 -- found version 12.0.0
[0.155s] -- Searching for dependencies of gz-transport12
[0.173s] -- Config-file not installed for ZeroMQ -- checking for pkg-config
[0.175s] -- Checking for module 'libzmq >= 4'
[0.182s] --   Found libzmq , version 4.3.4
[0.201s] -- Checking for module 'uuid'
[0.209s] --   Found uuid, version 2.37.2
[0.229s] -- Looking for gz-utils2 -- found version 2.0.0
[0.229s] -- Looking for gz-msgs9 -- found version 9.0.0
[0.229s] -- Searching for dependencies of gz-msgs9
[0.244s] -- Looking for gz-math7 -- found version 7.0.2
[0.256s] -- Searching for <gz-transport12> component [log]
[0.256s] -- Looking for gz-transport12-log -- found version 12.0.0
[0.257s] -- Searching for dependencies of gz-transport12-log
[0.258s] -- Looking for gz-msgs9 -- found version 9.0.0
[0.258s] -- Looking for gz-common5 -- found version 5.0.0
[0.259s] -- Searching for dependencies of gz-common5
[0.259s] -- Looking for gz-utils2 -- found version 2.0.0
[0.259s] -- Looking for dlfcn.h - found
[0.259s] -- Looking for libdl - found
[0.265s] -- Searching for <gz-common5> component [profiler]
[0.265s] -- Looking for gz-common5-profiler -- found version 5.0.0
[0.265s] -- Searching for dependencies of gz-common5-profiler
[0.266s] -- Searching for <gz-common5> component [events]
[0.266s] -- Looking for gz-common5-events -- found version 5.0.0
[0.266s] -- Searching for dependencies of gz-common5-events
[0.266s] -- Looking for gz-math7 -- found version 7.0.2
[0.267s] -- Searching for <gz-common5> component [av]
[0.267s] -- Looking for gz-common5-av -- found version 5.0.0
[0.267s] -- Searching for dependencies of gz-common5-av
[0.270s] -- Checking for module 'libswscale'
[0.277s] --   Found libswscale, version 5.9.100
[0.296s] -- Checking for module 'libavdevice >= 56.4.100'
[0.303s] --   Found libavdevice , version 58.13.100
[0.334s] -- Checking for module 'libavformat'
[0.343s] --   Found libavformat, version 58.76.100
[0.365s] -- Checking for module 'libavcodec'
[0.374s] --   Found libavcodec, version 58.134.100
[0.395s] -- Checking for module 'libavutil'
[0.403s] --   Found libavutil, version 56.70.100
[0.426s] -- Looking for gz-fuel_tools8 -- found version 8.0.0
[0.426s] -- Searching for dependencies of gz-fuel_tools8
[0.455s] -- Checking for module 'jsoncpp'
[0.464s] --   Found jsoncpp, version 1.9.5
[0.485s] -- Checking for module 'libzip'
[0.493s] --   Found libzip, version 1.7.3
[0.513s] -- Looking for gz-utils2 -- found version 2.0.0
[0.513s] -- Looking for gz-common5 -- found version 5.0.0
[0.514s] -- Looking for gz-math7 -- found version 7.0.2
[0.514s] -- Looking for gz-msgs9 -- found version 9.0.0
[0.515s] -- Looking for gz-gui7 -- found version 7.0.0
[0.515s] -- Searching for dependencies of gz-gui7
[0.536s] -- Looking for gz-utils2 -- found version 2.0.0
[0.536s] -- Looking for gz-math7 -- found version 7.0.2
[0.536s] -- Looking for gz-common5 -- found version 5.0.0
[0.537s] -- Looking for gz-plugin2 -- found version 2.0.0
[0.537s] -- Looking for gz-transport12 -- found version 12.0.0
[0.537s] -- Looking for gz-rendering7 -- found version 7.0.0
[0.537s] -- Searching for dependencies of gz-rendering7
[0.537s] -- Looking for gz-math7 -- found version 7.0.2
[0.538s] -- Searching for dependencies of gz-math7
[0.538s] -- Looking for gz-utils2 -- found version 2.0.0
[0.538s] -- Searching for <gz-math7> component [eigen3]
[0.538s] -- Looking for gz-math7-eigen3 -- found version 7.0.2
[0.538s] -- Searching for dependencies of gz-math7-eigen3
[0.540s] -- Looking for gz-common5 -- found version 5.0.0
[0.540s] -- Searching for dependencies of gz-common5
[0.540s] -- Looking for gz-utils2 -- found version 2.0.0
[0.541s] -- Looking for dlfcn.h - found
[0.541s] -- Looking for libdl - found
[0.547s] -- Searching for <gz-common5> component [graphics]
[0.547s] -- Looking for gz-common5-graphics -- found version 5.0.0
[0.548s] -- Searching for dependencies of gz-common5-graphics
[0.548s] -- Looking for gz-math7 -- found version 7.0.2
[0.549s] -- Searching for <gz-common5> component [events]
[0.550s] -- Searching for <gz-common5> component [geospatial]
[0.550s] -- Looking for gz-common5-geospatial -- found version 5.0.0
[0.550s] -- Searching for dependencies of gz-common5-geospatial
[0.551s] -- Looking for gz-math7 -- found version 7.0.2
[0.551s] -- Looking for gz-common5 -- found version 5.0.0
[0.551s] -- Looking for gz-plugin2 -- found version 2.0.0
[0.551s] -- Searching for dependencies of gz-plugin2
[0.552s] -- Looking for gz-utils2 -- found version 2.0.0
[0.552s] -- Searching for <gz-plugin2> component [all]
[0.552s] -- Looking for all libraries of gz-plugin2 -- found version 2.0.0
[0.552s] -- Looking for gz-plugin2 -- found version 2.0.0
[0.553s] -- Looking for gz-utils2 -- found version 2.0.0
[0.554s] -- Looking for gz-msgs9 -- found version 9.0.0
[0.562s] -- Looking for gz-physics6 -- found version 6.0.0
[0.562s] -- Searching for dependencies of gz-physics6
[0.563s] -- Looking for gz-math7 -- found version 7.0.2
[0.563s] -- Looking for gz-plugin2 -- found version 2.0.0
[0.563s] -- Looking for gz-utils2 -- found version 2.0.0
[0.564s] -- Searching for <gz-physics6> component [heightmap]
[0.564s] -- Looking for gz-physics6-heightmap -- found version 6.0.0
[0.564s] -- Searching for dependencies of gz-physics6-heightmap
[0.564s] -- Looking for gz-common5 -- found version 5.0.0
[0.564s] -- Searching for <gz-physics6> component [mesh]
[0.565s] -- Looking for gz-physics6-mesh -- found version 6.0.0
[0.565s] -- Searching for dependencies of gz-physics6-mesh
[0.565s] -- Looking for gz-common5 -- found version 5.0.0
[0.565s] -- Searching for <gz-physics6> component [sdf]
[0.566s] -- Looking for gz-physics6-sdf -- found version 6.0.0
[0.566s] -- Searching for dependencies of gz-physics6-sdf
[0.566s] -- Looking for sdformat13 -- found version 13.0.1
[0.567s] -- Looking for gz-sensors7 -- found version 7.0.0
[0.567s] -- Searching for dependencies of gz-sensors7
[0.580s] -- Looking for gz-math7 -- found version 7.0.2
[0.580s] -- Looking for gz-common5 -- found version 5.0.0
[0.580s] -- Looking for gz-transport12 -- found version 12.0.0
[0.580s] -- Looking for gz-rendering7 -- found version 7.0.0
[0.581s] -- Looking for gz-msgs9 -- found version 9.0.0
[0.581s] -- Looking for sdformat13 -- found version 13.0.1
[0.581s] -- Searching for <gz-sensors7> component [air_pressure]
[0.582s] -- Looking for gz-sensors7-air_pressure -- found version 7.0.0
[0.582s] -- Searching for dependencies of gz-sensors7-air_pressure
[0.582s] -- Searching for <gz-sensors7> component [altimeter]
[0.583s] -- Looking for gz-sensors7-altimeter -- found version 7.0.0
[0.583s] -- Searching for dependencies of gz-sensors7-altimeter
[0.583s] -- Searching for <gz-sensors7> component [imu]
[0.584s] -- Looking for gz-sensors7-imu -- found version 7.0.0
[0.584s] -- Searching for dependencies of gz-sensors7-imu
[0.584s] -- Searching for <gz-sensors7> component [force_torque]
[0.585s] -- Looking for gz-sensors7-force_torque -- found version 7.0.0
[0.585s] -- Searching for dependencies of gz-sensors7-force_torque
[0.585s] -- Searching for <gz-sensors7> component [logical_camera]
[0.586s] -- Looking for gz-sensors7-logical_camera -- found version 7.0.0
[0.586s] -- Searching for dependencies of gz-sensors7-logical_camera
[0.586s] -- Searching for <gz-sensors7> component [magnetometer]
[0.587s] -- Looking for gz-sensors7-magnetometer -- found version 7.0.0
[0.587s] -- Searching for dependencies of gz-sensors7-magnetometer
[0.587s] -- Searching for <gz-sensors7> component [navsat]
[0.588s] -- Looking for gz-sensors7-navsat -- found version 7.0.0
[0.588s] -- Searching for dependencies of gz-sensors7-navsat
[0.588s] -- Searching for <gz-sensors7> component [rendering]
[0.589s] -- Looking for gz-sensors7-rendering -- found version 7.0.0
[0.589s] -- Searching for dependencies of gz-sensors7-rendering
[0.589s] -- Searching for <gz-sensors7> component [lidar]
[0.590s] -- Looking for gz-sensors7-lidar -- found version 7.0.0
[0.590s] -- Searching for dependencies of gz-sensors7-lidar
[0.591s] -- Searching for <gz-sensors7> component [gpu_lidar]
[0.591s] -- Looking for gz-sensors7-gpu_lidar -- found version 7.0.0
[0.591s] -- Searching for dependencies of gz-sensors7-gpu_lidar
[0.592s] -- Searching for <gz-sensors7> component [camera]
[0.592s] -- Looking for gz-sensors7-camera -- found version 7.0.0
[0.592s] -- Searching for dependencies of gz-sensors7-camera
[0.592s] -- Searching for <gz-sensors7> component [boundingbox_camera]
[0.593s] -- Looking for gz-sensors7-boundingbox_camera -- found version 7.0.0
[0.593s] -- Searching for dependencies of gz-sensors7-boundingbox_camera
[0.593s] -- Searching for <gz-sensors7> component [segmentation_camera]
[0.594s] -- Looking for gz-sensors7-segmentation_camera -- found version 7.0.0
[0.594s] -- Searching for dependencies of gz-sensors7-segmentation_camera
[0.594s] -- Searching for <gz-sensors7> component [depth_camera]
[0.595s] -- Looking for gz-sensors7-depth_camera -- found version 7.0.0
[0.595s] -- Searching for dependencies of gz-sensors7-depth_camera
[0.595s] -- Searching for <gz-sensors7> component [rgbd_camera]
[0.596s] -- Looking for gz-sensors7-rgbd_camera -- found version 7.0.0
[0.596s] -- Searching for dependencies of gz-sensors7-rgbd_camera
[0.596s] -- Searching for <gz-sensors7> component [thermal_camera]
[0.597s] -- Looking for gz-sensors7-thermal_camera -- found version 7.0.0
[0.597s] -- Searching for dependencies of gz-sensors7-thermal_camera
[0.597s] -- Searching for <gz-sensors7> component [wide_angle_camera]
[0.598s] -- Looking for gz-sensors7-wide_angle_camera -- found version 7.0.0
[0.598s] -- Searching for dependencies of gz-sensors7-wide_angle_camera
[0.599s] -- Looking for gz-rendering7 -- found version 7.0.0
[0.599s] -- Looking for gz-math7 -- found version 7.0.2
[0.599s] -- Looking for gz-utils2 -- found version 2.0.0
[0.621s] -- Looking for gz-sim7 - found
[0.621s] 
[0.621s] -- Found ament_lint_auto: 0.12.4 (/opt/ros/humble/share/ament_lint_auto/cmake)
[0.679s] -- Added test 'cppcheck' to perform static code analysis on C / C++ code
[0.680s] -- Configured cppcheck include dirs: 
[0.680s] -- Configured cppcheck exclude dirs and/or files: 
[0.680s] -- Added test 'lint_cmake' to check CMake code style
[0.680s] -- Added test 'uncrustify' to check C / C++ code style
[0.680s] -- Configured uncrustify additional arguments: 
[0.681s] -- Added test 'xmllint' to check XML markup files
[0.681s] -- Configuring done
[0.683s] [33mCMake Warning (dev) at CMakeLists.txt:18 (add_library):
[0.683s]   Policy CMP0115 is not set: Source file extensions must be explicit.  Run
[0.683s]   "cmake --help-policy CMP0115" for policy details.  Use the cmake_policy
[0.683s]   command to set the policy and suppress this warning.
[0.684s] 
[0.684s]   File:
[0.684s] 
[0.684s]     /home/hollis/osu-uwrt/riptide_software/src/riptide_gazebo/Assets/Plugins/hello_world_plugin/src/HelloWorld.cc
[0.684s] This warning is for project developers.  Use -Wno-dev to suppress it.
[0.684s] [0m
[0.686s] -- Generating done
[0.687s] -- Build files have been written to: /home/hollis/osu-uwrt/riptide_software/src/riptide_gazebo/Assets/Plugins/build/hello_world_plugin
[0.694s] Invoked command in '/home/hollis/osu-uwrt/riptide_software/src/riptide_gazebo/Assets/Plugins/build/hello_world_plugin' returned '0': CMAKE_PREFIX_PATH=${CMAKE_PREFIX_PATH}:/home/hollis/osu-uwrt/dependencies/install/microstrain_inertial_rqt:/home/hollis/osu-uwrt/dependencies/install/echo_video:/home/hollis/osu-uwrt/dependencies/install/camera_calibration:/home/hollis/osu-uwrt/riptide_software/install/riptide_teleop2:/home/hollis/osu-uwrt/riptide_software/install/riptide_rqt_plugins2:/home/hollis/osu-uwrt/riptide_software/install/riptide_hardware2:/home/hollis/osu-uwrt/riptide_software/install/riptide_controllers2:/home/hollis/osu-uwrt/riptide_software/install/riptide_mapping2:/home/hollis/osu-uwrt/riptide_software/install/riptide_localization2:/home/hollis/osu-uwrt/riptide_software/install/riptide_bringup2:/home/hollis/osu-uwrt/riptide_software/install/riptide_SNIB:/opt/ros/humble /usr/bin/cmake /home/hollis/osu-uwrt/riptide_software/src/riptide_gazebo/Assets/Plugins/hello_world_plugin -DCMAKE_INSTALL_PREFIX=/home/hollis/osu-uwrt/riptide_software/src/riptide_gazebo/Assets/Plugins/install/hello_world_plugin
[0.698s] Invoking command in '/home/hollis/osu-uwrt/riptide_software/src/riptide_gazebo/Assets/Plugins/build/hello_world_plugin': CMAKE_PREFIX_PATH=${CMAKE_PREFIX_PATH}:/home/hollis/osu-uwrt/dependencies/install/microstrain_inertial_rqt:/home/hollis/osu-uwrt/dependencies/install/echo_video:/home/hollis/osu-uwrt/dependencies/install/camera_calibration:/home/hollis/osu-uwrt/riptide_software/install/riptide_teleop2:/home/hollis/osu-uwrt/riptide_software/install/riptide_rqt_plugins2:/home/hollis/osu-uwrt/riptide_software/install/riptide_hardware2:/home/hollis/osu-uwrt/riptide_software/install/riptide_controllers2:/home/hollis/osu-uwrt/riptide_software/install/riptide_mapping2:/home/hollis/osu-uwrt/riptide_software/install/riptide_localization2:/home/hollis/osu-uwrt/riptide_software/install/riptide_bringup2:/home/hollis/osu-uwrt/riptide_software/install/riptide_SNIB:/opt/ros/humble /usr/bin/cmake --build /home/hollis/osu-uwrt/riptide_software/src/riptide_gazebo/Assets/Plugins/build/hello_world_plugin -- -j20 -l20
[0.732s] [ 50%] [32mBuilding CXX object CMakeFiles/HelloWorld.dir/src/HelloWorld.cc.o[0m
[1.733s] [100%] [32m[1mLinking CXX shared library libHelloWorld.so[0m
[1.817s] [100%] Built target HelloWorld
[1.823s] Invoked command in '/home/hollis/osu-uwrt/riptide_software/src/riptide_gazebo/Assets/Plugins/build/hello_world_plugin' returned '0': CMAKE_PREFIX_PATH=${CMAKE_PREFIX_PATH}:/home/hollis/osu-uwrt/dependencies/install/microstrain_inertial_rqt:/home/hollis/osu-uwrt/dependencies/install/echo_video:/home/hollis/osu-uwrt/dependencies/install/camera_calibration:/home/hollis/osu-uwrt/riptide_software/install/riptide_teleop2:/home/hollis/osu-uwrt/riptide_software/install/riptide_rqt_plugins2:/home/hollis/osu-uwrt/riptide_software/install/riptide_hardware2:/home/hollis/osu-uwrt/riptide_software/install/riptide_controllers2:/home/hollis/osu-uwrt/riptide_software/install/riptide_mapping2:/home/hollis/osu-uwrt/riptide_software/install/riptide_localization2:/home/hollis/osu-uwrt/riptide_software/install/riptide_bringup2:/home/hollis/osu-uwrt/riptide_software/install/riptide_SNIB:/opt/ros/humble /usr/bin/cmake --build /home/hollis/osu-uwrt/riptide_software/src/riptide_gazebo/Assets/Plugins/build/hello_world_plugin -- -j20 -l20
[1.851s] Invoking command in '/home/hollis/osu-uwrt/riptide_software/src/riptide_gazebo/Assets/Plugins/build/hello_world_plugin': CMAKE_PREFIX_PATH=${CMAKE_PREFIX_PATH}:/home/hollis/osu-uwrt/dependencies/install/microstrain_inertial_rqt:/home/hollis/osu-uwrt/dependencies/install/echo_video:/home/hollis/osu-uwrt/dependencies/install/camera_calibration:/home/hollis/osu-uwrt/riptide_software/install/riptide_teleop2:/home/hollis/osu-uwrt/riptide_software/install/riptide_rqt_plugins2:/home/hollis/osu-uwrt/riptide_software/install/riptide_hardware2:/home/hollis/osu-uwrt/riptide_software/install/riptide_controllers2:/home/hollis/osu-uwrt/riptide_software/install/riptide_mapping2:/home/hollis/osu-uwrt/riptide_software/install/riptide_localization2:/home/hollis/osu-uwrt/riptide_software/install/riptide_bringup2:/home/hollis/osu-uwrt/riptide_software/install/riptide_SNIB:/opt/ros/humble /usr/bin/cmake --install /home/hollis/osu-uwrt/riptide_software/src/riptide_gazebo/Assets/Plugins/build/hello_world_plugin
[1.857s] -- Install configuration: ""
[1.857s] -- Installing: /home/hollis/osu-uwrt/riptide_software/src/riptide_gazebo/Assets/Plugins/install/hello_world_plugin/share/ament_index/resource_index/package_run_dependencies/hello_world_plugin
[1.857s] -- Installing: /home/hollis/osu-uwrt/riptide_software/src/riptide_gazebo/Assets/Plugins/install/hello_world_plugin/share/ament_index/resource_index/parent_prefix_path/hello_world_plugin
[1.857s] -- Installing: /home/hollis/osu-uwrt/riptide_software/src/riptide_gazebo/Assets/Plugins/install/hello_world_plugin/share/hello_world_plugin/environment/ament_prefix_path.sh
[1.858s] -- Installing: /home/hollis/osu-uwrt/riptide_software/src/riptide_gazebo/Assets/Plugins/install/hello_world_plugin/share/hello_world_plugin/environment/ament_prefix_path.dsv
[1.858s] -- Installing: /home/hollis/osu-uwrt/riptide_software/src/riptide_gazebo/Assets/Plugins/install/hello_world_plugin/share/hello_world_plugin/environment/path.sh
[1.858s] -- Installing: /home/hollis/osu-uwrt/riptide_software/src/riptide_gazebo/Assets/Plugins/install/hello_world_plugin/share/hello_world_plugin/environment/path.dsv
[1.858s] -- Installing: /home/hollis/osu-uwrt/riptide_software/src/riptide_gazebo/Assets/Plugins/install/hello_world_plugin/share/hello_world_plugin/local_setup.bash
[1.858s] -- Installing: /home/hollis/osu-uwrt/riptide_software/src/riptide_gazebo/Assets/Plugins/install/hello_world_plugin/share/hello_world_plugin/local_setup.sh
[1.858s] -- Installing: /home/hollis/osu-uwrt/riptide_software/src/riptide_gazebo/Assets/Plugins/install/hello_world_plugin/share/hello_world_plugin/local_setup.zsh
[1.858s] -- Installing: /home/hollis/osu-uwrt/riptide_software/src/riptide_gazebo/Assets/Plugins/install/hello_world_plugin/share/hello_world_plugin/local_setup.dsv
[1.858s] -- Installing: /home/hollis/osu-uwrt/riptide_software/src/riptide_gazebo/Assets/Plugins/install/hello_world_plugin/share/hello_world_plugin/package.dsv
[1.858s] -- Installing: /home/hollis/osu-uwrt/riptide_software/src/riptide_gazebo/Assets/Plugins/install/hello_world_plugin/share/ament_index/resource_index/packages/hello_world_plugin
[1.858s] -- Installing: /home/hollis/osu-uwrt/riptide_software/src/riptide_gazebo/Assets/Plugins/install/hello_world_plugin/share/hello_world_plugin/cmake/hello_world_pluginConfig.cmake
[1.858s] -- Installing: /home/hollis/osu-uwrt/riptide_software/src/riptide_gazebo/Assets/Plugins/install/hello_world_plugin/share/hello_world_plugin/cmake/hello_world_pluginConfig-version.cmake
[1.858s] -- Installing: /home/hollis/osu-uwrt/riptide_software/src/riptide_gazebo/Assets/Plugins/install/hello_world_plugin/share/hello_world_plugin/package.xml
[1.859s] Invoked command in '/home/hollis/osu-uwrt/riptide_software/src/riptide_gazebo/Assets/Plugins/build/hello_world_plugin' returned '0': CMAKE_PREFIX_PATH=${CMAKE_PREFIX_PATH}:/home/hollis/osu-uwrt/dependencies/install/microstrain_inertial_rqt:/home/hollis/osu-uwrt/dependencies/install/echo_video:/home/hollis/osu-uwrt/dependencies/install/camera_calibration:/home/hollis/osu-uwrt/riptide_software/install/riptide_teleop2:/home/hollis/osu-uwrt/riptide_software/install/riptide_rqt_plugins2:/home/hollis/osu-uwrt/riptide_software/install/riptide_hardware2:/home/hollis/osu-uwrt/riptide_software/install/riptide_controllers2:/home/hollis/osu-uwrt/riptide_software/install/riptide_mapping2:/home/hollis/osu-uwrt/riptide_software/install/riptide_localization2:/home/hollis/osu-uwrt/riptide_software/install/riptide_bringup2:/home/hollis/osu-uwrt/riptide_software/install/riptide_SNIB:/opt/ros/humble /usr/bin/cmake --install /home/hollis/osu-uwrt/riptide_software/src/riptide_gazebo/Assets/Plugins/build/hello_world_plugin
