[0.163s] DEBUG:colcon:Command line arguments: ['/usr/bin/colcon', 'build', '--packages-select', 'hello_world_plugin/']
[0.163s] DEBUG:colcon:Parsed command line arguments: Namespace(log_base=None, log_level=None, verb_name='build', build_base='build', install_base='install', merge_install=False, symlink_install=False, test_result_base=None, continue_on_error=False, executor='parallel', parallel_workers=20, event_handlers=None, ignore_user_meta=False, metas=['./colcon.meta'], base_paths=['.'], packages_ignore=None, packages_ignore_regex=None, paths=None, packages_up_to=None, packages_up_to_regex=None, packages_above=None, packages_above_and_dependencies=None, packages_above_depth=None, packages_select_by_dep=None, packages_skip_by_dep=None, packages_skip_up_to=None, packages_select_build_failed=False, packages_skip_build_finished=False, packages_select_test_failures=False, packages_skip_test_passed=False, packages_select=['hello_world_plugin/'], packages_skip=None, packages_select_regex=None, packages_skip_regex=None, packages_start=None, packages_end=None, allow_overriding=[], cmake_args=None, cmake_target=None, cmake_target_skip_unavailable=False, cmake_clean_cache=False, cmake_clean_first=False, cmake_force_configure=False, ament_cmake_args=None, catkin_cmake_args=None, catkin_skip_building_tests=False, verb_parser=<colcon_defaults.argument_parser.defaults.DefaultArgumentsDecorator object at 0x7f2c68e48760>, verb_extension=<colcon_core.verb.build.BuildVerb object at 0x7f2c697ba620>, main=<bound method BuildVerb.main of <colcon_core.verb.build.BuildVerb object at 0x7f2c697ba620>>)
[0.179s] Level 1:colcon.colcon_core.package_discovery:discover_packages(colcon_meta) check parameters
[0.179s] Level 1:colcon.colcon_core.package_discovery:discover_packages(recursive) check parameters
[0.179s] Level 1:colcon.colcon_core.package_discovery:discover_packages(ignore) check parameters
[0.179s] Level 1:colcon.colcon_core.package_discovery:discover_packages(path) check parameters
[0.179s] Level 1:colcon.colcon_core.package_discovery:discover_packages(colcon_meta) discover
[0.179s] Level 1:colcon.colcon_core.package_discovery:discover_packages(recursive) discover
[0.179s] INFO:colcon.colcon_core.package_discovery:Crawling recursively for packages in '/home/hollis/osu-uwrt/riptide_software/src/riptide_gazebo/Assets/Plugins'
[0.179s] Level 1:colcon.colcon_core.package_identification:_identify(.) by extensions ['ignore', 'ignore_ament_install']
[0.179s] Level 1:colcon.colcon_core.package_identification:_identify(.) by extension 'ignore'
[0.179s] Level 1:colcon.colcon_core.package_identification:_identify(.) by extension 'ignore_ament_install'
[0.179s] Level 1:colcon.colcon_core.package_identification:_identify(.) by extensions ['colcon_pkg']
[0.179s] Level 1:colcon.colcon_core.package_identification:_identify(.) by extension 'colcon_pkg'
[0.179s] Level 1:colcon.colcon_core.package_identification:_identify(.) by extensions ['colcon_meta']
[0.179s] Level 1:colcon.colcon_core.package_identification:_identify(.) by extension 'colcon_meta'
[0.179s] Level 1:colcon.colcon_core.package_identification:_identify(.) by extensions ['ros']
[0.179s] Level 1:colcon.colcon_core.package_identification:_identify(.) by extension 'ros'
[0.185s] Level 1:colcon.colcon_core.package_identification:_identify(.) by extensions ['cmake', 'python']
[0.185s] Level 1:colcon.colcon_core.package_identification:_identify(.) by extension 'cmake'
[0.185s] Level 1:colcon.colcon_core.package_identification:_identify(.) by extension 'python'
[0.185s] Level 1:colcon.colcon_core.package_identification:_identify(.) by extensions ['python_setup_py']
[0.185s] Level 1:colcon.colcon_core.package_identification:_identify(.) by extension 'python_setup_py'
[0.185s] Level 1:colcon.colcon_core.package_identification:_identify(build) by extensions ['ignore', 'ignore_ament_install']
[0.185s] Level 1:colcon.colcon_core.package_identification:_identify(build) by extension 'ignore'
[0.185s] Level 1:colcon.colcon_core.package_identification:_identify(build) ignored
[0.185s] Level 1:colcon.colcon_core.package_identification:_identify(hello_world_plugin) by extensions ['ignore', 'ignore_ament_install']
[0.185s] Level 1:colcon.colcon_core.package_identification:_identify(hello_world_plugin) by extension 'ignore'
[0.185s] Level 1:colcon.colcon_core.package_identification:_identify(hello_world_plugin) by extension 'ignore_ament_install'
[0.185s] Level 1:colcon.colcon_core.package_identification:_identify(hello_world_plugin) by extensions ['colcon_pkg']
[0.185s] Level 1:colcon.colcon_core.package_identification:_identify(hello_world_plugin) by extension 'colcon_pkg'
[0.185s] Level 1:colcon.colcon_core.package_identification:_identify(hello_world_plugin) by extensions ['colcon_meta']
[0.185s] Level 1:colcon.colcon_core.package_identification:_identify(hello_world_plugin) by extension 'colcon_meta'
[0.185s] Level 1:colcon.colcon_core.package_identification:_identify(hello_world_plugin) by extensions ['ros']
[0.185s] Level 1:colcon.colcon_core.package_identification:_identify(hello_world_plugin) by extension 'ros'
[0.187s] DEBUG:colcon.colcon_core.package_identification:Package 'hello_world_plugin' with type 'ros.ament_cmake' and name 'hello_world_plugin'
[0.187s] Level 1:colcon.colcon_core.package_identification:_identify(install) by extensions ['ignore', 'ignore_ament_install']
[0.187s] Level 1:colcon.colcon_core.package_identification:_identify(install) by extension 'ignore'
[0.187s] Level 1:colcon.colcon_core.package_identification:_identify(install) ignored
[0.187s] Level 1:colcon.colcon_core.package_identification:_identify(log) by extensions ['ignore', 'ignore_ament_install']
[0.187s] Level 1:colcon.colcon_core.package_identification:_identify(log) by extension 'ignore'
[0.187s] Level 1:colcon.colcon_core.package_identification:_identify(log) ignored
[0.187s] Level 1:colcon.colcon_core.package_identification:_identify(uwrt_gz) by extensions ['ignore', 'ignore_ament_install']
[0.187s] Level 1:colcon.colcon_core.package_identification:_identify(uwrt_gz) by extension 'ignore'
[0.187s] Level 1:colcon.colcon_core.package_identification:_identify(uwrt_gz) by extension 'ignore_ament_install'
[0.187s] Level 1:colcon.colcon_core.package_identification:_identify(uwrt_gz) by extensions ['colcon_pkg']
[0.187s] Level 1:colcon.colcon_core.package_identification:_identify(uwrt_gz) by extension 'colcon_pkg'
[0.187s] Level 1:colcon.colcon_core.package_identification:_identify(uwrt_gz) by extensions ['colcon_meta']
[0.187s] Level 1:colcon.colcon_core.package_identification:_identify(uwrt_gz) by extension 'colcon_meta'
[0.187s] Level 1:colcon.colcon_core.package_identification:_identify(uwrt_gz) by extensions ['ros']
[0.187s] Level 1:colcon.colcon_core.package_identification:_identify(uwrt_gz) by extension 'ros'
[0.187s] DEBUG:colcon.colcon_core.package_identification:Package 'uwrt_gz' with type 'ros.ament_cmake' and name 'uwrt_gz'
[0.187s] Level 1:colcon.colcon_core.package_discovery:discover_packages(recursive) using defaults
[0.187s] Level 1:colcon.colcon_core.package_discovery:discover_packages(ignore) discover
[0.188s] Level 1:colcon.colcon_core.package_discovery:discover_packages(ignore) using defaults
[0.188s] Level 1:colcon.colcon_core.package_discovery:discover_packages(path) discover
[0.188s] Level 1:colcon.colcon_core.package_discovery:discover_packages(path) using defaults
[0.189s] WARNING:colcon.colcon_core.package_selection:ignoring unknown package 'hello_world_plugin/' in --packages-select
[0.202s] INFO:colcon.colcon_core.package_selection:Skipping not selected package 'hello_world_plugin' in 'hello_world_plugin'
[0.202s] INFO:colcon.colcon_core.package_selection:Skipping not selected package 'uwrt_gz' in 'uwrt_gz'
[0.203s] Level 1:colcon.colcon_core.package_discovery:discover_packages(prefix_path) check parameters
[0.203s] Level 1:colcon.colcon_core.package_discovery:discover_packages(prefix_path) discover
[0.205s] DEBUG:colcon.colcon_installed_package_information.package_discovery:Found 3 installed packages in /home/hollis/osu-uwrt/riptide_software/src/riptide_gazebo/Assets/Plugins/install
[0.205s] DEBUG:colcon.colcon_installed_package_information.package_discovery:Found 11 installed packages in /home/hollis/osu-uwrt/riptide_software/install
[0.206s] DEBUG:colcon.colcon_installed_package_information.package_discovery:Found 18 installed packages in /home/hollis/osu-uwrt/dependencies/install
[0.208s] DEBUG:colcon.colcon_installed_package_information.package_discovery:Found 345 installed packages in /opt/ros/humble
[0.210s] Level 1:colcon.colcon_core.package_discovery:discover_packages(prefix_path) using defaults
[0.248s] INFO:colcon.colcon_core.executor:Executing jobs using 'parallel' executor
[0.250s] DEBUG:colcon.colcon_parallel_executor.executor.parallel:run_until_complete
[0.250s] DEBUG:colcon.colcon_parallel_executor.executor.parallel:closing loop
[0.250s] DEBUG:colcon.colcon_parallel_executor.executor.parallel:loop closed
[0.250s] DEBUG:colcon.colcon_parallel_executor.executor.parallel:run_until_complete finished with '0'
[0.250s] DEBUG:colcon.colcon_core.event_reactor:joining thread
[0.255s] INFO:colcon.colcon_core.plugin_system:Skipping extension 'colcon_notification.desktop_notification.terminal_notifier': Not used on non-Darwin systems
[0.255s] INFO:colcon.colcon_core.plugin_system:Skipping extension 'colcon_notification.desktop_notification.win32': Not used on non-Windows systems
[0.255s] INFO:colcon.colcon_notification.desktop_notification:Sending desktop notification using 'notify2'
[0.268s] DEBUG:colcon.colcon_core.event_reactor:joined thread
[0.270s] INFO:colcon.colcon_core.plugin_system:Skipping extension 'colcon_core.shell.bat': Not used on non-Windows systems
[0.271s] INFO:colcon.colcon_core.shell:Creating prefix script '/home/hollis/osu-uwrt/riptide_software/src/riptide_gazebo/Assets/Plugins/install/local_setup.ps1'
[0.271s] INFO:colcon.colcon_core.shell:Creating prefix util module '/home/hollis/osu-uwrt/riptide_software/src/riptide_gazebo/Assets/Plugins/install/_local_setup_util_ps1.py'
[0.272s] INFO:colcon.colcon_core.shell:Creating prefix chain script '/home/hollis/osu-uwrt/riptide_software/src/riptide_gazebo/Assets/Plugins/install/setup.ps1'
[0.275s] INFO:colcon.colcon_core.shell:Creating prefix script '/home/hollis/osu-uwrt/riptide_software/src/riptide_gazebo/Assets/Plugins/install/local_setup.sh'
[0.275s] INFO:colcon.colcon_core.shell:Creating prefix util module '/home/hollis/osu-uwrt/riptide_software/src/riptide_gazebo/Assets/Plugins/install/_local_setup_util_sh.py'
[0.276s] INFO:colcon.colcon_core.shell:Creating prefix chain script '/home/hollis/osu-uwrt/riptide_software/src/riptide_gazebo/Assets/Plugins/install/setup.sh'
[0.277s] INFO:colcon.colcon_core.shell:Creating prefix script '/home/hollis/osu-uwrt/riptide_software/src/riptide_gazebo/Assets/Plugins/install/local_setup.bash'
[0.278s] INFO:colcon.colcon_core.shell:Creating prefix chain script '/home/hollis/osu-uwrt/riptide_software/src/riptide_gazebo/Assets/Plugins/install/setup.bash'
[0.279s] INFO:colcon.colcon_core.shell:Creating prefix script '/home/hollis/osu-uwrt/riptide_software/src/riptide_gazebo/Assets/Plugins/install/local_setup.zsh'
[0.279s] INFO:colcon.colcon_core.shell:Creating prefix chain script '/home/hollis/osu-uwrt/riptide_software/src/riptide_gazebo/Assets/Plugins/install/setup.zsh'
