[0.020s] Invoking command in '/home/toby/osu-uwrt/development/software/src/riptide_gazebo/Assets/Plugins/uwrt_gui/build/CompObjectsPlugin': /usr/bin/cmake --build /home/toby/osu-uwrt/development/software/src/riptide_gazebo/Assets/Plugins/uwrt_gui/build/CompObjectsPlugin -- -j12 -l12
[0.049s] -- Looking for gz-sim7 -- found version 7.0.0
[0.054s] -- Searching for dependencies of gz-sim7
[0.054s] -- Looking for sdformat13 -- found version 13.2.0
[0.054s] -- Searching for dependencies of sdformat13
[0.059s] -- Checking for module 'tinyxml2'
[0.070s] --   Found tinyxml2, version 9.0.0
[0.099s] -- Looking for gz-math7 -- found version 7.0.2
[0.100s] -- Searching for dependencies of gz-math7
[0.100s] -- Looking for gz-utils2 -- found version 2.0.0
[0.101s] -- Searching for dependencies of gz-utils2
[0.103s] -- Looking for gz-utils2 -- found version 2.0.0
[0.104s] -- Searching for dependencies of gz-utils2
[0.104s] -- Searching for <gz-utils2> component [cli]
[0.105s] -- Looking for gz-utils2-cli -- found version 2.0.0
[0.105s] -- Searching for dependencies of gz-utils2-cli
[0.107s] -- Looking for gz-plugin2 -- found version 2.0.0
[0.108s] -- Searching for dependencies of gz-plugin2
[0.108s] -- Looking for gz-utils2 -- found version 2.0.0
[0.109s] -- Searching for <gz-plugin2> component [loader]
[0.110s] -- Looking for gz-plugin2-loader -- found version 2.0.0
[0.111s] -- Searching for dependencies of gz-plugin2-loader
[0.111s] -- Searching for <gz-plugin2> component [register]
[0.112s] -- Looking for gz-plugin2-register -- found version 2.0.0
[0.112s] -- Searching for dependencies of gz-plugin2-register
[0.113s] -- Looking for gz-transport12 -- found version 12.0.0
[0.114s] -- Searching for dependencies of gz-transport12
[0.154s] -- Config-file not installed for ZeroMQ -- checking for pkg-config
[0.159s] -- Checking for module 'libzmq >= 4'
[0.175s] --   Found libzmq , version 4.3.4
[0.212s] -- Checking for module 'uuid'
[0.223s] --   Found uuid, version 2.37.2
[0.255s] -- Looking for gz-utils2 -- found version 2.0.0
[0.256s] -- Looking for gz-msgs9 -- found version 9.0.0
[0.256s] -- Searching for dependencies of gz-msgs9
[0.276s] -- Looking for gz-math7 -- found version 7.0.2
[0.293s] -- Searching for <gz-transport12> component [log]
[0.293s] -- Looking for gz-transport12-log -- found version 12.0.0
[0.294s] -- Searching for dependencies of gz-transport12-log
[0.295s] -- Looking for gz-msgs9 -- found version 9.0.0
[0.295s] -- Looking for gz-common5 -- found version 5.2.2
[0.296s] -- Searching for dependencies of gz-common5
[0.296s] -- Looking for gz-utils2 -- found version 2.0.0
[0.296s] -- Looking for dlfcn.h - found
[0.297s] -- Looking for libdl - found
[0.306s] -- Searching for <gz-common5> component [profiler]
[0.306s] -- Looking for gz-common5-profiler -- found version 5.2.2
[0.307s] -- Searching for dependencies of gz-common5-profiler
[0.307s] -- Searching for <gz-common5> component [events]
[0.308s] -- Looking for gz-common5-events -- found version 5.2.2
[0.308s] -- Searching for dependencies of gz-common5-events
[0.309s] -- Looking for gz-math7 -- found version 7.0.2
[0.310s] -- Searching for <gz-common5> component [av]
[0.310s] -- Looking for gz-common5-av -- found version 5.2.2
[0.311s] -- Searching for dependencies of gz-common5-av
[0.316s] -- Checking for module 'libswscale'
[0.329s] --   Found libswscale, version 5.9.100
[0.362s] -- Checking for module 'libavdevice >= 56.4.100'
[0.374s] --   Found libavdevice , version 58.13.100
[0.410s] -- Checking for module 'libavformat'
[0.421s] --   Found libavformat, version 58.76.100
[0.457s] -- Checking for module 'libavcodec'
[0.469s] --   Found libavcodec, version 58.134.100
[0.503s] -- Checking for module 'libavutil'
[0.515s] --   Found libavutil, version 56.70.100
[0.546s] -- Looking for gz-fuel_tools8 -- found version 8.0.0
[0.547s] -- Searching for dependencies of gz-fuel_tools8
[0.589s] -- Checking for module 'jsoncpp'
[0.602s] --   Found jsoncpp, version 1.9.5
[0.637s] -- Checking for module 'libzip'
[0.651s] --   Found libzip, version 1.7.3
[0.681s] -- Looking for gz-utils2 -- found version 2.0.0
[0.682s] -- Looking for gz-common5 -- found version 5.2.2
[0.682s] -- Looking for gz-math7 -- found version 7.0.2
[0.683s] -- Looking for gz-msgs9 -- found version 9.0.0
[0.684s] -- Looking for gz-gui7 -- found version 7.0.0
[0.684s] -- Searching for dependencies of gz-gui7
[0.712s] -- Looking for gz-utils2 -- found version 2.0.0
[0.713s] -- Looking for gz-math7 -- found version 7.0.2
[0.713s] -- Looking for gz-common5 -- found version 5.2.2
[0.714s] -- Looking for gz-plugin2 -- found version 2.0.0
[0.714s] -- Looking for gz-transport12 -- found version 12.0.0
[0.715s] -- Looking for gz-rendering7 -- found version 7.1.0
[0.715s] -- Searching for dependencies of gz-rendering7
[0.716s] -- Looking for gz-math7 -- found version 7.0.2
[0.716s] -- Searching for dependencies of gz-math7
[0.717s] -- Looking for gz-utils2 -- found version 2.0.0
[0.717s] -- Searching for <gz-math7> component [eigen3]
[0.718s] -- Looking for gz-math7-eigen3 -- found version 7.0.2
[0.718s] -- Searching for dependencies of gz-math7-eigen3
[0.720s] -- Looking for gz-common5 -- found version 5.2.2
[0.720s] -- Searching for dependencies of gz-common5
[0.721s] -- Looking for gz-utils2 -- found version 2.0.0
[0.721s] -- Looking for dlfcn.h - found
[0.721s] -- Looking for libdl - found
[0.731s] -- Searching for <gz-common5> component [graphics]
[0.732s] -- Looking for gz-common5-graphics -- found version 5.2.2
[0.732s] -- Searching for dependencies of gz-common5-graphics
[0.733s] -- Looking for gz-math7 -- found version 7.0.2
[0.735s] -- Searching for <gz-common5> component [events]
[0.736s] -- Searching for <gz-common5> component [geospatial]
[0.736s] -- Looking for gz-common5-geospatial -- found version 5.2.2
[0.737s] -- Searching for dependencies of gz-common5-geospatial
[0.738s] -- Looking for gz-math7 -- found version 7.0.2
[0.738s] -- Looking for gz-common5 -- found version 5.2.2
[0.739s] -- Looking for gz-plugin2 -- found version 2.0.0
[0.740s] -- Searching for dependencies of gz-plugin2
[0.741s] -- Looking for gz-utils2 -- found version 2.0.0
[0.741s] -- Searching for <gz-plugin2> component [all]
[0.742s] -- Looking for all libraries of gz-plugin2 -- found version 2.0.0
[0.743s] -- Looking for gz-plugin2 -- found version 2.0.0
[0.744s] -- Looking for gz-utils2 -- found version 2.0.0
[0.745s] -- Looking for gz-msgs9 -- found version 9.0.0
[0.760s] -- Looking for gz-physics6 -- found version 6.1.0
[0.760s] -- Searching for dependencies of gz-physics6
[0.761s] -- Looking for gz-math7 -- found version 7.0.2
[0.761s] -- Looking for gz-plugin2 -- found version 2.0.0
[0.762s] -- Looking for gz-utils2 -- found version 2.0.0
[0.763s] -- Searching for <gz-physics6> component [heightmap]
[0.764s] -- Looking for gz-physics6-heightmap -- found version 6.1.0
[0.764s] -- Searching for dependencies of gz-physics6-heightmap
[0.765s] -- Looking for gz-common5 -- found version 5.2.2
[0.766s] -- Searching for <gz-physics6> component [mesh]
[0.766s] -- Looking for gz-physics6-mesh -- found version 6.1.0
[0.767s] -- Searching for dependencies of gz-physics6-mesh
[0.767s] -- Looking for gz-common5 -- found version 5.2.2
[0.768s] -- Searching for <gz-physics6> component [sdf]
[0.768s] -- Looking for gz-physics6-sdf -- found version 6.1.0
[0.769s] -- Searching for dependencies of gz-physics6-sdf
[0.770s] -- Looking for sdformat13 -- found version 13.2.0
[0.770s] -- Looking for gz-sensors7 -- found version 7.0.0
[0.771s] -- Searching for dependencies of gz-sensors7
[0.793s] -- Looking for gz-math7 -- found version 7.0.2
[0.794s] -- Looking for gz-common5 -- found version 5.2.2
[0.794s] -- Looking for gz-transport12 -- found version 12.0.0
[0.795s] -- Looking for gz-rendering7 -- found version 7.1.0
[0.795s] -- Looking for gz-msgs9 -- found version 9.0.0
[0.796s] -- Looking for sdformat13 -- found version 13.2.0
[0.796s] -- Searching for <gz-sensors7> component [air_pressure]
[0.797s] -- Looking for gz-sensors7-air_pressure -- found version 7.0.0
[0.798s] -- Searching for dependencies of gz-sensors7-air_pressure
[0.798s] -- Searching for <gz-sensors7> component [altimeter]
[0.799s] -- Looking for gz-sensors7-altimeter -- found version 7.0.0
[0.800s] -- Searching for dependencies of gz-sensors7-altimeter
[0.800s] -- Searching for <gz-sensors7> component [imu]
[0.801s] -- Looking for gz-sensors7-imu -- found version 7.0.0
[0.801s] -- Searching for dependencies of gz-sensors7-imu
[0.802s] -- Searching for <gz-sensors7> component [force_torque]
[0.802s] -- Looking for gz-sensors7-force_torque -- found version 7.0.0
[0.803s] -- Searching for dependencies of gz-sensors7-force_torque
[0.803s] -- Searching for <gz-sensors7> component [logical_camera]
[0.804s] -- Looking for gz-sensors7-logical_camera -- found version 7.0.0
[0.805s] -- Searching for dependencies of gz-sensors7-logical_camera
[0.806s] -- Searching for <gz-sensors7> component [magnetometer]
[0.806s] -- Looking for gz-sensors7-magnetometer -- found version 7.0.0
[0.807s] -- Searching for dependencies of gz-sensors7-magnetometer
[0.807s] -- Searching for <gz-sensors7> component [navsat]
[0.808s] -- Looking for gz-sensors7-navsat -- found version 7.0.0
[0.809s] -- Searching for dependencies of gz-sensors7-navsat
[0.809s] -- Searching for <gz-sensors7> component [rendering]
[0.810s] -- Looking for gz-sensors7-rendering -- found version 7.0.0
[0.810s] -- Searching for dependencies of gz-sensors7-rendering
[0.811s] -- Searching for <gz-sensors7> component [lidar]
[0.811s] -- Looking for gz-sensors7-lidar -- found version 7.0.0
[0.812s] -- Searching for dependencies of gz-sensors7-lidar
[0.812s] -- Searching for <gz-sensors7> component [gpu_lidar]
[0.813s] -- Looking for gz-sensors7-gpu_lidar -- found version 7.0.0
[0.813s] -- Searching for dependencies of gz-sensors7-gpu_lidar
[0.814s] -- Searching for <gz-sensors7> component [camera]
[0.814s] -- Looking for gz-sensors7-camera -- found version 7.0.0
[0.815s] -- Searching for dependencies of gz-sensors7-camera
[0.815s] -- Searching for <gz-sensors7> component [boundingbox_camera]
[0.815s] -- Looking for gz-sensors7-boundingbox_camera -- found version 7.0.0
[0.816s] -- Searching for dependencies of gz-sensors7-boundingbox_camera
[0.816s] -- Searching for <gz-sensors7> component [segmentation_camera]
[0.817s] -- Looking for gz-sensors7-segmentation_camera -- found version 7.0.0
[0.817s] -- Searching for dependencies of gz-sensors7-segmentation_camera
[0.818s] -- Searching for <gz-sensors7> component [depth_camera]
[0.818s] -- Looking for gz-sensors7-depth_camera -- found version 7.0.0
[0.819s] -- Searching for dependencies of gz-sensors7-depth_camera
[0.819s] -- Searching for <gz-sensors7> component [rgbd_camera]
[0.820s] -- Looking for gz-sensors7-rgbd_camera -- found version 7.0.0
[0.820s] -- Searching for dependencies of gz-sensors7-rgbd_camera
[0.820s] -- Searching for <gz-sensors7> component [thermal_camera]
[0.821s] -- Looking for gz-sensors7-thermal_camera -- found version 7.0.0
[0.821s] -- Searching for dependencies of gz-sensors7-thermal_camera
[0.822s] -- Searching for <gz-sensors7> component [wide_angle_camera]
[0.822s] -- Looking for gz-sensors7-wide_angle_camera -- found version 7.0.0
[0.823s] -- Searching for dependencies of gz-sensors7-wide_angle_camera
[0.824s] -- Looking for gz-rendering7 -- found version 7.1.0
[0.824s] -- Looking for gz-math7 -- found version 7.0.2
[0.825s] -- Looking for gz-utils2 -- found version 2.0.0
[0.847s] -- Searching for <gz-sim7> component [gui]
[0.848s] -- Looking for gz-sim7-gui -- found version 7.0.0
[0.848s] -- Searching for dependencies of gz-sim7-gui
[0.850s] -- Configuring done
[0.882s] -- Generating done
[0.883s] -- Build files have been written to: /home/toby/osu-uwrt/development/software/src/riptide_gazebo/Assets/Plugins/uwrt_gui/build/CompObjectsPlugin
[0.919s] [ 16%] [34m[1mAutomatic MOC for target CompObjectsPlugin[0m
[0.941s] [ 16%] Built target CompObjectsPlugin_autogen
[0.944s] gmake[2]: *** No rule to make target '../../meshes/bootlegger/bootlegger.png', needed by 'qrc_CompObjectsPlugin.cpp'.  Stop.
[0.944s] gmake[1]: *** [CMakeFiles/Makefile2:83: CMakeFiles/CompObjectsPlugin.dir/all] Error 2
[0.944s] gmake: *** [Makefile:136: all] Error 2
[0.946s] Invoked command in '/home/toby/osu-uwrt/development/software/src/riptide_gazebo/Assets/Plugins/uwrt_gui/build/CompObjectsPlugin' returned '2': /usr/bin/cmake --build /home/toby/osu-uwrt/development/software/src/riptide_gazebo/Assets/Plugins/uwrt_gui/build/CompObjectsPlugin -- -j12 -l12
