[0.020s] Invoking command in '/home/toby/osu-uwrt/development/software/src/riptide_gazebo/Assets/Plugins/uwrt_gui/build/CompObjectsPlugin': /usr/bin/cmake --build /home/toby/osu-uwrt/development/software/src/riptide_gazebo/Assets/Plugins/uwrt_gui/build/CompObjectsPlugin -- -j12 -l12
[0.045s] -- Looking for gz-sim7 -- found version 7.0.0
[0.050s] -- Searching for dependencies of gz-sim7
[0.050s] -- Looking for sdformat13 -- found version 13.2.0
[0.051s] -- Searching for dependencies of sdformat13
[0.057s] -- Checking for module 'tinyxml2'
[0.071s] --   Found tinyxml2, version 9.0.0
[0.101s] -- Looking for gz-math7 -- found version 7.0.2
[0.102s] -- Searching for dependencies of gz-math7
[0.103s] -- Looking for gz-utils2 -- found version 2.0.0
[0.103s] -- Searching for dependencies of gz-utils2
[0.104s] -- Looking for gz-utils2 -- found version 2.0.0
[0.105s] -- Searching for dependencies of gz-utils2
[0.105s] -- Searching for <gz-utils2> component [cli]
[0.105s] -- Looking for gz-utils2-cli -- found version 2.0.0
[0.106s] -- Searching for dependencies of gz-utils2-cli
[0.107s] -- Looking for gz-plugin2 -- found version 2.0.0
[0.108s] -- Searching for dependencies of gz-plugin2
[0.108s] -- Looking for gz-utils2 -- found version 2.0.0
[0.109s] -- Searching for <gz-plugin2> component [loader]
[0.109s] -- Looking for gz-plugin2-loader -- found version 2.0.0
[0.110s] -- Searching for dependencies of gz-plugin2-loader
[0.111s] -- Searching for <gz-plugin2> component [register]
[0.111s] -- Looking for gz-plugin2-register -- found version 2.0.0
[0.112s] -- Searching for dependencies of gz-plugin2-register
[0.112s] -- Looking for gz-transport12 -- found version 12.0.0
[0.113s] -- Searching for dependencies of gz-transport12
[0.156s] -- Config-file not installed for ZeroMQ -- checking for pkg-config
[0.161s] -- Checking for module 'libzmq >= 4'
[0.173s] --   Found libzmq , version 4.3.4
[0.210s] -- Checking for module 'uuid'
[0.222s] --   Found uuid, version 2.37.2
[0.252s] -- Looking for gz-utils2 -- found version 2.0.0
[0.252s] -- Looking for gz-msgs9 -- found version 9.0.0
[0.253s] -- Searching for dependencies of gz-msgs9
[0.274s] -- Looking for gz-math7 -- found version 7.0.2
[0.292s] -- Searching for <gz-transport12> component [log]
[0.293s] -- Looking for gz-transport12-log -- found version 12.0.0
[0.293s] -- Searching for dependencies of gz-transport12-log
[0.294s] -- Looking for gz-msgs9 -- found version 9.0.0
[0.294s] -- Looking for gz-common5 -- found version 5.2.2
[0.295s] -- Searching for dependencies of gz-common5
[0.295s] -- Looking for gz-utils2 -- found version 2.0.0
[0.296s] -- Looking for dlfcn.h - found
[0.296s] -- Looking for libdl - found
[0.305s] -- Searching for <gz-common5> component [profiler]
[0.305s] -- Looking for gz-common5-profiler -- found version 5.2.2
[0.306s] -- Searching for dependencies of gz-common5-profiler
[0.307s] -- Searching for <gz-common5> component [events]
[0.307s] -- Looking for gz-common5-events -- found version 5.2.2
[0.308s] -- Searching for dependencies of gz-common5-events
[0.308s] -- Looking for gz-math7 -- found version 7.0.2
[0.309s] -- Searching for <gz-common5> component [av]
[0.310s] -- Looking for gz-common5-av -- found version 5.2.2
[0.310s] -- Searching for dependencies of gz-common5-av
[0.315s] -- Checking for module 'libswscale'
[0.328s] --   Found libswscale, version 5.9.100
[0.364s] -- Checking for module 'libavdevice >= 56.4.100'
[0.377s] --   Found libavdevice , version 58.13.100
[0.416s] -- Checking for module 'libavformat'
[0.429s] --   Found libavformat, version 58.76.100
[0.466s] -- Checking for module 'libavcodec'
[0.481s] --   Found libavcodec, version 58.134.100
[0.525s] -- Checking for module 'libavutil'
[0.540s] --   Found libavutil, version 56.70.100
[0.575s] -- Looking for gz-fuel_tools8 -- found version 8.0.0
[0.575s] -- Searching for dependencies of gz-fuel_tools8
[0.619s] -- Checking for module 'jsoncpp'
[0.633s] --   Found jsoncpp, version 1.9.5
[0.669s] -- Checking for module 'libzip'
[0.682s] --   Found libzip, version 1.7.3
[0.714s] -- Looking for gz-utils2 -- found version 2.0.0
[0.715s] -- Looking for gz-common5 -- found version 5.2.2
[0.715s] -- Looking for gz-math7 -- found version 7.0.2
[0.716s] -- Looking for gz-msgs9 -- found version 9.0.0
[0.717s] -- Looking for gz-gui7 -- found version 7.0.0
[0.717s] -- Searching for dependencies of gz-gui7
[0.746s] -- Looking for gz-utils2 -- found version 2.0.0
[0.746s] -- Looking for gz-math7 -- found version 7.0.2
[0.747s] -- Looking for gz-common5 -- found version 5.2.2
[0.747s] -- Looking for gz-plugin2 -- found version 2.0.0
[0.748s] -- Looking for gz-transport12 -- found version 12.0.0
[0.749s] -- Looking for gz-rendering7 -- found version 7.1.0
[0.750s] -- Searching for dependencies of gz-rendering7
[0.750s] -- Looking for gz-math7 -- found version 7.0.2
[0.751s] -- Searching for dependencies of gz-math7
[0.751s] -- Looking for gz-utils2 -- found version 2.0.0
[0.752s] -- Searching for <gz-math7> component [eigen3]
[0.752s] -- Looking for gz-math7-eigen3 -- found version 7.0.2
[0.753s] -- Searching for dependencies of gz-math7-eigen3
[0.755s] -- Looking for gz-common5 -- found version 5.2.2
[0.755s] -- Searching for dependencies of gz-common5
[0.756s] -- Looking for gz-utils2 -- found version 2.0.0
[0.756s] -- Looking for dlfcn.h - found
[0.756s] -- Looking for libdl - found
[0.765s] -- Searching for <gz-common5> component [graphics]
[0.766s] -- Looking for gz-common5-graphics -- found version 5.2.2
[0.767s] -- Searching for dependencies of gz-common5-graphics
[0.767s] -- Looking for gz-math7 -- found version 7.0.2
[0.770s] -- Searching for <gz-common5> component [events]
[0.771s] -- Searching for <gz-common5> component [geospatial]
[0.772s] -- Looking for gz-common5-geospatial -- found version 5.2.2
[0.772s] -- Searching for dependencies of gz-common5-geospatial
[0.773s] -- Looking for gz-math7 -- found version 7.0.2
[0.773s] -- Looking for gz-common5 -- found version 5.2.2
[0.775s] -- Looking for gz-plugin2 -- found version 2.0.0
[0.775s] -- Searching for dependencies of gz-plugin2
[0.776s] -- Looking for gz-utils2 -- found version 2.0.0
[0.776s] -- Searching for <gz-plugin2> component [all]
[0.777s] -- Looking for all libraries of gz-plugin2 -- found version 2.0.0
[0.778s] -- Looking for gz-plugin2 -- found version 2.0.0
[0.779s] -- Looking for gz-utils2 -- found version 2.0.0
[0.780s] -- Looking for gz-msgs9 -- found version 9.0.0
[0.796s] -- Looking for gz-physics6 -- found version 6.1.0
[0.797s] -- Searching for dependencies of gz-physics6
[0.797s] -- Looking for gz-math7 -- found version 7.0.2
[0.798s] -- Looking for gz-plugin2 -- found version 2.0.0
[0.799s] -- Looking for gz-utils2 -- found version 2.0.0
[0.800s] -- Searching for <gz-physics6> component [heightmap]
[0.801s] -- Looking for gz-physics6-heightmap -- found version 6.1.0
[0.801s] -- Searching for dependencies of gz-physics6-heightmap
[0.802s] -- Looking for gz-common5 -- found version 5.2.2
[0.803s] -- Searching for <gz-physics6> component [mesh]
[0.804s] -- Looking for gz-physics6-mesh -- found version 6.1.0
[0.804s] -- Searching for dependencies of gz-physics6-mesh
[0.805s] -- Looking for gz-common5 -- found version 5.2.2
[0.805s] -- Searching for <gz-physics6> component [sdf]
[0.806s] -- Looking for gz-physics6-sdf -- found version 6.1.0
[0.807s] -- Searching for dependencies of gz-physics6-sdf
[0.808s] -- Looking for sdformat13 -- found version 13.2.0
[0.809s] -- Looking for gz-sensors7 -- found version 7.0.0
[0.809s] -- Searching for dependencies of gz-sensors7
[0.830s] -- Looking for gz-math7 -- found version 7.0.2
[0.831s] -- Looking for gz-common5 -- found version 5.2.2
[0.832s] -- Looking for gz-transport12 -- found version 12.0.0
[0.832s] -- Looking for gz-rendering7 -- found version 7.1.0
[0.833s] -- Looking for gz-msgs9 -- found version 9.0.0
[0.833s] -- Looking for sdformat13 -- found version 13.2.0
[0.834s] -- Searching for <gz-sensors7> component [air_pressure]
[0.835s] -- Looking for gz-sensors7-air_pressure -- found version 7.0.0
[0.836s] -- Searching for dependencies of gz-sensors7-air_pressure
[0.836s] -- Searching for <gz-sensors7> component [altimeter]
[0.837s] -- Looking for gz-sensors7-altimeter -- found version 7.0.0
[0.838s] -- Searching for dependencies of gz-sensors7-altimeter
[0.839s] -- Searching for <gz-sensors7> component [imu]
[0.840s] -- Looking for gz-sensors7-imu -- found version 7.0.0
[0.840s] -- Searching for dependencies of gz-sensors7-imu
[0.841s] -- Searching for <gz-sensors7> component [force_torque]
[0.842s] -- Looking for gz-sensors7-force_torque -- found version 7.0.0
[0.843s] -- Searching for dependencies of gz-sensors7-force_torque
[0.843s] -- Searching for <gz-sensors7> component [logical_camera]
[0.844s] -- Looking for gz-sensors7-logical_camera -- found version 7.0.0
[0.845s] -- Searching for dependencies of gz-sensors7-logical_camera
[0.845s] -- Searching for <gz-sensors7> component [magnetometer]
[0.846s] -- Looking for gz-sensors7-magnetometer -- found version 7.0.0
[0.847s] -- Searching for dependencies of gz-sensors7-magnetometer
[0.847s] -- Searching for <gz-sensors7> component [navsat]
[0.848s] -- Looking for gz-sensors7-navsat -- found version 7.0.0
[0.848s] -- Searching for dependencies of gz-sensors7-navsat
[0.849s] -- Searching for <gz-sensors7> component [rendering]
[0.850s] -- Looking for gz-sensors7-rendering -- found version 7.0.0
[0.850s] -- Searching for dependencies of gz-sensors7-rendering
[0.851s] -- Searching for <gz-sensors7> component [lidar]
[0.851s] -- Looking for gz-sensors7-lidar -- found version 7.0.0
[0.852s] -- Searching for dependencies of gz-sensors7-lidar
[0.853s] -- Searching for <gz-sensors7> component [gpu_lidar]
[0.853s] -- Looking for gz-sensors7-gpu_lidar -- found version 7.0.0
[0.854s] -- Searching for dependencies of gz-sensors7-gpu_lidar
[0.855s] -- Searching for <gz-sensors7> component [camera]
[0.856s] -- Looking for gz-sensors7-camera -- found version 7.0.0
[0.856s] -- Searching for dependencies of gz-sensors7-camera
[0.857s] -- Searching for <gz-sensors7> component [boundingbox_camera]
[0.857s] -- Looking for gz-sensors7-boundingbox_camera -- found version 7.0.0
[0.858s] -- Searching for dependencies of gz-sensors7-boundingbox_camera
[0.859s] -- Searching for <gz-sensors7> component [segmentation_camera]
[0.859s] -- Looking for gz-sensors7-segmentation_camera -- found version 7.0.0
[0.860s] -- Searching for dependencies of gz-sensors7-segmentation_camera
[0.861s] -- Searching for <gz-sensors7> component [depth_camera]
[0.861s] -- Looking for gz-sensors7-depth_camera -- found version 7.0.0
[0.862s] -- Searching for dependencies of gz-sensors7-depth_camera
[0.862s] -- Searching for <gz-sensors7> component [rgbd_camera]
[0.863s] -- Looking for gz-sensors7-rgbd_camera -- found version 7.0.0
[0.864s] -- Searching for dependencies of gz-sensors7-rgbd_camera
[0.865s] -- Searching for <gz-sensors7> component [thermal_camera]
[0.865s] -- Looking for gz-sensors7-thermal_camera -- found version 7.0.0
[0.866s] -- Searching for dependencies of gz-sensors7-thermal_camera
[0.866s] -- Searching for <gz-sensors7> component [wide_angle_camera]
[0.867s] -- Looking for gz-sensors7-wide_angle_camera -- found version 7.0.0
[0.868s] -- Searching for dependencies of gz-sensors7-wide_angle_camera
[0.869s] -- Looking for gz-rendering7 -- found version 7.1.0
[0.870s] -- Looking for gz-math7 -- found version 7.0.2
[0.870s] -- Looking for gz-utils2 -- found version 2.0.0
[0.892s] -- Searching for <gz-sim7> component [gui]
[0.893s] -- Looking for gz-sim7-gui -- found version 7.0.0
[0.893s] -- Searching for dependencies of gz-sim7-gui
[0.895s] -- Configuring done
[0.926s] -- Generating done
[0.928s] -- Build files have been written to: /home/toby/osu-uwrt/development/software/src/riptide_gazebo/Assets/Plugins/uwrt_gui/build/CompObjectsPlugin
[0.964s] [ 16%] [34m[1mAutomatic MOC for target CompObjectsPlugin[0m
[0.984s] [ 16%] Built target CompObjectsPlugin_autogen
[0.995s] [ 33%] [34m[1mGenerating qrc_CompObjectsPlugin.cpp[0m
[1.474s] [35m[1mConsolidate compiler generated dependencies of target CompObjectsPlugin[0m
[1.498s] [ 50%] [32mBuilding CXX object CMakeFiles/CompObjectsPlugin.dir/qrc_CompObjectsPlugin.cpp.o[0m
[11.707s] [ 66%] [32m[1mLinking CXX shared library libCompObjectsPlugin.so[0m
[11.918s] [100%] Built target CompObjectsPlugin
[11.928s] Invoked command in '/home/toby/osu-uwrt/development/software/src/riptide_gazebo/Assets/Plugins/uwrt_gui/build/CompObjectsPlugin' returned '0': /usr/bin/cmake --build /home/toby/osu-uwrt/development/software/src/riptide_gazebo/Assets/Plugins/uwrt_gui/build/CompObjectsPlugin -- -j12 -l12
[11.970s] Invoking command in '/home/toby/osu-uwrt/development/software/src/riptide_gazebo/Assets/Plugins/uwrt_gui/build/CompObjectsPlugin': /usr/bin/cmake --install /home/toby/osu-uwrt/development/software/src/riptide_gazebo/Assets/Plugins/uwrt_gui/build/CompObjectsPlugin
[11.977s] -- Install configuration: ""
[11.977s] -- Installing: /home/toby/osu-uwrt/development/software/src/riptide_gazebo/Assets/Plugins/uwrt_gui/install/CompObjectsPlugin/install/CompObjectsPlugin.qrc
[11.977s] -- Installing: /home/toby/osu-uwrt/development/software/src/riptide_gazebo/Assets/Plugins/uwrt_gui/install/CompObjectsPlugin/install/CompObjectsPlugin.qml
[11.979s] Invoked command in '/home/toby/osu-uwrt/development/software/src/riptide_gazebo/Assets/Plugins/uwrt_gui/build/CompObjectsPlugin' returned '0': /usr/bin/cmake --install /home/toby/osu-uwrt/development/software/src/riptide_gazebo/Assets/Plugins/uwrt_gui/build/CompObjectsPlugin
