[0.019s] Invoking command in '/home/toby/osu-uwrt/development/software/src/riptide_gazebo/Assets/Plugins/uwrt_gui/build/CompObjectsPlugin': /usr/bin/cmake --build /home/toby/osu-uwrt/development/software/src/riptide_gazebo/Assets/Plugins/uwrt_gui/build/CompObjectsPlugin -- -j12 -l12
[0.047s] -- Looking for gz-sim7 -- found version 7.0.0
[0.052s] -- Searching for dependencies of gz-sim7
[0.052s] -- Looking for sdformat13 -- found version 13.2.0
[0.053s] -- Searching for dependencies of sdformat13
[0.057s] -- Checking for module 'tinyxml2'
[0.069s] --   Found tinyxml2, version 9.0.0
[0.096s] -- Looking for gz-math7 -- found version 7.0.2
[0.096s] -- Searching for dependencies of gz-math7
[0.097s] -- Looking for gz-utils2 -- found version 2.0.0
[0.097s] -- Searching for dependencies of gz-utils2
[0.099s] -- Looking for gz-utils2 -- found version 2.0.0
[0.099s] -- Searching for dependencies of gz-utils2
[0.099s] -- Searching for <gz-utils2> component [cli]
[0.100s] -- Looking for gz-utils2-cli -- found version 2.0.0
[0.101s] -- Searching for dependencies of gz-utils2-cli
[0.102s] -- Looking for gz-plugin2 -- found version 2.0.0
[0.103s] -- Searching for dependencies of gz-plugin2
[0.103s] -- Looking for gz-utils2 -- found version 2.0.0
[0.104s] -- Searching for <gz-plugin2> component [loader]
[0.104s] -- Looking for gz-plugin2-loader -- found version 2.0.0
[0.105s] -- Searching for dependencies of gz-plugin2-loader
[0.106s] -- Searching for <gz-plugin2> component [register]
[0.106s] -- Looking for gz-plugin2-register -- found version 2.0.0
[0.107s] -- Searching for dependencies of gz-plugin2-register
[0.108s] -- Looking for gz-transport12 -- found version 12.0.0
[0.109s] -- Searching for dependencies of gz-transport12
[0.150s] -- Config-file not installed for ZeroMQ -- checking for pkg-config
[0.154s] -- Checking for module 'libzmq >= 4'
[0.167s] --   Found libzmq , version 4.3.4
[0.201s] -- Checking for module 'uuid'
[0.212s] --   Found uuid, version 2.37.2
[0.242s] -- Looking for gz-utils2 -- found version 2.0.0
[0.243s] -- Looking for gz-msgs9 -- found version 9.0.0
[0.243s] -- Searching for dependencies of gz-msgs9
[0.263s] -- Looking for gz-math7 -- found version 7.0.2
[0.280s] -- Searching for <gz-transport12> component [log]
[0.281s] -- Looking for gz-transport12-log -- found version 12.0.0
[0.281s] -- Searching for dependencies of gz-transport12-log
[0.283s] -- Looking for gz-msgs9 -- found version 9.0.0
[0.283s] -- Looking for gz-common5 -- found version 5.2.2
[0.284s] -- Searching for dependencies of gz-common5
[0.284s] -- Looking for gz-utils2 -- found version 2.0.0
[0.285s] -- Looking for dlfcn.h - found
[0.285s] -- Looking for libdl - found
[0.294s] -- Searching for <gz-common5> component [profiler]
[0.294s] -- Looking for gz-common5-profiler -- found version 5.2.2
[0.295s] -- Searching for dependencies of gz-common5-profiler
[0.295s] -- Searching for <gz-common5> component [events]
[0.296s] -- Looking for gz-common5-events -- found version 5.2.2
[0.297s] -- Searching for dependencies of gz-common5-events
[0.297s] -- Looking for gz-math7 -- found version 7.0.2
[0.298s] -- Searching for <gz-common5> component [av]
[0.298s] -- Looking for gz-common5-av -- found version 5.2.2
[0.299s] -- Searching for dependencies of gz-common5-av
[0.304s] -- Checking for module 'libswscale'
[0.316s] --   Found libswscale, version 5.9.100
[0.350s] -- Checking for module 'libavdevice >= 56.4.100'
[0.362s] --   Found libavdevice , version 58.13.100
[0.399s] -- Checking for module 'libavformat'
[0.411s] --   Found libavformat, version 58.76.100
[0.445s] -- Checking for module 'libavcodec'
[0.457s] --   Found libavcodec, version 58.134.100
[0.491s] -- Checking for module 'libavutil'
[0.503s] --   Found libavutil, version 56.70.100
[0.537s] -- Looking for gz-fuel_tools8 -- found version 8.0.0
[0.538s] -- Searching for dependencies of gz-fuel_tools8
[0.577s] -- Checking for module 'jsoncpp'
[0.590s] --   Found jsoncpp, version 1.9.5
[0.624s] -- Checking for module 'libzip'
[0.638s] --   Found libzip, version 1.7.3
[0.669s] -- Looking for gz-utils2 -- found version 2.0.0
[0.669s] -- Looking for gz-common5 -- found version 5.2.2
[0.670s] -- Looking for gz-math7 -- found version 7.0.2
[0.671s] -- Looking for gz-msgs9 -- found version 9.0.0
[0.672s] -- Looking for gz-gui7 -- found version 7.0.0
[0.672s] -- Searching for dependencies of gz-gui7
[0.699s] -- Looking for gz-utils2 -- found version 2.0.0
[0.700s] -- Looking for gz-math7 -- found version 7.0.2
[0.700s] -- Looking for gz-common5 -- found version 5.2.2
[0.701s] -- Looking for gz-plugin2 -- found version 2.0.0
[0.701s] -- Looking for gz-transport12 -- found version 12.0.0
[0.702s] -- Looking for gz-rendering7 -- found version 7.1.0
[0.703s] -- Searching for dependencies of gz-rendering7
[0.703s] -- Looking for gz-math7 -- found version 7.0.2
[0.704s] -- Searching for dependencies of gz-math7
[0.704s] -- Looking for gz-utils2 -- found version 2.0.0
[0.704s] -- Searching for <gz-math7> component [eigen3]
[0.705s] -- Looking for gz-math7-eigen3 -- found version 7.0.2
[0.705s] -- Searching for dependencies of gz-math7-eigen3
[0.706s] -- Looking for gz-common5 -- found version 5.2.2
[0.707s] -- Searching for dependencies of gz-common5
[0.708s] -- Looking for gz-utils2 -- found version 2.0.0
[0.708s] -- Looking for dlfcn.h - found
[0.708s] -- Looking for libdl - found
[0.718s] -- Searching for <gz-common5> component [graphics]
[0.718s] -- Looking for gz-common5-graphics -- found version 5.2.2
[0.719s] -- Searching for dependencies of gz-common5-graphics
[0.719s] -- Looking for gz-math7 -- found version 7.0.2
[0.722s] -- Searching for <gz-common5> component [events]
[0.722s] -- Searching for <gz-common5> component [geospatial]
[0.723s] -- Looking for gz-common5-geospatial -- found version 5.2.2
[0.724s] -- Searching for dependencies of gz-common5-geospatial
[0.724s] -- Looking for gz-math7 -- found version 7.0.2
[0.725s] -- Looking for gz-common5 -- found version 5.2.2
[0.726s] -- Looking for gz-plugin2 -- found version 2.0.0
[0.726s] -- Searching for dependencies of gz-plugin2
[0.726s] -- Looking for gz-utils2 -- found version 2.0.0
[0.727s] -- Searching for <gz-plugin2> component [all]
[0.727s] -- Looking for all libraries of gz-plugin2 -- found version 2.0.0
[0.728s] -- Looking for gz-plugin2 -- found version 2.0.0
[0.729s] -- Looking for gz-utils2 -- found version 2.0.0
[0.730s] -- Looking for gz-msgs9 -- found version 9.0.0
[0.745s] -- Looking for gz-physics6 -- found version 6.1.0
[0.746s] -- Searching for dependencies of gz-physics6
[0.746s] -- Looking for gz-math7 -- found version 7.0.2
[0.747s] -- Looking for gz-plugin2 -- found version 2.0.0
[0.747s] -- Looking for gz-utils2 -- found version 2.0.0
[0.748s] -- Searching for <gz-physics6> component [heightmap]
[0.749s] -- Looking for gz-physics6-heightmap -- found version 6.1.0
[0.749s] -- Searching for dependencies of gz-physics6-heightmap
[0.750s] -- Looking for gz-common5 -- found version 5.2.2
[0.750s] -- Searching for <gz-physics6> component [mesh]
[0.751s] -- Looking for gz-physics6-mesh -- found version 6.1.0
[0.752s] -- Searching for dependencies of gz-physics6-mesh
[0.752s] -- Looking for gz-common5 -- found version 5.2.2
[0.753s] -- Searching for <gz-physics6> component [sdf]
[0.753s] -- Looking for gz-physics6-sdf -- found version 6.1.0
[0.754s] -- Searching for dependencies of gz-physics6-sdf
[0.754s] -- Looking for sdformat13 -- found version 13.2.0
[0.755s] -- Looking for gz-sensors7 -- found version 7.0.0
[0.756s] -- Searching for dependencies of gz-sensors7
[0.777s] -- Looking for gz-math7 -- found version 7.0.2
[0.778s] -- Looking for gz-common5 -- found version 5.2.2
[0.778s] -- Looking for gz-transport12 -- found version 12.0.0
[0.779s] -- Looking for gz-rendering7 -- found version 7.1.0
[0.779s] -- Looking for gz-msgs9 -- found version 9.0.0
[0.780s] -- Looking for sdformat13 -- found version 13.2.0
[0.780s] -- Searching for <gz-sensors7> component [air_pressure]
[0.781s] -- Looking for gz-sensors7-air_pressure -- found version 7.0.0
[0.781s] -- Searching for dependencies of gz-sensors7-air_pressure
[0.781s] -- Searching for <gz-sensors7> component [altimeter]
[0.782s] -- Looking for gz-sensors7-altimeter -- found version 7.0.0
[0.782s] -- Searching for dependencies of gz-sensors7-altimeter
[0.783s] -- Searching for <gz-sensors7> component [imu]
[0.783s] -- Looking for gz-sensors7-imu -- found version 7.0.0
[0.784s] -- Searching for dependencies of gz-sensors7-imu
[0.784s] -- Searching for <gz-sensors7> component [force_torque]
[0.785s] -- Looking for gz-sensors7-force_torque -- found version 7.0.0
[0.785s] -- Searching for dependencies of gz-sensors7-force_torque
[0.786s] -- Searching for <gz-sensors7> component [logical_camera]
[0.787s] -- Looking for gz-sensors7-logical_camera -- found version 7.0.0
[0.787s] -- Searching for dependencies of gz-sensors7-logical_camera
[0.788s] -- Searching for <gz-sensors7> component [magnetometer]
[0.788s] -- Looking for gz-sensors7-magnetometer -- found version 7.0.0
[0.789s] -- Searching for dependencies of gz-sensors7-magnetometer
[0.790s] -- Searching for <gz-sensors7> component [navsat]
[0.790s] -- Looking for gz-sensors7-navsat -- found version 7.0.0
[0.791s] -- Searching for dependencies of gz-sensors7-navsat
[0.791s] -- Searching for <gz-sensors7> component [rendering]
[0.792s] -- Looking for gz-sensors7-rendering -- found version 7.0.0
[0.792s] -- Searching for dependencies of gz-sensors7-rendering
[0.793s] -- Searching for <gz-sensors7> component [lidar]
[0.793s] -- Looking for gz-sensors7-lidar -- found version 7.0.0
[0.794s] -- Searching for dependencies of gz-sensors7-lidar
[0.795s] -- Searching for <gz-sensors7> component [gpu_lidar]
[0.795s] -- Looking for gz-sensors7-gpu_lidar -- found version 7.0.0
[0.796s] -- Searching for dependencies of gz-sensors7-gpu_lidar
[0.796s] -- Searching for <gz-sensors7> component [camera]
[0.797s] -- Looking for gz-sensors7-camera -- found version 7.0.0
[0.797s] -- Searching for dependencies of gz-sensors7-camera
[0.798s] -- Searching for <gz-sensors7> component [boundingbox_camera]
[0.799s] -- Looking for gz-sensors7-boundingbox_camera -- found version 7.0.0
[0.799s] -- Searching for dependencies of gz-sensors7-boundingbox_camera
[0.800s] -- Searching for <gz-sensors7> component [segmentation_camera]
[0.800s] -- Looking for gz-sensors7-segmentation_camera -- found version 7.0.0
[0.801s] -- Searching for dependencies of gz-sensors7-segmentation_camera
[0.801s] -- Searching for <gz-sensors7> component [depth_camera]
[0.802s] -- Looking for gz-sensors7-depth_camera -- found version 7.0.0
[0.803s] -- Searching for dependencies of gz-sensors7-depth_camera
[0.803s] -- Searching for <gz-sensors7> component [rgbd_camera]
[0.804s] -- Looking for gz-sensors7-rgbd_camera -- found version 7.0.0
[0.804s] -- Searching for dependencies of gz-sensors7-rgbd_camera
[0.805s] -- Searching for <gz-sensors7> component [thermal_camera]
[0.805s] -- Looking for gz-sensors7-thermal_camera -- found version 7.0.0
[0.806s] -- Searching for dependencies of gz-sensors7-thermal_camera
[0.807s] -- Searching for <gz-sensors7> component [wide_angle_camera]
[0.807s] -- Looking for gz-sensors7-wide_angle_camera -- found version 7.0.0
[0.808s] -- Searching for dependencies of gz-sensors7-wide_angle_camera
[0.809s] -- Looking for gz-rendering7 -- found version 7.1.0
[0.809s] -- Looking for gz-math7 -- found version 7.0.2
[0.810s] -- Looking for gz-utils2 -- found version 2.0.0
[0.832s] -- Searching for <gz-sim7> component [gui]
[0.833s] -- Looking for gz-sim7-gui -- found version 7.0.0
[0.833s] -- Searching for dependencies of gz-sim7-gui
[0.835s] -- Configuring done
[0.869s] -- Generating done
[0.872s] -- Build files have been written to: /home/toby/osu-uwrt/development/software/src/riptide_gazebo/Assets/Plugins/uwrt_gui/build/CompObjectsPlugin
[0.907s] [ 16%] [34m[1mAutomatic MOC for target CompObjectsPlugin[0m
[0.926s] [ 16%] Built target CompObjectsPlugin_autogen
[0.929s] gmake[2]: *** No rule to make target '/home/toby/osu-uwrt/development/software/src/riptide_gui/riptide_meshes/meshes/gmanTorpedo/GmanTorpedo.PNG.png', needed by 'qrc_CompObjectsPlugin.cpp'.  Stop.
[0.929s] gmake[1]: *** [CMakeFiles/Makefile2:83: CMakeFiles/CompObjectsPlugin.dir/all] Error 2
[0.930s] gmake: *** [Makefile:136: all] Error 2
[0.932s] Invoked command in '/home/toby/osu-uwrt/development/software/src/riptide_gazebo/Assets/Plugins/uwrt_gui/build/CompObjectsPlugin' returned '2': /usr/bin/cmake --build /home/toby/osu-uwrt/development/software/src/riptide_gazebo/Assets/Plugins/uwrt_gui/build/CompObjectsPlugin -- -j12 -l12
