[35m[1mConsolidate compiler generated dependencies of target MoveEntity[0m
[ 50%] [32mBuilding CXX object CMakeFiles/MoveEntity.dir/src/MoveEntity.cc.o[0m
[01m[K/home/hollis/osu-uwrt/riptide_software/src/riptide_gazebo/Assets/Plugins/uwrt_gz/src/MoveEntity.cc:59:13:[m[K [01;31m[Kerror: [m[Kno declaration matches ‘[01m[Kvoid move_entity::MoveEntity::PoseSubCallback(const gz::msgs::StringMsg&)[m[K’
   59 | static void [01;31m[KMoveEntity[m[K::PoseSubCallback(const gz::msgs::StringMsg &_msg){
      |             [01;31m[K^~~~~~~~~~[m[K
[01m[K/home/hollis/osu-uwrt/riptide_software/src/riptide_gazebo/Assets/Plugins/uwrt_gz/src/MoveEntity.cc:59:13:[m[K [01;36m[Knote: [m[Kno functions named ‘[01m[Kvoid move_entity::MoveEntity::PoseSubCallback(const gz::msgs::StringMsg&)[m[K’
In file included from [01m[K/home/hollis/osu-uwrt/riptide_software/src/riptide_gazebo/Assets/Plugins/uwrt_gz/src/MoveEntity.cc:30[m[K:
[01m[K/home/hollis/osu-uwrt/riptide_software/src/riptide_gazebo/Assets/Plugins/uwrt_gz/src/MoveEntity.hh:35:9:[m[K [01;36m[Knote: [m[K‘[01m[Kclass move_entity::MoveEntity[m[K’ defined here
   35 |   class [01;36m[KMoveEntity[m[K:
      |         [01;36m[K^~~~~~~~~~[m[K
[01m[K/home/hollis/osu-uwrt/riptide_software/src/riptide_gazebo/Assets/Plugins/uwrt_gz/src/MoveEntity.cc:[m[K In member function ‘[01m[Kvirtual void move_entity::MoveEntity::Configure(const Entity&, const std::shared_ptr<const sdf::v13::Element>&, gz::sim::v7::EntityComponentManager&, gz::sim::v7::EventManager&)[m[K’:
[01m[K/home/hollis/osu-uwrt/riptide_software/src/riptide_gazebo/Assets/Plugins/uwrt_gz/src/MoveEntity.cc:77:41:[m[K [01;31m[Kerror: [m[K‘[01m[KPoseSubCallback[m[K’ is not a member of ‘[01m[Kmove_entity::MoveEntity[m[K’
   77 |   if(!node.Subscribe(topic, MoveEntity::[01;31m[KPoseSubCallback[m[K)){
      |                                         [01;31m[K^~~~~~~~~~~~~~~[m[K
[01m[K/home/hollis/osu-uwrt/riptide_software/src/riptide_gazebo/Assets/Plugins/uwrt_gz/src/MoveEntity.cc:66:48:[m[K [01;35m[Kwarning: [m[Kunused parameter ‘[01m[K_sdf[m[K’ [[01;35m[K]8;;https://gcc.gnu.org/onlinedocs/gcc/Warning-Options.html#index-Wunused-parameter-Wunused-parameter]8;;[m[K]
   66 |     [01;35m[Kconst std::shared_ptr<const sdf::Element> &_sdf[m[K,
      |     [01;35m[K~~~~~~~~~~~~~~~~~~~~~~~~~~~~~~~~~~~~~~~~~~~^~~~[m[K
[01m[K/home/hollis/osu-uwrt/riptide_software/src/riptide_gazebo/Assets/Plugins/uwrt_gz/src/MoveEntity.cc:[m[K In member function ‘[01m[Kvirtual void move_entity::MoveEntity::PreUpdate(const gz::sim::v7::UpdateInfo&, gz::sim::v7::EntityComponentManager&)[m[K’:
[01m[K/home/hollis/osu-uwrt/riptide_software/src/riptide_gazebo/Assets/Plugins/uwrt_gz/src/MoveEntity.cc:84:55:[m[K [01;35m[Kwarning: [m[Kunused parameter ‘[01m[K_info[m[K’ [[01;35m[K]8;;https://gcc.gnu.org/onlinedocs/gcc/Warning-Options.html#index-Wunused-parameter-Wunused-parameter]8;;[m[K]
   84 | void MoveEntity::PreUpdate([01;35m[Kconst gz::sim::UpdateInfo &_info[m[K,
      |                            [01;35m[K~~~~~~~~~~~~~~~~~~~~~~~~~~~^~~~~[m[K
gmake[2]: *** [CMakeFiles/MoveEntity.dir/build.make:76: CMakeFiles/MoveEntity.dir/src/MoveEntity.cc.o] Error 1
gmake[1]: *** [CMakeFiles/Makefile2:137: CMakeFiles/MoveEntity.dir/all] Error 2
gmake: *** [Makefile:146: all] Error 2
