[0.020s] Invoking command in '/home/toby/osu-uwrt/riptide_software/src/riptide_gazebo/Assets/Plugins/uwrt_gui/build/CompObjectsPlugin': /usr/bin/cmake --build /home/toby/osu-uwrt/riptide_software/src/riptide_gazebo/Assets/Plugins/uwrt_gui/build/CompObjectsPlugin -- -j12 -l12
[0.046s] -- Looking for gz-sim7 -- found version 7.0.0
[0.050s] -- Searching for dependencies of gz-sim7
[0.051s] -- Looking for sdformat13 -- found version 13.2.0
[0.051s] -- Searching for dependencies of sdformat13
[0.056s] -- Checking for module 'tinyxml2'
[0.067s] --   Found tinyxml2, version 9.0.0
[0.092s] -- Looking for gz-math7 -- found version 7.0.2
[0.092s] -- Searching for dependencies of gz-math7
[0.093s] -- Looking for gz-utils2 -- found version 2.0.0
[0.093s] -- Searching for dependencies of gz-utils2
[0.095s] -- Looking for gz-utils2 -- found version 2.0.0
[0.095s] -- Searching for dependencies of gz-utils2
[0.095s] -- Searching for <gz-utils2> component [cli]
[0.096s] -- Looking for gz-utils2-cli -- found version 2.0.0
[0.096s] -- Searching for dependencies of gz-utils2-cli
[0.098s] -- Looking for gz-plugin2 -- found version 2.0.0
[0.098s] -- Searching for dependencies of gz-plugin2
[0.099s] -- Looking for gz-utils2 -- found version 2.0.0
[0.099s] -- Searching for <gz-plugin2> component [loader]
[0.100s] -- Looking for gz-plugin2-loader -- found version 2.0.0
[0.100s] -- Searching for dependencies of gz-plugin2-loader
[0.101s] -- Searching for <gz-plugin2> component [register]
[0.101s] -- Looking for gz-plugin2-register -- found version 2.0.0
[0.102s] -- Searching for dependencies of gz-plugin2-register
[0.102s] -- Looking for gz-transport12 -- found version 12.0.0
[0.103s] -- Searching for dependencies of gz-transport12
[0.141s] -- Config-file not installed for ZeroMQ -- checking for pkg-config
[0.146s] -- Checking for module 'libzmq >= 4'
[0.159s] --   Found libzmq , version 4.3.4
[0.199s] -- Checking for module 'uuid'
[0.213s] --   Found uuid, version 2.37.2
[0.245s] -- Looking for gz-utils2 -- found version 2.0.0
[0.245s] -- Looking for gz-msgs9 -- found version 9.0.0
[0.246s] -- Searching for dependencies of gz-msgs9
[0.273s] -- Looking for gz-math7 -- found version 7.0.2
[0.294s] -- Searching for <gz-transport12> component [log]
[0.295s] -- Looking for gz-transport12-log -- found version 12.0.0
[0.296s] -- Searching for dependencies of gz-transport12-log
[0.297s] -- Looking for gz-msgs9 -- found version 9.0.0
[0.297s] -- Looking for gz-common5 -- found version 5.2.2
[0.298s] -- Searching for dependencies of gz-common5
[0.299s] -- Looking for gz-utils2 -- found version 2.0.0
[0.299s] -- Looking for dlfcn.h - found
[0.299s] -- Looking for libdl - found
[0.309s] -- Searching for <gz-common5> component [profiler]
[0.309s] -- Looking for gz-common5-profiler -- found version 5.2.2
[0.310s] -- Searching for dependencies of gz-common5-profiler
[0.311s] -- Searching for <gz-common5> component [events]
[0.311s] -- Looking for gz-common5-events -- found version 5.2.2
[0.312s] -- Searching for dependencies of gz-common5-events
[0.312s] -- Looking for gz-math7 -- found version 7.0.2
[0.313s] -- Searching for <gz-common5> component [av]
[0.313s] -- Looking for gz-common5-av -- found version 5.2.2
[0.314s] -- Searching for dependencies of gz-common5-av
[0.319s] -- Checking for module 'libswscale'
[0.333s] --   Found libswscale, version 5.9.100
[0.372s] -- Checking for module 'libavdevice >= 56.4.100'
[0.385s] --   Found libavdevice , version 58.13.100
[0.424s] -- Checking for module 'libavformat'
[0.436s] --   Found libavformat, version 58.76.100
[0.471s] -- Checking for module 'libavcodec'
[0.485s] --   Found libavcodec, version 58.134.100
[0.527s] -- Checking for module 'libavutil'
[0.541s] --   Found libavutil, version 56.70.100
[0.572s] -- Looking for gz-fuel_tools8 -- found version 8.0.0
[0.573s] -- Searching for dependencies of gz-fuel_tools8
[0.615s] -- Checking for module 'jsoncpp'
[0.629s] --   Found jsoncpp, version 1.9.5
[0.667s] -- Checking for module 'libzip'
[0.682s] --   Found libzip, version 1.7.3
[0.715s] -- Looking for gz-utils2 -- found version 2.0.0
[0.715s] -- Looking for gz-common5 -- found version 5.2.2
[0.716s] -- Looking for gz-math7 -- found version 7.0.2
[0.716s] -- Looking for gz-msgs9 -- found version 9.0.0
[0.717s] -- Looking for gz-gui7 -- found version 7.0.0
[0.718s] -- Searching for dependencies of gz-gui7
[0.750s] -- Looking for gz-utils2 -- found version 2.0.0
[0.750s] -- Looking for gz-math7 -- found version 7.0.2
[0.751s] -- Looking for gz-common5 -- found version 5.2.2
[0.751s] -- Looking for gz-plugin2 -- found version 2.0.0
[0.752s] -- Looking for gz-transport12 -- found version 12.0.0
[0.752s] -- Looking for gz-rendering7 -- found version 7.1.0
[0.753s] -- Searching for dependencies of gz-rendering7
[0.753s] -- Looking for gz-math7 -- found version 7.0.2
[0.754s] -- Searching for dependencies of gz-math7
[0.754s] -- Looking for gz-utils2 -- found version 2.0.0
[0.755s] -- Searching for <gz-math7> component [eigen3]
[0.755s] -- Looking for gz-math7-eigen3 -- found version 7.0.2
[0.756s] -- Searching for dependencies of gz-math7-eigen3
[0.757s] -- Looking for gz-common5 -- found version 5.2.2
[0.758s] -- Searching for dependencies of gz-common5
[0.758s] -- Looking for gz-utils2 -- found version 2.0.0
[0.759s] -- Looking for dlfcn.h - found
[0.759s] -- Looking for libdl - found
[0.767s] -- Searching for <gz-common5> component [graphics]
[0.768s] -- Looking for gz-common5-graphics -- found version 5.2.2
[0.768s] -- Searching for dependencies of gz-common5-graphics
[0.769s] -- Looking for gz-math7 -- found version 7.0.2
[0.771s] -- Searching for <gz-common5> component [events]
[0.772s] -- Searching for <gz-common5> component [geospatial]
[0.772s] -- Looking for gz-common5-geospatial -- found version 5.2.2
[0.773s] -- Searching for dependencies of gz-common5-geospatial
[0.773s] -- Looking for gz-math7 -- found version 7.0.2
[0.773s] -- Looking for gz-common5 -- found version 5.2.2
[0.774s] -- Looking for gz-plugin2 -- found version 2.0.0
[0.775s] -- Searching for dependencies of gz-plugin2
[0.775s] -- Looking for gz-utils2 -- found version 2.0.0
[0.775s] -- Searching for <gz-plugin2> component [all]
[0.775s] -- Looking for all libraries of gz-plugin2 -- found version 2.0.0
[0.776s] -- Looking for gz-plugin2 -- found version 2.0.0
[0.777s] -- Looking for gz-utils2 -- found version 2.0.0
[0.778s] -- Looking for gz-msgs9 -- found version 9.0.0
[0.791s] -- Looking for gz-physics6 -- found version 6.1.0
[0.792s] -- Searching for dependencies of gz-physics6
[0.792s] -- Looking for gz-math7 -- found version 7.0.2
[0.793s] -- Looking for gz-plugin2 -- found version 2.0.0
[0.793s] -- Looking for gz-utils2 -- found version 2.0.0
[0.795s] -- Searching for <gz-physics6> component [heightmap]
[0.795s] -- Looking for gz-physics6-heightmap -- found version 6.1.0
[0.796s] -- Searching for dependencies of gz-physics6-heightmap
[0.796s] -- Looking for gz-common5 -- found version 5.2.2
[0.797s] -- Searching for <gz-physics6> component [mesh]
[0.797s] -- Looking for gz-physics6-mesh -- found version 6.1.0
[0.798s] -- Searching for dependencies of gz-physics6-mesh
[0.798s] -- Looking for gz-common5 -- found version 5.2.2
[0.799s] -- Searching for <gz-physics6> component [sdf]
[0.799s] -- Looking for gz-physics6-sdf -- found version 6.1.0
[0.800s] -- Searching for dependencies of gz-physics6-sdf
[0.800s] -- Looking for sdformat13 -- found version 13.2.0
[0.801s] -- Looking for gz-sensors7 -- found version 7.0.0
[0.802s] -- Searching for dependencies of gz-sensors7
[0.824s] -- Looking for gz-math7 -- found version 7.0.2
[0.824s] -- Looking for gz-common5 -- found version 5.2.2
[0.825s] -- Looking for gz-transport12 -- found version 12.0.0
[0.826s] -- Looking for gz-rendering7 -- found version 7.1.0
[0.826s] -- Looking for gz-msgs9 -- found version 9.0.0
[0.827s] -- Looking for sdformat13 -- found version 13.2.0
[0.827s] -- Searching for <gz-sensors7> component [air_pressure]
[0.828s] -- Looking for gz-sensors7-air_pressure -- found version 7.0.0
[0.828s] -- Searching for dependencies of gz-sensors7-air_pressure
[0.829s] -- Searching for <gz-sensors7> component [altimeter]
[0.829s] -- Looking for gz-sensors7-altimeter -- found version 7.0.0
[0.830s] -- Searching for dependencies of gz-sensors7-altimeter
[0.831s] -- Searching for <gz-sensors7> component [imu]
[0.831s] -- Looking for gz-sensors7-imu -- found version 7.0.0
[0.832s] -- Searching for dependencies of gz-sensors7-imu
[0.832s] -- Searching for <gz-sensors7> component [force_torque]
[0.833s] -- Looking for gz-sensors7-force_torque -- found version 7.0.0
[0.833s] -- Searching for dependencies of gz-sensors7-force_torque
[0.834s] -- Searching for <gz-sensors7> component [logical_camera]
[0.835s] -- Looking for gz-sensors7-logical_camera -- found version 7.0.0
[0.835s] -- Searching for dependencies of gz-sensors7-logical_camera
[0.836s] -- Searching for <gz-sensors7> component [magnetometer]
[0.836s] -- Looking for gz-sensors7-magnetometer -- found version 7.0.0
[0.837s] -- Searching for dependencies of gz-sensors7-magnetometer
[0.838s] -- Searching for <gz-sensors7> component [navsat]
[0.838s] -- Looking for gz-sensors7-navsat -- found version 7.0.0
[0.839s] -- Searching for dependencies of gz-sensors7-navsat
[0.839s] -- Searching for <gz-sensors7> component [rendering]
[0.840s] -- Looking for gz-sensors7-rendering -- found version 7.0.0
[0.841s] -- Searching for dependencies of gz-sensors7-rendering
[0.841s] -- Searching for <gz-sensors7> component [lidar]
[0.842s] -- Looking for gz-sensors7-lidar -- found version 7.0.0
[0.842s] -- Searching for dependencies of gz-sensors7-lidar
[0.843s] -- Searching for <gz-sensors7> component [gpu_lidar]
[0.843s] -- Looking for gz-sensors7-gpu_lidar -- found version 7.0.0
[0.844s] -- Searching for dependencies of gz-sensors7-gpu_lidar
[0.845s] -- Searching for <gz-sensors7> component [camera]
[0.845s] -- Looking for gz-sensors7-camera -- found version 7.0.0
[0.846s] -- Searching for dependencies of gz-sensors7-camera
[0.846s] -- Searching for <gz-sensors7> component [boundingbox_camera]
[0.847s] -- Looking for gz-sensors7-boundingbox_camera -- found version 7.0.0
[0.848s] -- Searching for dependencies of gz-sensors7-boundingbox_camera
[0.848s] -- Searching for <gz-sensors7> component [segmentation_camera]
[0.849s] -- Looking for gz-sensors7-segmentation_camera -- found version 7.0.0
[0.849s] -- Searching for dependencies of gz-sensors7-segmentation_camera
[0.849s] -- Searching for <gz-sensors7> component [depth_camera]
[0.850s] -- Looking for gz-sensors7-depth_camera -- found version 7.0.0
[0.850s] -- Searching for dependencies of gz-sensors7-depth_camera
[0.851s] -- Searching for <gz-sensors7> component [rgbd_camera]
[0.851s] -- Looking for gz-sensors7-rgbd_camera -- found version 7.0.0
[0.851s] -- Searching for dependencies of gz-sensors7-rgbd_camera
[0.852s] -- Searching for <gz-sensors7> component [thermal_camera]
[0.852s] -- Looking for gz-sensors7-thermal_camera -- found version 7.0.0
[0.853s] -- Searching for dependencies of gz-sensors7-thermal_camera
[0.853s] -- Searching for <gz-sensors7> component [wide_angle_camera]
[0.854s] -- Looking for gz-sensors7-wide_angle_camera -- found version 7.0.0
[0.854s] -- Searching for dependencies of gz-sensors7-wide_angle_camera
[0.855s] -- Looking for gz-rendering7 -- found version 7.1.0
[0.856s] -- Looking for gz-math7 -- found version 7.0.2
[0.856s] -- Looking for gz-utils2 -- found version 2.0.0
[0.878s] -- Searching for <gz-sim7> component [gui]
[0.879s] -- Looking for gz-sim7-gui -- found version 7.0.0
[0.879s] -- Searching for dependencies of gz-sim7-gui
[0.881s] -- Configuring done
[0.912s] -- Generating done
[0.914s] -- Build files have been written to: /home/toby/osu-uwrt/riptide_software/src/riptide_gazebo/Assets/Plugins/uwrt_gui/build/CompObjectsPlugin
[0.953s] [ 16%] [34m[1mAutomatic MOC for target CompObjectsPlugin[0m
[0.976s] [ 16%] Built target CompObjectsPlugin_autogen
[0.989s] [35m[1mConsolidate compiler generated dependencies of target CompObjectsPlugin[0m
[1.018s] [100%] Built target CompObjectsPlugin
[1.031s] Invoked command in '/home/toby/osu-uwrt/riptide_software/src/riptide_gazebo/Assets/Plugins/uwrt_gui/build/CompObjectsPlugin' returned '0': /usr/bin/cmake --build /home/toby/osu-uwrt/riptide_software/src/riptide_gazebo/Assets/Plugins/uwrt_gui/build/CompObjectsPlugin -- -j12 -l12
[1.084s] Invoking command in '/home/toby/osu-uwrt/riptide_software/src/riptide_gazebo/Assets/Plugins/uwrt_gui/build/CompObjectsPlugin': /usr/bin/cmake --install /home/toby/osu-uwrt/riptide_software/src/riptide_gazebo/Assets/Plugins/uwrt_gui/build/CompObjectsPlugin
[1.092s] -- Install configuration: ""
[1.092s] -- Installing: /home/toby/osu-uwrt/riptide_software/src/riptide_gazebo/Assets/Plugins/uwrt_gui/install/CompObjectsPlugin/install/CompObjectsPlugin.qrc
[1.093s] -- Installing: /home/toby/osu-uwrt/riptide_software/src/riptide_gazebo/Assets/Plugins/uwrt_gui/install/CompObjectsPlugin/install/CompObjectsPlugin.qml
[1.095s] Invoked command in '/home/toby/osu-uwrt/riptide_software/src/riptide_gazebo/Assets/Plugins/uwrt_gui/build/CompObjectsPlugin' returned '0': /usr/bin/cmake --install /home/toby/osu-uwrt/riptide_software/src/riptide_gazebo/Assets/Plugins/uwrt_gui/build/CompObjectsPlugin
