[0.340s] DEBUG:colcon:Command line arguments: ['/usr/bin/colcon', 'build']
[0.340s] DEBUG:colcon:Parsed command line arguments: Namespace(log_base=None, log_level=None, verb_name='build', build_base='build', install_base='install', merge_install=False, symlink_install=False, test_result_base=None, continue_on_error=False, executor='parallel', parallel_workers=12, event_handlers=None, ignore_user_meta=False, metas=['./colcon.meta'], base_paths=['.'], packages_ignore=None, packages_ignore_regex=None, paths=None, packages_up_to=None, packages_up_to_regex=None, packages_above=None, packages_above_and_dependencies=None, packages_above_depth=None, packages_select_by_dep=None, packages_skip_by_dep=None, packages_skip_up_to=None, packages_select_build_failed=False, packages_skip_build_finished=False, packages_select_test_failures=False, packages_skip_test_passed=False, packages_select=None, packages_skip=None, packages_select_regex=None, packages_skip_regex=None, packages_start=None, packages_end=None, allow_overriding=[], cmake_args=None, cmake_target=None, cmake_target_skip_unavailable=False, cmake_clean_cache=False, cmake_clean_first=False, cmake_force_configure=False, ament_cmake_args=None, catkin_cmake_args=None, catkin_skip_building_tests=False, verb_parser=<colcon_defaults.argument_parser.defaults.DefaultArgumentsDecorator object at 0x7f0aa6ef27a0>, verb_extension=<colcon_core.verb.build.BuildVerb object at 0x7f0aa6eeb910>, main=<bound method BuildVerb.main of <colcon_core.verb.build.BuildVerb object at 0x7f0aa6eeb910>>)
[0.370s] Level 1:colcon.colcon_core.package_discovery:discover_packages(colcon_meta) check parameters
[0.370s] Level 1:colcon.colcon_core.package_discovery:discover_packages(recursive) check parameters
[0.370s] Level 1:colcon.colcon_core.package_discovery:discover_packages(ignore) check parameters
[0.371s] Level 1:colcon.colcon_core.package_discovery:discover_packages(path) check parameters
[0.371s] Level 1:colcon.colcon_core.package_discovery:discover_packages(colcon_meta) discover
[0.371s] Level 1:colcon.colcon_core.package_discovery:discover_packages(recursive) discover
[0.371s] INFO:colcon.colcon_core.package_discovery:Crawling recursively for packages in '/home/toby/osu-uwrt/development/software/src/riptide_gazebo/Assets/Plugins/uwrt_gui'
[0.371s] Level 1:colcon.colcon_core.package_identification:_identify(.) by extensions ['ignore', 'ignore_ament_install']
[0.371s] Level 1:colcon.colcon_core.package_identification:_identify(.) by extension 'ignore'
[0.371s] Level 1:colcon.colcon_core.package_identification:_identify(.) by extension 'ignore_ament_install'
[0.371s] Level 1:colcon.colcon_core.package_identification:_identify(.) by extensions ['colcon_pkg']
[0.371s] Level 1:colcon.colcon_core.package_identification:_identify(.) by extension 'colcon_pkg'
[0.371s] Level 1:colcon.colcon_core.package_identification:_identify(.) by extensions ['colcon_meta']
[0.371s] Level 1:colcon.colcon_core.package_identification:_identify(.) by extension 'colcon_meta'
[0.371s] Level 1:colcon.colcon_core.package_identification:_identify(.) by extensions ['ros']
[0.372s] Level 1:colcon.colcon_core.package_identification:_identify(.) by extension 'ros'
[0.382s] Level 1:colcon.colcon_core.package_identification:_identify(.) by extensions ['cmake', 'python']
[0.382s] Level 1:colcon.colcon_core.package_identification:_identify(.) by extension 'cmake'
[0.387s] Level 1:colcon.colcon_core.package_identification:_identify(.) by extension 'python'
[0.387s] DEBUG:colcon.colcon_core.package_identification:Package '.' with type 'cmake' and name 'CompObjectsPlugin'
[0.387s] Level 1:colcon.colcon_core.package_discovery:discover_packages(recursive) using defaults
[0.387s] Level 1:colcon.colcon_core.package_discovery:discover_packages(ignore) discover
[0.387s] Level 1:colcon.colcon_core.package_discovery:discover_packages(ignore) using defaults
[0.387s] Level 1:colcon.colcon_core.package_discovery:discover_packages(path) discover
[0.387s] Level 1:colcon.colcon_core.package_discovery:discover_packages(path) using defaults
[0.423s] Level 1:colcon.colcon_core.package_discovery:discover_packages(prefix_path) check parameters
[0.423s] Level 1:colcon.colcon_core.package_discovery:discover_packages(prefix_path) discover
[0.429s] DEBUG:colcon.colcon_installed_package_information.package_discovery:Found 13 installed packages in /home/toby/osu-uwrt/riptide_software/install
[0.430s] DEBUG:colcon.colcon_installed_package_information.package_discovery:Found 18 installed packages in /home/toby/osu-uwrt/dependencies/install
[0.432s] DEBUG:colcon.colcon_installed_package_information.package_discovery:Found 331 installed packages in /opt/ros/humble
[0.434s] Level 1:colcon.colcon_core.package_discovery:discover_packages(prefix_path) using defaults
[0.511s] Level 5:colcon.colcon_core.verb:set package 'CompObjectsPlugin' build argument 'cmake_args' from command line to 'None'
[0.511s] Level 5:colcon.colcon_core.verb:set package 'CompObjectsPlugin' build argument 'cmake_target' from command line to 'None'
[0.511s] Level 5:colcon.colcon_core.verb:set package 'CompObjectsPlugin' build argument 'cmake_target_skip_unavailable' from command line to 'False'
[0.511s] Level 5:colcon.colcon_core.verb:set package 'CompObjectsPlugin' build argument 'cmake_clean_cache' from command line to 'False'
[0.511s] Level 5:colcon.colcon_core.verb:set package 'CompObjectsPlugin' build argument 'cmake_clean_first' from command line to 'False'
[0.511s] Level 5:colcon.colcon_core.verb:set package 'CompObjectsPlugin' build argument 'cmake_force_configure' from command line to 'False'
[0.511s] Level 5:colcon.colcon_core.verb:set package 'CompObjectsPlugin' build argument 'ament_cmake_args' from command line to 'None'
[0.511s] Level 5:colcon.colcon_core.verb:set package 'CompObjectsPlugin' build argument 'catkin_cmake_args' from command line to 'None'
[0.511s] Level 5:colcon.colcon_core.verb:set package 'CompObjectsPlugin' build argument 'catkin_skip_building_tests' from command line to 'False'
[0.511s] DEBUG:colcon.colcon_core.verb:Building package 'CompObjectsPlugin' with the following arguments: {'ament_cmake_args': None, 'build_base': '/home/toby/osu-uwrt/development/software/src/riptide_gazebo/Assets/Plugins/uwrt_gui/build/CompObjectsPlugin', 'catkin_cmake_args': None, 'catkin_skip_building_tests': False, 'cmake_args': None, 'cmake_clean_cache': False, 'cmake_clean_first': False, 'cmake_force_configure': False, 'cmake_target': None, 'cmake_target_skip_unavailable': False, 'install_base': '/home/toby/osu-uwrt/development/software/src/riptide_gazebo/Assets/Plugins/uwrt_gui/install/CompObjectsPlugin', 'merge_install': False, 'path': '/home/toby/osu-uwrt/development/software/src/riptide_gazebo/Assets/Plugins/uwrt_gui', 'symlink_install': False, 'test_result_base': None}
[0.512s] INFO:colcon.colcon_core.executor:Executing jobs using 'parallel' executor
[0.517s] DEBUG:colcon.colcon_parallel_executor.executor.parallel:run_until_complete
[0.517s] INFO:colcon.colcon_cmake.task.cmake.build:Building CMake package in '/home/toby/osu-uwrt/development/software/src/riptide_gazebo/Assets/Plugins/uwrt_gui'
[0.525s] INFO:colcon.colcon_core.plugin_system:Skipping extension 'colcon_core.shell.bat': Not used on non-Windows systems
[0.525s] INFO:colcon.colcon_core.shell:Skip shell extension 'powershell' for command environment: Not usable outside of PowerShell
[0.526s] DEBUG:colcon.colcon_core.shell:Skip shell extension 'dsv' for command environment
[0.539s] DEBUG:colcon.colcon_core.event_handler.log_command:Invoking command in '/home/toby/osu-uwrt/development/software/src/riptide_gazebo/Assets/Plugins/uwrt_gui/build/CompObjectsPlugin': /usr/bin/cmake --build /home/toby/osu-uwrt/development/software/src/riptide_gazebo/Assets/Plugins/uwrt_gui/build/CompObjectsPlugin -- -j12 -l12
[0.691s] DEBUG:colcon.colcon_core.event_handler.log_command:Invoked command in '/home/toby/osu-uwrt/development/software/src/riptide_gazebo/Assets/Plugins/uwrt_gui/build/CompObjectsPlugin' returned '0': /usr/bin/cmake --build /home/toby/osu-uwrt/development/software/src/riptide_gazebo/Assets/Plugins/uwrt_gui/build/CompObjectsPlugin -- -j12 -l12
[0.732s] DEBUG:colcon.colcon_core.event_handler.log_command:Invoking command in '/home/toby/osu-uwrt/development/software/src/riptide_gazebo/Assets/Plugins/uwrt_gui/build/CompObjectsPlugin': /usr/bin/cmake --install /home/toby/osu-uwrt/development/software/src/riptide_gazebo/Assets/Plugins/uwrt_gui/build/CompObjectsPlugin
[0.741s] Level 1:colcon.colcon_core.environment:create_environment_scripts_only(CompObjectsPlugin)
[0.742s] DEBUG:colcon.colcon_core.event_handler.log_command:Invoked command in '/home/toby/osu-uwrt/development/software/src/riptide_gazebo/Assets/Plugins/uwrt_gui/build/CompObjectsPlugin' returned '0': /usr/bin/cmake --install /home/toby/osu-uwrt/development/software/src/riptide_gazebo/Assets/Plugins/uwrt_gui/build/CompObjectsPlugin
[0.749s] Level 1:colcon.colcon_core.environment:checking '/home/toby/osu-uwrt/development/software/src/riptide_gazebo/Assets/Plugins/uwrt_gui/install/CompObjectsPlugin' for CMake module files
[0.749s] Level 1:colcon.colcon_core.environment:checking '/home/toby/osu-uwrt/development/software/src/riptide_gazebo/Assets/Plugins/uwrt_gui/install/CompObjectsPlugin' for CMake config files
[0.750s] Level 1:colcon.colcon_core.environment:checking '/home/toby/osu-uwrt/development/software/src/riptide_gazebo/Assets/Plugins/uwrt_gui/install/CompObjectsPlugin/bin'
[0.750s] Level 1:colcon.colcon_core.environment:checking '/home/toby/osu-uwrt/development/software/src/riptide_gazebo/Assets/Plugins/uwrt_gui/install/CompObjectsPlugin/lib/pkgconfig/CompObjectsPlugin.pc'
[0.750s] Level 1:colcon.colcon_core.environment:checking '/home/toby/osu-uwrt/development/software/src/riptide_gazebo/Assets/Plugins/uwrt_gui/install/CompObjectsPlugin/lib/python3.10/site-packages'
[0.751s] Level 1:colcon.colcon_core.environment:checking '/home/toby/osu-uwrt/development/software/src/riptide_gazebo/Assets/Plugins/uwrt_gui/install/CompObjectsPlugin/bin'
[0.752s] INFO:colcon.colcon_core.shell:Creating package script '/home/toby/osu-uwrt/development/software/src/riptide_gazebo/Assets/Plugins/uwrt_gui/install/CompObjectsPlugin/share/CompObjectsPlugin/package.ps1'
[0.753s] INFO:colcon.colcon_core.shell:Creating package descriptor '/home/toby/osu-uwrt/development/software/src/riptide_gazebo/Assets/Plugins/uwrt_gui/install/CompObjectsPlugin/share/CompObjectsPlugin/package.dsv'
[0.753s] INFO:colcon.colcon_core.shell:Creating package script '/home/toby/osu-uwrt/development/software/src/riptide_gazebo/Assets/Plugins/uwrt_gui/install/CompObjectsPlugin/share/CompObjectsPlugin/package.sh'
[0.754s] INFO:colcon.colcon_core.shell:Creating package script '/home/toby/osu-uwrt/development/software/src/riptide_gazebo/Assets/Plugins/uwrt_gui/install/CompObjectsPlugin/share/CompObjectsPlugin/package.bash'
[0.755s] INFO:colcon.colcon_core.shell:Creating package script '/home/toby/osu-uwrt/development/software/src/riptide_gazebo/Assets/Plugins/uwrt_gui/install/CompObjectsPlugin/share/CompObjectsPlugin/package.zsh'
[0.755s] Level 1:colcon.colcon_core.environment:create_file_with_runtime_dependencies(/home/toby/osu-uwrt/development/software/src/riptide_gazebo/Assets/Plugins/uwrt_gui/install/CompObjectsPlugin/share/colcon-core/packages/CompObjectsPlugin)
[0.756s] DEBUG:colcon.colcon_parallel_executor.executor.parallel:closing loop
[0.756s] DEBUG:colcon.colcon_parallel_executor.executor.parallel:loop closed
[0.756s] DEBUG:colcon.colcon_parallel_executor.executor.parallel:run_until_complete finished with '0'
[0.756s] DEBUG:colcon.colcon_core.event_reactor:joining thread
[0.769s] INFO:colcon.colcon_core.plugin_system:Skipping extension 'colcon_notification.desktop_notification.terminal_notifier': Not used on non-Darwin systems
[0.769s] INFO:colcon.colcon_core.plugin_system:Skipping extension 'colcon_notification.desktop_notification.win32': Not used on non-Windows systems
[0.769s] INFO:colcon.colcon_notification.desktop_notification:Sending desktop notification using 'notify2'
[0.786s] DEBUG:colcon.colcon_core.event_reactor:joined thread
[0.788s] INFO:colcon.colcon_core.shell:Creating prefix script '/home/toby/osu-uwrt/development/software/src/riptide_gazebo/Assets/Plugins/uwrt_gui/install/local_setup.ps1'
[0.789s] INFO:colcon.colcon_core.shell:Creating prefix util module '/home/toby/osu-uwrt/development/software/src/riptide_gazebo/Assets/Plugins/uwrt_gui/install/_local_setup_util_ps1.py'
[0.790s] INFO:colcon.colcon_core.shell:Creating prefix chain script '/home/toby/osu-uwrt/development/software/src/riptide_gazebo/Assets/Plugins/uwrt_gui/install/setup.ps1'
[0.792s] INFO:colcon.colcon_core.shell:Creating prefix script '/home/toby/osu-uwrt/development/software/src/riptide_gazebo/Assets/Plugins/uwrt_gui/install/local_setup.sh'
[0.793s] INFO:colcon.colcon_core.shell:Creating prefix util module '/home/toby/osu-uwrt/development/software/src/riptide_gazebo/Assets/Plugins/uwrt_gui/install/_local_setup_util_sh.py'
[0.794s] INFO:colcon.colcon_core.shell:Creating prefix chain script '/home/toby/osu-uwrt/development/software/src/riptide_gazebo/Assets/Plugins/uwrt_gui/install/setup.sh'
[0.796s] INFO:colcon.colcon_core.shell:Creating prefix script '/home/toby/osu-uwrt/development/software/src/riptide_gazebo/Assets/Plugins/uwrt_gui/install/local_setup.bash'
[0.797s] INFO:colcon.colcon_core.shell:Creating prefix chain script '/home/toby/osu-uwrt/development/software/src/riptide_gazebo/Assets/Plugins/uwrt_gui/install/setup.bash'
[0.800s] INFO:colcon.colcon_core.shell:Creating prefix script '/home/toby/osu-uwrt/development/software/src/riptide_gazebo/Assets/Plugins/uwrt_gui/install/local_setup.zsh'
[0.800s] INFO:colcon.colcon_core.shell:Creating prefix chain script '/home/toby/osu-uwrt/development/software/src/riptide_gazebo/Assets/Plugins/uwrt_gui/install/setup.zsh'
