[0.011s] Invoking command in '/home/hollis/osu-uwrt/riptide_software/src/riptide_gazebo/Assets/Plugins/build/uwrt_gz': CMAKE_PREFIX_PATH=${CMAKE_PREFIX_PATH}:/home/hollis/osu-uwrt/dependencies/install/microstrain_inertial_rqt:/home/hollis/osu-uwrt/dependencies/install/echo_video:/home/hollis/osu-uwrt/dependencies/install/camera_calibration:/home/hollis/osu-uwrt/riptide_software/install/riptide_teleop2:/home/hollis/osu-uwrt/riptide_software/install/riptide_rqt_plugins2:/home/hollis/osu-uwrt/riptide_software/install/riptide_hardware2:/home/hollis/osu-uwrt/riptide_software/install/riptide_controllers2:/home/hollis/osu-uwrt/riptide_software/install/riptide_mapping2:/home/hollis/osu-uwrt/riptide_software/install/riptide_localization2:/home/hollis/osu-uwrt/riptide_software/install/riptide_bringup2:/home/hollis/osu-uwrt/riptide_software/install/riptide_SNIB:/opt/ros/humble /usr/bin/cmake /home/hollis/osu-uwrt/riptide_software/src/riptide_gazebo/Assets/Plugins/uwrt_gz -DCMAKE_INSTALL_PREFIX=/home/hollis/osu-uwrt/riptide_software/src/riptide_gazebo/Assets/Plugins/install/uwrt_gz
[0.020s] -- Found ament_cmake: 1.3.2 (/opt/ros/humble/share/ament_cmake/cmake)
[0.116s] -- Looking for gz-plugin2 -- found version 2.0.0
[0.117s] -- Searching for dependencies of gz-plugin2
[0.117s] -- Looking for gz-utils2 -- found version 2.0.0
[0.117s] -- Searching for dependencies of gz-utils2
[0.117s] -- Searching for <gz-utils2> component [cli]
[0.117s] -- Looking for gz-utils2-cli -- found version 2.0.0
[0.117s] -- Searching for dependencies of gz-utils2-cli
[0.118s] -- Searching for <gz-plugin2> component [register]
[0.118s] -- Looking for gz-plugin2-register -- found version 2.0.0
[0.118s] -- Searching for dependencies of gz-plugin2-register
[0.119s] -- Looking for gz-sim7 -- found version 7.0.0
[0.119s] -- Searching for dependencies of gz-sim7
[0.119s] -- Looking for sdformat13 -- found version 13.0.1
[0.120s] -- Searching for dependencies of sdformat13
[0.124s] -- Checking for module 'tinyxml2'
[0.132s] --   Found tinyxml2, version 9.0.0
[0.148s] -- Looking for gz-math7 -- found version 7.0.2
[0.149s] -- Searching for dependencies of gz-math7
[0.149s] -- Looking for gz-utils2 -- found version 2.0.0
[0.149s] -- Looking for gz-utils2 -- found version 2.0.0
[0.150s] -- Looking for gz-plugin2 -- found version 2.0.0
[0.150s] -- Searching for dependencies of gz-plugin2
[0.150s] -- Looking for gz-utils2 -- found version 2.0.0
[0.150s] -- Searching for <gz-plugin2> component [loader]
[0.150s] -- Looking for gz-plugin2-loader -- found version 2.0.0
[0.151s] -- Searching for dependencies of gz-plugin2-loader
[0.151s] -- Searching for <gz-plugin2> component [register]
[0.151s] -- Looking for gz-transport12 -- found version 12.0.0
[0.152s] -- Searching for dependencies of gz-transport12
[0.171s] -- Config-file not installed for ZeroMQ -- checking for pkg-config
[0.173s] -- Checking for module 'libzmq >= 4'
[0.180s] --   Found libzmq , version 4.3.4
[0.200s] -- Checking for module 'uuid'
[0.208s] --   Found uuid, version 2.37.2
[0.226s] -- Looking for gz-utils2 -- found version 2.0.0
[0.227s] -- Looking for gz-msgs9 -- found version 9.0.0
[0.227s] -- Searching for dependencies of gz-msgs9
[0.241s] -- Looking for gz-math7 -- found version 7.0.2
[0.252s] -- Searching for <gz-transport12> component [log]
[0.252s] -- Looking for gz-transport12-log -- found version 12.0.0
[0.252s] -- Searching for dependencies of gz-transport12-log
[0.253s] -- Looking for gz-msgs9 -- found version 9.0.0
[0.253s] -- Looking for gz-common5 -- found version 5.0.0
[0.253s] -- Searching for dependencies of gz-common5
[0.254s] -- Looking for gz-utils2 -- found version 2.0.0
[0.254s] -- Looking for dlfcn.h - found
[0.254s] -- Looking for libdl - found
[0.260s] -- Searching for <gz-common5> component [profiler]
[0.260s] -- Looking for gz-common5-profiler -- found version 5.0.0
[0.260s] -- Searching for dependencies of gz-common5-profiler
[0.260s] -- Searching for <gz-common5> component [events]
[0.261s] -- Looking for gz-common5-events -- found version 5.0.0
[0.261s] -- Searching for dependencies of gz-common5-events
[0.261s] -- Looking for gz-math7 -- found version 7.0.2
[0.261s] -- Searching for <gz-common5> component [av]
[0.261s] -- Looking for gz-common5-av -- found version 5.0.0
[0.262s] -- Searching for dependencies of gz-common5-av
[0.265s] -- Checking for module 'libswscale'
[0.272s] --   Found libswscale, version 5.9.100
[0.291s] -- Checking for module 'libavdevice >= 56.4.100'
[0.298s] --   Found libavdevice , version 58.13.100
[0.325s] -- Checking for module 'libavformat'
[0.334s] --   Found libavformat, version 58.76.100
[0.357s] -- Checking for module 'libavcodec'
[0.365s] --   Found libavcodec, version 58.134.100
[0.386s] -- Checking for module 'libavutil'
[0.394s] --   Found libavutil, version 56.70.100
[0.417s] -- Looking for gz-fuel_tools8 -- found version 8.0.0
[0.417s] -- Searching for dependencies of gz-fuel_tools8
[0.451s] -- Checking for module 'jsoncpp'
[0.460s] --   Found jsoncpp, version 1.9.5
[0.483s] -- Checking for module 'libzip'
[0.495s] --   Found libzip, version 1.7.3
[0.517s] -- Looking for gz-utils2 -- found version 2.0.0
[0.518s] -- Looking for gz-common5 -- found version 5.0.0
[0.518s] -- Looking for gz-math7 -- found version 7.0.2
[0.518s] -- Looking for gz-msgs9 -- found version 9.0.0
[0.519s] -- Looking for gz-gui7 -- found version 7.0.0
[0.519s] -- Searching for dependencies of gz-gui7
[0.545s] -- Looking for gz-utils2 -- found version 2.0.0
[0.545s] -- Looking for gz-math7 -- found version 7.0.2
[0.546s] -- Looking for gz-common5 -- found version 5.0.0
[0.546s] -- Looking for gz-plugin2 -- found version 2.0.0
[0.547s] -- Looking for gz-transport12 -- found version 12.0.0
[0.547s] -- Looking for gz-rendering7 -- found version 7.0.0
[0.548s] -- Searching for dependencies of gz-rendering7
[0.548s] -- Looking for gz-math7 -- found version 7.0.2
[0.549s] -- Searching for dependencies of gz-math7
[0.549s] -- Looking for gz-utils2 -- found version 2.0.0
[0.549s] -- Searching for <gz-math7> component [eigen3]
[0.549s] -- Looking for gz-math7-eigen3 -- found version 7.0.2
[0.550s] -- Searching for dependencies of gz-math7-eigen3
[0.551s] -- Looking for gz-common5 -- found version 5.0.0
[0.551s] -- Searching for dependencies of gz-common5
[0.552s] -- Looking for gz-utils2 -- found version 2.0.0
[0.552s] -- Looking for dlfcn.h - found
[0.552s] -- Looking for libdl - found
[0.562s] -- Searching for <gz-common5> component [graphics]
[0.562s] -- Looking for gz-common5-graphics -- found version 5.0.0
[0.562s] -- Searching for dependencies of gz-common5-graphics
[0.563s] -- Looking for gz-math7 -- found version 7.0.2
[0.565s] -- Searching for <gz-common5> component [events]
[0.565s] -- Searching for <gz-common5> component [geospatial]
[0.565s] -- Looking for gz-common5-geospatial -- found version 5.0.0
[0.565s] -- Searching for dependencies of gz-common5-geospatial
[0.566s] -- Looking for gz-math7 -- found version 7.0.2
[0.566s] -- Looking for gz-common5 -- found version 5.0.0
[0.567s] -- Looking for gz-plugin2 -- found version 2.0.0
[0.567s] -- Searching for dependencies of gz-plugin2
[0.567s] -- Looking for gz-utils2 -- found version 2.0.0
[0.567s] -- Searching for <gz-plugin2> component [all]
[0.568s] -- Looking for all libraries of gz-plugin2 -- found version 2.0.0
[0.568s] -- Looking for gz-plugin2 -- found version 2.0.0
[0.569s] -- Looking for gz-utils2 -- found version 2.0.0
[0.570s] -- Looking for gz-msgs9 -- found version 9.0.0
[0.582s] -- Looking for gz-physics6 -- found version 6.0.0
[0.582s] -- Searching for dependencies of gz-physics6
[0.582s] -- Looking for gz-math7 -- found version 7.0.2
[0.583s] -- Looking for gz-plugin2 -- found version 2.0.0
[0.583s] -- Looking for gz-utils2 -- found version 2.0.0
[0.584s] -- Searching for <gz-physics6> component [heightmap]
[0.584s] -- Looking for gz-physics6-heightmap -- found version 6.0.0
[0.584s] -- Searching for dependencies of gz-physics6-heightmap
[0.584s] -- Looking for gz-common5 -- found version 5.0.0
[0.585s] -- Searching for <gz-physics6> component [mesh]
[0.585s] -- Looking for gz-physics6-mesh -- found version 6.0.0
[0.585s] -- Searching for dependencies of gz-physics6-mesh
[0.585s] -- Looking for gz-common5 -- found version 5.0.0
[0.586s] -- Searching for <gz-physics6> component [sdf]
[0.586s] -- Looking for gz-physics6-sdf -- found version 6.0.0
[0.587s] -- Searching for dependencies of gz-physics6-sdf
[0.587s] -- Looking for sdformat13 -- found version 13.0.1
[0.588s] -- Looking for gz-sensors7 -- found version 7.0.0
[0.588s] -- Searching for dependencies of gz-sensors7
[0.606s] -- Looking for gz-math7 -- found version 7.0.2
[0.607s] -- Looking for gz-common5 -- found version 5.0.0
[0.607s] -- Looking for gz-transport12 -- found version 12.0.0
[0.607s] -- Looking for gz-rendering7 -- found version 7.0.0
[0.608s] -- Looking for gz-msgs9 -- found version 9.0.0
[0.608s] -- Looking for sdformat13 -- found version 13.0.1
[0.608s] -- Searching for <gz-sensors7> component [air_pressure]
[0.609s] -- Looking for gz-sensors7-air_pressure -- found version 7.0.0
[0.609s] -- Searching for dependencies of gz-sensors7-air_pressure
[0.609s] -- Searching for <gz-sensors7> component [altimeter]
[0.609s] -- Looking for gz-sensors7-altimeter -- found version 7.0.0
[0.610s] -- Searching for dependencies of gz-sensors7-altimeter
[0.610s] -- Searching for <gz-sensors7> component [imu]
[0.610s] -- Looking for gz-sensors7-imu -- found version 7.0.0
[0.611s] -- Searching for dependencies of gz-sensors7-imu
[0.612s] -- Searching for <gz-sensors7> component [force_torque]
[0.612s] -- Looking for gz-sensors7-force_torque -- found version 7.0.0
[0.612s] -- Searching for dependencies of gz-sensors7-force_torque
[0.612s] -- Searching for <gz-sensors7> component [logical_camera]
[0.613s] -- Looking for gz-sensors7-logical_camera -- found version 7.0.0
[0.613s] -- Searching for dependencies of gz-sensors7-logical_camera
[0.613s] -- Searching for <gz-sensors7> component [magnetometer]
[0.613s] -- Looking for gz-sensors7-magnetometer -- found version 7.0.0
[0.614s] -- Searching for dependencies of gz-sensors7-magnetometer
[0.614s] -- Searching for <gz-sensors7> component [navsat]
[0.614s] -- Looking for gz-sensors7-navsat -- found version 7.0.0
[0.615s] -- Searching for dependencies of gz-sensors7-navsat
[0.615s] -- Searching for <gz-sensors7> component [rendering]
[0.615s] -- Looking for gz-sensors7-rendering -- found version 7.0.0
[0.615s] -- Searching for dependencies of gz-sensors7-rendering
[0.616s] -- Searching for <gz-sensors7> component [lidar]
[0.616s] -- Looking for gz-sensors7-lidar -- found version 7.0.0
[0.617s] -- Searching for dependencies of gz-sensors7-lidar
[0.617s] -- Searching for <gz-sensors7> component [gpu_lidar]
[0.617s] -- Looking for gz-sensors7-gpu_lidar -- found version 7.0.0
[0.617s] -- Searching for dependencies of gz-sensors7-gpu_lidar
[0.618s] -- Searching for <gz-sensors7> component [camera]
[0.618s] -- Looking for gz-sensors7-camera -- found version 7.0.0
[0.618s] -- Searching for dependencies of gz-sensors7-camera
[0.619s] -- Searching for <gz-sensors7> component [boundingbox_camera]
[0.619s] -- Looking for gz-sensors7-boundingbox_camera -- found version 7.0.0
[0.620s] -- Searching for dependencies of gz-sensors7-boundingbox_camera
[0.620s] -- Searching for <gz-sensors7> component [segmentation_camera]
[0.620s] -- Looking for gz-sensors7-segmentation_camera -- found version 7.0.0
[0.621s] -- Searching for dependencies of gz-sensors7-segmentation_camera
[0.621s] -- Searching for <gz-sensors7> component [depth_camera]
[0.621s] -- Looking for gz-sensors7-depth_camera -- found version 7.0.0
[0.622s] -- Searching for dependencies of gz-sensors7-depth_camera
[0.622s] -- Searching for <gz-sensors7> component [rgbd_camera]
[0.622s] -- Looking for gz-sensors7-rgbd_camera -- found version 7.0.0
[0.623s] -- Searching for dependencies of gz-sensors7-rgbd_camera
[0.623s] -- Searching for <gz-sensors7> component [thermal_camera]
[0.624s] -- Looking for gz-sensors7-thermal_camera -- found version 7.0.0
[0.624s] -- Searching for dependencies of gz-sensors7-thermal_camera
[0.624s] -- Searching for <gz-sensors7> component [wide_angle_camera]
[0.625s] -- Looking for gz-sensors7-wide_angle_camera -- found version 7.0.0
[0.625s] -- Searching for dependencies of gz-sensors7-wide_angle_camera
[0.626s] -- Looking for gz-rendering7 -- found version 7.0.0
[0.626s] -- Looking for gz-math7 -- found version 7.0.2
[0.626s] -- Looking for gz-utils2 -- found version 2.0.0
[0.642s] -- Found ament_lint_auto: 0.12.4 (/opt/ros/humble/share/ament_lint_auto/cmake)
[0.690s] -- Added test 'cppcheck' to perform static code analysis on C / C++ code
[0.690s] -- Configured cppcheck include dirs: 
[0.690s] -- Configured cppcheck exclude dirs and/or files: 
[0.691s] -- Added test 'lint_cmake' to check CMake code style
[0.692s] -- Added test 'uncrustify' to check C / C++ code style
[0.692s] -- Configured uncrustify additional arguments: 
[0.692s] -- Added test 'xmllint' to check XML markup files
[0.692s] -- Configuring done
[0.698s] -- Generating done
[0.699s] -- Build files have been written to: /home/hollis/osu-uwrt/riptide_software/src/riptide_gazebo/Assets/Plugins/build/uwrt_gz
[0.706s] Invoked command in '/home/hollis/osu-uwrt/riptide_software/src/riptide_gazebo/Assets/Plugins/build/uwrt_gz' returned '0': CMAKE_PREFIX_PATH=${CMAKE_PREFIX_PATH}:/home/hollis/osu-uwrt/dependencies/install/microstrain_inertial_rqt:/home/hollis/osu-uwrt/dependencies/install/echo_video:/home/hollis/osu-uwrt/dependencies/install/camera_calibration:/home/hollis/osu-uwrt/riptide_software/install/riptide_teleop2:/home/hollis/osu-uwrt/riptide_software/install/riptide_rqt_plugins2:/home/hollis/osu-uwrt/riptide_software/install/riptide_hardware2:/home/hollis/osu-uwrt/riptide_software/install/riptide_controllers2:/home/hollis/osu-uwrt/riptide_software/install/riptide_mapping2:/home/hollis/osu-uwrt/riptide_software/install/riptide_localization2:/home/hollis/osu-uwrt/riptide_software/install/riptide_bringup2:/home/hollis/osu-uwrt/riptide_software/install/riptide_SNIB:/opt/ros/humble /usr/bin/cmake /home/hollis/osu-uwrt/riptide_software/src/riptide_gazebo/Assets/Plugins/uwrt_gz -DCMAKE_INSTALL_PREFIX=/home/hollis/osu-uwrt/riptide_software/src/riptide_gazebo/Assets/Plugins/install/uwrt_gz
[0.708s] Invoking command in '/home/hollis/osu-uwrt/riptide_software/src/riptide_gazebo/Assets/Plugins/build/uwrt_gz': CMAKE_PREFIX_PATH=${CMAKE_PREFIX_PATH}:/home/hollis/osu-uwrt/dependencies/install/microstrain_inertial_rqt:/home/hollis/osu-uwrt/dependencies/install/echo_video:/home/hollis/osu-uwrt/dependencies/install/camera_calibration:/home/hollis/osu-uwrt/riptide_software/install/riptide_teleop2:/home/hollis/osu-uwrt/riptide_software/install/riptide_rqt_plugins2:/home/hollis/osu-uwrt/riptide_software/install/riptide_hardware2:/home/hollis/osu-uwrt/riptide_software/install/riptide_controllers2:/home/hollis/osu-uwrt/riptide_software/install/riptide_mapping2:/home/hollis/osu-uwrt/riptide_software/install/riptide_localization2:/home/hollis/osu-uwrt/riptide_software/install/riptide_bringup2:/home/hollis/osu-uwrt/riptide_software/install/riptide_SNIB:/opt/ros/humble /usr/bin/cmake --build /home/hollis/osu-uwrt/riptide_software/src/riptide_gazebo/Assets/Plugins/build/uwrt_gz -- -j20 -l20
[0.744s] [ 50%] [32mBuilding CXX object CMakeFiles/SampleSystem.dir/src/SampleSystem.cpp.o[0m
[2.017s] [100%] [32m[1mLinking CXX shared library libSampleSystem.so[0m
[2.121s] [100%] Built target SampleSystem
[2.131s] Invoked command in '/home/hollis/osu-uwrt/riptide_software/src/riptide_gazebo/Assets/Plugins/build/uwrt_gz' returned '0': CMAKE_PREFIX_PATH=${CMAKE_PREFIX_PATH}:/home/hollis/osu-uwrt/dependencies/install/microstrain_inertial_rqt:/home/hollis/osu-uwrt/dependencies/install/echo_video:/home/hollis/osu-uwrt/dependencies/install/camera_calibration:/home/hollis/osu-uwrt/riptide_software/install/riptide_teleop2:/home/hollis/osu-uwrt/riptide_software/install/riptide_rqt_plugins2:/home/hollis/osu-uwrt/riptide_software/install/riptide_hardware2:/home/hollis/osu-uwrt/riptide_software/install/riptide_controllers2:/home/hollis/osu-uwrt/riptide_software/install/riptide_mapping2:/home/hollis/osu-uwrt/riptide_software/install/riptide_localization2:/home/hollis/osu-uwrt/riptide_software/install/riptide_bringup2:/home/hollis/osu-uwrt/riptide_software/install/riptide_SNIB:/opt/ros/humble /usr/bin/cmake --build /home/hollis/osu-uwrt/riptide_software/src/riptide_gazebo/Assets/Plugins/build/uwrt_gz -- -j20 -l20
[2.156s] Invoking command in '/home/hollis/osu-uwrt/riptide_software/src/riptide_gazebo/Assets/Plugins/build/uwrt_gz': CMAKE_PREFIX_PATH=${CMAKE_PREFIX_PATH}:/home/hollis/osu-uwrt/dependencies/install/microstrain_inertial_rqt:/home/hollis/osu-uwrt/dependencies/install/echo_video:/home/hollis/osu-uwrt/dependencies/install/camera_calibration:/home/hollis/osu-uwrt/riptide_software/install/riptide_teleop2:/home/hollis/osu-uwrt/riptide_software/install/riptide_rqt_plugins2:/home/hollis/osu-uwrt/riptide_software/install/riptide_hardware2:/home/hollis/osu-uwrt/riptide_software/install/riptide_controllers2:/home/hollis/osu-uwrt/riptide_software/install/riptide_mapping2:/home/hollis/osu-uwrt/riptide_software/install/riptide_localization2:/home/hollis/osu-uwrt/riptide_software/install/riptide_bringup2:/home/hollis/osu-uwrt/riptide_software/install/riptide_SNIB:/opt/ros/humble /usr/bin/cmake --install /home/hollis/osu-uwrt/riptide_software/src/riptide_gazebo/Assets/Plugins/build/uwrt_gz
[2.161s] -- Install configuration: ""
[2.162s] -- Installing: /home/hollis/osu-uwrt/riptide_software/src/riptide_gazebo/Assets/Plugins/install/uwrt_gz/lib/libSampleSystem.so
[2.162s] -- Installing: /home/hollis/osu-uwrt/riptide_software/src/riptide_gazebo/Assets/Plugins/install/uwrt_gz/share/ament_index/resource_index/package_run_dependencies/uwrt_gz
[2.162s] -- Installing: /home/hollis/osu-uwrt/riptide_software/src/riptide_gazebo/Assets/Plugins/install/uwrt_gz/share/ament_index/resource_index/parent_prefix_path/uwrt_gz
[2.163s] -- Installing: /home/hollis/osu-uwrt/riptide_software/src/riptide_gazebo/Assets/Plugins/install/uwrt_gz/share/uwrt_gz/environment/ament_prefix_path.sh
[2.163s] -- Installing: /home/hollis/osu-uwrt/riptide_software/src/riptide_gazebo/Assets/Plugins/install/uwrt_gz/share/uwrt_gz/environment/ament_prefix_path.dsv
[2.163s] -- Installing: /home/hollis/osu-uwrt/riptide_software/src/riptide_gazebo/Assets/Plugins/install/uwrt_gz/share/uwrt_gz/environment/path.sh
[2.163s] -- Installing: /home/hollis/osu-uwrt/riptide_software/src/riptide_gazebo/Assets/Plugins/install/uwrt_gz/share/uwrt_gz/environment/path.dsv
[2.163s] -- Installing: /home/hollis/osu-uwrt/riptide_software/src/riptide_gazebo/Assets/Plugins/install/uwrt_gz/share/uwrt_gz/local_setup.bash
[2.163s] -- Installing: /home/hollis/osu-uwrt/riptide_software/src/riptide_gazebo/Assets/Plugins/install/uwrt_gz/share/uwrt_gz/local_setup.sh
[2.163s] -- Installing: /home/hollis/osu-uwrt/riptide_software/src/riptide_gazebo/Assets/Plugins/install/uwrt_gz/share/uwrt_gz/local_setup.zsh
[2.163s] -- Installing: /home/hollis/osu-uwrt/riptide_software/src/riptide_gazebo/Assets/Plugins/install/uwrt_gz/share/uwrt_gz/local_setup.dsv
[2.164s] -- Installing: /home/hollis/osu-uwrt/riptide_software/src/riptide_gazebo/Assets/Plugins/install/uwrt_gz/share/uwrt_gz/package.dsv
[2.164s] -- Installing: /home/hollis/osu-uwrt/riptide_software/src/riptide_gazebo/Assets/Plugins/install/uwrt_gz/share/ament_index/resource_index/packages/uwrt_gz
[2.164s] -- Installing: /home/hollis/osu-uwrt/riptide_software/src/riptide_gazebo/Assets/Plugins/install/uwrt_gz/share/uwrt_gz/cmake/uwrt_gzConfig.cmake
[2.165s] -- Installing: /home/hollis/osu-uwrt/riptide_software/src/riptide_gazebo/Assets/Plugins/install/uwrt_gz/share/uwrt_gz/cmake/uwrt_gzConfig-version.cmake
[2.165s] -- Installing: /home/hollis/osu-uwrt/riptide_software/src/riptide_gazebo/Assets/Plugins/install/uwrt_gz/share/uwrt_gz/package.xml
[2.166s] Invoked command in '/home/hollis/osu-uwrt/riptide_software/src/riptide_gazebo/Assets/Plugins/build/uwrt_gz' returned '0': CMAKE_PREFIX_PATH=${CMAKE_PREFIX_PATH}:/home/hollis/osu-uwrt/dependencies/install/microstrain_inertial_rqt:/home/hollis/osu-uwrt/dependencies/install/echo_video:/home/hollis/osu-uwrt/dependencies/install/camera_calibration:/home/hollis/osu-uwrt/riptide_software/install/riptide_teleop2:/home/hollis/osu-uwrt/riptide_software/install/riptide_rqt_plugins2:/home/hollis/osu-uwrt/riptide_software/install/riptide_hardware2:/home/hollis/osu-uwrt/riptide_software/install/riptide_controllers2:/home/hollis/osu-uwrt/riptide_software/install/riptide_mapping2:/home/hollis/osu-uwrt/riptide_software/install/riptide_localization2:/home/hollis/osu-uwrt/riptide_software/install/riptide_bringup2:/home/hollis/osu-uwrt/riptide_software/install/riptide_SNIB:/opt/ros/humble /usr/bin/cmake --install /home/hollis/osu-uwrt/riptide_software/src/riptide_gazebo/Assets/Plugins/build/uwrt_gz
