[0.013s] Invoking command in '/home/hollis/osu-uwrt/riptide_software/src/riptide_gazebo/Assets/Plugins/build/uwrt_ros_gz': CMAKE_PREFIX_PATH=${CMAKE_PREFIX_PATH}:/home/hollis/osu-uwrt/dependencies/install/microstrain_inertial_rqt:/home/hollis/osu-uwrt/dependencies/install/echo_video:/home/hollis/osu-uwrt/dependencies/install/camera_calibration:/home/hollis/osu-uwrt/riptide_software/install/riptide_teleop2:/home/hollis/osu-uwrt/riptide_software/install/riptide_rqt_plugins2:/home/hollis/osu-uwrt/riptide_software/install/riptide_hardware2:/home/hollis/osu-uwrt/riptide_software/install/riptide_controllers2:/home/hollis/osu-uwrt/riptide_software/install/riptide_mapping2:/home/hollis/osu-uwrt/riptide_software/install/riptide_localization2:/home/hollis/osu-uwrt/riptide_software/install/riptide_bringup2:/home/hollis/osu-uwrt/riptide_software/install/riptide_SNIB:/opt/ros/humble /usr/bin/cmake --build /home/hollis/osu-uwrt/riptide_software/src/riptide_gazebo/Assets/Plugins/build/uwrt_ros_gz -- -j20 -l20
[0.038s] [35m[1mConsolidate compiler generated dependencies of target uwrt_ros_gz_bridge[0m
[0.050s] [ 50%] [32mBuilding CXX object CMakeFiles/uwrt_ros_gz_bridge.dir/src/bridge.cpp.o[0m
[2.290s] [01m[K/home/hollis/osu-uwrt/riptide_software/src/riptide_gazebo/Assets/Plugins/uwrt_ros_gz/src/bridge.cpp:[m[K In member function ‘[01m[Kvoid uwrt_ros_gz::BridgeNode::publishToGazebo()[m[K’:
[2.290s] [01m[K/home/hollis/osu-uwrt/riptide_software/src/riptide_gazebo/Assets/Plugins/uwrt_ros_gz/src/bridge.cpp:68:36:[m[K [01;31m[Kerror: [m[Kcannot convert ‘[01m[Kstd::string[m[K’ {aka ‘[01m[Kstd::__cxx11::basic_string<char>[m[K’} to ‘[01m[Kstd::string*[m[K’ {aka ‘[01m[Kstd::__cxx11::basic_string<char>*[m[K’}
[2.290s]    68 |             msg.set_allocated_name([01;31m[Kpose_name[m[K);
[2.290s]       |                                    [01;31m[K^~~~~~~~~[m[K
[2.290s]       |                                    [01;31m[K|[m[K
[2.290s]       |                                    [01;31m[Kstd::string {aka std::__cxx11::basic_string<char>}[m[K
[2.290s] In file included from [01m[K/usr/include/gz/msgs9/gz/msgs/pose.pb.h:17[m[K,
[2.290s]                  from [01m[K/usr/include/gz/msgs9/gz/msgs/details/actor.pb.h:37[m[K,
[2.290s]                  from [01m[K/usr/include/gz/msgs9/gz/msgs/actor.pb.h:17[m[K,
[2.290s]                  from [01m[K/usr/include/gz/msgs9/gz/msgs/MessageTypes.hh:31[m[K,
[2.290s]                  from [01m[K/usr/include/gz/msgs9/gz/msgs/Utility.hh:34[m[K,
[2.290s]                  from [01m[K/usr/include/gz/msgs9/gz/msgs.hh:27[m[K,
[2.290s]                  from [01m[K/home/hollis/osu-uwrt/riptide_software/src/riptide_gazebo/Assets/Plugins/uwrt_ros_gz/src/bridge.cpp:8[m[K:
[2.291s] [01m[K/usr/include/gz/msgs9/gz/msgs/details/pose.pb.h:434:51:[m[K [01;36m[Knote: [m[K  initializing argument 1 of ‘[01m[Kvoid gz::msgs::Pose::set_allocated_name(std::string*)[m[K’
[2.291s]   434 | inline void Pose::set_allocated_name([01;36m[Kstd::string* name[m[K) {
[2.291s]       |                                      [01;36m[K~~~~~~~~~~~~~^~~~[m[K
[2.658s] gmake[2]: *** [CMakeFiles/uwrt_ros_gz_bridge.dir/build.make:76: CMakeFiles/uwrt_ros_gz_bridge.dir/src/bridge.cpp.o] Error 1
[2.659s] gmake[1]: *** [CMakeFiles/Makefile2:137: CMakeFiles/uwrt_ros_gz_bridge.dir/all] Error 2
[2.659s] gmake: *** [Makefile:146: all] Error 2
[2.661s] Invoked command in '/home/hollis/osu-uwrt/riptide_software/src/riptide_gazebo/Assets/Plugins/build/uwrt_ros_gz' returned '2': CMAKE_PREFIX_PATH=${CMAKE_PREFIX_PATH}:/home/hollis/osu-uwrt/dependencies/install/microstrain_inertial_rqt:/home/hollis/osu-uwrt/dependencies/install/echo_video:/home/hollis/osu-uwrt/dependencies/install/camera_calibration:/home/hollis/osu-uwrt/riptide_software/install/riptide_teleop2:/home/hollis/osu-uwrt/riptide_software/install/riptide_rqt_plugins2:/home/hollis/osu-uwrt/riptide_software/install/riptide_hardware2:/home/hollis/osu-uwrt/riptide_software/install/riptide_controllers2:/home/hollis/osu-uwrt/riptide_software/install/riptide_mapping2:/home/hollis/osu-uwrt/riptide_software/install/riptide_localization2:/home/hollis/osu-uwrt/riptide_software/install/riptide_bringup2:/home/hollis/osu-uwrt/riptide_software/install/riptide_SNIB:/opt/ros/humble /usr/bin/cmake --build /home/hollis/osu-uwrt/riptide_software/src/riptide_gazebo/Assets/Plugins/build/uwrt_ros_gz -- -j20 -l20
