[0.367s] DEBUG:colcon:Command line arguments: ['/usr/bin/colcon', 'build']
[0.367s] DEBUG:colcon:Parsed command line arguments: Namespace(log_base=None, log_level=None, verb_name='build', build_base='build', install_base='install', merge_install=False, symlink_install=False, test_result_base=None, continue_on_error=False, executor='parallel', parallel_workers=12, event_handlers=None, ignore_user_meta=False, metas=['./colcon.meta'], base_paths=['.'], packages_ignore=None, packages_ignore_regex=None, paths=None, packages_up_to=None, packages_up_to_regex=None, packages_above=None, packages_above_and_dependencies=None, packages_above_depth=None, packages_select_by_dep=None, packages_skip_by_dep=None, packages_skip_up_to=None, packages_select_build_failed=False, packages_skip_build_finished=False, packages_select_test_failures=False, packages_skip_test_passed=False, packages_select=None, packages_skip=None, packages_select_regex=None, packages_skip_regex=None, packages_start=None, packages_end=None, allow_overriding=[], cmake_args=None, cmake_target=None, cmake_target_skip_unavailable=False, cmake_clean_cache=False, cmake_clean_first=False, cmake_force_configure=False, ament_cmake_args=None, catkin_cmake_args=None, catkin_skip_building_tests=False, verb_parser=<colcon_defaults.argument_parser.defaults.DefaultArgumentsDecorator object at 0x7fbe63eb2dd0>, verb_extension=<colcon_core.verb.build.BuildVerb object at 0x7fbe63ebed10>, main=<bound method BuildVerb.main of <colcon_core.verb.build.BuildVerb object at 0x7fbe63ebed10>>)
[0.396s] Level 1:colcon.colcon_core.package_discovery:discover_packages(colcon_meta) check parameters
[0.396s] Level 1:colcon.colcon_core.package_discovery:discover_packages(recursive) check parameters
[0.396s] Level 1:colcon.colcon_core.package_discovery:discover_packages(ignore) check parameters
[0.396s] Level 1:colcon.colcon_core.package_discovery:discover_packages(path) check parameters
[0.396s] Level 1:colcon.colcon_core.package_discovery:discover_packages(colcon_meta) discover
[0.396s] Level 1:colcon.colcon_core.package_discovery:discover_packages(recursive) discover
[0.396s] INFO:colcon.colcon_core.package_discovery:Crawling recursively for packages in '/home/toby/osu-uwrt/development/software/src/riptide_gazebo/Assets/Plugins/uwrt_gui'
[0.396s] Level 1:colcon.colcon_core.package_identification:_identify(.) by extensions ['ignore', 'ignore_ament_install']
[0.396s] Level 1:colcon.colcon_core.package_identification:_identify(.) by extension 'ignore'
[0.397s] Level 1:colcon.colcon_core.package_identification:_identify(.) by extension 'ignore_ament_install'
[0.397s] Level 1:colcon.colcon_core.package_identification:_identify(.) by extensions ['colcon_pkg']
[0.397s] Level 1:colcon.colcon_core.package_identification:_identify(.) by extension 'colcon_pkg'
[0.397s] Level 1:colcon.colcon_core.package_identification:_identify(.) by extensions ['colcon_meta']
[0.397s] Level 1:colcon.colcon_core.package_identification:_identify(.) by extension 'colcon_meta'
[0.397s] Level 1:colcon.colcon_core.package_identification:_identify(.) by extensions ['ros']
[0.397s] Level 1:colcon.colcon_core.package_identification:_identify(.) by extension 'ros'
[0.407s] Level 1:colcon.colcon_core.package_identification:_identify(.) by extensions ['cmake', 'python']
[0.407s] Level 1:colcon.colcon_core.package_identification:_identify(.) by extension 'cmake'
[0.412s] Level 1:colcon.colcon_core.package_identification:_identify(.) by extension 'python'
[0.412s] DEBUG:colcon.colcon_core.package_identification:Package '.' with type 'cmake' and name 'CompObjectsPlugin'
[0.412s] Level 1:colcon.colcon_core.package_discovery:discover_packages(recursive) using defaults
[0.412s] Level 1:colcon.colcon_core.package_discovery:discover_packages(ignore) discover
[0.413s] Level 1:colcon.colcon_core.package_discovery:discover_packages(ignore) using defaults
[0.413s] Level 1:colcon.colcon_core.package_discovery:discover_packages(path) discover
[0.413s] Level 1:colcon.colcon_core.package_discovery:discover_packages(path) using defaults
[0.452s] Level 1:colcon.colcon_core.package_discovery:discover_packages(prefix_path) check parameters
[0.452s] Level 1:colcon.colcon_core.package_discovery:discover_packages(prefix_path) discover
[0.457s] DEBUG:colcon.colcon_installed_package_information.package_discovery:Found 13 installed packages in /home/toby/osu-uwrt/riptide_software/install
[0.458s] DEBUG:colcon.colcon_installed_package_information.package_discovery:Found 18 installed packages in /home/toby/osu-uwrt/dependencies/install
[0.460s] DEBUG:colcon.colcon_installed_package_information.package_discovery:Found 331 installed packages in /opt/ros/humble
[0.461s] Level 1:colcon.colcon_core.package_discovery:discover_packages(prefix_path) using defaults
[0.527s] Level 5:colcon.colcon_core.verb:set package 'CompObjectsPlugin' build argument 'cmake_args' from command line to 'None'
[0.527s] Level 5:colcon.colcon_core.verb:set package 'CompObjectsPlugin' build argument 'cmake_target' from command line to 'None'
[0.527s] Level 5:colcon.colcon_core.verb:set package 'CompObjectsPlugin' build argument 'cmake_target_skip_unavailable' from command line to 'False'
[0.527s] Level 5:colcon.colcon_core.verb:set package 'CompObjectsPlugin' build argument 'cmake_clean_cache' from command line to 'False'
[0.527s] Level 5:colcon.colcon_core.verb:set package 'CompObjectsPlugin' build argument 'cmake_clean_first' from command line to 'False'
[0.527s] Level 5:colcon.colcon_core.verb:set package 'CompObjectsPlugin' build argument 'cmake_force_configure' from command line to 'False'
[0.527s] Level 5:colcon.colcon_core.verb:set package 'CompObjectsPlugin' build argument 'ament_cmake_args' from command line to 'None'
[0.527s] Level 5:colcon.colcon_core.verb:set package 'CompObjectsPlugin' build argument 'catkin_cmake_args' from command line to 'None'
[0.527s] Level 5:colcon.colcon_core.verb:set package 'CompObjectsPlugin' build argument 'catkin_skip_building_tests' from command line to 'False'
[0.527s] DEBUG:colcon.colcon_core.verb:Building package 'CompObjectsPlugin' with the following arguments: {'ament_cmake_args': None, 'build_base': '/home/toby/osu-uwrt/development/software/src/riptide_gazebo/Assets/Plugins/uwrt_gui/build/CompObjectsPlugin', 'catkin_cmake_args': None, 'catkin_skip_building_tests': False, 'cmake_args': None, 'cmake_clean_cache': False, 'cmake_clean_first': False, 'cmake_force_configure': False, 'cmake_target': None, 'cmake_target_skip_unavailable': False, 'install_base': '/home/toby/osu-uwrt/development/software/src/riptide_gazebo/Assets/Plugins/uwrt_gui/install/CompObjectsPlugin', 'merge_install': False, 'path': '/home/toby/osu-uwrt/development/software/src/riptide_gazebo/Assets/Plugins/uwrt_gui', 'symlink_install': False, 'test_result_base': None}
[0.529s] INFO:colcon.colcon_core.executor:Executing jobs using 'parallel' executor
[0.533s] DEBUG:colcon.colcon_parallel_executor.executor.parallel:run_until_complete
[0.533s] INFO:colcon.colcon_cmake.task.cmake.build:Building CMake package in '/home/toby/osu-uwrt/development/software/src/riptide_gazebo/Assets/Plugins/uwrt_gui'
[0.539s] INFO:colcon.colcon_core.plugin_system:Skipping extension 'colcon_core.shell.bat': Not used on non-Windows systems
[0.540s] INFO:colcon.colcon_core.shell:Skip shell extension 'powershell' for command environment: Not usable outside of PowerShell
[0.541s] DEBUG:colcon.colcon_core.shell:Skip shell extension 'dsv' for command environment
[0.554s] DEBUG:colcon.colcon_core.event_handler.log_command:Invoking command in '/home/toby/osu-uwrt/development/software/src/riptide_gazebo/Assets/Plugins/uwrt_gui/build/CompObjectsPlugin': /usr/bin/cmake --build /home/toby/osu-uwrt/development/software/src/riptide_gazebo/Assets/Plugins/uwrt_gui/build/CompObjectsPlugin -- -j12 -l12
[2.405s] DEBUG:colcon.colcon_core.event_handler.log_command:Invoked command in '/home/toby/osu-uwrt/development/software/src/riptide_gazebo/Assets/Plugins/uwrt_gui/build/CompObjectsPlugin' returned '0': /usr/bin/cmake --build /home/toby/osu-uwrt/development/software/src/riptide_gazebo/Assets/Plugins/uwrt_gui/build/CompObjectsPlugin -- -j12 -l12
[2.449s] DEBUG:colcon.colcon_core.event_handler.log_command:Invoking command in '/home/toby/osu-uwrt/development/software/src/riptide_gazebo/Assets/Plugins/uwrt_gui/build/CompObjectsPlugin': /usr/bin/cmake --install /home/toby/osu-uwrt/development/software/src/riptide_gazebo/Assets/Plugins/uwrt_gui/build/CompObjectsPlugin
[2.459s] Level 1:colcon.colcon_core.environment:create_environment_scripts_only(CompObjectsPlugin)
[2.460s] DEBUG:colcon.colcon_core.event_handler.log_command:Invoked command in '/home/toby/osu-uwrt/development/software/src/riptide_gazebo/Assets/Plugins/uwrt_gui/build/CompObjectsPlugin' returned '0': /usr/bin/cmake --install /home/toby/osu-uwrt/development/software/src/riptide_gazebo/Assets/Plugins/uwrt_gui/build/CompObjectsPlugin
[2.466s] Level 1:colcon.colcon_core.environment:checking '/home/toby/osu-uwrt/development/software/src/riptide_gazebo/Assets/Plugins/uwrt_gui/install/CompObjectsPlugin' for CMake module files
[2.467s] Level 1:colcon.colcon_core.environment:checking '/home/toby/osu-uwrt/development/software/src/riptide_gazebo/Assets/Plugins/uwrt_gui/install/CompObjectsPlugin' for CMake config files
[2.467s] Level 1:colcon.colcon_core.environment:checking '/home/toby/osu-uwrt/development/software/src/riptide_gazebo/Assets/Plugins/uwrt_gui/install/CompObjectsPlugin/bin'
[2.467s] Level 1:colcon.colcon_core.environment:checking '/home/toby/osu-uwrt/development/software/src/riptide_gazebo/Assets/Plugins/uwrt_gui/install/CompObjectsPlugin/lib/pkgconfig/CompObjectsPlugin.pc'
[2.468s] Level 1:colcon.colcon_core.environment:checking '/home/toby/osu-uwrt/development/software/src/riptide_gazebo/Assets/Plugins/uwrt_gui/install/CompObjectsPlugin/lib/python3.10/site-packages'
[2.468s] Level 1:colcon.colcon_core.environment:checking '/home/toby/osu-uwrt/development/software/src/riptide_gazebo/Assets/Plugins/uwrt_gui/install/CompObjectsPlugin/bin'
[2.469s] INFO:colcon.colcon_core.shell:Creating package script '/home/toby/osu-uwrt/development/software/src/riptide_gazebo/Assets/Plugins/uwrt_gui/install/CompObjectsPlugin/share/CompObjectsPlugin/package.ps1'
[2.470s] INFO:colcon.colcon_core.shell:Creating package descriptor '/home/toby/osu-uwrt/development/software/src/riptide_gazebo/Assets/Plugins/uwrt_gui/install/CompObjectsPlugin/share/CompObjectsPlugin/package.dsv'
[2.470s] INFO:colcon.colcon_core.shell:Creating package script '/home/toby/osu-uwrt/development/software/src/riptide_gazebo/Assets/Plugins/uwrt_gui/install/CompObjectsPlugin/share/CompObjectsPlugin/package.sh'
[2.471s] INFO:colcon.colcon_core.shell:Creating package script '/home/toby/osu-uwrt/development/software/src/riptide_gazebo/Assets/Plugins/uwrt_gui/install/CompObjectsPlugin/share/CompObjectsPlugin/package.bash'
[2.472s] INFO:colcon.colcon_core.shell:Creating package script '/home/toby/osu-uwrt/development/software/src/riptide_gazebo/Assets/Plugins/uwrt_gui/install/CompObjectsPlugin/share/CompObjectsPlugin/package.zsh'
[2.472s] Level 1:colcon.colcon_core.environment:create_file_with_runtime_dependencies(/home/toby/osu-uwrt/development/software/src/riptide_gazebo/Assets/Plugins/uwrt_gui/install/CompObjectsPlugin/share/colcon-core/packages/CompObjectsPlugin)
[2.473s] DEBUG:colcon.colcon_parallel_executor.executor.parallel:closing loop
[2.473s] DEBUG:colcon.colcon_parallel_executor.executor.parallel:loop closed
[2.473s] DEBUG:colcon.colcon_parallel_executor.executor.parallel:run_until_complete finished with '0'
[2.473s] DEBUG:colcon.colcon_core.event_reactor:joining thread
[2.483s] INFO:colcon.colcon_core.plugin_system:Skipping extension 'colcon_notification.desktop_notification.terminal_notifier': Not used on non-Darwin systems
[2.483s] INFO:colcon.colcon_core.plugin_system:Skipping extension 'colcon_notification.desktop_notification.win32': Not used on non-Windows systems
[2.483s] INFO:colcon.colcon_notification.desktop_notification:Sending desktop notification using 'notify2'
[2.493s] DEBUG:colcon.colcon_core.event_reactor:joined thread
[2.495s] INFO:colcon.colcon_core.shell:Creating prefix script '/home/toby/osu-uwrt/development/software/src/riptide_gazebo/Assets/Plugins/uwrt_gui/install/local_setup.ps1'
[2.496s] INFO:colcon.colcon_core.shell:Creating prefix util module '/home/toby/osu-uwrt/development/software/src/riptide_gazebo/Assets/Plugins/uwrt_gui/install/_local_setup_util_ps1.py'
[2.498s] INFO:colcon.colcon_core.shell:Creating prefix chain script '/home/toby/osu-uwrt/development/software/src/riptide_gazebo/Assets/Plugins/uwrt_gui/install/setup.ps1'
[2.501s] INFO:colcon.colcon_core.shell:Creating prefix script '/home/toby/osu-uwrt/development/software/src/riptide_gazebo/Assets/Plugins/uwrt_gui/install/local_setup.sh'
[2.502s] INFO:colcon.colcon_core.shell:Creating prefix util module '/home/toby/osu-uwrt/development/software/src/riptide_gazebo/Assets/Plugins/uwrt_gui/install/_local_setup_util_sh.py'
[2.503s] INFO:colcon.colcon_core.shell:Creating prefix chain script '/home/toby/osu-uwrt/development/software/src/riptide_gazebo/Assets/Plugins/uwrt_gui/install/setup.sh'
[2.505s] INFO:colcon.colcon_core.shell:Creating prefix script '/home/toby/osu-uwrt/development/software/src/riptide_gazebo/Assets/Plugins/uwrt_gui/install/local_setup.bash'
[2.505s] INFO:colcon.colcon_core.shell:Creating prefix chain script '/home/toby/osu-uwrt/development/software/src/riptide_gazebo/Assets/Plugins/uwrt_gui/install/setup.bash'
[2.508s] INFO:colcon.colcon_core.shell:Creating prefix script '/home/toby/osu-uwrt/development/software/src/riptide_gazebo/Assets/Plugins/uwrt_gui/install/local_setup.zsh'
[2.508s] INFO:colcon.colcon_core.shell:Creating prefix chain script '/home/toby/osu-uwrt/development/software/src/riptide_gazebo/Assets/Plugins/uwrt_gui/install/setup.zsh'
