[0.012s] Invoking command in '/home/hollis/osu-uwrt/riptide_software/src/riptide_gazebo/Assets/Plugins/build/uwrt_gz': CMAKE_PREFIX_PATH=${CMAKE_PREFIX_PATH}:/home/hollis/osu-uwrt/dependencies/install/microstrain_inertial_rqt:/home/hollis/osu-uwrt/dependencies/install/echo_video:/home/hollis/osu-uwrt/dependencies/install/camera_calibration:/home/hollis/osu-uwrt/riptide_software/install/riptide_teleop2:/home/hollis/osu-uwrt/riptide_software/install/riptide_rqt_plugins2:/home/hollis/osu-uwrt/riptide_software/install/riptide_hardware2:/home/hollis/osu-uwrt/riptide_software/install/riptide_controllers2:/home/hollis/osu-uwrt/riptide_software/install/riptide_mapping2:/home/hollis/osu-uwrt/riptide_software/install/riptide_localization2:/home/hollis/osu-uwrt/riptide_software/install/riptide_bringup2:/home/hollis/osu-uwrt/riptide_software/install/riptide_SNIB:/opt/ros/humble /usr/bin/cmake --build /home/hollis/osu-uwrt/riptide_software/src/riptide_gazebo/Assets/Plugins/build/uwrt_gz -- -j20 -l20
[0.033s] [35m[1mConsolidate compiler generated dependencies of target MoveEntity[0m
[0.041s] [ 50%] [32mBuilding CXX object CMakeFiles/MoveEntity.dir/src/MoveEntity.cc.o[0m
[0.691s] In file included from [01m[K/home/hollis/osu-uwrt/riptide_software/src/riptide_gazebo/Assets/Plugins/uwrt_gz/src/MoveEntity.cc:29[m[K:
[0.692s] [01m[K/home/hollis/osu-uwrt/riptide_software/src/riptide_gazebo/Assets/Plugins/uwrt_gz/src/MoveEntity.hh:36:5:[m[K [01;31m[Kerror: [m[Kexpected ‘[01m[K{[m[K’ before ‘[01m[Kpublic[m[K’
[0.692s]    36 |     [01;31m[Kpublic[m[K gz::sim::ISystemConfigure
[0.692s]       |     [01;31m[K^~~~~~[m[K
[0.692s] [01m[K/home/hollis/osu-uwrt/riptide_software/src/riptide_gazebo/Assets/Plugins/uwrt_gz/src/MoveEntity.hh:36:5:[m[K [01;31m[Kerror: [m[Kexpected unqualified-id before ‘[01m[Kpublic[m[K’
[0.692s] In file included from [01m[K/usr/include/gz/plugin2/gz/plugin/Register.hh:22[m[K,
[0.692s]                  from [01m[K/home/hollis/osu-uwrt/riptide_software/src/riptide_gazebo/Assets/Plugins/uwrt_gz/src/MoveEntity.cc:26[m[K:
[0.692s] [01m[K/home/hollis/osu-uwrt/riptide_software/src/riptide_gazebo/Assets/Plugins/uwrt_gz/src/MoveEntity.cc:[m[K In constructor ‘[01m[Kgz::plugin::{anonymous}::ExecuteWhenLoadingLibrary0::ExecuteWhenLoadingLibrary0()[m[K’:
[0.692s] [01m[K/home/hollis/osu-uwrt/riptide_software/src/riptide_gazebo/Assets/Plugins/uwrt_gz/src/MoveEntity.cc:36:30:[m[K [01;31m[Kerror: [m[Kincomplete type ‘[01m[Kmove_entity::MoveEntity[m[K’ used in nested name specifier
[0.692s]    36 |     move_entity::MoveEntity::[01;31m[KISystemPostUpdate[m[K
[0.692s]       |                              [01;31m[K^~~~~~~~~~~~~~~~~[m[K
[0.692s] [01m[K/home/hollis/osu-uwrt/riptide_software/src/riptide_gazebo/Assets/Plugins/uwrt_gz/src/MoveEntity.cc:33:1:[m[K [01;31m[Kerror: [m[Ktemplate argument 3 is invalid
[0.692s]    33 | [01;31m[KGZ_ADD_PLUGIN[m[K(
[0.692s]       | [01;31m[K^~~~~~~~~~~~~[m[K
[0.692s] [01m[K/home/hollis/osu-uwrt/riptide_software/src/riptide_gazebo/Assets/Plugins/uwrt_gz/src/MoveEntity.cc:33:1:[m[K [01;31m[Kerror: [m[Kqualified-id in declaration before ‘[01m[K([m[K’ token
[0.692s]    33 | [01;31m[KGZ_ADD_PLUGIN[m[K(
[0.693s]       | [01;31m[K^~~~~~~~~~~~~[m[K
[0.693s] [01m[K/home/hollis/osu-uwrt/riptide_software/src/riptide_gazebo/Assets/Plugins/uwrt_gz/src/MoveEntity.cc:[m[K At global scope:
[0.693s] [01m[K/home/hollis/osu-uwrt/riptide_software/src/riptide_gazebo/Assets/Plugins/uwrt_gz/src/MoveEntity.cc:44:52:[m[K [01;31m[Kerror: [m[Kinvalid use of incomplete type ‘[01m[Kclass move_entity::MoveEntity[m[K’
[0.693s]    44 |     const gz::sim::EntityComponentManager &/*_ecm*/[01;31m[K)[m[K
[0.693s]       |                                                    [01;31m[K^[m[K
[0.693s] In file included from [01m[K/home/hollis/osu-uwrt/riptide_software/src/riptide_gazebo/Assets/Plugins/uwrt_gz/src/MoveEntity.cc:29[m[K:
[0.693s] [01m[K/home/hollis/osu-uwrt/riptide_software/src/riptide_gazebo/Assets/Plugins/uwrt_gz/src/MoveEntity.hh:33:9:[m[K [01;36m[Knote: [m[Kforward declaration of ‘[01m[Kclass move_entity::MoveEntity[m[K’
[0.693s]    33 |   class [01;36m[KMoveEntity[m[K:
[0.693s]       |         [01;36m[K^~~~~~~~~~[m[K
[0.693s] [01m[K/home/hollis/osu-uwrt/riptide_software/src/riptide_gazebo/Assets/Plugins/uwrt_gz/src/MoveEntity.cc:60:41:[m[K [01;31m[Kerror: [m[Kinvalid use of incomplete type ‘[01m[Kclass move_entity::MoveEntity[m[K’
[0.693s]    60 |     gz::sim::EventManager &/*_eventMgr*/[01;31m[K)[m[K
[0.693s]       |                                         [01;31m[K^[m[K
[0.693s] In file included from [01m[K/home/hollis/osu-uwrt/riptide_software/src/riptide_gazebo/Assets/Plugins/uwrt_gz/src/MoveEntity.cc:29[m[K:
[0.693s] [01m[K/home/hollis/osu-uwrt/riptide_software/src/riptide_gazebo/Assets/Plugins/uwrt_gz/src/MoveEntity.hh:33:9:[m[K [01;36m[Knote: [m[Kforward declaration of ‘[01m[Kclass move_entity::MoveEntity[m[K’
[0.693s]    33 |   class [01;36m[KMoveEntity[m[K:
[0.693s]       |         [01;36m[K^~~~~~~~~~[m[K
[0.825s] gmake[2]: *** [CMakeFiles/MoveEntity.dir/build.make:76: CMakeFiles/MoveEntity.dir/src/MoveEntity.cc.o] Error 1
[0.825s] gmake[1]: *** [CMakeFiles/Makefile2:137: CMakeFiles/MoveEntity.dir/all] Error 2
[0.825s] gmake: *** [Makefile:146: all] Error 2
[0.827s] Invoked command in '/home/hollis/osu-uwrt/riptide_software/src/riptide_gazebo/Assets/Plugins/build/uwrt_gz' returned '2': CMAKE_PREFIX_PATH=${CMAKE_PREFIX_PATH}:/home/hollis/osu-uwrt/dependencies/install/microstrain_inertial_rqt:/home/hollis/osu-uwrt/dependencies/install/echo_video:/home/hollis/osu-uwrt/dependencies/install/camera_calibration:/home/hollis/osu-uwrt/riptide_software/install/riptide_teleop2:/home/hollis/osu-uwrt/riptide_software/install/riptide_rqt_plugins2:/home/hollis/osu-uwrt/riptide_software/install/riptide_hardware2:/home/hollis/osu-uwrt/riptide_software/install/riptide_controllers2:/home/hollis/osu-uwrt/riptide_software/install/riptide_mapping2:/home/hollis/osu-uwrt/riptide_software/install/riptide_localization2:/home/hollis/osu-uwrt/riptide_software/install/riptide_bringup2:/home/hollis/osu-uwrt/riptide_software/install/riptide_SNIB:/opt/ros/humble /usr/bin/cmake --build /home/hollis/osu-uwrt/riptide_software/src/riptide_gazebo/Assets/Plugins/build/uwrt_gz -- -j20 -l20
