[0.008s] Invoking command in '/home/hollis/osu-uwrt/riptide_software/src/riptide_gazebo/Assets/Plugins/build/uwrt_gz': CMAKE_PREFIX_PATH=${CMAKE_PREFIX_PATH}:/home/hollis/osu-uwrt/dependencies/install/microstrain_inertial_rqt:/home/hollis/osu-uwrt/dependencies/install/echo_video:/home/hollis/osu-uwrt/dependencies/install/camera_calibration:/home/hollis/osu-uwrt/riptide_software/install/riptide_teleop2:/home/hollis/osu-uwrt/riptide_software/install/riptide_rqt_plugins2:/home/hollis/osu-uwrt/riptide_software/install/riptide_hardware2:/home/hollis/osu-uwrt/riptide_software/install/riptide_controllers2:/home/hollis/osu-uwrt/riptide_software/install/riptide_mapping2:/home/hollis/osu-uwrt/riptide_software/install/riptide_localization2:/home/hollis/osu-uwrt/riptide_software/install/riptide_bringup2:/home/hollis/osu-uwrt/riptide_software/install/riptide_SNIB:/opt/ros/humble /usr/bin/cmake --build /home/hollis/osu-uwrt/riptide_software/src/riptide_gazebo/Assets/Plugins/build/uwrt_gz -- -j20 -l20
[0.025s] -- Found ament_cmake: 1.3.2 (/opt/ros/humble/share/ament_cmake/cmake)
[0.130s] -- Looking for gz-plugin2 -- found version 2.0.0
[0.130s] -- Searching for dependencies of gz-plugin2
[0.131s] -- Looking for gz-utils2 -- found version 2.0.0
[0.131s] -- Searching for dependencies of gz-utils2
[0.131s] -- Searching for <gz-utils2> component [cli]
[0.131s] -- Looking for gz-utils2-cli -- found version 2.0.0
[0.132s] -- Searching for dependencies of gz-utils2-cli
[0.132s] -- Searching for <gz-plugin2> component [register]
[0.133s] -- Looking for gz-plugin2-register -- found version 2.0.0
[0.133s] -- Searching for dependencies of gz-plugin2-register
[0.134s] -- Looking for gz-sim7 -- found version 7.0.0
[0.134s] -- Searching for dependencies of gz-sim7
[0.134s] -- Looking for sdformat13 -- found version 13.0.1
[0.134s] -- Searching for dependencies of sdformat13
[0.138s] -- Checking for module 'tinyxml2'
[0.147s] --   Found tinyxml2, version 9.0.0
[0.168s] -- Looking for gz-math7 -- found version 7.0.2
[0.168s] -- Searching for dependencies of gz-math7
[0.168s] -- Looking for gz-utils2 -- found version 2.0.0
[0.169s] -- Looking for gz-utils2 -- found version 2.0.0
[0.170s] -- Looking for gz-plugin2 -- found version 2.0.0
[0.171s] -- Searching for dependencies of gz-plugin2
[0.171s] -- Looking for gz-utils2 -- found version 2.0.0
[0.171s] -- Searching for <gz-plugin2> component [loader]
[0.171s] -- Looking for gz-plugin2-loader -- found version 2.0.0
[0.172s] -- Searching for dependencies of gz-plugin2-loader
[0.172s] -- Searching for <gz-plugin2> component [register]
[0.174s] -- Looking for gz-transport12 -- found version 12.0.0
[0.174s] -- Searching for dependencies of gz-transport12
[0.198s] -- Config-file not installed for ZeroMQ -- checking for pkg-config
[0.201s] -- Checking for module 'libzmq >= 4'
[0.209s] --   Found libzmq , version 4.3.4
[0.227s] -- Checking for module 'uuid'
[0.233s] --   Found uuid, version 2.37.2
[0.247s] -- Looking for gz-utils2 -- found version 2.0.0
[0.247s] -- Looking for gz-msgs9 -- found version 9.0.0
[0.248s] -- Searching for dependencies of gz-msgs9
[0.258s] -- Looking for gz-math7 -- found version 7.0.2
[0.269s] -- Searching for <gz-transport12> component [log]
[0.269s] -- Looking for gz-transport12-log -- found version 12.0.0
[0.269s] -- Searching for dependencies of gz-transport12-log
[0.270s] -- Looking for gz-msgs9 -- found version 9.0.0
[0.270s] -- Looking for gz-common5 -- found version 5.0.0
[0.270s] -- Searching for dependencies of gz-common5
[0.271s] -- Looking for gz-utils2 -- found version 2.0.0
[0.271s] -- Looking for dlfcn.h - found
[0.271s] -- Looking for libdl - found
[0.276s] -- Searching for <gz-common5> component [profiler]
[0.276s] -- Looking for gz-common5-profiler -- found version 5.0.0
[0.277s] -- Searching for dependencies of gz-common5-profiler
[0.277s] -- Searching for <gz-common5> component [events]
[0.277s] -- Looking for gz-common5-events -- found version 5.0.0
[0.277s] -- Searching for dependencies of gz-common5-events
[0.278s] -- Looking for gz-math7 -- found version 7.0.2
[0.278s] -- Searching for <gz-common5> component [av]
[0.278s] -- Looking for gz-common5-av -- found version 5.0.0
[0.279s] -- Searching for dependencies of gz-common5-av
[0.281s] -- Checking for module 'libswscale'
[0.288s] --   Found libswscale, version 5.9.100
[0.306s] -- Checking for module 'libavdevice >= 56.4.100'
[0.313s] --   Found libavdevice , version 58.13.100
[0.337s] -- Checking for module 'libavformat'
[0.344s] --   Found libavformat, version 58.76.100
[0.373s] -- Checking for module 'libavcodec'
[0.380s] --   Found libavcodec, version 58.134.100
[0.399s] -- Checking for module 'libavutil'
[0.405s] --   Found libavutil, version 56.70.100
[0.421s] -- Looking for gz-fuel_tools8 -- found version 8.0.0
[0.421s] -- Searching for dependencies of gz-fuel_tools8
[0.443s] -- Checking for module 'jsoncpp'
[0.450s] --   Found jsoncpp, version 1.9.5
[0.467s] -- Checking for module 'libzip'
[0.473s] --   Found libzip, version 1.7.3
[0.487s] -- Looking for gz-utils2 -- found version 2.0.0
[0.487s] -- Looking for gz-common5 -- found version 5.0.0
[0.487s] -- Looking for gz-math7 -- found version 7.0.2
[0.487s] -- Looking for gz-msgs9 -- found version 9.0.0
[0.488s] -- Looking for gz-gui7 -- found version 7.0.0
[0.489s] -- Searching for dependencies of gz-gui7
[0.504s] -- Looking for gz-utils2 -- found version 2.0.0
[0.504s] -- Looking for gz-math7 -- found version 7.0.2
[0.504s] -- Looking for gz-common5 -- found version 5.0.0
[0.505s] -- Looking for gz-plugin2 -- found version 2.0.0
[0.505s] -- Looking for gz-transport12 -- found version 12.0.0
[0.505s] -- Looking for gz-rendering7 -- found version 7.0.0
[0.506s] -- Searching for dependencies of gz-rendering7
[0.506s] -- Looking for gz-math7 -- found version 7.0.2
[0.506s] -- Searching for dependencies of gz-math7
[0.507s] -- Looking for gz-utils2 -- found version 2.0.0
[0.507s] -- Searching for <gz-math7> component [eigen3]
[0.507s] -- Looking for gz-math7-eigen3 -- found version 7.0.2
[0.507s] -- Searching for dependencies of gz-math7-eigen3
[0.509s] -- Looking for gz-common5 -- found version 5.0.0
[0.509s] -- Searching for dependencies of gz-common5
[0.509s] -- Looking for gz-utils2 -- found version 2.0.0
[0.509s] -- Looking for dlfcn.h - found
[0.509s] -- Looking for libdl - found
[0.515s] -- Searching for <gz-common5> component [graphics]
[0.515s] -- Looking for gz-common5-graphics -- found version 5.0.0
[0.515s] -- Searching for dependencies of gz-common5-graphics
[0.515s] -- Looking for gz-math7 -- found version 7.0.2
[0.518s] -- Searching for <gz-common5> component [events]
[0.518s] -- Searching for <gz-common5> component [geospatial]
[0.518s] -- Looking for gz-common5-geospatial -- found version 5.0.0
[0.519s] -- Searching for dependencies of gz-common5-geospatial
[0.519s] -- Looking for gz-math7 -- found version 7.0.2
[0.519s] -- Looking for gz-common5 -- found version 5.0.0
[0.520s] -- Looking for gz-plugin2 -- found version 2.0.0
[0.520s] -- Searching for dependencies of gz-plugin2
[0.520s] -- Looking for gz-utils2 -- found version 2.0.0
[0.520s] -- Searching for <gz-plugin2> component [all]
[0.520s] -- Looking for all libraries of gz-plugin2 -- found version 2.0.0
[0.521s] -- Looking for gz-plugin2 -- found version 2.0.0
[0.522s] -- Looking for gz-utils2 -- found version 2.0.0
[0.522s] -- Looking for gz-msgs9 -- found version 9.0.0
[0.534s] -- Looking for gz-physics6 -- found version 6.0.0
[0.534s] -- Searching for dependencies of gz-physics6
[0.534s] -- Looking for gz-math7 -- found version 7.0.2
[0.535s] -- Looking for gz-plugin2 -- found version 2.0.0
[0.535s] -- Looking for gz-utils2 -- found version 2.0.0
[0.536s] -- Searching for <gz-physics6> component [heightmap]
[0.536s] -- Looking for gz-physics6-heightmap -- found version 6.0.0
[0.536s] -- Searching for dependencies of gz-physics6-heightmap
[0.536s] -- Looking for gz-common5 -- found version 5.0.0
[0.537s] -- Searching for <gz-physics6> component [mesh]
[0.537s] -- Looking for gz-physics6-mesh -- found version 6.0.0
[0.537s] -- Searching for dependencies of gz-physics6-mesh
[0.537s] -- Looking for gz-common5 -- found version 5.0.0
[0.537s] -- Searching for <gz-physics6> component [sdf]
[0.538s] -- Looking for gz-physics6-sdf -- found version 6.0.0
[0.538s] -- Searching for dependencies of gz-physics6-sdf
[0.538s] -- Looking for sdformat13 -- found version 13.0.1
[0.539s] -- Looking for gz-sensors7 -- found version 7.0.0
[0.539s] -- Searching for dependencies of gz-sensors7
[0.551s] -- Looking for gz-math7 -- found version 7.0.2
[0.551s] -- Looking for gz-common5 -- found version 5.0.0
[0.552s] -- Looking for gz-transport12 -- found version 12.0.0
[0.552s] -- Looking for gz-rendering7 -- found version 7.0.0
[0.552s] -- Looking for gz-msgs9 -- found version 9.0.0
[0.552s] -- Looking for sdformat13 -- found version 13.0.1
[0.553s] -- Searching for <gz-sensors7> component [air_pressure]
[0.553s] -- Looking for gz-sensors7-air_pressure -- found version 7.0.0
[0.553s] -- Searching for dependencies of gz-sensors7-air_pressure
[0.554s] -- Searching for <gz-sensors7> component [altimeter]
[0.554s] -- Looking for gz-sensors7-altimeter -- found version 7.0.0
[0.554s] -- Searching for dependencies of gz-sensors7-altimeter
[0.555s] -- Searching for <gz-sensors7> component [imu]
[0.555s] -- Looking for gz-sensors7-imu -- found version 7.0.0
[0.555s] -- Searching for dependencies of gz-sensors7-imu
[0.556s] -- Searching for <gz-sensors7> component [force_torque]
[0.556s] -- Looking for gz-sensors7-force_torque -- found version 7.0.0
[0.556s] -- Searching for dependencies of gz-sensors7-force_torque
[0.556s] -- Searching for <gz-sensors7> component [logical_camera]
[0.557s] -- Looking for gz-sensors7-logical_camera -- found version 7.0.0
[0.557s] -- Searching for dependencies of gz-sensors7-logical_camera
[0.557s] -- Searching for <gz-sensors7> component [magnetometer]
[0.558s] -- Looking for gz-sensors7-magnetometer -- found version 7.0.0
[0.558s] -- Searching for dependencies of gz-sensors7-magnetometer
[0.558s] -- Searching for <gz-sensors7> component [navsat]
[0.559s] -- Looking for gz-sensors7-navsat -- found version 7.0.0
[0.559s] -- Searching for dependencies of gz-sensors7-navsat
[0.559s] -- Searching for <gz-sensors7> component [rendering]
[0.560s] -- Looking for gz-sensors7-rendering -- found version 7.0.0
[0.560s] -- Searching for dependencies of gz-sensors7-rendering
[0.560s] -- Searching for <gz-sensors7> component [lidar]
[0.561s] -- Looking for gz-sensors7-lidar -- found version 7.0.0
[0.561s] -- Searching for dependencies of gz-sensors7-lidar
[0.562s] -- Searching for <gz-sensors7> component [gpu_lidar]
[0.562s] -- Looking for gz-sensors7-gpu_lidar -- found version 7.0.0
[0.562s] -- Searching for dependencies of gz-sensors7-gpu_lidar
[0.562s] -- Searching for <gz-sensors7> component [camera]
[0.563s] -- Looking for gz-sensors7-camera -- found version 7.0.0
[0.563s] -- Searching for dependencies of gz-sensors7-camera
[0.563s] -- Searching for <gz-sensors7> component [boundingbox_camera]
[0.564s] -- Looking for gz-sensors7-boundingbox_camera -- found version 7.0.0
[0.564s] -- Searching for dependencies of gz-sensors7-boundingbox_camera
[0.564s] -- Searching for <gz-sensors7> component [segmentation_camera]
[0.565s] -- Looking for gz-sensors7-segmentation_camera -- found version 7.0.0
[0.565s] -- Searching for dependencies of gz-sensors7-segmentation_camera
[0.565s] -- Searching for <gz-sensors7> component [depth_camera]
[0.566s] -- Looking for gz-sensors7-depth_camera -- found version 7.0.0
[0.566s] -- Searching for dependencies of gz-sensors7-depth_camera
[0.566s] -- Searching for <gz-sensors7> component [rgbd_camera]
[0.567s] -- Looking for gz-sensors7-rgbd_camera -- found version 7.0.0
[0.567s] -- Searching for dependencies of gz-sensors7-rgbd_camera
[0.567s] -- Searching for <gz-sensors7> component [thermal_camera]
[0.568s] -- Looking for gz-sensors7-thermal_camera -- found version 7.0.0
[0.568s] -- Searching for dependencies of gz-sensors7-thermal_camera
[0.568s] -- Searching for <gz-sensors7> component [wide_angle_camera]
[0.569s] -- Looking for gz-sensors7-wide_angle_camera -- found version 7.0.0
[0.569s] -- Searching for dependencies of gz-sensors7-wide_angle_camera
[0.570s] -- Looking for gz-rendering7 -- found version 7.0.0
[0.570s] -- Looking for gz-math7 -- found version 7.0.2
[0.570s] -- Looking for gz-utils2 -- found version 2.0.0
[0.583s] -- Found ament_lint_auto: 0.12.4 (/opt/ros/humble/share/ament_lint_auto/cmake)
[0.626s] -- Added test 'cppcheck' to perform static code analysis on C / C++ code
[0.626s] -- Configured cppcheck include dirs: 
[0.626s] -- Configured cppcheck exclude dirs and/or files: 
[0.626s] -- Added test 'lint_cmake' to check CMake code style
[0.627s] -- Added test 'uncrustify' to check C / C++ code style
[0.627s] -- Configured uncrustify additional arguments: 
[0.627s] -- Added test 'xmllint' to check XML markup files
[0.628s] -- Configuring done
[0.630s] [31mCMake Error at CMakeLists.txt:18 (add_library):
[0.630s]   Cannot find source file:
[0.630s] 
[0.630s]     src/MoveEntity.cpp
[0.630s] 
[0.630s]   Tried extensions .c .C .c++ .cc .cpp .cxx .cu .mpp .m .M .mm .ixx .cppm .h
[0.630s]   .hh .h++ .hm .hpp .hxx .in .txx .f .F .for .f77 .f90 .f95 .f03 .hip .ispc
[0.630s] 
[0.630s] [0m
[0.630s] [31mCMake Error at CMakeLists.txt:18 (add_library):
[0.630s]   No SOURCES given to target: SampleSystem
[0.630s] 
[0.630s] [0m
[0.630s] [0mCMake Generate step failed.  Build files cannot be regenerated correctly.[0m
[0.634s] gmake: *** [Makefile:267: cmake_check_build_system] Error 1
[0.635s] Invoked command in '/home/hollis/osu-uwrt/riptide_software/src/riptide_gazebo/Assets/Plugins/build/uwrt_gz' returned '2': CMAKE_PREFIX_PATH=${CMAKE_PREFIX_PATH}:/home/hollis/osu-uwrt/dependencies/install/microstrain_inertial_rqt:/home/hollis/osu-uwrt/dependencies/install/echo_video:/home/hollis/osu-uwrt/dependencies/install/camera_calibration:/home/hollis/osu-uwrt/riptide_software/install/riptide_teleop2:/home/hollis/osu-uwrt/riptide_software/install/riptide_rqt_plugins2:/home/hollis/osu-uwrt/riptide_software/install/riptide_hardware2:/home/hollis/osu-uwrt/riptide_software/install/riptide_controllers2:/home/hollis/osu-uwrt/riptide_software/install/riptide_mapping2:/home/hollis/osu-uwrt/riptide_software/install/riptide_localization2:/home/hollis/osu-uwrt/riptide_software/install/riptide_bringup2:/home/hollis/osu-uwrt/riptide_software/install/riptide_SNIB:/opt/ros/humble /usr/bin/cmake --build /home/hollis/osu-uwrt/riptide_software/src/riptide_gazebo/Assets/Plugins/build/uwrt_gz -- -j20 -l20
