[01m[K/home/hollis/osu-uwrt/riptide_software/src/riptide_gazebo/Assets/Plugins/uwrt_gz/src/SampleSystem.cpp:[m[K In member function ‘[01m[Kvirtual void uwrt_gz::MyPlugin::PostUpdate(const gz::sim::v7::UpdateInfo&, const gz::sim::v7::EntityComponentManager&)[m[K’:
[01m[K/home/hollis/osu-uwrt/riptide_software/src/riptide_gazebo/Assets/Plugins/uwrt_gz/src/SampleSystem.cpp:22:68:[m[K [01;35m[Kwarning: [m[Kunused parameter ‘[01m[K_ecm[m[K’ [[01;35m[K]8;;https://gcc.gnu.org/onlinedocs/gcc/Warning-Options.html#index-Wunused-parameter-Wunused-parameter]8;;[m[K]
   22 |                             [01;35m[Kconst gz::sim::EntityComponentManager &_ecm[m[K) override
      |                             [01;35m[K~~~~~~~~~~~~~~~~~~~~~~~~~~~~~~~~~~~~~~~^~~~[m[K
In file included from [01m[K/usr/include/gz/plugin2/gz/plugin/detail/Register.hh:26[m[K,
                 from [01m[K/usr/include/gz/plugin2/gz/plugin/Register.hh:22[m[K,
                 from [01m[K/home/hollis/osu-uwrt/riptide_software/src/riptide_gazebo/Assets/Plugins/uwrt_gz/src/SampleSystem.cpp:8[m[K:
/usr/include/gz/plugin2/gz/plugin/detail/Common.hh: In instantiation of ‘[01m[Kgz::plugin::v1::Info gz::plugin::detail::MakeInfo() [with PluginClass = uwrt_gz::MyPlugin; Interfaces = {gz::sim::v7::System, gz::sim::v7::ISystemConfigure, gz::sim::v7::ISystemPostUpdate}][m[K’:
[01m[K/usr/include/gz/plugin2/gz/plugin/detail/Register.hh:257:59:[m[K   required from ‘[01m[Kstatic void gz::plugin::detail::Registrar<PluginClass, Interfaces>::Register() [with PluginClass = uwrt_gz::MyPlugin; Interfaces = {gz::sim::v7::System, gz::sim::v7::ISystemConfigure, gz::sim::v7::ISystemPostUpdate}][m[K’
[01m[K/home/hollis/osu-uwrt/riptide_software/src/riptide_gazebo/Assets/Plugins/uwrt_gz/src/SampleSystem.cpp:34:1:[m[K   required from here
[01m[K/usr/include/gz/plugin2/gz/plugin/detail/Common.hh:160:37:[m[K [01;31m[Kerror: [m[Kinvalid new-expression of abstract class type ‘[01m[Kuwrt_gz::MyPlugin[m[K’
  160 |           return static_cast<void*>([01;31m[Knew PluginClass[m[K);
      |                                     [01;31m[K^~~~~~~~~~~~~~~[m[K
[01m[K/home/hollis/osu-uwrt/riptide_software/src/riptide_gazebo/Assets/Plugins/uwrt_gz/src/SampleSystem.cpp:14:9:[m[K [01;36m[Knote: [m[K  because the following virtual functions are pure within ‘[01m[Kuwrt_gz::MyPlugin[m[K’:
   14 |   class [01;36m[KMyPlugin[m[K
      |         [01;36m[K^~~~~~~~[m[K
In file included from [01m[K/home/hollis/osu-uwrt/riptide_software/src/riptide_gazebo/Assets/Plugins/uwrt_gz/src/SampleSystem.cpp:4[m[K:
[01m[K/usr/include/gz/sim7/gz/sim/System.hh:96:28:[m[K [01;36m[Knote: [m[K    ‘[01m[Kvirtual void gz::sim::v7::ISystemConfigure::Configure(const Entity&, const std::shared_ptr<const sdf::v13::Element>&, gz::sim::v7::EntityComponentManager&, gz::sim::v7::EventManager&)[m[K’
   96 |       public: virtual void [01;36m[KConfigure[m[K(
      |                            [01;36m[K^~~~~~~~~[m[K
In file included from [01m[K/usr/include/gz/plugin2/gz/plugin/detail/Register.hh:26[m[K,
                 from [01m[K/usr/include/gz/plugin2/gz/plugin/Register.hh:22[m[K,
                 from [01m[K/home/hollis/osu-uwrt/riptide_software/src/riptide_gazebo/Assets/Plugins/uwrt_gz/src/SampleSystem.cpp:8[m[K:
[01m[K/usr/include/gz/plugin2/gz/plugin/detail/Common.hh:148:22:[m[K [01;31m[Kerror: [m[Kno match for ‘[01m[Koperator=[m[K’ (operand types are ‘[01m[Kstd::function<void*()>[m[K’ and ‘[01m[Kgz::plugin::detail::MakeInfo<uwrt_gz::MyPlugin, gz::sim::v7::System, gz::sim::v7::ISystemConfigure, gz::sim::v7::ISystemPostUpdate>()::<lambda()>[m[K’)
  148 |         [01;31m[Kinfo.factory = [=]()[m[K
      |         [01;31m[K~~~~~~~~~~~~~^~~~~~~[m[K
  149 | [01;31m[K        {[m[K
      |         [01;31m[K~[m[K             
  150 | [01;31m[K          // vvvvvvvvvvvvvvvvvvvvvvvv  READ ME  vvvvvvvvvvvvvvvvvvvvvvvvvvvvv[m[K
      |           [01;31m[K~~~~~~~~~~~~~~~~~~~~~~~~~~~~~~~~~~~~~~~~~~~~~~~~~~~~~~~~~~~~~~~~~~~[m[K
  151 | [01;31m[K          // If you get a compilation error here, then you are trying to[m[K
      |           [01;31m[K~~~~~~~~~~~~~~~~~~~~~~~~~~~~~~~~~~~~~~~~~~~~~~~~~~~~~~~~~~~~~~[m[K
  152 | [01;31m[K          // register an abstract class as a plugin, which is not allowed. To[m[K
      |           [01;31m[K~~~~~~~~~~~~~~~~~~~~~~~~~~~~~~~~~~~~~~~~~~~~~~~~~~~~~~~~~~~~~~~~~~~[m[K
  153 | [01;31m[K          // register a plugin class, every one if its virtual functions must[m[K
      |           [01;31m[K~~~~~~~~~~~~~~~~~~~~~~~~~~~~~~~~~~~~~~~~~~~~~~~~~~~~~~~~~~~~~~~~~~~[m[K
  154 | [01;31m[K          // have a definition.[m[K
      |           [01;31m[K~~~~~~~~~~~~~~~~~~~~~[m[K
  155 | [01;31m[K          //[m[K
      |           [01;31m[K~~[m[K          
  156 | [01;31m[K          // Read through the error produced by your compiler to see which[m[K
      |           [01;31m[K~~~~~~~~~~~~~~~~~~~~~~~~~~~~~~~~~~~~~~~~~~~~~~~~~~~~~~~~~~~~~~~~[m[K
  157 | [01;31m[K          // pure virtual functions you are neglecting to provide overrides[m[K
      |           [01;31m[K~~~~~~~~~~~~~~~~~~~~~~~~~~~~~~~~~~~~~~~~~~~~~~~~~~~~~~~~~~~~~~~~~[m[K
  158 | [01;31m[K          // for.[m[K
      |           [01;31m[K~~~~~~~[m[K     
  159 | [01;31m[K          // ^^^^^^^^^^^^^ READ ABOVE FOR COMPILATION ERRORS ^^^^^^^^^^^^^^^^[m[K
      |           [01;31m[K~~~~~~~~~~~~~~~~~~~~~~~~~~~~~~~~~~~~~~~~~~~~~~~~~~~~~~~~~~~~~~~~~~~[m[K
  160 | [01;31m[K          return static_cast<void*>(new PluginClass);[m[K
      |           [01;31m[K~~~~~~~~~~~~~~~~~~~~~~~~~~~~~~~~~~~~~~~~~~~[m[K
  161 | [01;31m[K        }[m[K;
      |         [01;31m[K~[m[K             
In file included from [01m[K/usr/include/c++/11/functional:59[m[K,
                 from [01m[K/usr/include/c++/11/pstl/glue_algorithm_defs.h:13[m[K,
                 from [01m[K/usr/include/c++/11/algorithm:74[m[K,
                 from [01m[K/usr/include/google/protobuf/stubs/common.h:38[m[K,
                 from [01m[K/usr/include/google/protobuf/io/coded_stream.h:141[m[K,
                 from [01m[K/usr/include/gz/msgs9/gz/msgs/details/serialized.pb.h:23[m[K,
                 from [01m[K/usr/include/gz/msgs9/gz/msgs/serialized.pb.h:17[m[K,
                 from [01m[K/usr/include/gz/sim7/gz/sim/EntityComponentManager.hh:20[m[K,
                 from [01m[K/usr/include/gz/sim7/gz/sim/System.hh:23[m[K,
                 from [01m[K/home/hollis/osu-uwrt/riptide_software/src/riptide_gazebo/Assets/Plugins/uwrt_gz/src/SampleSystem.cpp:4[m[K:
[01m[K/usr/include/c++/11/bits/std_function.h:530:9:[m[K [01;36m[Knote: [m[Kcandidate: ‘[01m[Ktemplate<class _Functor> std::function<_Res(_ArgTypes ...)>::_Requires<std::function<_Res(_ArgTypes ...)>::_Callable<_Functor>, std::function<_Res(_ArgTypes ...)>&> std::function<_Res(_ArgTypes ...)>::operator=(_Functor&&) [with _Functor = _Functor; _Res = void*; _ArgTypes = {}][m[K’
  530 |         [01;36m[Koperator[m[K=(_Functor&& __f)
      |         [01;36m[K^~~~~~~~[m[K
[01m[K/usr/include/c++/11/bits/std_function.h:530:9:[m[K [01;36m[Knote: [m[K  template argument deduction/substitution failed:
In file included from [01m[K/usr/include/c++/11/bits/move.h:57[m[K,
                 from [01m[K/usr/include/c++/11/bits/stl_pair.h:59[m[K,
                 from [01m[K/usr/include/c++/11/bits/stl_algobase.h:64[m[K,
                 from [01m[K/usr/include/c++/11/bits/char_traits.h:39[m[K,
                 from [01m[K/usr/include/c++/11/string:40[m[K,
                 from [01m[K/home/hollis/osu-uwrt/riptide_software/src/riptide_gazebo/Assets/Plugins/uwrt_gz/src/SampleSystem.cpp:1[m[K:
/usr/include/c++/11/type_traits: In substitution of ‘[01m[Ktemplate<bool _Cond, class _Tp> using __enable_if_t = typename std::enable_if::type [with bool _Cond = false; _Tp = std::function<void*()>&][m[K’:
[01m[K/usr/include/c++/11/bits/std_function.h:353:8:[m[K   required by substitution of ‘[01m[Ktemplate<class _Res, class ... _ArgTypes> template<class _Cond, class _Tp> using _Requires = std::__enable_if_t<_Cond::value, _Tp> [with _Cond = std::function<void*()>::_Callable<gz::plugin::detail::MakeInfo<uwrt_gz::MyPlugin, gz::sim::v7::System, gz::sim::v7::ISystemConfigure, gz::sim::v7::ISystemPostUpdate>()::<lambda()>, gz::plugin::detail::MakeInfo<uwrt_gz::MyPlugin, gz::sim::v7::System, gz::sim::v7::ISystemConfigure, gz::sim::v7::ISystemPostUpdate>()::<lambda()>, std::__invoke_result<gz::plugin::detail::MakeInfo<uwrt_gz::MyPlugin, gz::sim::v7::System, gz::sim::v7::ISystemConfigure, gz::sim::v7::ISystemPostUpdate>()::<lambda()>&> >; _Tp = std::function<void*()>&; _Res = void*; _ArgTypes = {}][m[K’
[01m[K/usr/include/c++/11/bits/std_function.h:530:2:[m[K   required by substitution of ‘[01m[Ktemplate<class _Functor> std::function<void*()>::_Requires<std::function<void*()>::_Callable<_Functor, typename std::enable_if<(! std::is_same<typename std::remove_cv<typename std::remove_reference<_Tp>::type>::type, std::function<void*()> >::value), std::decay<_Tp> >::type::type, std::__invoke_result<typename std::enable_if<(! std::is_same<typename std::remove_cv<typename std::remove_reference<_Tp>::type>::type, std::function<void*()> >::value), std::decay<_Tp> >::type::type&> >, std::function<void*()>&> std::function<void*()>::operator=<_Functor>(_Functor&&) [with _Functor = gz::plugin::detail::MakeInfo<uwrt_gz::MyPlugin, gz::sim::v7::System, gz::sim::v7::ISystemConfigure, gz::sim::v7::ISystemPostUpdate>()::<lambda()>][m[K’
[01m[K/usr/include/gz/plugin2/gz/plugin/detail/Common.hh:148:22:[m[K   required from ‘[01m[Kgz::plugin::v1::Info gz::plugin::detail::MakeInfo() [with PluginClass = uwrt_gz::MyPlugin; Interfaces = {gz::sim::v7::System, gz::sim::v7::ISystemConfigure, gz::sim::v7::ISystemPostUpdate}][m[K’
[01m[K/usr/include/gz/plugin2/gz/plugin/detail/Register.hh:257:59:[m[K   required from ‘[01m[Kstatic void gz::plugin::detail::Registrar<PluginClass, Interfaces>::Register() [with PluginClass = uwrt_gz::MyPlugin; Interfaces = {gz::sim::v7::System, gz::sim::v7::ISystemConfigure, gz::sim::v7::ISystemPostUpdate}][m[K’
[01m[K/home/hollis/osu-uwrt/riptide_software/src/riptide_gazebo/Assets/Plugins/uwrt_gz/src/SampleSystem.cpp:34:1:[m[K   required from here
[01m[K/usr/include/c++/11/type_traits:2211:11:[m[K [01;31m[Kerror: [m[Kno type named ‘[01m[Ktype[m[K’ in ‘[01m[Kstruct std::enable_if<false, std::function<void*()>&>[m[K’
 2211 |     using [01;31m[K__enable_if_t[m[K = typename enable_if<_Cond, _Tp>::type;
      |           [01;31m[K^~~~~~~~~~~~~[m[K
In file included from [01m[K/usr/include/c++/11/functional:59[m[K,
                 from [01m[K/usr/include/c++/11/pstl/glue_algorithm_defs.h:13[m[K,
                 from [01m[K/usr/include/c++/11/algorithm:74[m[K,
                 from [01m[K/usr/include/google/protobuf/stubs/common.h:38[m[K,
                 from [01m[K/usr/include/google/protobuf/io/coded_stream.h:141[m[K,
                 from [01m[K/usr/include/gz/msgs9/gz/msgs/details/serialized.pb.h:23[m[K,
                 from [01m[K/usr/include/gz/msgs9/gz/msgs/serialized.pb.h:17[m[K,
                 from [01m[K/usr/include/gz/sim7/gz/sim/EntityComponentManager.hh:20[m[K,
                 from [01m[K/usr/include/gz/sim7/gz/sim/System.hh:23[m[K,
                 from [01m[K/home/hollis/osu-uwrt/riptide_software/src/riptide_gazebo/Assets/Plugins/uwrt_gz/src/SampleSystem.cpp:4[m[K:
/usr/include/gz/plugin2/gz/plugin/detail/Common.hh: In instantiation of ‘[01m[Kgz::plugin::v1::Info gz::plugin::detail::MakeInfo() [with PluginClass = uwrt_gz::MyPlugin; Interfaces = {gz::sim::v7::System, gz::sim::v7::ISystemConfigure, gz::sim::v7::ISystemPostUpdate}][m[K’:
[01m[K/usr/include/gz/plugin2/gz/plugin/detail/Register.hh:257:59:[m[K   required from ‘[01m[Kstatic void gz::plugin::detail::Registrar<PluginClass, Interfaces>::Register() [with PluginClass = uwrt_gz::MyPlugin; Interfaces = {gz::sim::v7::System, gz::sim::v7::ISystemConfigure, gz::sim::v7::ISystemPostUpdate}][m[K’
[01m[K/home/hollis/osu-uwrt/riptide_software/src/riptide_gazebo/Assets/Plugins/uwrt_gz/src/SampleSystem.cpp:34:1:[m[K   required from here
[01m[K/usr/include/c++/11/bits/std_function.h:540:9:[m[K [01;36m[Knote: [m[Kcandidate: ‘[01m[Ktemplate<class _Functor> std::function<_Res(_ArgTypes ...)>& std::function<_Res(_ArgTypes ...)>::operator=(std::reference_wrapper<_Functor>) [with _Functor = _Functor; _Res = void*; _ArgTypes = {}][m[K’
  540 |         [01;36m[Koperator[m[K=(reference_wrapper<_Functor> __f) noexcept
      |         [01;36m[K^~~~~~~~[m[K
[01m[K/usr/include/c++/11/bits/std_function.h:540:9:[m[K [01;36m[Knote: [m[K  template argument deduction/substitution failed:
In file included from [01m[K/usr/include/gz/plugin2/gz/plugin/detail/Register.hh:26[m[K,
                 from [01m[K/usr/include/gz/plugin2/gz/plugin/Register.hh:22[m[K,
                 from [01m[K/home/hollis/osu-uwrt/riptide_software/src/riptide_gazebo/Assets/Plugins/uwrt_gz/src/SampleSystem.cpp:8[m[K:
[01m[K/usr/include/gz/plugin2/gz/plugin/detail/Common.hh:148:22:[m[K [01;36m[Knote: [m[K  ‘[01m[Kgz::plugin::detail::MakeInfo<uwrt_gz::MyPlugin, gz::sim::v7::System, gz::sim::v7::ISystemConfigure, gz::sim::v7::ISystemPostUpdate>()::<lambda()>[m[K’ is not derived from ‘[01m[Kstd::reference_wrapper<_Tp>[m[K’
  148 |         [01;36m[Kinfo.factory = [=]()[m[K
      |         [01;36m[K~~~~~~~~~~~~~^~~~~~~[m[K
  149 | [01;36m[K        {[m[K
      |         [01;36m[K~[m[K             
  150 | [01;36m[K          // vvvvvvvvvvvvvvvvvvvvvvvv  READ ME  vvvvvvvvvvvvvvvvvvvvvvvvvvvvv[m[K
      |           [01;36m[K~~~~~~~~~~~~~~~~~~~~~~~~~~~~~~~~~~~~~~~~~~~~~~~~~~~~~~~~~~~~~~~~~~~[m[K
  151 | [01;36m[K          // If you get a compilation error here, then you are trying to[m[K
      |           [01;36m[K~~~~~~~~~~~~~~~~~~~~~~~~~~~~~~~~~~~~~~~~~~~~~~~~~~~~~~~~~~~~~~[m[K
  152 | [01;36m[K          // register an abstract class as a plugin, which is not allowed. To[m[K
      |           [01;36m[K~~~~~~~~~~~~~~~~~~~~~~~~~~~~~~~~~~~~~~~~~~~~~~~~~~~~~~~~~~~~~~~~~~~[m[K
  153 | [01;36m[K          // register a plugin class, every one if its virtual functions must[m[K
      |           [01;36m[K~~~~~~~~~~~~~~~~~~~~~~~~~~~~~~~~~~~~~~~~~~~~~~~~~~~~~~~~~~~~~~~~~~~[m[K
  154 | [01;36m[K          // have a definition.[m[K
      |           [01;36m[K~~~~~~~~~~~~~~~~~~~~~[m[K
  155 | [01;36m[K          //[m[K
      |           [01;36m[K~~[m[K          
  156 | [01;36m[K          // Read through the error produced by your compiler to see which[m[K
      |           [01;36m[K~~~~~~~~~~~~~~~~~~~~~~~~~~~~~~~~~~~~~~~~~~~~~~~~~~~~~~~~~~~~~~~~[m[K
  157 | [01;36m[K          // pure virtual functions you are neglecting to provide overrides[m[K
      |           [01;36m[K~~~~~~~~~~~~~~~~~~~~~~~~~~~~~~~~~~~~~~~~~~~~~~~~~~~~~~~~~~~~~~~~~[m[K
  158 | [01;36m[K          // for.[m[K
      |           [01;36m[K~~~~~~~[m[K     
  159 | [01;36m[K          // ^^^^^^^^^^^^^ READ ABOVE FOR COMPILATION ERRORS ^^^^^^^^^^^^^^^^[m[K
      |           [01;36m[K~~~~~~~~~~~~~~~~~~~~~~~~~~~~~~~~~~~~~~~~~~~~~~~~~~~~~~~~~~~~~~~~~~~[m[K
  160 | [01;36m[K          return static_cast<void*>(new PluginClass);[m[K
      |           [01;36m[K~~~~~~~~~~~~~~~~~~~~~~~~~~~~~~~~~~~~~~~~~~~[m[K
  161 | [01;36m[K        }[m[K;
      |         [01;36m[K~[m[K             
In file included from [01m[K/usr/include/c++/11/functional:59[m[K,
                 from [01m[K/usr/include/c++/11/pstl/glue_algorithm_defs.h:13[m[K,
                 from [01m[K/usr/include/c++/11/algorithm:74[m[K,
                 from [01m[K/usr/include/google/protobuf/stubs/common.h:38[m[K,
                 from [01m[K/usr/include/google/protobuf/io/coded_stream.h:141[m[K,
                 from [01m[K/usr/include/gz/msgs9/gz/msgs/details/serialized.pb.h:23[m[K,
                 from [01m[K/usr/include/gz/msgs9/gz/msgs/serialized.pb.h:17[m[K,
                 from [01m[K/usr/include/gz/sim7/gz/sim/EntityComponentManager.hh:20[m[K,
                 from [01m[K/usr/include/gz/sim7/gz/sim/System.hh:23[m[K,
                 from [01m[K/home/hollis/osu-uwrt/riptide_software/src/riptide_gazebo/Assets/Plugins/uwrt_gz/src/SampleSystem.cpp:4[m[K:
[01m[K/usr/include/c++/11/bits/std_function.h:469:7:[m[K [01;36m[Knote: [m[Kcandidate: ‘[01m[Kstd::function<_Res(_ArgTypes ...)>& std::function<_Res(_ArgTypes ...)>::operator=(const std::function<_Res(_ArgTypes ...)>&) [with _Res = void*; _ArgTypes = {}][m[K’
  469 |       [01;36m[Koperator[m[K=(const function& __x)
      |       [01;36m[K^~~~~~~~[m[K
[01m[K/usr/include/c++/11/bits/std_function.h:469:33:[m[K [01;36m[Knote: [m[K  no known conversion for argument 1 from ‘[01m[Kgz::plugin::detail::MakeInfo<uwrt_gz::MyPlugin, gz::sim::v7::System, gz::sim::v7::ISystemConfigure, gz::sim::v7::ISystemPostUpdate>()::<lambda()>[m[K’ to ‘[01m[Kconst std::function<void*()>&[m[K’
  469 |       operator=([01;36m[Kconst function& __x[m[K)
      |                 [01;36m[K~~~~~~~~~~~~~~~~^~~[m[K
[01m[K/usr/include/c++/11/bits/std_function.h:487:7:[m[K [01;36m[Knote: [m[Kcandidate: ‘[01m[Kstd::function<_Res(_ArgTypes ...)>& std::function<_Res(_ArgTypes ...)>::operator=(std::function<_Res(_ArgTypes ...)>&&) [with _Res = void*; _ArgTypes = {}][m[K’
  487 |       [01;36m[Koperator[m[K=(function&& __x) noexcept
      |       [01;36m[K^~~~~~~~[m[K
[01m[K/usr/include/c++/11/bits/std_function.h:487:28:[m[K [01;36m[Knote: [m[K  no known conversion for argument 1 from ‘[01m[Kgz::plugin::detail::MakeInfo<uwrt_gz::MyPlugin, gz::sim::v7::System, gz::sim::v7::ISystemConfigure, gz::sim::v7::ISystemPostUpdate>()::<lambda()>[m[K’ to ‘[01m[Kstd::function<void*()>&&[m[K’
  487 |       operator=([01;36m[Kfunction&& __x[m[K) noexcept
      |                 [01;36m[K~~~~~~~~~~~^~~[m[K
[01m[K/usr/include/c++/11/bits/std_function.h:501:7:[m[K [01;36m[Knote: [m[Kcandidate: ‘[01m[Kstd::function<_Res(_ArgTypes ...)>& std::function<_Res(_ArgTypes ...)>::operator=(std::nullptr_t) [with _Res = void*; _ArgTypes = {}; std::nullptr_t = std::nullptr_t][m[K’
  501 |       [01;36m[Koperator[m[K=(nullptr_t) noexcept
      |       [01;36m[K^~~~~~~~[m[K
[01m[K/usr/include/c++/11/bits/std_function.h:501:17:[m[K [01;36m[Knote: [m[K  no known conversion for argument 1 from ‘[01m[Kgz::plugin::detail::MakeInfo<uwrt_gz::MyPlugin, gz::sim::v7::System, gz::sim::v7::ISystemConfigure, gz::sim::v7::ISystemPostUpdate>()::<lambda()>[m[K’ to ‘[01m[Kstd::nullptr_t[m[K’
  501 |       operator=([01;36m[Knullptr_t[m[K) noexcept
      |                 [01;36m[K^~~~~~~~~[m[K
gmake[2]: *** [CMakeFiles/SampleSystem.dir/build.make:76: CMakeFiles/SampleSystem.dir/src/SampleSystem.cpp.o] Error 1
gmake[1]: *** [CMakeFiles/Makefile2:137: CMakeFiles/SampleSystem.dir/all] Error 2
gmake: *** [Makefile:146: all] Error 2
