[0.010s] Invoking command in '/home/hollis/osu-uwrt/riptide_software/src/riptide_gazebo/Assets/Plugins/build/uwrt_gz': CMAKE_PREFIX_PATH=${CMAKE_PREFIX_PATH}:/home/hollis/osu-uwrt/dependencies/install/microstrain_inertial_rqt:/home/hollis/osu-uwrt/dependencies/install/echo_video:/home/hollis/osu-uwrt/dependencies/install/camera_calibration:/home/hollis/osu-uwrt/riptide_software/install/riptide_teleop2:/home/hollis/osu-uwrt/riptide_software/install/riptide_rqt_plugins2:/home/hollis/osu-uwrt/riptide_software/install/riptide_hardware2:/home/hollis/osu-uwrt/riptide_software/install/riptide_controllers2:/home/hollis/osu-uwrt/riptide_software/install/riptide_mapping2:/home/hollis/osu-uwrt/riptide_software/install/riptide_localization2:/home/hollis/osu-uwrt/riptide_software/install/riptide_bringup2:/home/hollis/osu-uwrt/riptide_software/install/riptide_SNIB:/opt/ros/humble /usr/bin/cmake /home/hollis/osu-uwrt/riptide_software/src/riptide_gazebo/Assets/Plugins/uwrt_gz -DCMAKE_INSTALL_PREFIX=/home/hollis/osu-uwrt/riptide_software/src/riptide_gazebo/Assets/Plugins/install/uwrt_gz
[0.065s] -- The C compiler identification is GNU 12.1.0
[0.097s] -- The CXX compiler identification is GNU 11.3.0
[0.101s] -- Detecting C compiler ABI info
[0.148s] -- Detecting C compiler ABI info - done
[0.153s] -- Check for working C compiler: /usr/bin/cc - skipped
[0.153s] -- Detecting C compile features
[0.153s] -- Detecting C compile features - done
[0.155s] -- Detecting CXX compiler ABI info
[0.199s] -- Detecting CXX compiler ABI info - done
[0.204s] -- Check for working CXX compiler: /usr/bin/c++ - skipped
[0.204s] -- Detecting CXX compile features
[0.205s] -- Detecting CXX compile features - done
[0.210s] -- Found ament_cmake: 1.3.2 (/opt/ros/humble/share/ament_cmake/cmake)
[0.339s] -- Found Python3: /usr/bin/python3.10 (found version "3.10.6") found components: Interpreter 
[0.425s] -- Looking for gz-plugin2 -- found version 2.0.0
[0.426s] -- Searching for dependencies of gz-plugin2
[0.427s] -- Looking for gz-utils2 -- found version 2.0.0
[0.427s] -- Searching for dependencies of gz-utils2
[0.428s] -- Searching for <gz-utils2> component [cli]
[0.430s] -- Looking for gz-utils2-cli -- found version 2.0.0
[0.430s] -- Searching for dependencies of gz-utils2-cli
[0.431s] -- Searching for <gz-plugin2> component [register]
[0.434s] -- Looking for gz-plugin2-register -- found version 2.0.0
[0.434s] -- Searching for dependencies of gz-plugin2-register
[0.438s] -- Looking for gz-sim7 -- found version 7.0.0
[0.438s] -- Searching for dependencies of gz-sim7
[0.441s] -- Looking for sdformat13 -- found version 13.0.1
[0.441s] -- Searching for dependencies of sdformat13
[0.444s] -- Checking for module 'tinyxml2'
[0.453s] --   Found tinyxml2, version 9.0.0
[0.473s] -- Looking for gz-math7 -- found version 7.0.2
[0.473s] -- Searching for dependencies of gz-math7
[0.473s] -- Looking for gz-utils2 -- found version 2.0.0
[0.474s] -- Looking for gz-utils2 -- found version 2.0.0
[0.474s] -- Looking for gz-plugin2 -- found version 2.0.0
[0.474s] -- Searching for dependencies of gz-plugin2
[0.475s] -- Looking for gz-utils2 -- found version 2.0.0
[0.475s] -- Searching for <gz-plugin2> component [loader]
[0.477s] -- Looking for gz-plugin2-loader -- found version 2.0.0
[0.477s] -- Searching for dependencies of gz-plugin2-loader
[0.477s] -- Searching for <gz-plugin2> component [register]
[0.480s] -- Looking for gz-transport12 -- found version 12.0.0
[0.480s] -- Searching for dependencies of gz-transport12
[0.594s] -- Found Protobuf: /usr/lib/x86_64-linux-gnu/libprotobuf.so (found suitable version "3.12.4", minimum required is "3") 
[0.602s] -- Config-file not installed for ZeroMQ -- checking for pkg-config
[0.606s] -- Checking for module 'libzmq >= 4'
[0.615s] --   Found libzmq , version 4.3.4
[0.640s] -- Found ZeroMQ: TRUE (Required is at least version "4") 
[0.644s] -- Checking for module 'uuid'
[0.653s] --   Found uuid, version 2.37.2
[0.671s] -- Found UUID: TRUE  
[0.671s] -- Looking for gz-utils2 -- found version 2.0.0
[0.674s] -- Looking for gz-msgs9 -- found version 9.0.0
[0.674s] -- Searching for dependencies of gz-msgs9
[0.687s] -- Looking for gz-math7 -- found version 7.0.2
[0.694s] -- Searching for <gz-transport12> component [log]
[0.697s] -- Looking for gz-transport12-log -- found version 12.0.0
[0.697s] -- Searching for dependencies of gz-transport12-log
[0.697s] -- Looking for gz-msgs9 -- found version 9.0.0
[0.699s] -- Looking for gz-common5 -- found version 5.0.0
[0.700s] -- Searching for dependencies of gz-common5
[0.700s] -- Looking for gz-utils2 -- found version 2.0.0
[0.700s] -- Looking for dlfcn.h - found
[0.701s] -- Looking for libdl - found
[0.702s] -- Found DL: TRUE  
[0.709s] -- Searching for <gz-common5> component [profiler]
[0.712s] -- Looking for gz-common5-profiler -- found version 5.0.0
[0.712s] -- Searching for dependencies of gz-common5-profiler
[0.713s] -- Searching for <gz-common5> component [events]
[0.715s] -- Looking for gz-common5-events -- found version 5.0.0
[0.716s] -- Searching for dependencies of gz-common5-events
[0.717s] -- Looking for gz-math7 -- found version 7.0.2
[0.717s] -- Searching for <gz-common5> component [av]
[0.721s] -- Looking for gz-common5-av -- found version 5.0.0
[0.722s] -- Searching for dependencies of gz-common5-av
[0.726s] -- Checking for module 'libswscale'
[0.736s] --   Found libswscale, version 5.9.100
[0.755s] -- Found SWSCALE: TRUE  
[0.758s] -- Checking for module 'libavdevice >= 56.4.100'
[0.765s] --   Found libavdevice , version 58.13.100
[0.789s] -- Found AVDEVICE: TRUE (Required is at least version "56.4.100") 
[0.792s] -- Checking for module 'libavformat'
[0.803s] --   Found libavformat, version 58.76.100
[0.826s] -- Found AVFORMAT: TRUE  
[0.829s] -- Checking for module 'libavcodec'
[0.838s] --   Found libavcodec, version 58.134.100
[0.858s] -- Found AVCODEC: TRUE  
[0.861s] -- Checking for module 'libavutil'
[0.868s] --   Found libavutil, version 56.70.100
[0.889s] -- Found AVUTIL: TRUE  
[0.891s] -- Looking for gz-fuel_tools8 -- found version 8.0.0
[0.891s] -- Searching for dependencies of gz-fuel_tools8
[0.942s] -- Found CURL: /usr/lib/x86_64-linux-gnu/libcurl.so (found version "7.81.0")  
[0.947s] -- Checking for module 'jsoncpp'
[0.956s] --   Found jsoncpp, version 1.9.5
[0.972s] -- Found JSONCPP: TRUE  
[0.976s] -- Checking for module 'libzip'
[0.983s] --   Found libzip, version 1.7.3
[1.001s] -- Found ZIP: TRUE  
[1.002s] -- Looking for gz-utils2 -- found version 2.0.0
[1.002s] -- Looking for gz-common5 -- found version 5.0.0
[1.002s] -- Looking for gz-math7 -- found version 7.0.2
[1.002s] -- Looking for gz-msgs9 -- found version 9.0.0
[1.006s] -- Looking for gz-gui7 -- found version 7.0.0
[1.006s] -- Searching for dependencies of gz-gui7
[1.027s] -- Looking for gz-utils2 -- found version 2.0.0
[1.027s] -- Looking for gz-math7 -- found version 7.0.2
[1.027s] -- Looking for gz-common5 -- found version 5.0.0
[1.027s] -- Looking for gz-plugin2 -- found version 2.0.0
[1.027s] -- Looking for gz-transport12 -- found version 12.0.0
[1.030s] -- Looking for gz-rendering7 -- found version 7.0.0
[1.030s] -- Searching for dependencies of gz-rendering7
[1.030s] -- Looking for gz-math7 -- found version 7.0.2
[1.030s] -- Searching for dependencies of gz-math7
[1.031s] -- Looking for gz-utils2 -- found version 2.0.0
[1.031s] -- Searching for <gz-math7> component [eigen3]
[1.033s] -- Looking for gz-math7-eigen3 -- found version 7.0.2
[1.034s] -- Searching for dependencies of gz-math7-eigen3
[1.040s] -- Looking for gz-common5 -- found version 5.0.0
[1.040s] -- Searching for dependencies of gz-common5
[1.040s] -- Looking for gz-utils2 -- found version 2.0.0
[1.040s] -- Looking for dlfcn.h - found
[1.040s] -- Looking for libdl - found
[1.046s] -- Searching for <gz-common5> component [graphics]
[1.048s] -- Looking for gz-common5-graphics -- found version 5.0.0
[1.048s] -- Searching for dependencies of gz-common5-graphics
[1.049s] -- Looking for gz-math7 -- found version 7.0.2
[1.054s] -- Found GzAssimp: TRUE (found version "5.2.0") 
[1.054s] -- Searching for <gz-common5> component [events]
[1.054s] -- Searching for <gz-common5> component [geospatial]
[1.056s] -- Looking for gz-common5-geospatial -- found version 5.0.0
[1.056s] -- Searching for dependencies of gz-common5-geospatial
[1.056s] -- Looking for gz-math7 -- found version 7.0.2
[1.057s] -- Looking for gz-common5 -- found version 5.0.0
[1.057s] -- Looking for gz-plugin2 -- found version 2.0.0
[1.057s] -- Searching for dependencies of gz-plugin2
[1.058s] -- Looking for gz-utils2 -- found version 2.0.0
[1.058s] -- Searching for <gz-plugin2> component [all]
[1.060s] -- Looking for all libraries of gz-plugin2 -- found version 2.0.0
[1.060s] -- Looking for gz-plugin2 -- found version 2.0.0
[1.061s] -- Looking for gz-utils2 -- found version 2.0.0
[1.061s] -- Looking for gz-msgs9 -- found version 9.0.0
[1.074s] -- Looking for gz-physics6 -- found version 6.0.0
[1.075s] -- Searching for dependencies of gz-physics6
[1.075s] -- Looking for gz-math7 -- found version 7.0.2
[1.075s] -- Looking for gz-plugin2 -- found version 2.0.0
[1.075s] -- Looking for gz-utils2 -- found version 2.0.0
[1.076s] -- Searching for <gz-physics6> component [heightmap]
[1.077s] -- Looking for gz-physics6-heightmap -- found version 6.0.0
[1.078s] -- Searching for dependencies of gz-physics6-heightmap
[1.078s] -- Looking for gz-common5 -- found version 5.0.0
[1.078s] -- Searching for <gz-physics6> component [mesh]
[1.080s] -- Looking for gz-physics6-mesh -- found version 6.0.0
[1.080s] -- Searching for dependencies of gz-physics6-mesh
[1.081s] -- Looking for gz-common5 -- found version 5.0.0
[1.081s] -- Searching for <gz-physics6> component [sdf]
[1.083s] -- Looking for gz-physics6-sdf -- found version 6.0.0
[1.083s] -- Searching for dependencies of gz-physics6-sdf
[1.083s] -- Looking for sdformat13 -- found version 13.0.1
[1.085s] -- Looking for gz-sensors7 -- found version 7.0.0
[1.086s] -- Searching for dependencies of gz-sensors7
[1.097s] -- Looking for gz-math7 -- found version 7.0.2
[1.097s] -- Looking for gz-common5 -- found version 5.0.0
[1.097s] -- Looking for gz-transport12 -- found version 12.0.0
[1.097s] -- Looking for gz-rendering7 -- found version 7.0.0
[1.098s] -- Looking for gz-msgs9 -- found version 9.0.0
[1.098s] -- Looking for sdformat13 -- found version 13.0.1
[1.098s] -- Searching for <gz-sensors7> component [air_pressure]
[1.100s] -- Looking for gz-sensors7-air_pressure -- found version 7.0.0
[1.100s] -- Searching for dependencies of gz-sensors7-air_pressure
[1.101s] -- Searching for <gz-sensors7> component [altimeter]
[1.103s] -- Looking for gz-sensors7-altimeter -- found version 7.0.0
[1.103s] -- Searching for dependencies of gz-sensors7-altimeter
[1.103s] -- Searching for <gz-sensors7> component [imu]
[1.106s] -- Looking for gz-sensors7-imu -- found version 7.0.0
[1.106s] -- Searching for dependencies of gz-sensors7-imu
[1.106s] -- Searching for <gz-sensors7> component [force_torque]
[1.109s] -- Looking for gz-sensors7-force_torque -- found version 7.0.0
[1.109s] -- Searching for dependencies of gz-sensors7-force_torque
[1.110s] -- Searching for <gz-sensors7> component [logical_camera]
[1.112s] -- Looking for gz-sensors7-logical_camera -- found version 7.0.0
[1.112s] -- Searching for dependencies of gz-sensors7-logical_camera
[1.113s] -- Searching for <gz-sensors7> component [magnetometer]
[1.115s] -- Looking for gz-sensors7-magnetometer -- found version 7.0.0
[1.115s] -- Searching for dependencies of gz-sensors7-magnetometer
[1.116s] -- Searching for <gz-sensors7> component [navsat]
[1.118s] -- Looking for gz-sensors7-navsat -- found version 7.0.0
[1.119s] -- Searching for dependencies of gz-sensors7-navsat
[1.119s] -- Searching for <gz-sensors7> component [rendering]
[1.122s] -- Looking for gz-sensors7-rendering -- found version 7.0.0
[1.122s] -- Searching for dependencies of gz-sensors7-rendering
[1.123s] -- Searching for <gz-sensors7> component [lidar]
[1.125s] -- Looking for gz-sensors7-lidar -- found version 7.0.0
[1.126s] -- Searching for dependencies of gz-sensors7-lidar
[1.126s] -- Searching for <gz-sensors7> component [gpu_lidar]
[1.128s] -- Looking for gz-sensors7-gpu_lidar -- found version 7.0.0
[1.128s] -- Searching for dependencies of gz-sensors7-gpu_lidar
[1.128s] -- Searching for <gz-sensors7> component [camera]
[1.131s] -- Looking for gz-sensors7-camera -- found version 7.0.0
[1.131s] -- Searching for dependencies of gz-sensors7-camera
[1.131s] -- Searching for <gz-sensors7> component [boundingbox_camera]
[1.134s] -- Looking for gz-sensors7-boundingbox_camera -- found version 7.0.0
[1.134s] -- Searching for dependencies of gz-sensors7-boundingbox_camera
[1.135s] -- Searching for <gz-sensors7> component [segmentation_camera]
[1.138s] -- Looking for gz-sensors7-segmentation_camera -- found version 7.0.0
[1.138s] -- Searching for dependencies of gz-sensors7-segmentation_camera
[1.138s] -- Searching for <gz-sensors7> component [depth_camera]
[1.141s] -- Looking for gz-sensors7-depth_camera -- found version 7.0.0
[1.141s] -- Searching for dependencies of gz-sensors7-depth_camera
[1.141s] -- Searching for <gz-sensors7> component [rgbd_camera]
[1.143s] -- Looking for gz-sensors7-rgbd_camera -- found version 7.0.0
[1.143s] -- Searching for dependencies of gz-sensors7-rgbd_camera
[1.144s] -- Searching for <gz-sensors7> component [thermal_camera]
[1.146s] -- Looking for gz-sensors7-thermal_camera -- found version 7.0.0
[1.146s] -- Searching for dependencies of gz-sensors7-thermal_camera
[1.146s] -- Searching for <gz-sensors7> component [wide_angle_camera]
[1.149s] -- Looking for gz-sensors7-wide_angle_camera -- found version 7.0.0
[1.149s] -- Searching for dependencies of gz-sensors7-wide_angle_camera
[1.150s] -- Looking for gz-rendering7 -- found version 7.0.0
[1.150s] -- Looking for gz-math7 -- found version 7.0.2
[1.150s] -- Looking for gz-utils2 -- found version 2.0.0
[1.170s] -- Found ament_lint_auto: 0.12.4 (/opt/ros/humble/share/ament_lint_auto/cmake)
[1.229s] -- Added test 'cppcheck' to perform static code analysis on C / C++ code
[1.229s] -- Configured cppcheck include dirs: 
[1.229s] -- Configured cppcheck exclude dirs and/or files: 
[1.229s] -- Added test 'lint_cmake' to check CMake code style
[1.230s] -- Added test 'uncrustify' to check C / C++ code style
[1.230s] -- Configured uncrustify additional arguments: 
[1.231s] -- Added test 'xmllint' to check XML markup files
[1.233s] -- Configuring done
[1.235s] [31mCMake Error at CMakeLists.txt:18 (add_library):
[1.235s]   Cannot find source file:
[1.235s] 
[1.235s]     SampleSystem.cpp
[1.235s] 
[1.235s]   Tried extensions .c .C .c++ .cc .cpp .cxx .cu .mpp .m .M .mm .ixx .cppm .h
[1.235s]   .hh .h++ .hm .hpp .hxx .in .txx .f .F .for .f77 .f90 .f95 .f03 .hip .ispc
[1.236s] 
[1.236s] [0m
[1.236s] [31mCMake Error at CMakeLists.txt:18 (add_library):
[1.236s]   No SOURCES given to target: SampleSystem
[1.236s] 
[1.236s] [0m
[1.236s] [0mCMake Generate step failed.  Build files cannot be regenerated correctly.[0m
[1.243s] Invoked command in '/home/hollis/osu-uwrt/riptide_software/src/riptide_gazebo/Assets/Plugins/build/uwrt_gz' returned '1': CMAKE_PREFIX_PATH=${CMAKE_PREFIX_PATH}:/home/hollis/osu-uwrt/dependencies/install/microstrain_inertial_rqt:/home/hollis/osu-uwrt/dependencies/install/echo_video:/home/hollis/osu-uwrt/dependencies/install/camera_calibration:/home/hollis/osu-uwrt/riptide_software/install/riptide_teleop2:/home/hollis/osu-uwrt/riptide_software/install/riptide_rqt_plugins2:/home/hollis/osu-uwrt/riptide_software/install/riptide_hardware2:/home/hollis/osu-uwrt/riptide_software/install/riptide_controllers2:/home/hollis/osu-uwrt/riptide_software/install/riptide_mapping2:/home/hollis/osu-uwrt/riptide_software/install/riptide_localization2:/home/hollis/osu-uwrt/riptide_software/install/riptide_bringup2:/home/hollis/osu-uwrt/riptide_software/install/riptide_SNIB:/opt/ros/humble /usr/bin/cmake /home/hollis/osu-uwrt/riptide_software/src/riptide_gazebo/Assets/Plugins/uwrt_gz -DCMAKE_INSTALL_PREFIX=/home/hollis/osu-uwrt/riptide_software/src/riptide_gazebo/Assets/Plugins/install/uwrt_gz
