[0.010s] Invoking command in '/home/hollis/osu-uwrt/riptide_software/src/riptide_gazebo/Assets/Plugins/build/SampleSystem': /usr/bin/cmake --build /home/hollis/osu-uwrt/riptide_software/src/riptide_gazebo/Assets/Plugins/build/SampleSystem -- -j20 -l20
[0.040s] -- Looking for gz-plugin2 -- found version 2.0.0
[0.040s] -- Searching for dependencies of gz-plugin2
[0.042s] -- Looking for gz-utils2 -- found version 2.0.0
[0.042s] -- Searching for dependencies of gz-utils2
[0.043s] -- Searching for <gz-utils2> component [cli]
[0.045s] -- Looking for gz-utils2-cli -- found version 2.0.0
[0.045s] -- Searching for dependencies of gz-utils2-cli
[0.046s] -- Searching for <gz-plugin2> component [register]
[0.048s] -- Looking for gz-plugin2-register -- found version 2.0.0
[0.048s] -- Searching for dependencies of gz-plugin2-register
[0.057s] -- Looking for gz-sim7 -- found version 7.0.0
[0.057s] -- Searching for dependencies of gz-sim7
[0.059s] -- Looking for sdformat13 -- found version 13.0.1
[0.059s] -- Searching for dependencies of sdformat13
[0.062s] -- Checking for module 'tinyxml2'
[0.068s] --   Found tinyxml2, version 9.0.0
[0.085s] -- Looking for gz-math7 -- found version 7.0.2
[0.085s] -- Searching for dependencies of gz-math7
[0.085s] -- Looking for gz-utils2 -- found version 2.0.0
[0.086s] -- Looking for gz-utils2 -- found version 2.0.0
[0.087s] -- Looking for gz-plugin2 -- found version 2.0.0
[0.087s] -- Searching for dependencies of gz-plugin2
[0.087s] -- Looking for gz-utils2 -- found version 2.0.0
[0.087s] -- Searching for <gz-plugin2> component [loader]
[0.089s] -- Looking for gz-plugin2-loader -- found version 2.0.0
[0.089s] -- Searching for dependencies of gz-plugin2-loader
[0.089s] -- Searching for <gz-plugin2> component [register]
[0.092s] -- Looking for gz-transport12 -- found version 12.0.0
[0.092s] -- Searching for dependencies of gz-transport12
[0.112s] -- Config-file not installed for ZeroMQ -- checking for pkg-config
[0.114s] -- Checking for module 'libzmq >= 4'
[0.124s] --   Found libzmq , version 4.3.4
[0.149s] -- Checking for module 'uuid'
[0.157s] --   Found uuid, version 2.37.2
[0.177s] -- Looking for gz-utils2 -- found version 2.0.0
[0.180s] -- Looking for gz-msgs9 -- found version 9.0.0
[0.181s] -- Searching for dependencies of gz-msgs9
[0.192s] -- Looking for gz-math7 -- found version 7.0.2
[0.203s] -- Searching for <gz-transport12> component [log]
[0.206s] -- Looking for gz-transport12-log -- found version 12.0.0
[0.206s] -- Searching for dependencies of gz-transport12-log
[0.206s] -- Looking for gz-msgs9 -- found version 9.0.0
[0.209s] -- Looking for gz-common5 -- found version 5.0.0
[0.210s] -- Searching for dependencies of gz-common5
[0.210s] -- Looking for gz-utils2 -- found version 2.0.0
[0.210s] -- Looking for dlfcn.h - found
[0.210s] -- Looking for libdl - found
[0.216s] -- Searching for <gz-common5> component [profiler]
[0.220s] -- Looking for gz-common5-profiler -- found version 5.0.0
[0.220s] -- Searching for dependencies of gz-common5-profiler
[0.221s] -- Searching for <gz-common5> component [events]
[0.224s] -- Looking for gz-common5-events -- found version 5.0.0
[0.224s] -- Searching for dependencies of gz-common5-events
[0.225s] -- Looking for gz-math7 -- found version 7.0.2
[0.226s] -- Searching for <gz-common5> component [av]
[0.228s] -- Looking for gz-common5-av -- found version 5.0.0
[0.228s] -- Searching for dependencies of gz-common5-av
[0.231s] -- Checking for module 'libswscale'
[0.240s] --   Found libswscale, version 5.9.100
[0.261s] -- Checking for module 'libavdevice >= 56.4.100'
[0.267s] --   Found libavdevice , version 58.13.100
[0.287s] -- Checking for module 'libavformat'
[0.293s] --   Found libavformat, version 58.76.100
[0.315s] -- Checking for module 'libavcodec'
[0.323s] --   Found libavcodec, version 58.134.100
[0.349s] -- Checking for module 'libavutil'
[0.357s] --   Found libavutil, version 56.70.100
[0.378s] -- Looking for gz-fuel_tools8 -- found version 8.0.0
[0.378s] -- Searching for dependencies of gz-fuel_tools8
[0.400s] -- Checking for module 'jsoncpp'
[0.407s] --   Found jsoncpp, version 1.9.5
[0.432s] -- Checking for module 'libzip'
[0.440s] --   Found libzip, version 1.7.3
[0.465s] -- Looking for gz-utils2 -- found version 2.0.0
[0.465s] -- Looking for gz-common5 -- found version 5.0.0
[0.465s] -- Looking for gz-math7 -- found version 7.0.2
[0.466s] -- Looking for gz-msgs9 -- found version 9.0.0
[0.470s] -- Looking for gz-gui7 -- found version 7.0.0
[0.470s] -- Searching for dependencies of gz-gui7
[0.485s] -- Looking for gz-utils2 -- found version 2.0.0
[0.485s] -- Looking for gz-math7 -- found version 7.0.2
[0.486s] -- Looking for gz-common5 -- found version 5.0.0
[0.486s] -- Looking for gz-plugin2 -- found version 2.0.0
[0.486s] -- Looking for gz-transport12 -- found version 12.0.0
[0.489s] -- Looking for gz-rendering7 -- found version 7.0.0
[0.489s] -- Searching for dependencies of gz-rendering7
[0.490s] -- Looking for gz-math7 -- found version 7.0.2
[0.490s] -- Searching for dependencies of gz-math7
[0.490s] -- Looking for gz-utils2 -- found version 2.0.0
[0.490s] -- Searching for <gz-math7> component [eigen3]
[0.492s] -- Looking for gz-math7-eigen3 -- found version 7.0.2
[0.492s] -- Searching for dependencies of gz-math7-eigen3
[0.493s] -- Looking for gz-common5 -- found version 5.0.0
[0.493s] -- Searching for dependencies of gz-common5
[0.494s] -- Looking for gz-utils2 -- found version 2.0.0
[0.494s] -- Looking for dlfcn.h - found
[0.494s] -- Looking for libdl - found
[0.499s] -- Searching for <gz-common5> component [graphics]
[0.501s] -- Looking for gz-common5-graphics -- found version 5.0.0
[0.502s] -- Searching for dependencies of gz-common5-graphics
[0.502s] -- Looking for gz-math7 -- found version 7.0.2
[0.508s] -- Found GzAssimp: TRUE (found version "5.2.0") 
[0.509s] -- Searching for <gz-common5> component [events]
[0.509s] -- Searching for <gz-common5> component [geospatial]
[0.511s] -- Looking for gz-common5-geospatial -- found version 5.0.0
[0.512s] -- Searching for dependencies of gz-common5-geospatial
[0.512s] -- Looking for gz-math7 -- found version 7.0.2
[0.512s] -- Looking for gz-common5 -- found version 5.0.0
[0.513s] -- Looking for gz-plugin2 -- found version 2.0.0
[0.513s] -- Searching for dependencies of gz-plugin2
[0.513s] -- Looking for gz-utils2 -- found version 2.0.0
[0.513s] -- Searching for <gz-plugin2> component [all]
[0.515s] -- Looking for all libraries of gz-plugin2 -- found version 2.0.0
[0.515s] -- Looking for gz-plugin2 -- found version 2.0.0
[0.517s] -- Looking for gz-utils2 -- found version 2.0.0
[0.518s] -- Looking for gz-msgs9 -- found version 9.0.0
[0.529s] -- Looking for gz-physics6 -- found version 6.0.0
[0.530s] -- Searching for dependencies of gz-physics6
[0.530s] -- Looking for gz-math7 -- found version 7.0.2
[0.530s] -- Looking for gz-plugin2 -- found version 2.0.0
[0.530s] -- Looking for gz-utils2 -- found version 2.0.0
[0.531s] -- Searching for <gz-physics6> component [heightmap]
[0.534s] -- Looking for gz-physics6-heightmap -- found version 6.0.0
[0.534s] -- Searching for dependencies of gz-physics6-heightmap
[0.535s] -- Looking for gz-common5 -- found version 5.0.0
[0.536s] -- Searching for <gz-physics6> component [mesh]
[0.538s] -- Looking for gz-physics6-mesh -- found version 6.0.0
[0.538s] -- Searching for dependencies of gz-physics6-mesh
[0.539s] -- Looking for gz-common5 -- found version 5.0.0
[0.540s] -- Searching for <gz-physics6> component [sdf]
[0.542s] -- Looking for gz-physics6-sdf -- found version 6.0.0
[0.542s] -- Searching for dependencies of gz-physics6-sdf
[0.542s] -- Looking for sdformat13 -- found version 13.0.1
[0.546s] -- Looking for gz-sensors7 -- found version 7.0.0
[0.546s] -- Searching for dependencies of gz-sensors7
[0.559s] -- Looking for gz-math7 -- found version 7.0.2
[0.559s] -- Looking for gz-common5 -- found version 5.0.0
[0.560s] -- Looking for gz-transport12 -- found version 12.0.0
[0.560s] -- Looking for gz-rendering7 -- found version 7.0.0
[0.560s] -- Looking for gz-msgs9 -- found version 9.0.0
[0.560s] -- Looking for sdformat13 -- found version 13.0.1
[0.562s] -- Searching for <gz-sensors7> component [air_pressure]
[0.564s] -- Looking for gz-sensors7-air_pressure -- found version 7.0.0
[0.564s] -- Searching for dependencies of gz-sensors7-air_pressure
[0.564s] -- Searching for <gz-sensors7> component [altimeter]
[0.566s] -- Looking for gz-sensors7-altimeter -- found version 7.0.0
[0.566s] -- Searching for dependencies of gz-sensors7-altimeter
[0.567s] -- Searching for <gz-sensors7> component [imu]
[0.569s] -- Looking for gz-sensors7-imu -- found version 7.0.0
[0.569s] -- Searching for dependencies of gz-sensors7-imu
[0.569s] -- Searching for <gz-sensors7> component [force_torque]
[0.572s] -- Looking for gz-sensors7-force_torque -- found version 7.0.0
[0.572s] -- Searching for dependencies of gz-sensors7-force_torque
[0.572s] -- Searching for <gz-sensors7> component [logical_camera]
[0.574s] -- Looking for gz-sensors7-logical_camera -- found version 7.0.0
[0.574s] -- Searching for dependencies of gz-sensors7-logical_camera
[0.575s] -- Searching for <gz-sensors7> component [magnetometer]
[0.576s] -- Looking for gz-sensors7-magnetometer -- found version 7.0.0
[0.577s] -- Searching for dependencies of gz-sensors7-magnetometer
[0.577s] -- Searching for <gz-sensors7> component [navsat]
[0.579s] -- Looking for gz-sensors7-navsat -- found version 7.0.0
[0.579s] -- Searching for dependencies of gz-sensors7-navsat
[0.580s] -- Searching for <gz-sensors7> component [rendering]
[0.581s] -- Looking for gz-sensors7-rendering -- found version 7.0.0
[0.582s] -- Searching for dependencies of gz-sensors7-rendering
[0.582s] -- Searching for <gz-sensors7> component [lidar]
[0.584s] -- Looking for gz-sensors7-lidar -- found version 7.0.0
[0.584s] -- Searching for dependencies of gz-sensors7-lidar
[0.585s] -- Searching for <gz-sensors7> component [gpu_lidar]
[0.586s] -- Looking for gz-sensors7-gpu_lidar -- found version 7.0.0
[0.587s] -- Searching for dependencies of gz-sensors7-gpu_lidar
[0.587s] -- Searching for <gz-sensors7> component [camera]
[0.589s] -- Looking for gz-sensors7-camera -- found version 7.0.0
[0.589s] -- Searching for dependencies of gz-sensors7-camera
[0.589s] -- Searching for <gz-sensors7> component [boundingbox_camera]
[0.591s] -- Looking for gz-sensors7-boundingbox_camera -- found version 7.0.0
[0.592s] -- Searching for dependencies of gz-sensors7-boundingbox_camera
[0.592s] -- Searching for <gz-sensors7> component [segmentation_camera]
[0.594s] -- Looking for gz-sensors7-segmentation_camera -- found version 7.0.0
[0.594s] -- Searching for dependencies of gz-sensors7-segmentation_camera
[0.594s] -- Searching for <gz-sensors7> component [depth_camera]
[0.597s] -- Looking for gz-sensors7-depth_camera -- found version 7.0.0
[0.597s] -- Searching for dependencies of gz-sensors7-depth_camera
[0.597s] -- Searching for <gz-sensors7> component [rgbd_camera]
[0.599s] -- Looking for gz-sensors7-rgbd_camera -- found version 7.0.0
[0.599s] -- Searching for dependencies of gz-sensors7-rgbd_camera
[0.600s] -- Searching for <gz-sensors7> component [thermal_camera]
[0.602s] -- Looking for gz-sensors7-thermal_camera -- found version 7.0.0
[0.602s] -- Searching for dependencies of gz-sensors7-thermal_camera
[0.603s] -- Searching for <gz-sensors7> component [wide_angle_camera]
[0.605s] -- Looking for gz-sensors7-wide_angle_camera -- found version 7.0.0
[0.605s] -- Searching for dependencies of gz-sensors7-wide_angle_camera
[0.606s] -- Looking for gz-rendering7 -- found version 7.0.0
[0.607s] -- Looking for gz-math7 -- found version 7.0.2
[0.607s] -- Looking for gz-utils2 -- found version 2.0.0
[0.622s] -- Configuring done
[0.627s] -- Generating done
[0.628s] -- Build files have been written to: /home/hollis/osu-uwrt/riptide_software/src/riptide_gazebo/Assets/Plugins/build/SampleSystem
[0.645s] [35m[1mConsolidate compiler generated dependencies of target SampleSystem[0m
[0.654s] [ 50%] [32mBuilding CXX object CMakeFiles/SampleSystem.dir/SampleSystem.cpp.o[0m
[1.217s] In file included from [01m[K/usr/include/gz/sim7/ignition/gazebo/Model.hh:19[m[K,
[1.217s]                  from [01m[K/home/hollis/osu-uwrt/riptide_software/src/riptide_gazebo/Assets/Plugins/TempestPose/SampleSystem.cpp:5[m[K:
[1.217s] [01m[K/usr/include/gz/sim7/ignition/gazebo/config.hh:49:72:[m[K [01;36m[Knote: [m[K‘[01m[K#pragma message: ignition namespace is deprecated! Use gz instead![m[K’
[1.217s]    49 |     #pragma message("ignition namespace is deprecated! Use gz instead!"[01;36m[K)[m[K
[1.218s]       |                                                                        [01;36m[K^[m[K
[1.369s] In file included from [01m[K/usr/include/gz/plugin2/ignition/plugin/Register.hh:19[m[K,
[1.369s]                  from [01m[K/home/hollis/osu-uwrt/riptide_software/src/riptide_gazebo/Assets/Plugins/TempestPose/SampleSystem.cpp:8[m[K:
[1.369s] [01m[K/usr/include/gz/plugin2/ignition/plugin/config.hh:39:72:[m[K [01;36m[Knote: [m[K‘[01m[K#pragma message: ignition namespace is deprecated! Use gz instead![m[K’
[1.369s]    39 |     #pragma message("ignition namespace is deprecated! Use gz instead!"[01;36m[K)[m[K
[1.369s]       |                                                                        [01;36m[K^[m[K
[1.369s] [01m[K/home/hollis/osu-uwrt/riptide_software/src/riptide_gazebo/Assets/Plugins/TempestPose/SampleSystem.cpp:15:26:[m[K [01;31m[Kerror: [m[K‘[01m[Kignition::gazebo[m[K’ has not been declared
[1.369s]    15 |       : public ignition::[01;31m[Kgazebo[m[K::System,
[1.369s]       |                          [01;31m[K^~~~~~[m[K
[1.369s] [01m[K/home/hollis/osu-uwrt/riptide_software/src/riptide_gazebo/Assets/Plugins/TempestPose/SampleSystem.cpp:15:34:[m[K [01;31m[Kerror: [m[Kexpected ‘[01m[K{[m[K’ before ‘[01m[KSystem[m[K’
[1.369s]    15 |       : public ignition::gazebo::[01;31m[KSystem[m[K,
[1.369s]       |                                  [01;31m[K^~~~~~[m[K
[1.369s] [01m[K/home/hollis/osu-uwrt/riptide_software/src/riptide_gazebo/Assets/Plugins/TempestPose/SampleSystem.cpp:16:9:[m[K [01;31m[Kerror: [m[Kexpected unqualified-id before ‘[01m[Kpublic[m[K’
[1.369s]    16 |         [01;31m[Kpublic[m[K ignition::gazebo::ISystemConfigure,
[1.369s]       |         [01;31m[K^~~~~~[m[K
[1.370s] [01m[K/home/hollis/osu-uwrt/riptide_software/src/riptide_gazebo/Assets/Plugins/TempestPose/SampleSystem.cpp:49:31:[m[K [01;31m[Kerror: [m[K‘[01m[Kignition::gazebo[m[K’ has not been declared
[1.370s]    49 |                     ignition::[01;31m[Kgazebo[m[K::System,
[1.370s]       |                               [01;31m[K^~~~~~[m[K
[1.370s] [01m[K/home/hollis/osu-uwrt/riptide_software/src/riptide_gazebo/Assets/Plugins/TempestPose/SampleSystem.cpp:50:21:[m[K [01;31m[Kerror: [m[K‘[01m[Kuwrt_gz::MyPlugin::ISystemConfigure[m[K’ has not been declared
[1.370s]    50 |                     [01;31m[Kuwrt_gz[m[K::MyPlugin::ISystemConfigure,
[1.370s]       |                     [01;31m[K^~~~~~~[m[K
[1.370s] [01m[K/home/hollis/osu-uwrt/riptide_software/src/riptide_gazebo/Assets/Plugins/TempestPose/SampleSystem.cpp:51:21:[m[K [01;31m[Kerror: [m[K‘[01m[Kuwrt_gz::MyPlugin::ISystemPostUpdate[m[K’ has not been declared
[1.370s]    51 |                     [01;31m[Kuwrt_gz[m[K::MyPlugin::ISystemPostUpdate)
[1.370s]       |                     [01;31m[K^~~~~~~[m[K
[1.370s] In file included from [01m[K/usr/include/gz/plugin2/gz/plugin/Register.hh:22[m[K,
[1.370s]                  from [01m[K/usr/include/gz/plugin2/ignition/plugin/Register.hh:18[m[K,
[1.370s]                  from [01m[K/home/hollis/osu-uwrt/riptide_software/src/riptide_gazebo/Assets/Plugins/TempestPose/SampleSystem.cpp:8[m[K:
[1.370s] [01m[K/home/hollis/osu-uwrt/riptide_software/src/riptide_gazebo/Assets/Plugins/TempestPose/SampleSystem.cpp:54:1:[m[K [01;31m[Kerror: [m[Kexpected constructor, destructor, or type conversion before ‘[01m[Knamespace[m[K’
[1.370s]    54 | [01;31m[KIGNITION_ADD_PLUGIN_ALIAS[m[K(uwrt_gz::MyPlugin, "ignition::gazebo::systems::MyPlugin")
[1.370s]       | [01;31m[K^~~~~~~~~~~~~~~~~~~~~~~~~[m[K
[1.499s] gmake[2]: *** [CMakeFiles/SampleSystem.dir/build.make:76: CMakeFiles/SampleSystem.dir/SampleSystem.cpp.o] Error 1
[1.499s] gmake[1]: *** [CMakeFiles/Makefile2:83: CMakeFiles/SampleSystem.dir/all] Error 2
[1.499s] gmake: *** [Makefile:136: all] Error 2
[1.501s] Invoked command in '/home/hollis/osu-uwrt/riptide_software/src/riptide_gazebo/Assets/Plugins/build/SampleSystem' returned '2': /usr/bin/cmake --build /home/hollis/osu-uwrt/riptide_software/src/riptide_gazebo/Assets/Plugins/build/SampleSystem -- -j20 -l20
