[0.028s] Invoking command in '/home/toby/osu-uwrt/development/software/src/riptide_gazebo/Assets/Plugins/uwrt_gui/build/CompObjectsPlugin': /usr/bin/cmake --build /home/toby/osu-uwrt/development/software/src/riptide_gazebo/Assets/Plugins/uwrt_gui/build/CompObjectsPlugin -- -j12 -l12
[0.053s] -- Looking for gz-sim7 -- found version 7.0.0
[0.058s] -- Searching for dependencies of gz-sim7
[0.058s] -- Looking for sdformat13 -- found version 13.2.0
[0.059s] -- Searching for dependencies of sdformat13
[0.064s] -- Checking for module 'tinyxml2'
[0.077s] --   Found tinyxml2, version 9.0.0
[0.108s] -- Looking for gz-math7 -- found version 7.0.2
[0.109s] -- Searching for dependencies of gz-math7
[0.109s] -- Looking for gz-utils2 -- found version 2.0.0
[0.110s] -- Searching for dependencies of gz-utils2
[0.111s] -- Looking for gz-utils2 -- found version 2.0.0
[0.111s] -- Searching for dependencies of gz-utils2
[0.112s] -- Searching for <gz-utils2> component [cli]
[0.112s] -- Looking for gz-utils2-cli -- found version 2.0.0
[0.113s] -- Searching for dependencies of gz-utils2-cli
[0.114s] -- Looking for gz-plugin2 -- found version 2.0.0
[0.114s] -- Searching for dependencies of gz-plugin2
[0.115s] -- Looking for gz-utils2 -- found version 2.0.0
[0.115s] -- Searching for <gz-plugin2> component [loader]
[0.115s] -- Looking for gz-plugin2-loader -- found version 2.0.0
[0.116s] -- Searching for dependencies of gz-plugin2-loader
[0.116s] -- Searching for <gz-plugin2> component [register]
[0.117s] -- Looking for gz-plugin2-register -- found version 2.0.0
[0.118s] -- Searching for dependencies of gz-plugin2-register
[0.118s] -- Looking for gz-transport12 -- found version 12.0.0
[0.119s] -- Searching for dependencies of gz-transport12
[0.155s] -- Config-file not installed for ZeroMQ -- checking for pkg-config
[0.160s] -- Checking for module 'libzmq >= 4'
[0.173s] --   Found libzmq , version 4.3.4
[0.211s] -- Checking for module 'uuid'
[0.224s] --   Found uuid, version 2.37.2
[0.254s] -- Looking for gz-utils2 -- found version 2.0.0
[0.255s] -- Looking for gz-msgs9 -- found version 9.0.0
[0.255s] -- Searching for dependencies of gz-msgs9
[0.278s] -- Looking for gz-math7 -- found version 7.0.2
[0.297s] -- Searching for <gz-transport12> component [log]
[0.298s] -- Looking for gz-transport12-log -- found version 12.0.0
[0.299s] -- Searching for dependencies of gz-transport12-log
[0.299s] -- Looking for gz-msgs9 -- found version 9.0.0
[0.300s] -- Looking for gz-common5 -- found version 5.2.2
[0.301s] -- Searching for dependencies of gz-common5
[0.301s] -- Looking for gz-utils2 -- found version 2.0.0
[0.301s] -- Looking for dlfcn.h - found
[0.301s] -- Looking for libdl - found
[0.311s] -- Searching for <gz-common5> component [profiler]
[0.312s] -- Looking for gz-common5-profiler -- found version 5.2.2
[0.312s] -- Searching for dependencies of gz-common5-profiler
[0.313s] -- Searching for <gz-common5> component [events]
[0.313s] -- Looking for gz-common5-events -- found version 5.2.2
[0.314s] -- Searching for dependencies of gz-common5-events
[0.314s] -- Looking for gz-math7 -- found version 7.0.2
[0.314s] -- Searching for <gz-common5> component [av]
[0.315s] -- Looking for gz-common5-av -- found version 5.2.2
[0.315s] -- Searching for dependencies of gz-common5-av
[0.322s] -- Checking for module 'libswscale'
[0.335s] --   Found libswscale, version 5.9.100
[0.372s] -- Checking for module 'libavdevice >= 56.4.100'
[0.385s] --   Found libavdevice , version 58.13.100
[0.425s] -- Checking for module 'libavformat'
[0.438s] --   Found libavformat, version 58.76.100
[0.479s] -- Checking for module 'libavcodec'
[0.494s] --   Found libavcodec, version 58.134.100
[0.534s] -- Checking for module 'libavutil'
[0.549s] --   Found libavutil, version 56.70.100
[0.583s] -- Looking for gz-fuel_tools8 -- found version 8.0.0
[0.583s] -- Searching for dependencies of gz-fuel_tools8
[0.626s] -- Checking for module 'jsoncpp'
[0.640s] --   Found jsoncpp, version 1.9.5
[0.676s] -- Checking for module 'libzip'
[0.689s] --   Found libzip, version 1.7.3
[0.721s] -- Looking for gz-utils2 -- found version 2.0.0
[0.721s] -- Looking for gz-common5 -- found version 5.2.2
[0.722s] -- Looking for gz-math7 -- found version 7.0.2
[0.722s] -- Looking for gz-msgs9 -- found version 9.0.0
[0.723s] -- Looking for gz-gui7 -- found version 7.0.0
[0.723s] -- Searching for dependencies of gz-gui7
[0.753s] -- Looking for gz-utils2 -- found version 2.0.0
[0.753s] -- Looking for gz-math7 -- found version 7.0.2
[0.754s] -- Looking for gz-common5 -- found version 5.2.2
[0.754s] -- Looking for gz-plugin2 -- found version 2.0.0
[0.755s] -- Looking for gz-transport12 -- found version 12.0.0
[0.756s] -- Looking for gz-rendering7 -- found version 7.1.0
[0.756s] -- Searching for dependencies of gz-rendering7
[0.756s] -- Looking for gz-math7 -- found version 7.0.2
[0.757s] -- Searching for dependencies of gz-math7
[0.758s] -- Looking for gz-utils2 -- found version 2.0.0
[0.758s] -- Searching for <gz-math7> component [eigen3]
[0.758s] -- Looking for gz-math7-eigen3 -- found version 7.0.2
[0.759s] -- Searching for dependencies of gz-math7-eigen3
[0.761s] -- Looking for gz-common5 -- found version 5.2.2
[0.761s] -- Searching for dependencies of gz-common5
[0.762s] -- Looking for gz-utils2 -- found version 2.0.0
[0.762s] -- Looking for dlfcn.h - found
[0.762s] -- Looking for libdl - found
[0.772s] -- Searching for <gz-common5> component [graphics]
[0.772s] -- Looking for gz-common5-graphics -- found version 5.2.2
[0.773s] -- Searching for dependencies of gz-common5-graphics
[0.773s] -- Looking for gz-math7 -- found version 7.0.2
[0.776s] -- Searching for <gz-common5> component [events]
[0.777s] -- Searching for <gz-common5> component [geospatial]
[0.777s] -- Looking for gz-common5-geospatial -- found version 5.2.2
[0.778s] -- Searching for dependencies of gz-common5-geospatial
[0.778s] -- Looking for gz-math7 -- found version 7.0.2
[0.779s] -- Looking for gz-common5 -- found version 5.2.2
[0.780s] -- Looking for gz-plugin2 -- found version 2.0.0
[0.780s] -- Searching for dependencies of gz-plugin2
[0.781s] -- Looking for gz-utils2 -- found version 2.0.0
[0.781s] -- Searching for <gz-plugin2> component [all]
[0.781s] -- Looking for all libraries of gz-plugin2 -- found version 2.0.0
[0.782s] -- Looking for gz-plugin2 -- found version 2.0.0
[0.783s] -- Looking for gz-utils2 -- found version 2.0.0
[0.784s] -- Looking for gz-msgs9 -- found version 9.0.0
[0.800s] -- Looking for gz-physics6 -- found version 6.1.0
[0.800s] -- Searching for dependencies of gz-physics6
[0.801s] -- Looking for gz-math7 -- found version 7.0.2
[0.801s] -- Looking for gz-plugin2 -- found version 2.0.0
[0.802s] -- Looking for gz-utils2 -- found version 2.0.0
[0.803s] -- Searching for <gz-physics6> component [heightmap]
[0.804s] -- Looking for gz-physics6-heightmap -- found version 6.1.0
[0.804s] -- Searching for dependencies of gz-physics6-heightmap
[0.805s] -- Looking for gz-common5 -- found version 5.2.2
[0.805s] -- Searching for <gz-physics6> component [mesh]
[0.806s] -- Looking for gz-physics6-mesh -- found version 6.1.0
[0.806s] -- Searching for dependencies of gz-physics6-mesh
[0.806s] -- Looking for gz-common5 -- found version 5.2.2
[0.807s] -- Searching for <gz-physics6> component [sdf]
[0.807s] -- Looking for gz-physics6-sdf -- found version 6.1.0
[0.808s] -- Searching for dependencies of gz-physics6-sdf
[0.808s] -- Looking for sdformat13 -- found version 13.2.0
[0.809s] -- Looking for gz-sensors7 -- found version 7.0.0
[0.810s] -- Searching for dependencies of gz-sensors7
[0.832s] -- Looking for gz-math7 -- found version 7.0.2
[0.833s] -- Looking for gz-common5 -- found version 5.2.2
[0.834s] -- Looking for gz-transport12 -- found version 12.0.0
[0.834s] -- Looking for gz-rendering7 -- found version 7.1.0
[0.835s] -- Looking for gz-msgs9 -- found version 9.0.0
[0.835s] -- Looking for sdformat13 -- found version 13.2.0
[0.836s] -- Searching for <gz-sensors7> component [air_pressure]
[0.836s] -- Looking for gz-sensors7-air_pressure -- found version 7.0.0
[0.837s] -- Searching for dependencies of gz-sensors7-air_pressure
[0.837s] -- Searching for <gz-sensors7> component [altimeter]
[0.838s] -- Looking for gz-sensors7-altimeter -- found version 7.0.0
[0.838s] -- Searching for dependencies of gz-sensors7-altimeter
[0.839s] -- Searching for <gz-sensors7> component [imu]
[0.839s] -- Looking for gz-sensors7-imu -- found version 7.0.0
[0.839s] -- Searching for dependencies of gz-sensors7-imu
[0.840s] -- Searching for <gz-sensors7> component [force_torque]
[0.841s] -- Looking for gz-sensors7-force_torque -- found version 7.0.0
[0.841s] -- Searching for dependencies of gz-sensors7-force_torque
[0.842s] -- Searching for <gz-sensors7> component [logical_camera]
[0.843s] -- Looking for gz-sensors7-logical_camera -- found version 7.0.0
[0.843s] -- Searching for dependencies of gz-sensors7-logical_camera
[0.844s] -- Searching for <gz-sensors7> component [magnetometer]
[0.845s] -- Looking for gz-sensors7-magnetometer -- found version 7.0.0
[0.845s] -- Searching for dependencies of gz-sensors7-magnetometer
[0.846s] -- Searching for <gz-sensors7> component [navsat]
[0.846s] -- Looking for gz-sensors7-navsat -- found version 7.0.0
[0.847s] -- Searching for dependencies of gz-sensors7-navsat
[0.847s] -- Searching for <gz-sensors7> component [rendering]
[0.848s] -- Looking for gz-sensors7-rendering -- found version 7.0.0
[0.849s] -- Searching for dependencies of gz-sensors7-rendering
[0.849s] -- Searching for <gz-sensors7> component [lidar]
[0.850s] -- Looking for gz-sensors7-lidar -- found version 7.0.0
[0.850s] -- Searching for dependencies of gz-sensors7-lidar
[0.851s] -- Searching for <gz-sensors7> component [gpu_lidar]
[0.851s] -- Looking for gz-sensors7-gpu_lidar -- found version 7.0.0
[0.852s] -- Searching for dependencies of gz-sensors7-gpu_lidar
[0.853s] -- Searching for <gz-sensors7> component [camera]
[0.853s] -- Looking for gz-sensors7-camera -- found version 7.0.0
[0.854s] -- Searching for dependencies of gz-sensors7-camera
[0.854s] -- Searching for <gz-sensors7> component [boundingbox_camera]
[0.855s] -- Looking for gz-sensors7-boundingbox_camera -- found version 7.0.0
[0.855s] -- Searching for dependencies of gz-sensors7-boundingbox_camera
[0.856s] -- Searching for <gz-sensors7> component [segmentation_camera]
[0.856s] -- Looking for gz-sensors7-segmentation_camera -- found version 7.0.0
[0.857s] -- Searching for dependencies of gz-sensors7-segmentation_camera
[0.857s] -- Searching for <gz-sensors7> component [depth_camera]
[0.858s] -- Looking for gz-sensors7-depth_camera -- found version 7.0.0
[0.859s] -- Searching for dependencies of gz-sensors7-depth_camera
[0.859s] -- Searching for <gz-sensors7> component [rgbd_camera]
[0.860s] -- Looking for gz-sensors7-rgbd_camera -- found version 7.0.0
[0.860s] -- Searching for dependencies of gz-sensors7-rgbd_camera
[0.861s] -- Searching for <gz-sensors7> component [thermal_camera]
[0.862s] -- Looking for gz-sensors7-thermal_camera -- found version 7.0.0
[0.862s] -- Searching for dependencies of gz-sensors7-thermal_camera
[0.863s] -- Searching for <gz-sensors7> component [wide_angle_camera]
[0.863s] -- Looking for gz-sensors7-wide_angle_camera -- found version 7.0.0
[0.864s] -- Searching for dependencies of gz-sensors7-wide_angle_camera
[0.865s] -- Looking for gz-rendering7 -- found version 7.1.0
[0.866s] -- Looking for gz-math7 -- found version 7.0.2
[0.866s] -- Looking for gz-utils2 -- found version 2.0.0
[0.889s] -- Searching for <gz-sim7> component [gui]
[0.890s] -- Looking for gz-sim7-gui -- found version 7.0.0
[0.890s] -- Searching for dependencies of gz-sim7-gui
[0.892s] -- Configuring done
[0.925s] -- Generating done
[0.927s] -- Build files have been written to: /home/toby/osu-uwrt/development/software/src/riptide_gazebo/Assets/Plugins/uwrt_gui/build/CompObjectsPlugin
[0.964s] [ 16%] [34m[1mAutomatic MOC for target CompObjectsPlugin[0m
[0.985s] [ 16%] Built target CompObjectsPlugin_autogen
[0.996s] [ 33%] [34m[1mGenerating qrc_CompObjectsPlugin.cpp[0m
[1.556s] [35m[1mConsolidate compiler generated dependencies of target CompObjectsPlugin[0m
[1.579s] [ 50%] [32mBuilding CXX object CMakeFiles/CompObjectsPlugin.dir/qrc_CompObjectsPlugin.cpp.o[0m
[11.510s] [ 66%] [32m[1mLinking CXX shared library libCompObjectsPlugin.so[0m
[11.724s] [100%] Built target CompObjectsPlugin
[11.735s] Invoked command in '/home/toby/osu-uwrt/development/software/src/riptide_gazebo/Assets/Plugins/uwrt_gui/build/CompObjectsPlugin' returned '0': /usr/bin/cmake --build /home/toby/osu-uwrt/development/software/src/riptide_gazebo/Assets/Plugins/uwrt_gui/build/CompObjectsPlugin -- -j12 -l12
[11.776s] Invoking command in '/home/toby/osu-uwrt/development/software/src/riptide_gazebo/Assets/Plugins/uwrt_gui/build/CompObjectsPlugin': /usr/bin/cmake --install /home/toby/osu-uwrt/development/software/src/riptide_gazebo/Assets/Plugins/uwrt_gui/build/CompObjectsPlugin
[11.783s] -- Install configuration: ""
[11.783s] -- Installing: /home/toby/osu-uwrt/development/software/src/riptide_gazebo/Assets/Plugins/uwrt_gui/install/CompObjectsPlugin/install/CompObjectsPlugin.qrc
[11.783s] -- Installing: /home/toby/osu-uwrt/development/software/src/riptide_gazebo/Assets/Plugins/uwrt_gui/install/CompObjectsPlugin/install/CompObjectsPlugin.qml
[11.786s] Invoked command in '/home/toby/osu-uwrt/development/software/src/riptide_gazebo/Assets/Plugins/uwrt_gui/build/CompObjectsPlugin' returned '0': /usr/bin/cmake --install /home/toby/osu-uwrt/development/software/src/riptide_gazebo/Assets/Plugins/uwrt_gui/build/CompObjectsPlugin
