[0.026s] Invoking command in '/home/toby/osu-uwrt/development/software/src/riptide_gazebo/Assets/Plugins/build/CompObjectsPlugin': /usr/bin/cmake /home/toby/osu-uwrt/development/software/src/riptide_gazebo/Assets/Plugins/uwrt_gui -DCMAKE_INSTALL_PREFIX=/home/toby/osu-uwrt/development/software/src/riptide_gazebo/Assets/Plugins/install/CompObjectsPlugin
[0.091s] -- The C compiler identification is GNU 11.3.0
[0.138s] -- The CXX compiler identification is GNU 11.3.0
[0.145s] -- Detecting C compiler ABI info
[0.209s] -- Detecting C compiler ABI info - done
[0.217s] -- Check for working C compiler: /usr/bin/cc - skipped
[0.217s] -- Detecting C compile features
[0.217s] -- Detecting C compile features - done
[0.220s] -- Detecting CXX compiler ABI info
[0.312s] -- Detecting CXX compiler ABI info - done
[0.322s] -- Check for working CXX compiler: /usr/bin/c++ - skipped
[0.323s] -- Detecting CXX compile features
[0.323s] -- Detecting CXX compile features - done
[0.334s] -- Looking for gz-sim7 -- found version 7.0.0
[0.348s] -- Searching for dependencies of gz-sim7
[0.354s] -- Looking for sdformat13 -- found version 13.2.0
[0.354s] -- Searching for dependencies of sdformat13
[0.359s] -- Checking for module 'tinyxml2'
[0.371s] --   Found tinyxml2, version 9.0.0
[0.404s] -- Looking for gz-math7 -- found version 7.0.2
[0.404s] -- Searching for dependencies of gz-math7
[0.409s] -- Looking for gz-utils2 -- found version 2.0.0
[0.409s] -- Searching for dependencies of gz-utils2
[0.411s] -- Looking for gz-utils2 -- found version 2.0.0
[0.411s] -- Searching for dependencies of gz-utils2
[0.412s] -- Searching for <gz-utils2> component [cli]
[0.416s] -- Looking for gz-utils2-cli -- found version 2.0.0
[0.416s] -- Searching for dependencies of gz-utils2-cli
[0.422s] -- Looking for gz-plugin2 -- found version 2.0.0
[0.422s] -- Searching for dependencies of gz-plugin2
[0.423s] -- Looking for gz-utils2 -- found version 2.0.0
[0.423s] -- Searching for <gz-plugin2> component [loader]
[0.428s] -- Looking for gz-plugin2-loader -- found version 2.0.0
[0.428s] -- Searching for dependencies of gz-plugin2-loader
[0.429s] -- Searching for <gz-plugin2> component [register]
[0.434s] -- Looking for gz-plugin2-register -- found version 2.0.0
[0.434s] -- Searching for dependencies of gz-plugin2-register
[0.439s] -- Looking for gz-transport12 -- found version 12.0.0
[0.440s] -- Searching for dependencies of gz-transport12
[0.625s] -- Found Protobuf: /usr/lib/x86_64-linux-gnu/libprotobuf.so (found suitable version "3.12.4", minimum required is "3") 
[0.641s] -- Config-file not installed for ZeroMQ -- checking for pkg-config
[0.645s] -- Checking for module 'libzmq >= 4'
[0.658s] --   Found libzmq , version 4.3.4
[0.687s] -- Found ZeroMQ: TRUE (Required is at least version "4") 
[0.692s] -- Checking for module 'uuid'
[0.703s] --   Found uuid, version 2.37.2
[0.730s] -- Found UUID: TRUE  
[0.730s] -- Looking for gz-utils2 -- found version 2.0.0
[0.735s] -- Looking for gz-msgs9 -- found version 9.0.0
[0.736s] -- Searching for dependencies of gz-msgs9
[0.755s] -- Looking for gz-math7 -- found version 7.0.2
[0.765s] -- Searching for <gz-transport12> component [log]
[0.769s] -- Looking for gz-transport12-log -- found version 12.0.0
[0.770s] -- Searching for dependencies of gz-transport12-log
[0.771s] -- Looking for gz-msgs9 -- found version 9.0.0
[0.775s] -- Looking for gz-common5 -- found version 5.2.2
[0.776s] -- Searching for dependencies of gz-common5
[0.776s] -- Looking for gz-utils2 -- found version 2.0.0
[0.777s] -- Looking for dlfcn.h - found
[0.778s] -- Looking for libdl - found
[0.779s] -- Found DL: TRUE  
[0.786s] -- Searching for <gz-common5> component [profiler]
[0.790s] -- Looking for gz-common5-profiler -- found version 5.2.2
[0.791s] -- Searching for dependencies of gz-common5-profiler
[0.791s] -- Searching for <gz-common5> component [events]
[0.795s] -- Looking for gz-common5-events -- found version 5.2.2
[0.796s] -- Searching for dependencies of gz-common5-events
[0.796s] -- Looking for gz-math7 -- found version 7.0.2
[0.797s] -- Searching for <gz-common5> component [av]
[0.802s] -- Looking for gz-common5-av -- found version 5.2.2
[0.802s] -- Searching for dependencies of gz-common5-av
[0.806s] -- Checking for module 'libswscale'
[0.817s] --   Found libswscale, version 5.9.100
[0.845s] -- Found SWSCALE: TRUE  
[0.849s] -- Checking for module 'libavdevice >= 56.4.100'
[0.861s] --   Found libavdevice , version 58.13.100
[0.895s] -- Found AVDEVICE: TRUE (Required is at least version "56.4.100") 
[0.900s] -- Checking for module 'libavformat'
[0.913s] --   Found libavformat, version 58.76.100
[0.945s] -- Found AVFORMAT: TRUE  
[0.950s] -- Checking for module 'libavcodec'
[0.963s] --   Found libavcodec, version 58.134.100
[0.995s] -- Found AVCODEC: TRUE  
[1.000s] -- Checking for module 'libavutil'
[1.012s] --   Found libavutil, version 56.70.100
[1.043s] -- Found AVUTIL: TRUE  
[1.049s] -- Looking for gz-fuel_tools8 -- found version 8.0.0
[1.050s] -- Searching for dependencies of gz-fuel_tools8
[1.128s] -- Found CURL: /usr/lib/x86_64-linux-gnu/libcurl.so (found version "7.81.0")  
[1.143s] -- Checking for module 'jsoncpp'
[1.156s] --   Found jsoncpp, version 1.9.5
[1.186s] -- Found JSONCPP: TRUE  
[1.193s] -- Checking for module 'libzip'
[1.206s] --   Found libzip, version 1.7.3
[1.237s] -- Found ZIP: TRUE  
[1.237s] -- Looking for gz-utils2 -- found version 2.0.0
[1.238s] -- Looking for gz-common5 -- found version 5.2.2
[1.238s] -- Looking for gz-math7 -- found version 7.0.2
[1.239s] -- Looking for gz-msgs9 -- found version 9.0.0
[1.244s] -- Looking for gz-gui7 -- found version 7.0.0
[1.245s] -- Searching for dependencies of gz-gui7
[1.275s] -- Looking for gz-utils2 -- found version 2.0.0
[1.275s] -- Looking for gz-math7 -- found version 7.0.2
[1.276s] -- Looking for gz-common5 -- found version 5.2.2
[1.276s] -- Looking for gz-plugin2 -- found version 2.0.0
[1.277s] -- Looking for gz-transport12 -- found version 12.0.0
[1.283s] -- Looking for gz-rendering7 -- found version 7.1.0
[1.283s] -- Searching for dependencies of gz-rendering7
[1.284s] -- Looking for gz-math7 -- found version 7.0.2
[1.285s] -- Searching for dependencies of gz-math7
[1.285s] -- Looking for gz-utils2 -- found version 2.0.0
[1.285s] -- Searching for <gz-math7> component [eigen3]
[1.291s] -- Looking for gz-math7-eigen3 -- found version 7.0.2
[1.292s] -- Searching for dependencies of gz-math7-eigen3
[1.304s] -- Looking for gz-common5 -- found version 5.2.2
[1.305s] -- Searching for dependencies of gz-common5
[1.306s] -- Looking for gz-utils2 -- found version 2.0.0
[1.306s] -- Looking for dlfcn.h - found
[1.306s] -- Looking for libdl - found
[1.316s] -- Searching for <gz-common5> component [graphics]
[1.322s] -- Looking for gz-common5-graphics -- found version 5.2.2
[1.322s] -- Searching for dependencies of gz-common5-graphics
[1.323s] -- Looking for gz-math7 -- found version 7.0.2
[1.335s] -- Found GzAssimp: TRUE (found version "5.2.0") 
[1.335s] -- Searching for <gz-common5> component [events]
[1.336s] -- Searching for <gz-common5> component [geospatial]
[1.340s] -- Looking for gz-common5-geospatial -- found version 5.2.2
[1.341s] -- Searching for dependencies of gz-common5-geospatial
[1.341s] -- Looking for gz-math7 -- found version 7.0.2
[1.342s] -- Looking for gz-common5 -- found version 5.2.2
[1.343s] -- Looking for gz-plugin2 -- found version 2.0.0
[1.344s] -- Searching for dependencies of gz-plugin2
[1.344s] -- Looking for gz-utils2 -- found version 2.0.0
[1.345s] -- Searching for <gz-plugin2> component [all]
[1.349s] -- Looking for all libraries of gz-plugin2 -- found version 2.0.0
[1.349s] -- Looking for gz-plugin2 -- found version 2.0.0
[1.351s] -- Looking for gz-utils2 -- found version 2.0.0
[1.352s] -- Looking for gz-msgs9 -- found version 9.0.0
[1.393s] -- Looking for gz-physics6 -- found version 6.1.0
[1.393s] -- Searching for dependencies of gz-physics6
[1.394s] -- Looking for gz-math7 -- found version 7.0.2
[1.394s] -- Looking for gz-plugin2 -- found version 2.0.0
[1.395s] -- Looking for gz-utils2 -- found version 2.0.0
[1.396s] -- Searching for <gz-physics6> component [heightmap]
[1.401s] -- Looking for gz-physics6-heightmap -- found version 6.1.0
[1.401s] -- Searching for dependencies of gz-physics6-heightmap
[1.401s] -- Looking for gz-common5 -- found version 5.2.2
[1.402s] -- Searching for <gz-physics6> component [mesh]
[1.407s] -- Looking for gz-physics6-mesh -- found version 6.1.0
[1.407s] -- Searching for dependencies of gz-physics6-mesh
[1.408s] -- Looking for gz-common5 -- found version 5.2.2
[1.408s] -- Searching for <gz-physics6> component [sdf]
[1.413s] -- Looking for gz-physics6-sdf -- found version 6.1.0
[1.413s] -- Searching for dependencies of gz-physics6-sdf
[1.414s] -- Looking for sdformat13 -- found version 13.2.0
[1.420s] -- Looking for gz-sensors7 -- found version 7.0.0
[1.420s] -- Searching for dependencies of gz-sensors7
[1.440s] -- Looking for gz-math7 -- found version 7.0.2
[1.440s] -- Looking for gz-common5 -- found version 5.2.2
[1.441s] -- Looking for gz-transport12 -- found version 12.0.0
[1.441s] -- Looking for gz-rendering7 -- found version 7.1.0
[1.442s] -- Looking for gz-msgs9 -- found version 9.0.0
[1.442s] -- Looking for sdformat13 -- found version 13.2.0
[1.443s] -- Searching for <gz-sensors7> component [air_pressure]
[1.447s] -- Looking for gz-sensors7-air_pressure -- found version 7.0.0
[1.448s] -- Searching for dependencies of gz-sensors7-air_pressure
[1.449s] -- Searching for <gz-sensors7> component [altimeter]
[1.453s] -- Looking for gz-sensors7-altimeter -- found version 7.0.0
[1.453s] -- Searching for dependencies of gz-sensors7-altimeter
[1.454s] -- Searching for <gz-sensors7> component [imu]
[1.458s] -- Looking for gz-sensors7-imu -- found version 7.0.0
[1.459s] -- Searching for dependencies of gz-sensors7-imu
[1.460s] -- Searching for <gz-sensors7> component [force_torque]
[1.464s] -- Looking for gz-sensors7-force_torque -- found version 7.0.0
[1.465s] -- Searching for dependencies of gz-sensors7-force_torque
[1.466s] -- Searching for <gz-sensors7> component [logical_camera]
[1.470s] -- Looking for gz-sensors7-logical_camera -- found version 7.0.0
[1.471s] -- Searching for dependencies of gz-sensors7-logical_camera
[1.471s] -- Searching for <gz-sensors7> component [magnetometer]
[1.476s] -- Looking for gz-sensors7-magnetometer -- found version 7.0.0
[1.476s] -- Searching for dependencies of gz-sensors7-magnetometer
[1.477s] -- Searching for <gz-sensors7> component [navsat]
[1.481s] -- Looking for gz-sensors7-navsat -- found version 7.0.0
[1.482s] -- Searching for dependencies of gz-sensors7-navsat
[1.483s] -- Searching for <gz-sensors7> component [rendering]
[1.487s] -- Looking for gz-sensors7-rendering -- found version 7.0.0
[1.487s] -- Searching for dependencies of gz-sensors7-rendering
[1.488s] -- Searching for <gz-sensors7> component [lidar]
[1.492s] -- Looking for gz-sensors7-lidar -- found version 7.0.0
[1.493s] -- Searching for dependencies of gz-sensors7-lidar
[1.494s] -- Searching for <gz-sensors7> component [gpu_lidar]
[1.498s] -- Looking for gz-sensors7-gpu_lidar -- found version 7.0.0
[1.498s] -- Searching for dependencies of gz-sensors7-gpu_lidar
[1.499s] -- Searching for <gz-sensors7> component [camera]
[1.503s] -- Looking for gz-sensors7-camera -- found version 7.0.0
[1.504s] -- Searching for dependencies of gz-sensors7-camera
[1.505s] -- Searching for <gz-sensors7> component [boundingbox_camera]
[1.509s] -- Looking for gz-sensors7-boundingbox_camera -- found version 7.0.0
[1.509s] -- Searching for dependencies of gz-sensors7-boundingbox_camera
[1.510s] -- Searching for <gz-sensors7> component [segmentation_camera]
[1.515s] -- Looking for gz-sensors7-segmentation_camera -- found version 7.0.0
[1.515s] -- Searching for dependencies of gz-sensors7-segmentation_camera
[1.516s] -- Searching for <gz-sensors7> component [depth_camera]
[1.520s] -- Looking for gz-sensors7-depth_camera -- found version 7.0.0
[1.521s] -- Searching for dependencies of gz-sensors7-depth_camera
[1.522s] -- Searching for <gz-sensors7> component [rgbd_camera]
[1.526s] -- Looking for gz-sensors7-rgbd_camera -- found version 7.0.0
[1.527s] -- Searching for dependencies of gz-sensors7-rgbd_camera
[1.528s] -- Searching for <gz-sensors7> component [thermal_camera]
[1.532s] -- Looking for gz-sensors7-thermal_camera -- found version 7.0.0
[1.533s] -- Searching for dependencies of gz-sensors7-thermal_camera
[1.534s] -- Searching for <gz-sensors7> component [wide_angle_camera]
[1.538s] -- Looking for gz-sensors7-wide_angle_camera -- found version 7.0.0
[1.538s] -- Searching for dependencies of gz-sensors7-wide_angle_camera
[1.539s] -- Looking for gz-rendering7 -- found version 7.1.0
[1.540s] -- Looking for gz-math7 -- found version 7.0.2
[1.540s] -- Looking for gz-utils2 -- found version 2.0.0
[1.560s] -- Searching for <gz-sim7> component [gui]
[1.565s] -- Looking for gz-sim7-gui -- found version 7.0.0
[1.565s] -- Searching for dependencies of gz-sim7-gui
[1.567s] -- Configuring done
[1.629s] -- Generating done
[1.633s] -- Build files have been written to: /home/toby/osu-uwrt/development/software/src/riptide_gazebo/Assets/Plugins/build/CompObjectsPlugin
