[0.024s] Invoking command in '/home/toby/osu-uwrt/development/software/src/riptide_gazebo/Assets/Plugins/uwrt_gui/build/CompObjectsPlugin': /usr/bin/cmake --build /home/toby/osu-uwrt/development/software/src/riptide_gazebo/Assets/Plugins/uwrt_gui/build/CompObjectsPlugin -- -j12 -l12
[0.048s] -- Looking for gz-sim7 -- found version 7.0.0
[0.052s] -- Searching for dependencies of gz-sim7
[0.052s] -- Looking for sdformat13 -- found version 13.2.0
[0.053s] -- Searching for dependencies of sdformat13
[0.057s] -- Checking for module 'tinyxml2'
[0.068s] --   Found tinyxml2, version 9.0.0
[0.094s] -- Looking for gz-math7 -- found version 7.0.2
[0.095s] -- Searching for dependencies of gz-math7
[0.095s] -- Looking for gz-utils2 -- found version 2.0.0
[0.096s] -- Searching for dependencies of gz-utils2
[0.097s] -- Looking for gz-utils2 -- found version 2.0.0
[0.097s] -- Searching for dependencies of gz-utils2
[0.098s] -- Searching for <gz-utils2> component [cli]
[0.098s] -- Looking for gz-utils2-cli -- found version 2.0.0
[0.099s] -- Searching for dependencies of gz-utils2-cli
[0.100s] -- Looking for gz-plugin2 -- found version 2.0.0
[0.100s] -- Searching for dependencies of gz-plugin2
[0.101s] -- Looking for gz-utils2 -- found version 2.0.0
[0.101s] -- Searching for <gz-plugin2> component [loader]
[0.102s] -- Looking for gz-plugin2-loader -- found version 2.0.0
[0.102s] -- Searching for dependencies of gz-plugin2-loader
[0.103s] -- Searching for <gz-plugin2> component [register]
[0.103s] -- Looking for gz-plugin2-register -- found version 2.0.0
[0.104s] -- Searching for dependencies of gz-plugin2-register
[0.105s] -- Looking for gz-transport12 -- found version 12.0.0
[0.105s] -- Searching for dependencies of gz-transport12
[0.141s] -- Config-file not installed for ZeroMQ -- checking for pkg-config
[0.145s] -- Checking for module 'libzmq >= 4'
[0.157s] --   Found libzmq , version 4.3.4
[0.192s] -- Checking for module 'uuid'
[0.203s] --   Found uuid, version 2.37.2
[0.231s] -- Looking for gz-utils2 -- found version 2.0.0
[0.232s] -- Looking for gz-msgs9 -- found version 9.0.0
[0.232s] -- Searching for dependencies of gz-msgs9
[0.254s] -- Looking for gz-math7 -- found version 7.0.2
[0.271s] -- Searching for <gz-transport12> component [log]
[0.271s] -- Looking for gz-transport12-log -- found version 12.0.0
[0.272s] -- Searching for dependencies of gz-transport12-log
[0.273s] -- Looking for gz-msgs9 -- found version 9.0.0
[0.273s] -- Looking for gz-common5 -- found version 5.2.2
[0.274s] -- Searching for dependencies of gz-common5
[0.274s] -- Looking for gz-utils2 -- found version 2.0.0
[0.275s] -- Looking for dlfcn.h - found
[0.275s] -- Looking for libdl - found
[0.283s] -- Searching for <gz-common5> component [profiler]
[0.284s] -- Looking for gz-common5-profiler -- found version 5.2.2
[0.284s] -- Searching for dependencies of gz-common5-profiler
[0.285s] -- Searching for <gz-common5> component [events]
[0.285s] -- Looking for gz-common5-events -- found version 5.2.2
[0.286s] -- Searching for dependencies of gz-common5-events
[0.286s] -- Looking for gz-math7 -- found version 7.0.2
[0.287s] -- Searching for <gz-common5> component [av]
[0.288s] -- Looking for gz-common5-av -- found version 5.2.2
[0.288s] -- Searching for dependencies of gz-common5-av
[0.293s] -- Checking for module 'libswscale'
[0.305s] --   Found libswscale, version 5.9.100
[0.340s] -- Checking for module 'libavdevice >= 56.4.100'
[0.352s] --   Found libavdevice , version 58.13.100
[0.388s] -- Checking for module 'libavformat'
[0.400s] --   Found libavformat, version 58.76.100
[0.436s] -- Checking for module 'libavcodec'
[0.449s] --   Found libavcodec, version 58.134.100
[0.482s] -- Checking for module 'libavutil'
[0.494s] --   Found libavutil, version 56.70.100
[0.523s] -- Looking for gz-fuel_tools8 -- found version 8.0.0
[0.523s] -- Searching for dependencies of gz-fuel_tools8
[0.562s] -- Checking for module 'jsoncpp'
[0.574s] --   Found jsoncpp, version 1.9.5
[0.606s] -- Checking for module 'libzip'
[0.619s] --   Found libzip, version 1.7.3
[0.649s] -- Looking for gz-utils2 -- found version 2.0.0
[0.649s] -- Looking for gz-common5 -- found version 5.2.2
[0.650s] -- Looking for gz-math7 -- found version 7.0.2
[0.651s] -- Looking for gz-msgs9 -- found version 9.0.0
[0.652s] -- Looking for gz-gui7 -- found version 7.0.0
[0.652s] -- Searching for dependencies of gz-gui7
[0.678s] -- Looking for gz-utils2 -- found version 2.0.0
[0.679s] -- Looking for gz-math7 -- found version 7.0.2
[0.679s] -- Looking for gz-common5 -- found version 5.2.2
[0.680s] -- Looking for gz-plugin2 -- found version 2.0.0
[0.680s] -- Looking for gz-transport12 -- found version 12.0.0
[0.681s] -- Looking for gz-rendering7 -- found version 7.1.0
[0.681s] -- Searching for dependencies of gz-rendering7
[0.682s] -- Looking for gz-math7 -- found version 7.0.2
[0.682s] -- Searching for dependencies of gz-math7
[0.683s] -- Looking for gz-utils2 -- found version 2.0.0
[0.683s] -- Searching for <gz-math7> component [eigen3]
[0.683s] -- Looking for gz-math7-eigen3 -- found version 7.0.2
[0.684s] -- Searching for dependencies of gz-math7-eigen3
[0.685s] -- Looking for gz-common5 -- found version 5.2.2
[0.686s] -- Searching for dependencies of gz-common5
[0.686s] -- Looking for gz-utils2 -- found version 2.0.0
[0.687s] -- Looking for dlfcn.h - found
[0.687s] -- Looking for libdl - found
[0.695s] -- Searching for <gz-common5> component [graphics]
[0.696s] -- Looking for gz-common5-graphics -- found version 5.2.2
[0.696s] -- Searching for dependencies of gz-common5-graphics
[0.697s] -- Looking for gz-math7 -- found version 7.0.2
[0.699s] -- Searching for <gz-common5> component [events]
[0.700s] -- Searching for <gz-common5> component [geospatial]
[0.700s] -- Looking for gz-common5-geospatial -- found version 5.2.2
[0.701s] -- Searching for dependencies of gz-common5-geospatial
[0.701s] -- Looking for gz-math7 -- found version 7.0.2
[0.702s] -- Looking for gz-common5 -- found version 5.2.2
[0.703s] -- Looking for gz-plugin2 -- found version 2.0.0
[0.704s] -- Searching for dependencies of gz-plugin2
[0.704s] -- Looking for gz-utils2 -- found version 2.0.0
[0.704s] -- Searching for <gz-plugin2> component [all]
[0.705s] -- Looking for all libraries of gz-plugin2 -- found version 2.0.0
[0.705s] -- Looking for gz-plugin2 -- found version 2.0.0
[0.707s] -- Looking for gz-utils2 -- found version 2.0.0
[0.708s] -- Looking for gz-msgs9 -- found version 9.0.0
[0.721s] -- Looking for gz-physics6 -- found version 6.1.0
[0.722s] -- Searching for dependencies of gz-physics6
[0.722s] -- Looking for gz-math7 -- found version 7.0.2
[0.723s] -- Looking for gz-plugin2 -- found version 2.0.0
[0.723s] -- Looking for gz-utils2 -- found version 2.0.0
[0.724s] -- Searching for <gz-physics6> component [heightmap]
[0.724s] -- Looking for gz-physics6-heightmap -- found version 6.1.0
[0.725s] -- Searching for dependencies of gz-physics6-heightmap
[0.726s] -- Looking for gz-common5 -- found version 5.2.2
[0.726s] -- Searching for <gz-physics6> component [mesh]
[0.727s] -- Looking for gz-physics6-mesh -- found version 6.1.0
[0.728s] -- Searching for dependencies of gz-physics6-mesh
[0.728s] -- Looking for gz-common5 -- found version 5.2.2
[0.729s] -- Searching for <gz-physics6> component [sdf]
[0.729s] -- Looking for gz-physics6-sdf -- found version 6.1.0
[0.730s] -- Searching for dependencies of gz-physics6-sdf
[0.730s] -- Looking for sdformat13 -- found version 13.2.0
[0.731s] -- Looking for gz-sensors7 -- found version 7.0.0
[0.732s] -- Searching for dependencies of gz-sensors7
[0.752s] -- Looking for gz-math7 -- found version 7.0.2
[0.753s] -- Looking for gz-common5 -- found version 5.2.2
[0.753s] -- Looking for gz-transport12 -- found version 12.0.0
[0.754s] -- Looking for gz-rendering7 -- found version 7.1.0
[0.755s] -- Looking for gz-msgs9 -- found version 9.0.0
[0.755s] -- Looking for sdformat13 -- found version 13.2.0
[0.756s] -- Searching for <gz-sensors7> component [air_pressure]
[0.756s] -- Looking for gz-sensors7-air_pressure -- found version 7.0.0
[0.757s] -- Searching for dependencies of gz-sensors7-air_pressure
[0.757s] -- Searching for <gz-sensors7> component [altimeter]
[0.758s] -- Looking for gz-sensors7-altimeter -- found version 7.0.0
[0.759s] -- Searching for dependencies of gz-sensors7-altimeter
[0.759s] -- Searching for <gz-sensors7> component [imu]
[0.759s] -- Looking for gz-sensors7-imu -- found version 7.0.0
[0.760s] -- Searching for dependencies of gz-sensors7-imu
[0.760s] -- Searching for <gz-sensors7> component [force_torque]
[0.761s] -- Looking for gz-sensors7-force_torque -- found version 7.0.0
[0.761s] -- Searching for dependencies of gz-sensors7-force_torque
[0.762s] -- Searching for <gz-sensors7> component [logical_camera]
[0.763s] -- Looking for gz-sensors7-logical_camera -- found version 7.0.0
[0.763s] -- Searching for dependencies of gz-sensors7-logical_camera
[0.764s] -- Searching for <gz-sensors7> component [magnetometer]
[0.764s] -- Looking for gz-sensors7-magnetometer -- found version 7.0.0
[0.765s] -- Searching for dependencies of gz-sensors7-magnetometer
[0.765s] -- Searching for <gz-sensors7> component [navsat]
[0.766s] -- Looking for gz-sensors7-navsat -- found version 7.0.0
[0.766s] -- Searching for dependencies of gz-sensors7-navsat
[0.767s] -- Searching for <gz-sensors7> component [rendering]
[0.767s] -- Looking for gz-sensors7-rendering -- found version 7.0.0
[0.768s] -- Searching for dependencies of gz-sensors7-rendering
[0.768s] -- Searching for <gz-sensors7> component [lidar]
[0.769s] -- Looking for gz-sensors7-lidar -- found version 7.0.0
[0.769s] -- Searching for dependencies of gz-sensors7-lidar
[0.770s] -- Searching for <gz-sensors7> component [gpu_lidar]
[0.771s] -- Looking for gz-sensors7-gpu_lidar -- found version 7.0.0
[0.771s] -- Searching for dependencies of gz-sensors7-gpu_lidar
[0.772s] -- Searching for <gz-sensors7> component [camera]
[0.772s] -- Looking for gz-sensors7-camera -- found version 7.0.0
[0.773s] -- Searching for dependencies of gz-sensors7-camera
[0.773s] -- Searching for <gz-sensors7> component [boundingbox_camera]
[0.774s] -- Looking for gz-sensors7-boundingbox_camera -- found version 7.0.0
[0.775s] -- Searching for dependencies of gz-sensors7-boundingbox_camera
[0.775s] -- Searching for <gz-sensors7> component [segmentation_camera]
[0.776s] -- Looking for gz-sensors7-segmentation_camera -- found version 7.0.0
[0.776s] -- Searching for dependencies of gz-sensors7-segmentation_camera
[0.777s] -- Searching for <gz-sensors7> component [depth_camera]
[0.777s] -- Looking for gz-sensors7-depth_camera -- found version 7.0.0
[0.778s] -- Searching for dependencies of gz-sensors7-depth_camera
[0.779s] -- Searching for <gz-sensors7> component [rgbd_camera]
[0.779s] -- Looking for gz-sensors7-rgbd_camera -- found version 7.0.0
[0.780s] -- Searching for dependencies of gz-sensors7-rgbd_camera
[0.780s] -- Searching for <gz-sensors7> component [thermal_camera]
[0.781s] -- Looking for gz-sensors7-thermal_camera -- found version 7.0.0
[0.781s] -- Searching for dependencies of gz-sensors7-thermal_camera
[0.782s] -- Searching for <gz-sensors7> component [wide_angle_camera]
[0.782s] -- Looking for gz-sensors7-wide_angle_camera -- found version 7.0.0
[0.783s] -- Searching for dependencies of gz-sensors7-wide_angle_camera
[0.784s] -- Looking for gz-rendering7 -- found version 7.1.0
[0.784s] -- Looking for gz-math7 -- found version 7.0.2
[0.785s] -- Looking for gz-utils2 -- found version 2.0.0
[0.805s] -- Searching for <gz-sim7> component [gui]
[0.806s] -- Looking for gz-sim7-gui -- found version 7.0.0
[0.806s] -- Searching for dependencies of gz-sim7-gui
[0.808s] -- Configuring done
[0.839s] -- Generating done
[0.841s] -- Build files have been written to: /home/toby/osu-uwrt/development/software/src/riptide_gazebo/Assets/Plugins/uwrt_gui/build/CompObjectsPlugin
[0.875s] [ 16%] [34m[1mAutomatic MOC for target CompObjectsPlugin[0m
[0.893s] [ 16%] Built target CompObjectsPlugin_autogen
[0.896s] gmake[2]: *** No rule to make target '/home/toby/osu-uwrt/development/software/src/riptide_gui/riptide_meshes/meshes/gmanTorpedo/.png', needed by 'qrc_CompObjectsPlugin.cpp'.  Stop.
[0.896s] gmake[1]: *** [CMakeFiles/Makefile2:83: CMakeFiles/CompObjectsPlugin.dir/all] Error 2
[0.896s] gmake: *** [Makefile:136: all] Error 2
[0.898s] Invoked command in '/home/toby/osu-uwrt/development/software/src/riptide_gazebo/Assets/Plugins/uwrt_gui/build/CompObjectsPlugin' returned '2': /usr/bin/cmake --build /home/toby/osu-uwrt/development/software/src/riptide_gazebo/Assets/Plugins/uwrt_gui/build/CompObjectsPlugin -- -j12 -l12
