[0.021s] Invoking command in '/home/hollis/osu-uwrt/riptide_software/src/riptide_gazebo/Assets/Plugins/build/uwrt_ros_gz': CMAKE_PREFIX_PATH=${CMAKE_PREFIX_PATH}:/home/hollis/osu-uwrt/dependencies/install/microstrain_inertial_rqt:/home/hollis/osu-uwrt/dependencies/install/echo_video:/home/hollis/osu-uwrt/dependencies/install/camera_calibration:/home/hollis/osu-uwrt/riptide_software/install/riptide_teleop2:/home/hollis/osu-uwrt/riptide_software/install/riptide_rqt_plugins2:/home/hollis/osu-uwrt/riptide_software/install/riptide_hardware2:/home/hollis/osu-uwrt/riptide_software/install/riptide_controllers2:/home/hollis/osu-uwrt/riptide_software/install/riptide_mapping2:/home/hollis/osu-uwrt/riptide_software/install/riptide_localization2:/home/hollis/osu-uwrt/riptide_software/install/riptide_bringup2:/home/hollis/osu-uwrt/riptide_software/install/riptide_SNIB:/opt/ros/humble /usr/bin/cmake --build /home/hollis/osu-uwrt/riptide_software/src/riptide_gazebo/Assets/Plugins/build/uwrt_ros_gz -- -j20 -l20
[0.066s] [35m[1mConsolidate compiler generated dependencies of target uwrt_ros_gz_bridge[0m
[0.086s] [ 50%] [32mBuilding CXX object CMakeFiles/uwrt_ros_gz_bridge.dir/src/bridge.cpp.o[0m
[2.835s] [01m[K/home/hollis/osu-uwrt/riptide_software/src/riptide_gazebo/Assets/Plugins/uwrt_ros_gz/src/bridge.cpp:[m[K In constructor ‘[01m[Kuwrt_ros_gz::BridgeNode::BridgeNode()[m[K’:
[2.836s] [01m[K/home/hollis/osu-uwrt/riptide_software/src/riptide_gazebo/Assets/Plugins/uwrt_ros_gz/src/bridge.cpp:30:50:[m[K [01;31m[Kerror: [m[Kno matching function for call to ‘[01m[Krclcpp::Subscription<geometry_msgs::msg::PoseStamped_<std::allocator<void> > >::Subscription()[m[K’
[2.836s]    30 |         public: BridgeNode() : Node("bridge_node"[01;31m[K)[m[K{
[2.836s]       |                                                  [01;31m[K^[m[K
[2.836s] In file included from [01m[K/opt/ros/humble/include/rclcpp/rclcpp/any_executable.hpp:25[m[K,
[2.836s]                  from [01m[K/opt/ros/humble/include/rclcpp/rclcpp/memory_strategy.hpp:25[m[K,
[2.836s]                  from [01m[K/opt/ros/humble/include/rclcpp/rclcpp/memory_strategies.hpp:18[m[K,
[2.836s]                  from [01m[K/opt/ros/humble/include/rclcpp/rclcpp/executor_options.hpp:20[m[K,
[2.836s]                  from [01m[K/opt/ros/humble/include/rclcpp/rclcpp/executor.hpp:37[m[K,
[2.836s]                  from [01m[K/opt/ros/humble/include/rclcpp/rclcpp/executors/multi_threaded_executor.hpp:25[m[K,
[2.836s]                  from [01m[K/opt/ros/humble/include/rclcpp/rclcpp/executors.hpp:21[m[K,
[2.836s]                  from [01m[K/opt/ros/humble/include/rclcpp/rclcpp/rclcpp.hpp:155[m[K,
[2.836s]                  from [01m[K/home/hollis/osu-uwrt/riptide_software/src/riptide_gazebo/Assets/Plugins/uwrt_ros_gz/src/bridge.cpp:4[m[K:
[2.836s] [01m[K/opt/ros/humble/include/rclcpp/rclcpp/subscription.hpp:130:3:[m[K [01;36m[Knote: [m[Kcandidate: ‘[01m[Krclcpp::Subscription<MessageT, AllocatorT, SubscribedT, ROSMessageT, MessageMemoryStrategyT>::Subscription(rclcpp::node_interfaces::NodeBaseInterface*, const rosidl_message_type_support_t&, const string&, const rclcpp::QoS&, rclcpp::AnySubscriptionCallback<CallbackMessageT, AllocatorT>, const rclcpp::SubscriptionOptionsWithAllocator<AllocatorT>&, typename MessageMemoryStrategyT::SharedPtr, rclcpp::Subscription<MessageT, AllocatorT, SubscribedT, ROSMessageT, MessageMemoryStrategyT>::SubscriptionTopicStatisticsSharedPtr) [with MessageT = geometry_msgs::msg::PoseStamped_<std::allocator<void> >; AllocatorT = std::allocator<void>; SubscribedT = geometry_msgs::msg::PoseStamped_<std::allocator<void> >; ROSMessageT = geometry_msgs::msg::PoseStamped_<std::allocator<void> >; MessageMemoryStrategyT = rclcpp::message_memory_strategy::MessageMemoryStrategy<geometry_msgs::msg::PoseStamped_<std::allocator<void> >, std::allocator<void> >; rosidl_message_type_support_t = rosidl_message_type_support_t; std::string = std::__cxx11::basic_string<char>; typename MessageMemoryStrategyT::SharedPtr = std::shared_ptr<rclcpp::message_memory_strategy::MessageMemoryStrategy<geometry_msgs::msg::PoseStamped_<std::allocator<void> >, std::allocator<void> > >; rclcpp::Subscription<MessageT, AllocatorT, SubscribedT, ROSMessageT, MessageMemoryStrategyT>::SubscriptionTopicStatisticsSharedPtr = std::shared_ptr<rclcpp::topic_statistics::SubscriptionTopicStatistics<geometry_msgs::msg::PoseStamped_<std::allocator<void> > > >][m[K’
[2.837s]   130 |   [01;36m[KSubscription[m[K(
[2.837s]       |   [01;36m[K^~~~~~~~~~~~[m[K
[2.837s] [01m[K/opt/ros/humble/include/rclcpp/rclcpp/subscription.hpp:130:3:[m[K [01;36m[Knote: [m[K  candidate expects 8 arguments, 0 provided
[2.842s] [01m[K/home/hollis/osu-uwrt/riptide_software/src/riptide_gazebo/Assets/Plugins/uwrt_ros_gz/src/bridge.cpp:34:128:[m[K [01;31m[Kerror: [m[Kno match for ‘[01m[Koperator=[m[K’ (operand types are ‘[01m[Krclcpp::Subscription<geometry_msgs::msg::PoseStamped_<std::allocator<void> > >[m[K’ and ‘[01m[Kstd::shared_ptr<rclcpp::Subscription<geometry_msgs::msg::PoseStamped_<std::allocator<void> > > >[m[K’)
[2.842s]    34 |             ros_pose_subscriber = this->create_subscription<geometry_msgs::msg::PoseStamped>("/tempest/simulation/pose", 10, cb[01;31m[K)[m[K;
[2.842s]       |                                                                                                                                [01;31m[K^[m[K
[2.842s] In file included from [01m[K/opt/ros/humble/include/rclcpp/rclcpp/context.hpp:34[m[K,
[2.842s]                  from [01m[K/opt/ros/humble/include/rclcpp/rclcpp/executor.hpp:34[m[K,
[2.842s]                  from [01m[K/opt/ros/humble/include/rclcpp/rclcpp/executors/multi_threaded_executor.hpp:25[m[K,
[2.842s]                  from [01m[K/opt/ros/humble/include/rclcpp/rclcpp/executors.hpp:21[m[K,
[2.842s]                  from [01m[K/opt/ros/humble/include/rclcpp/rclcpp/rclcpp.hpp:155[m[K,
[2.842s]                  from [01m[K/home/hollis/osu-uwrt/riptide_software/src/riptide_gazebo/Assets/Plugins/uwrt_ros_gz/src/bridge.cpp:4[m[K:
[2.842s] [01m[K/opt/ros/humble/include/rclcpp/rclcpp/subscription.hpp:401:3:[m[K [01;36m[Knote: [m[Kcandidate: ‘[01m[Krclcpp::Subscription<MessageT, AllocatorT, SubscribedT, ROSMessageT, MessageMemoryStrategyT>& rclcpp::Subscription<MessageT, AllocatorT, SubscribedT, ROSMessageT, MessageMemoryStrategyT>::operator=(const rclcpp::Subscription<MessageT, AllocatorT, SubscribedT, ROSMessageT, MessageMemoryStrategyT>&) [with MessageT = geometry_msgs::msg::PoseStamped_<std::allocator<void> >; AllocatorT = std::allocator<void>; SubscribedT = geometry_msgs::msg::PoseStamped_<std::allocator<void> >; ROSMessageT = geometry_msgs::msg::PoseStamped_<std::allocator<void> >; MessageMemoryStrategyT = rclcpp::message_memory_strategy::MessageMemoryStrategy<geometry_msgs::msg::PoseStamped_<std::allocator<void> >, std::allocator<void> >][m[K’ (deleted)
[2.843s]   401 |   [01;36m[KRCLCPP_DISABLE_COPY[m[K(Subscription)
[2.843s]       |   [01;36m[K^~~~~~~~~~~~~~~~~~~[m[K
[2.843s] [01m[K/opt/ros/humble/include/rclcpp/rclcpp/subscription.hpp:401:3:[m[K [01;36m[Knote: [m[K  no known conversion for argument 1 from ‘[01m[Kstd::shared_ptr<rclcpp::Subscription<geometry_msgs::msg::PoseStamped_<std::allocator<void> > > >[m[K’ to ‘[01m[Kconst rclcpp::Subscription<geometry_msgs::msg::PoseStamped_<std::allocator<void> > >&[m[K’
[2.843s]   401 |   [01;36m[KRCLCPP_DISABLE_COPY[m[K(Subscription)
[2.843s]       |   [01;36m[K^~~~~~~~~~~~~~~~~~~[m[K
[2.843s] [01m[K/home/hollis/osu-uwrt/riptide_software/src/riptide_gazebo/Assets/Plugins/uwrt_ros_gz/src/bridge.cpp:[m[K In member function ‘[01m[Kvoid uwrt_ros_gz::BridgeNode::tempestPoseCallback(const PoseStamped&)[m[K’:
[2.843s] [01m[K/home/hollis/osu-uwrt/riptide_software/src/riptide_gazebo/Assets/Plugins/uwrt_ros_gz/src/bridge.cpp:48:82:[m[K [01;35m[Kwarning: [m[Kunused parameter ‘[01m[Kmsg[m[K’ [[01;35m[K]8;;https://gcc.gnu.org/onlinedocs/gcc/Warning-Options.html#index-Wunused-parameter-Wunused-parameter]8;;[m[K]
[2.843s]    48 |         public: void tempestPoseCallback([01;35m[Kconst geometry_msgs::msg::PoseStamped & msg[m[K){
[2.843s]       |                                          [01;35m[K~~~~~~~~~~~~~~~~~~~~~~~~~~~~~~~~~~~~~~~~^~~[m[K
[4.501s] gmake[2]: *** [CMakeFiles/uwrt_ros_gz_bridge.dir/build.make:76: CMakeFiles/uwrt_ros_gz_bridge.dir/src/bridge.cpp.o] Error 1
[4.501s] gmake[1]: *** [CMakeFiles/Makefile2:137: CMakeFiles/uwrt_ros_gz_bridge.dir/all] Error 2
[4.501s] gmake: *** [Makefile:146: all] Error 2
[4.504s] Invoked command in '/home/hollis/osu-uwrt/riptide_software/src/riptide_gazebo/Assets/Plugins/build/uwrt_ros_gz' returned '2': CMAKE_PREFIX_PATH=${CMAKE_PREFIX_PATH}:/home/hollis/osu-uwrt/dependencies/install/microstrain_inertial_rqt:/home/hollis/osu-uwrt/dependencies/install/echo_video:/home/hollis/osu-uwrt/dependencies/install/camera_calibration:/home/hollis/osu-uwrt/riptide_software/install/riptide_teleop2:/home/hollis/osu-uwrt/riptide_software/install/riptide_rqt_plugins2:/home/hollis/osu-uwrt/riptide_software/install/riptide_hardware2:/home/hollis/osu-uwrt/riptide_software/install/riptide_controllers2:/home/hollis/osu-uwrt/riptide_software/install/riptide_mapping2:/home/hollis/osu-uwrt/riptide_software/install/riptide_localization2:/home/hollis/osu-uwrt/riptide_software/install/riptide_bringup2:/home/hollis/osu-uwrt/riptide_software/install/riptide_SNIB:/opt/ros/humble /usr/bin/cmake --build /home/hollis/osu-uwrt/riptide_software/src/riptide_gazebo/Assets/Plugins/build/uwrt_ros_gz -- -j20 -l20
