[0.009s] Invoking command in '/home/hollis/osu-uwrt/riptide_software/src/riptide_gazebo/Assets/Plugins/build/hello_world_plugin': CMAKE_PREFIX_PATH=${CMAKE_PREFIX_PATH}:/home/hollis/osu-uwrt/dependencies/install/microstrain_inertial_rqt:/home/hollis/osu-uwrt/dependencies/install/echo_video:/home/hollis/osu-uwrt/dependencies/install/camera_calibration:/home/hollis/osu-uwrt/riptide_software/install/riptide_teleop2:/home/hollis/osu-uwrt/riptide_software/install/riptide_rqt_plugins2:/home/hollis/osu-uwrt/riptide_software/install/riptide_hardware2:/home/hollis/osu-uwrt/riptide_software/install/riptide_controllers2:/home/hollis/osu-uwrt/riptide_software/install/riptide_mapping2:/home/hollis/osu-uwrt/riptide_software/install/riptide_localization2:/home/hollis/osu-uwrt/riptide_software/install/riptide_bringup2:/home/hollis/osu-uwrt/riptide_software/install/riptide_SNIB:/opt/ros/humble /usr/bin/cmake /home/hollis/osu-uwrt/riptide_software/src/riptide_gazebo/Assets/Plugins/hello_world_plugin -DCMAKE_INSTALL_PREFIX=/home/hollis/osu-uwrt/riptide_software/src/riptide_gazebo/Assets/Plugins/install/hello_world_plugin
[0.019s] -- Found ament_cmake: 1.3.2 (/opt/ros/humble/share/ament_cmake/cmake)
[0.115s] -- Looking for gz-plugin2 -- found version 2.0.0
[0.116s] -- Searching for dependencies of gz-plugin2
[0.116s] -- Looking for gz-utils2 -- found version 2.0.0
[0.116s] -- Searching for dependencies of gz-utils2
[0.116s] -- Searching for <gz-utils2> component [cli]
[0.116s] -- Looking for gz-utils2-cli -- found version 2.0.0
[0.117s] -- Searching for dependencies of gz-utils2-cli
[0.118s] -- Searching for <gz-plugin2> component [register]
[0.118s] -- Looking for gz-plugin2-register -- found version 2.0.0
[0.118s] -- Searching for dependencies of gz-plugin2-register
[0.118s] -- Looking for gz-plugin2 - found
[0.118s] 
[0.119s] -- Looking for gz-sim7 -- found version 7.0.0
[0.119s] -- Searching for dependencies of gz-sim7
[0.119s] -- Looking for sdformat13 -- found version 13.0.1
[0.119s] -- Searching for dependencies of sdformat13
[0.122s] -- Checking for module 'tinyxml2'
[0.132s] --   Found tinyxml2, version 9.0.0
[0.149s] -- Looking for gz-math7 -- found version 7.0.2
[0.149s] -- Searching for dependencies of gz-math7
[0.149s] -- Looking for gz-utils2 -- found version 2.0.0
[0.150s] -- Looking for gz-utils2 -- found version 2.0.0
[0.151s] -- Looking for gz-plugin2 -- found version 2.0.0
[0.151s] -- Searching for dependencies of gz-plugin2
[0.151s] -- Looking for gz-utils2 -- found version 2.0.0
[0.151s] -- Searching for <gz-plugin2> component [loader]
[0.151s] -- Looking for gz-plugin2-loader -- found version 2.0.0
[0.152s] -- Searching for dependencies of gz-plugin2-loader
[0.152s] -- Searching for <gz-plugin2> component [register]
[0.152s] -- Looking for gz-transport12 -- found version 12.0.0
[0.153s] -- Searching for dependencies of gz-transport12
[0.171s] -- Config-file not installed for ZeroMQ -- checking for pkg-config
[0.174s] -- Checking for module 'libzmq >= 4'
[0.181s] --   Found libzmq , version 4.3.4
[0.201s] -- Checking for module 'uuid'
[0.210s] --   Found uuid, version 2.37.2
[0.229s] -- Looking for gz-utils2 -- found version 2.0.0
[0.230s] -- Looking for gz-msgs9 -- found version 9.0.0
[0.230s] -- Searching for dependencies of gz-msgs9
[0.242s] -- Looking for gz-math7 -- found version 7.0.2
[0.252s] -- Searching for <gz-transport12> component [log]
[0.252s] -- Looking for gz-transport12-log -- found version 12.0.0
[0.252s] -- Searching for dependencies of gz-transport12-log
[0.254s] -- Looking for gz-msgs9 -- found version 9.0.0
[0.254s] -- Looking for gz-common5 -- found version 5.0.0
[0.254s] -- Searching for dependencies of gz-common5
[0.254s] -- Looking for gz-utils2 -- found version 2.0.0
[0.254s] -- Looking for dlfcn.h - found
[0.254s] -- Looking for libdl - found
[0.260s] -- Searching for <gz-common5> component [profiler]
[0.260s] -- Looking for gz-common5-profiler -- found version 5.0.0
[0.260s] -- Searching for dependencies of gz-common5-profiler
[0.260s] -- Searching for <gz-common5> component [events]
[0.260s] -- Looking for gz-common5-events -- found version 5.0.0
[0.261s] -- Searching for dependencies of gz-common5-events
[0.261s] -- Looking for gz-math7 -- found version 7.0.2
[0.262s] -- Searching for <gz-common5> component [av]
[0.262s] -- Looking for gz-common5-av -- found version 5.0.0
[0.262s] -- Searching for dependencies of gz-common5-av
[0.265s] -- Checking for module 'libswscale'
[0.272s] --   Found libswscale, version 5.9.100
[0.290s] -- Checking for module 'libavdevice >= 56.4.100'
[0.297s] --   Found libavdevice , version 58.13.100
[0.321s] -- Checking for module 'libavformat'
[0.331s] --   Found libavformat, version 58.76.100
[0.355s] -- Checking for module 'libavcodec'
[0.363s] --   Found libavcodec, version 58.134.100
[0.385s] -- Checking for module 'libavutil'
[0.393s] --   Found libavutil, version 56.70.100
[0.415s] -- Looking for gz-fuel_tools8 -- found version 8.0.0
[0.415s] -- Searching for dependencies of gz-fuel_tools8
[0.443s] -- Checking for module 'jsoncpp'
[0.452s] --   Found jsoncpp, version 1.9.5
[0.473s] -- Checking for module 'libzip'
[0.481s] --   Found libzip, version 1.7.3
[0.499s] -- Looking for gz-utils2 -- found version 2.0.0
[0.499s] -- Looking for gz-common5 -- found version 5.0.0
[0.499s] -- Looking for gz-math7 -- found version 7.0.2
[0.499s] -- Looking for gz-msgs9 -- found version 9.0.0
[0.500s] -- Looking for gz-gui7 -- found version 7.0.0
[0.500s] -- Searching for dependencies of gz-gui7
[0.522s] -- Looking for gz-utils2 -- found version 2.0.0
[0.522s] -- Looking for gz-math7 -- found version 7.0.2
[0.522s] -- Looking for gz-common5 -- found version 5.0.0
[0.523s] -- Looking for gz-plugin2 -- found version 2.0.0
[0.523s] -- Looking for gz-transport12 -- found version 12.0.0
[0.523s] -- Looking for gz-rendering7 -- found version 7.0.0
[0.523s] -- Searching for dependencies of gz-rendering7
[0.524s] -- Looking for gz-math7 -- found version 7.0.2
[0.524s] -- Searching for dependencies of gz-math7
[0.524s] -- Looking for gz-utils2 -- found version 2.0.0
[0.525s] -- Searching for <gz-math7> component [eigen3]
[0.525s] -- Looking for gz-math7-eigen3 -- found version 7.0.2
[0.525s] -- Searching for dependencies of gz-math7-eigen3
[0.527s] -- Looking for gz-common5 -- found version 5.0.0
[0.527s] -- Searching for dependencies of gz-common5
[0.528s] -- Looking for gz-utils2 -- found version 2.0.0
[0.528s] -- Looking for dlfcn.h - found
[0.528s] -- Looking for libdl - found
[0.535s] -- Searching for <gz-common5> component [graphics]
[0.535s] -- Looking for gz-common5-graphics -- found version 5.0.0
[0.536s] -- Searching for dependencies of gz-common5-graphics
[0.536s] -- Looking for gz-math7 -- found version 7.0.2
[0.538s] -- Searching for <gz-common5> component [events]
[0.538s] -- Searching for <gz-common5> component [geospatial]
[0.538s] -- Looking for gz-common5-geospatial -- found version 5.0.0
[0.538s] -- Searching for dependencies of gz-common5-geospatial
[0.538s] -- Looking for gz-math7 -- found version 7.0.2
[0.539s] -- Looking for gz-common5 -- found version 5.0.0
[0.539s] -- Looking for gz-plugin2 -- found version 2.0.0
[0.540s] -- Searching for dependencies of gz-plugin2
[0.540s] -- Looking for gz-utils2 -- found version 2.0.0
[0.541s] -- Searching for <gz-plugin2> component [all]
[0.541s] -- Looking for all libraries of gz-plugin2 -- found version 2.0.0
[0.541s] -- Looking for gz-plugin2 -- found version 2.0.0
[0.542s] -- Looking for gz-utils2 -- found version 2.0.0
[0.543s] -- Looking for gz-msgs9 -- found version 9.0.0
[0.551s] -- Looking for gz-physics6 -- found version 6.0.0
[0.551s] -- Searching for dependencies of gz-physics6
[0.551s] -- Looking for gz-math7 -- found version 7.0.2
[0.552s] -- Looking for gz-plugin2 -- found version 2.0.0
[0.552s] -- Looking for gz-utils2 -- found version 2.0.0
[0.552s] -- Searching for <gz-physics6> component [heightmap]
[0.553s] -- Looking for gz-physics6-heightmap -- found version 6.0.0
[0.553s] -- Searching for dependencies of gz-physics6-heightmap
[0.553s] -- Looking for gz-common5 -- found version 5.0.0
[0.554s] -- Searching for <gz-physics6> component [mesh]
[0.554s] -- Looking for gz-physics6-mesh -- found version 6.0.0
[0.554s] -- Searching for dependencies of gz-physics6-mesh
[0.554s] -- Looking for gz-common5 -- found version 5.0.0
[0.554s] -- Searching for <gz-physics6> component [sdf]
[0.555s] -- Looking for gz-physics6-sdf -- found version 6.0.0
[0.555s] -- Searching for dependencies of gz-physics6-sdf
[0.555s] -- Looking for sdformat13 -- found version 13.0.1
[0.556s] -- Looking for gz-sensors7 -- found version 7.0.0
[0.556s] -- Searching for dependencies of gz-sensors7
[0.568s] -- Looking for gz-math7 -- found version 7.0.2
[0.568s] -- Looking for gz-common5 -- found version 5.0.0
[0.568s] -- Looking for gz-transport12 -- found version 12.0.0
[0.569s] -- Looking for gz-rendering7 -- found version 7.0.0
[0.569s] -- Looking for gz-msgs9 -- found version 9.0.0
[0.569s] -- Looking for sdformat13 -- found version 13.0.1
[0.570s] -- Searching for <gz-sensors7> component [air_pressure]
[0.570s] -- Looking for gz-sensors7-air_pressure -- found version 7.0.0
[0.570s] -- Searching for dependencies of gz-sensors7-air_pressure
[0.570s] -- Searching for <gz-sensors7> component [altimeter]
[0.571s] -- Looking for gz-sensors7-altimeter -- found version 7.0.0
[0.571s] -- Searching for dependencies of gz-sensors7-altimeter
[0.571s] -- Searching for <gz-sensors7> component [imu]
[0.571s] -- Looking for gz-sensors7-imu -- found version 7.0.0
[0.572s] -- Searching for dependencies of gz-sensors7-imu
[0.572s] -- Searching for <gz-sensors7> component [force_torque]
[0.572s] -- Looking for gz-sensors7-force_torque -- found version 7.0.0
[0.573s] -- Searching for dependencies of gz-sensors7-force_torque
[0.573s] -- Searching for <gz-sensors7> component [logical_camera]
[0.573s] -- Looking for gz-sensors7-logical_camera -- found version 7.0.0
[0.574s] -- Searching for dependencies of gz-sensors7-logical_camera
[0.574s] -- Searching for <gz-sensors7> component [magnetometer]
[0.574s] -- Looking for gz-sensors7-magnetometer -- found version 7.0.0
[0.575s] -- Searching for dependencies of gz-sensors7-magnetometer
[0.575s] -- Searching for <gz-sensors7> component [navsat]
[0.576s] -- Looking for gz-sensors7-navsat -- found version 7.0.0
[0.576s] -- Searching for dependencies of gz-sensors7-navsat
[0.576s] -- Searching for <gz-sensors7> component [rendering]
[0.576s] -- Looking for gz-sensors7-rendering -- found version 7.0.0
[0.576s] -- Searching for dependencies of gz-sensors7-rendering
[0.577s] -- Searching for <gz-sensors7> component [lidar]
[0.577s] -- Looking for gz-sensors7-lidar -- found version 7.0.0
[0.577s] -- Searching for dependencies of gz-sensors7-lidar
[0.578s] -- Searching for <gz-sensors7> component [gpu_lidar]
[0.578s] -- Looking for gz-sensors7-gpu_lidar -- found version 7.0.0
[0.578s] -- Searching for dependencies of gz-sensors7-gpu_lidar
[0.579s] -- Searching for <gz-sensors7> component [camera]
[0.579s] -- Looking for gz-sensors7-camera -- found version 7.0.0
[0.579s] -- Searching for dependencies of gz-sensors7-camera
[0.580s] -- Searching for <gz-sensors7> component [boundingbox_camera]
[0.580s] -- Looking for gz-sensors7-boundingbox_camera -- found version 7.0.0
[0.580s] -- Searching for dependencies of gz-sensors7-boundingbox_camera
[0.581s] -- Searching for <gz-sensors7> component [segmentation_camera]
[0.581s] -- Looking for gz-sensors7-segmentation_camera -- found version 7.0.0
[0.581s] -- Searching for dependencies of gz-sensors7-segmentation_camera
[0.582s] -- Searching for <gz-sensors7> component [depth_camera]
[0.582s] -- Looking for gz-sensors7-depth_camera -- found version 7.0.0
[0.582s] -- Searching for dependencies of gz-sensors7-depth_camera
[0.583s] -- Searching for <gz-sensors7> component [rgbd_camera]
[0.583s] -- Looking for gz-sensors7-rgbd_camera -- found version 7.0.0
[0.583s] -- Searching for dependencies of gz-sensors7-rgbd_camera
[0.584s] -- Searching for <gz-sensors7> component [thermal_camera]
[0.584s] -- Looking for gz-sensors7-thermal_camera -- found version 7.0.0
[0.584s] -- Searching for dependencies of gz-sensors7-thermal_camera
[0.584s] -- Searching for <gz-sensors7> component [wide_angle_camera]
[0.585s] -- Looking for gz-sensors7-wide_angle_camera -- found version 7.0.0
[0.585s] -- Searching for dependencies of gz-sensors7-wide_angle_camera
[0.586s] -- Looking for gz-rendering7 -- found version 7.0.0
[0.586s] -- Looking for gz-math7 -- found version 7.0.2
[0.586s] -- Looking for gz-utils2 -- found version 2.0.0
[0.601s] -- Looking for gz-sim7 - found
[0.602s] 
[0.602s] [31mCMake Error at CMakeLists.txt:18 (add_library):
[0.602s]   The target name "src/HelloWorld" is reserved or not valid for certain CMake
[0.602s]   features, such as generator expressions, and may result in undefined
[0.602s]   behavior.
[0.602s] 
[0.602s] [0m
[0.602s] [31mCMake Error at CMakeLists.txt:19 (set_property):
[0.602s]   set_property could not find TARGET HelloWorld.  Perhaps it has not yet been
[0.602s]   created.
[0.603s] 
[0.603s] [0m
[0.603s] [31mCMake Error at CMakeLists.txt:20 (target_link_libraries):
[0.603s]   Cannot specify link libraries for target "HelloWorld" which is not built by
[0.603s]   this project.
[0.603s] 
[0.603s] [0m
[0.603s] -- Configuring incomplete, errors occurred!
[0.603s] See also "/home/hollis/osu-uwrt/riptide_software/src/riptide_gazebo/Assets/Plugins/build/hello_world_plugin/CMakeFiles/CMakeOutput.log".
[0.611s] Invoked command in '/home/hollis/osu-uwrt/riptide_software/src/riptide_gazebo/Assets/Plugins/build/hello_world_plugin' returned '1': CMAKE_PREFIX_PATH=${CMAKE_PREFIX_PATH}:/home/hollis/osu-uwrt/dependencies/install/microstrain_inertial_rqt:/home/hollis/osu-uwrt/dependencies/install/echo_video:/home/hollis/osu-uwrt/dependencies/install/camera_calibration:/home/hollis/osu-uwrt/riptide_software/install/riptide_teleop2:/home/hollis/osu-uwrt/riptide_software/install/riptide_rqt_plugins2:/home/hollis/osu-uwrt/riptide_software/install/riptide_hardware2:/home/hollis/osu-uwrt/riptide_software/install/riptide_controllers2:/home/hollis/osu-uwrt/riptide_software/install/riptide_mapping2:/home/hollis/osu-uwrt/riptide_software/install/riptide_localization2:/home/hollis/osu-uwrt/riptide_software/install/riptide_bringup2:/home/hollis/osu-uwrt/riptide_software/install/riptide_SNIB:/opt/ros/humble /usr/bin/cmake /home/hollis/osu-uwrt/riptide_software/src/riptide_gazebo/Assets/Plugins/hello_world_plugin -DCMAKE_INSTALL_PREFIX=/home/hollis/osu-uwrt/riptide_software/src/riptide_gazebo/Assets/Plugins/install/hello_world_plugin
