[0.013s] Invoking command in '/home/hollis/osu-uwrt/riptide_software/src/riptide_gazebo/Assets/Plugins/build/uwrt_ros_gz': CMAKE_PREFIX_PATH=${CMAKE_PREFIX_PATH}:/home/hollis/osu-uwrt/dependencies/install/microstrain_inertial_rqt:/home/hollis/osu-uwrt/dependencies/install/echo_video:/home/hollis/osu-uwrt/dependencies/install/camera_calibration:/home/hollis/osu-uwrt/riptide_software/install/riptide_teleop2:/home/hollis/osu-uwrt/riptide_software/install/riptide_rqt_plugins2:/home/hollis/osu-uwrt/riptide_software/install/riptide_hardware2:/home/hollis/osu-uwrt/riptide_software/install/riptide_controllers2:/home/hollis/osu-uwrt/riptide_software/install/riptide_mapping2:/home/hollis/osu-uwrt/riptide_software/install/riptide_localization2:/home/hollis/osu-uwrt/riptide_software/install/riptide_bringup2:/home/hollis/osu-uwrt/riptide_software/install/riptide_SNIB:/opt/ros/humble /usr/bin/cmake --build /home/hollis/osu-uwrt/riptide_software/src/riptide_gazebo/Assets/Plugins/build/uwrt_ros_gz -- -j20 -l20
[0.036s] [35m[1mConsolidate compiler generated dependencies of target uwrt_ros_gz_bridge[0m
[0.050s] [ 50%] [32mBuilding CXX object CMakeFiles/uwrt_ros_gz_bridge.dir/src/bridge.cpp.o[0m
[2.731s] [100%] [32m[1mLinking CXX executable uwrt_ros_gz_bridge[0m
[2.842s] [100%] Built target uwrt_ros_gz_bridge
[2.848s] Invoked command in '/home/hollis/osu-uwrt/riptide_software/src/riptide_gazebo/Assets/Plugins/build/uwrt_ros_gz' returned '0': CMAKE_PREFIX_PATH=${CMAKE_PREFIX_PATH}:/home/hollis/osu-uwrt/dependencies/install/microstrain_inertial_rqt:/home/hollis/osu-uwrt/dependencies/install/echo_video:/home/hollis/osu-uwrt/dependencies/install/camera_calibration:/home/hollis/osu-uwrt/riptide_software/install/riptide_teleop2:/home/hollis/osu-uwrt/riptide_software/install/riptide_rqt_plugins2:/home/hollis/osu-uwrt/riptide_software/install/riptide_hardware2:/home/hollis/osu-uwrt/riptide_software/install/riptide_controllers2:/home/hollis/osu-uwrt/riptide_software/install/riptide_mapping2:/home/hollis/osu-uwrt/riptide_software/install/riptide_localization2:/home/hollis/osu-uwrt/riptide_software/install/riptide_bringup2:/home/hollis/osu-uwrt/riptide_software/install/riptide_SNIB:/opt/ros/humble /usr/bin/cmake --build /home/hollis/osu-uwrt/riptide_software/src/riptide_gazebo/Assets/Plugins/build/uwrt_ros_gz -- -j20 -l20
[2.866s] Invoking command in '/home/hollis/osu-uwrt/riptide_software/src/riptide_gazebo/Assets/Plugins/build/uwrt_ros_gz': CMAKE_PREFIX_PATH=${CMAKE_PREFIX_PATH}:/home/hollis/osu-uwrt/dependencies/install/microstrain_inertial_rqt:/home/hollis/osu-uwrt/dependencies/install/echo_video:/home/hollis/osu-uwrt/dependencies/install/camera_calibration:/home/hollis/osu-uwrt/riptide_software/install/riptide_teleop2:/home/hollis/osu-uwrt/riptide_software/install/riptide_rqt_plugins2:/home/hollis/osu-uwrt/riptide_software/install/riptide_hardware2:/home/hollis/osu-uwrt/riptide_software/install/riptide_controllers2:/home/hollis/osu-uwrt/riptide_software/install/riptide_mapping2:/home/hollis/osu-uwrt/riptide_software/install/riptide_localization2:/home/hollis/osu-uwrt/riptide_software/install/riptide_bringup2:/home/hollis/osu-uwrt/riptide_software/install/riptide_SNIB:/opt/ros/humble /usr/bin/cmake --install /home/hollis/osu-uwrt/riptide_software/src/riptide_gazebo/Assets/Plugins/build/uwrt_ros_gz
[2.870s] -- Install configuration: ""
[2.870s] -- Installing: /home/hollis/osu-uwrt/riptide_software/src/riptide_gazebo/Assets/Plugins/install/uwrt_ros_gz/lib/uwrt_ros_gz/uwrt_ros_gz_bridge
[2.870s] -- Set runtime path of "/home/hollis/osu-uwrt/riptide_software/src/riptide_gazebo/Assets/Plugins/install/uwrt_ros_gz/lib/uwrt_ros_gz/uwrt_ros_gz_bridge" to ""
[2.870s] -- Up-to-date: /home/hollis/osu-uwrt/riptide_software/src/riptide_gazebo/Assets/Plugins/install/uwrt_ros_gz/share/ament_index/resource_index/package_run_dependencies/uwrt_ros_gz
[2.870s] -- Up-to-date: /home/hollis/osu-uwrt/riptide_software/src/riptide_gazebo/Assets/Plugins/install/uwrt_ros_gz/share/ament_index/resource_index/parent_prefix_path/uwrt_ros_gz
[2.870s] -- Up-to-date: /home/hollis/osu-uwrt/riptide_software/src/riptide_gazebo/Assets/Plugins/install/uwrt_ros_gz/share/uwrt_ros_gz/environment/ament_prefix_path.sh
[2.870s] -- Up-to-date: /home/hollis/osu-uwrt/riptide_software/src/riptide_gazebo/Assets/Plugins/install/uwrt_ros_gz/share/uwrt_ros_gz/environment/ament_prefix_path.dsv
[2.870s] -- Up-to-date: /home/hollis/osu-uwrt/riptide_software/src/riptide_gazebo/Assets/Plugins/install/uwrt_ros_gz/share/uwrt_ros_gz/environment/path.sh
[2.871s] -- Up-to-date: /home/hollis/osu-uwrt/riptide_software/src/riptide_gazebo/Assets/Plugins/install/uwrt_ros_gz/share/uwrt_ros_gz/environment/path.dsv
[2.871s] -- Up-to-date: /home/hollis/osu-uwrt/riptide_software/src/riptide_gazebo/Assets/Plugins/install/uwrt_ros_gz/share/uwrt_ros_gz/local_setup.bash
[2.871s] -- Up-to-date: /home/hollis/osu-uwrt/riptide_software/src/riptide_gazebo/Assets/Plugins/install/uwrt_ros_gz/share/uwrt_ros_gz/local_setup.sh
[2.871s] -- Up-to-date: /home/hollis/osu-uwrt/riptide_software/src/riptide_gazebo/Assets/Plugins/install/uwrt_ros_gz/share/uwrt_ros_gz/local_setup.zsh
[2.871s] -- Up-to-date: /home/hollis/osu-uwrt/riptide_software/src/riptide_gazebo/Assets/Plugins/install/uwrt_ros_gz/share/uwrt_ros_gz/local_setup.dsv
[2.871s] -- Installing: /home/hollis/osu-uwrt/riptide_software/src/riptide_gazebo/Assets/Plugins/install/uwrt_ros_gz/share/uwrt_ros_gz/package.dsv
[2.871s] -- Up-to-date: /home/hollis/osu-uwrt/riptide_software/src/riptide_gazebo/Assets/Plugins/install/uwrt_ros_gz/share/ament_index/resource_index/packages/uwrt_ros_gz
[2.871s] -- Up-to-date: /home/hollis/osu-uwrt/riptide_software/src/riptide_gazebo/Assets/Plugins/install/uwrt_ros_gz/share/uwrt_ros_gz/cmake/uwrt_ros_gzConfig.cmake
[2.871s] -- Up-to-date: /home/hollis/osu-uwrt/riptide_software/src/riptide_gazebo/Assets/Plugins/install/uwrt_ros_gz/share/uwrt_ros_gz/cmake/uwrt_ros_gzConfig-version.cmake
[2.871s] -- Up-to-date: /home/hollis/osu-uwrt/riptide_software/src/riptide_gazebo/Assets/Plugins/install/uwrt_ros_gz/share/uwrt_ros_gz/package.xml
[2.873s] Invoked command in '/home/hollis/osu-uwrt/riptide_software/src/riptide_gazebo/Assets/Plugins/build/uwrt_ros_gz' returned '0': CMAKE_PREFIX_PATH=${CMAKE_PREFIX_PATH}:/home/hollis/osu-uwrt/dependencies/install/microstrain_inertial_rqt:/home/hollis/osu-uwrt/dependencies/install/echo_video:/home/hollis/osu-uwrt/dependencies/install/camera_calibration:/home/hollis/osu-uwrt/riptide_software/install/riptide_teleop2:/home/hollis/osu-uwrt/riptide_software/install/riptide_rqt_plugins2:/home/hollis/osu-uwrt/riptide_software/install/riptide_hardware2:/home/hollis/osu-uwrt/riptide_software/install/riptide_controllers2:/home/hollis/osu-uwrt/riptide_software/install/riptide_mapping2:/home/hollis/osu-uwrt/riptide_software/install/riptide_localization2:/home/hollis/osu-uwrt/riptide_software/install/riptide_bringup2:/home/hollis/osu-uwrt/riptide_software/install/riptide_SNIB:/opt/ros/humble /usr/bin/cmake --install /home/hollis/osu-uwrt/riptide_software/src/riptide_gazebo/Assets/Plugins/build/uwrt_ros_gz
