[0.020s] Invoking command in '/home/toby/osu-uwrt/development/software/src/riptide_gazebo/Assets/Plugins/uwrt_gui/build/CompObjectsPlugin': /usr/bin/cmake --build /home/toby/osu-uwrt/development/software/src/riptide_gazebo/Assets/Plugins/uwrt_gui/build/CompObjectsPlugin -- -j12 -l12
[0.047s] -- Looking for gz-sim7 -- found version 7.0.0
[0.051s] -- Searching for dependencies of gz-sim7
[0.052s] -- Looking for sdformat13 -- found version 13.2.0
[0.053s] -- Searching for dependencies of sdformat13
[0.057s] -- Checking for module 'tinyxml2'
[0.069s] --   Found tinyxml2, version 9.0.0
[0.095s] -- Looking for gz-math7 -- found version 7.0.2
[0.096s] -- Searching for dependencies of gz-math7
[0.096s] -- Looking for gz-utils2 -- found version 2.0.0
[0.097s] -- Searching for dependencies of gz-utils2
[0.099s] -- Looking for gz-utils2 -- found version 2.0.0
[0.099s] -- Searching for dependencies of gz-utils2
[0.100s] -- Searching for <gz-utils2> component [cli]
[0.100s] -- Looking for gz-utils2-cli -- found version 2.0.0
[0.101s] -- Searching for dependencies of gz-utils2-cli
[0.102s] -- Looking for gz-plugin2 -- found version 2.0.0
[0.102s] -- Searching for dependencies of gz-plugin2
[0.103s] -- Looking for gz-utils2 -- found version 2.0.0
[0.103s] -- Searching for <gz-plugin2> component [loader]
[0.104s] -- Looking for gz-plugin2-loader -- found version 2.0.0
[0.105s] -- Searching for dependencies of gz-plugin2-loader
[0.105s] -- Searching for <gz-plugin2> component [register]
[0.106s] -- Looking for gz-plugin2-register -- found version 2.0.0
[0.106s] -- Searching for dependencies of gz-plugin2-register
[0.107s] -- Looking for gz-transport12 -- found version 12.0.0
[0.108s] -- Searching for dependencies of gz-transport12
[0.145s] -- Config-file not installed for ZeroMQ -- checking for pkg-config
[0.150s] -- Checking for module 'libzmq >= 4'
[0.162s] --   Found libzmq , version 4.3.4
[0.199s] -- Checking for module 'uuid'
[0.211s] --   Found uuid, version 2.37.2
[0.242s] -- Looking for gz-utils2 -- found version 2.0.0
[0.242s] -- Looking for gz-msgs9 -- found version 9.0.0
[0.243s] -- Searching for dependencies of gz-msgs9
[0.263s] -- Looking for gz-math7 -- found version 7.0.2
[0.283s] -- Searching for <gz-transport12> component [log]
[0.283s] -- Looking for gz-transport12-log -- found version 12.0.0
[0.284s] -- Searching for dependencies of gz-transport12-log
[0.285s] -- Looking for gz-msgs9 -- found version 9.0.0
[0.286s] -- Looking for gz-common5 -- found version 5.2.2
[0.286s] -- Searching for dependencies of gz-common5
[0.287s] -- Looking for gz-utils2 -- found version 2.0.0
[0.287s] -- Looking for dlfcn.h - found
[0.287s] -- Looking for libdl - found
[0.296s] -- Searching for <gz-common5> component [profiler]
[0.297s] -- Looking for gz-common5-profiler -- found version 5.2.2
[0.297s] -- Searching for dependencies of gz-common5-profiler
[0.298s] -- Searching for <gz-common5> component [events]
[0.299s] -- Looking for gz-common5-events -- found version 5.2.2
[0.299s] -- Searching for dependencies of gz-common5-events
[0.300s] -- Looking for gz-math7 -- found version 7.0.2
[0.301s] -- Searching for <gz-common5> component [av]
[0.301s] -- Looking for gz-common5-av -- found version 5.2.2
[0.302s] -- Searching for dependencies of gz-common5-av
[0.307s] -- Checking for module 'libswscale'
[0.319s] --   Found libswscale, version 5.9.100
[0.356s] -- Checking for module 'libavdevice >= 56.4.100'
[0.370s] --   Found libavdevice , version 58.13.100
[0.408s] -- Checking for module 'libavformat'
[0.421s] --   Found libavformat, version 58.76.100
[0.458s] -- Checking for module 'libavcodec'
[0.471s] --   Found libavcodec, version 58.134.100
[0.511s] -- Checking for module 'libavutil'
[0.524s] --   Found libavutil, version 56.70.100
[0.557s] -- Looking for gz-fuel_tools8 -- found version 8.0.0
[0.558s] -- Searching for dependencies of gz-fuel_tools8
[0.598s] -- Checking for module 'jsoncpp'
[0.611s] --   Found jsoncpp, version 1.9.5
[0.648s] -- Checking for module 'libzip'
[0.660s] --   Found libzip, version 1.7.3
[0.691s] -- Looking for gz-utils2 -- found version 2.0.0
[0.691s] -- Looking for gz-common5 -- found version 5.2.2
[0.692s] -- Looking for gz-math7 -- found version 7.0.2
[0.692s] -- Looking for gz-msgs9 -- found version 9.0.0
[0.693s] -- Looking for gz-gui7 -- found version 7.0.0
[0.694s] -- Searching for dependencies of gz-gui7
[0.722s] -- Looking for gz-utils2 -- found version 2.0.0
[0.722s] -- Looking for gz-math7 -- found version 7.0.2
[0.723s] -- Looking for gz-common5 -- found version 5.2.2
[0.723s] -- Looking for gz-plugin2 -- found version 2.0.0
[0.724s] -- Looking for gz-transport12 -- found version 12.0.0
[0.725s] -- Looking for gz-rendering7 -- found version 7.1.0
[0.725s] -- Searching for dependencies of gz-rendering7
[0.726s] -- Looking for gz-math7 -- found version 7.0.2
[0.726s] -- Searching for dependencies of gz-math7
[0.726s] -- Looking for gz-utils2 -- found version 2.0.0
[0.727s] -- Searching for <gz-math7> component [eigen3]
[0.727s] -- Looking for gz-math7-eigen3 -- found version 7.0.2
[0.728s] -- Searching for dependencies of gz-math7-eigen3
[0.729s] -- Looking for gz-common5 -- found version 5.2.2
[0.730s] -- Searching for dependencies of gz-common5
[0.730s] -- Looking for gz-utils2 -- found version 2.0.0
[0.731s] -- Looking for dlfcn.h - found
[0.731s] -- Looking for libdl - found
[0.740s] -- Searching for <gz-common5> component [graphics]
[0.741s] -- Looking for gz-common5-graphics -- found version 5.2.2
[0.741s] -- Searching for dependencies of gz-common5-graphics
[0.742s] -- Looking for gz-math7 -- found version 7.0.2
[0.745s] -- Searching for <gz-common5> component [events]
[0.745s] -- Searching for <gz-common5> component [geospatial]
[0.746s] -- Looking for gz-common5-geospatial -- found version 5.2.2
[0.746s] -- Searching for dependencies of gz-common5-geospatial
[0.747s] -- Looking for gz-math7 -- found version 7.0.2
[0.747s] -- Looking for gz-common5 -- found version 5.2.2
[0.749s] -- Looking for gz-plugin2 -- found version 2.0.0
[0.750s] -- Searching for dependencies of gz-plugin2
[0.750s] -- Looking for gz-utils2 -- found version 2.0.0
[0.751s] -- Searching for <gz-plugin2> component [all]
[0.751s] -- Looking for all libraries of gz-plugin2 -- found version 2.0.0
[0.752s] -- Looking for gz-plugin2 -- found version 2.0.0
[0.754s] -- Looking for gz-utils2 -- found version 2.0.0
[0.755s] -- Looking for gz-msgs9 -- found version 9.0.0
[0.769s] -- Looking for gz-physics6 -- found version 6.1.0
[0.770s] -- Searching for dependencies of gz-physics6
[0.770s] -- Looking for gz-math7 -- found version 7.0.2
[0.771s] -- Looking for gz-plugin2 -- found version 2.0.0
[0.771s] -- Looking for gz-utils2 -- found version 2.0.0
[0.773s] -- Searching for <gz-physics6> component [heightmap]
[0.773s] -- Looking for gz-physics6-heightmap -- found version 6.1.0
[0.774s] -- Searching for dependencies of gz-physics6-heightmap
[0.775s] -- Looking for gz-common5 -- found version 5.2.2
[0.775s] -- Searching for <gz-physics6> component [mesh]
[0.776s] -- Looking for gz-physics6-mesh -- found version 6.1.0
[0.776s] -- Searching for dependencies of gz-physics6-mesh
[0.777s] -- Looking for gz-common5 -- found version 5.2.2
[0.778s] -- Searching for <gz-physics6> component [sdf]
[0.778s] -- Looking for gz-physics6-sdf -- found version 6.1.0
[0.779s] -- Searching for dependencies of gz-physics6-sdf
[0.779s] -- Looking for sdformat13 -- found version 13.2.0
[0.780s] -- Looking for gz-sensors7 -- found version 7.0.0
[0.781s] -- Searching for dependencies of gz-sensors7
[0.802s] -- Looking for gz-math7 -- found version 7.0.2
[0.803s] -- Looking for gz-common5 -- found version 5.2.2
[0.804s] -- Looking for gz-transport12 -- found version 12.0.0
[0.804s] -- Looking for gz-rendering7 -- found version 7.1.0
[0.805s] -- Looking for gz-msgs9 -- found version 9.0.0
[0.805s] -- Looking for sdformat13 -- found version 13.2.0
[0.806s] -- Searching for <gz-sensors7> component [air_pressure]
[0.806s] -- Looking for gz-sensors7-air_pressure -- found version 7.0.0
[0.807s] -- Searching for dependencies of gz-sensors7-air_pressure
[0.807s] -- Searching for <gz-sensors7> component [altimeter]
[0.808s] -- Looking for gz-sensors7-altimeter -- found version 7.0.0
[0.808s] -- Searching for dependencies of gz-sensors7-altimeter
[0.809s] -- Searching for <gz-sensors7> component [imu]
[0.809s] -- Looking for gz-sensors7-imu -- found version 7.0.0
[0.809s] -- Searching for dependencies of gz-sensors7-imu
[0.810s] -- Searching for <gz-sensors7> component [force_torque]
[0.810s] -- Looking for gz-sensors7-force_torque -- found version 7.0.0
[0.811s] -- Searching for dependencies of gz-sensors7-force_torque
[0.811s] -- Searching for <gz-sensors7> component [logical_camera]
[0.812s] -- Looking for gz-sensors7-logical_camera -- found version 7.0.0
[0.813s] -- Searching for dependencies of gz-sensors7-logical_camera
[0.813s] -- Searching for <gz-sensors7> component [magnetometer]
[0.814s] -- Looking for gz-sensors7-magnetometer -- found version 7.0.0
[0.814s] -- Searching for dependencies of gz-sensors7-magnetometer
[0.815s] -- Searching for <gz-sensors7> component [navsat]
[0.815s] -- Looking for gz-sensors7-navsat -- found version 7.0.0
[0.816s] -- Searching for dependencies of gz-sensors7-navsat
[0.817s] -- Searching for <gz-sensors7> component [rendering]
[0.817s] -- Looking for gz-sensors7-rendering -- found version 7.0.0
[0.818s] -- Searching for dependencies of gz-sensors7-rendering
[0.818s] -- Searching for <gz-sensors7> component [lidar]
[0.819s] -- Looking for gz-sensors7-lidar -- found version 7.0.0
[0.819s] -- Searching for dependencies of gz-sensors7-lidar
[0.820s] -- Searching for <gz-sensors7> component [gpu_lidar]
[0.820s] -- Looking for gz-sensors7-gpu_lidar -- found version 7.0.0
[0.821s] -- Searching for dependencies of gz-sensors7-gpu_lidar
[0.821s] -- Searching for <gz-sensors7> component [camera]
[0.822s] -- Looking for gz-sensors7-camera -- found version 7.0.0
[0.822s] -- Searching for dependencies of gz-sensors7-camera
[0.823s] -- Searching for <gz-sensors7> component [boundingbox_camera]
[0.823s] -- Looking for gz-sensors7-boundingbox_camera -- found version 7.0.0
[0.824s] -- Searching for dependencies of gz-sensors7-boundingbox_camera
[0.825s] -- Searching for <gz-sensors7> component [segmentation_camera]
[0.825s] -- Looking for gz-sensors7-segmentation_camera -- found version 7.0.0
[0.826s] -- Searching for dependencies of gz-sensors7-segmentation_camera
[0.826s] -- Searching for <gz-sensors7> component [depth_camera]
[0.827s] -- Looking for gz-sensors7-depth_camera -- found version 7.0.0
[0.827s] -- Searching for dependencies of gz-sensors7-depth_camera
[0.828s] -- Searching for <gz-sensors7> component [rgbd_camera]
[0.828s] -- Looking for gz-sensors7-rgbd_camera -- found version 7.0.0
[0.829s] -- Searching for dependencies of gz-sensors7-rgbd_camera
[0.829s] -- Searching for <gz-sensors7> component [thermal_camera]
[0.830s] -- Looking for gz-sensors7-thermal_camera -- found version 7.0.0
[0.830s] -- Searching for dependencies of gz-sensors7-thermal_camera
[0.831s] -- Searching for <gz-sensors7> component [wide_angle_camera]
[0.832s] -- Looking for gz-sensors7-wide_angle_camera -- found version 7.0.0
[0.832s] -- Searching for dependencies of gz-sensors7-wide_angle_camera
[0.833s] -- Looking for gz-rendering7 -- found version 7.1.0
[0.834s] -- Looking for gz-math7 -- found version 7.0.2
[0.834s] -- Looking for gz-utils2 -- found version 2.0.0
[0.856s] -- Searching for <gz-sim7> component [gui]
[0.856s] -- Looking for gz-sim7-gui -- found version 7.0.0
[0.857s] -- Searching for dependencies of gz-sim7-gui
[0.858s] -- Configuring done
[0.892s] -- Generating done
[0.894s] -- Build files have been written to: /home/toby/osu-uwrt/development/software/src/riptide_gazebo/Assets/Plugins/uwrt_gui/build/CompObjectsPlugin
[0.930s] [ 16%] [34m[1mAutomatic MOC for target CompObjectsPlugin[0m
[0.951s] [ 16%] Built target CompObjectsPlugin_autogen
[0.961s] [ 33%] [34m[1mGenerating qrc_CompObjectsPlugin.cpp[0m
[1.002s] [35m[1mConsolidate compiler generated dependencies of target CompObjectsPlugin[0m
[1.024s] [ 50%] [32mBuilding CXX object CMakeFiles/CompObjectsPlugin.dir/qrc_CompObjectsPlugin.cpp.o[0m
[1.658s] [ 66%] [32m[1mLinking CXX shared library libCompObjectsPlugin.so[0m
[1.860s] [100%] Built target CompObjectsPlugin
[1.871s] Invoked command in '/home/toby/osu-uwrt/development/software/src/riptide_gazebo/Assets/Plugins/uwrt_gui/build/CompObjectsPlugin' returned '0': /usr/bin/cmake --build /home/toby/osu-uwrt/development/software/src/riptide_gazebo/Assets/Plugins/uwrt_gui/build/CompObjectsPlugin -- -j12 -l12
[1.915s] Invoking command in '/home/toby/osu-uwrt/development/software/src/riptide_gazebo/Assets/Plugins/uwrt_gui/build/CompObjectsPlugin': /usr/bin/cmake --install /home/toby/osu-uwrt/development/software/src/riptide_gazebo/Assets/Plugins/uwrt_gui/build/CompObjectsPlugin
[1.923s] -- Install configuration: ""
[1.923s] -- Installing: /home/toby/osu-uwrt/development/software/src/riptide_gazebo/Assets/Plugins/uwrt_gui/install/CompObjectsPlugin/install/CompObjectsPlugin.qrc
[1.923s] -- Installing: /home/toby/osu-uwrt/development/software/src/riptide_gazebo/Assets/Plugins/uwrt_gui/install/CompObjectsPlugin/install/CompObjectsPlugin.qml
[1.926s] Invoked command in '/home/toby/osu-uwrt/development/software/src/riptide_gazebo/Assets/Plugins/uwrt_gui/build/CompObjectsPlugin' returned '0': /usr/bin/cmake --install /home/toby/osu-uwrt/development/software/src/riptide_gazebo/Assets/Plugins/uwrt_gui/build/CompObjectsPlugin
