[0.019s] Invoking command in '/home/toby/osu-uwrt/riptide_software/src/riptide_gazebo/Assets/Plugins/uwrt_gui/build/CompObjectsPlugin': /usr/bin/cmake --build /home/toby/osu-uwrt/riptide_software/src/riptide_gazebo/Assets/Plugins/uwrt_gui/build/CompObjectsPlugin -- -j12 -l12
[0.045s] -- Looking for gz-sim7 -- found version 7.0.0
[0.049s] -- Searching for dependencies of gz-sim7
[0.050s] -- Looking for sdformat13 -- found version 13.2.0
[0.050s] -- Searching for dependencies of sdformat13
[0.055s] -- Checking for module 'tinyxml2'
[0.067s] --   Found tinyxml2, version 9.0.0
[0.095s] -- Looking for gz-math7 -- found version 7.0.2
[0.096s] -- Searching for dependencies of gz-math7
[0.096s] -- Looking for gz-utils2 -- found version 2.0.0
[0.097s] -- Searching for dependencies of gz-utils2
[0.098s] -- Looking for gz-utils2 -- found version 2.0.0
[0.098s] -- Searching for dependencies of gz-utils2
[0.099s] -- Searching for <gz-utils2> component [cli]
[0.099s] -- Looking for gz-utils2-cli -- found version 2.0.0
[0.099s] -- Searching for dependencies of gz-utils2-cli
[0.101s] -- Looking for gz-plugin2 -- found version 2.0.0
[0.101s] -- Searching for dependencies of gz-plugin2
[0.101s] -- Looking for gz-utils2 -- found version 2.0.0
[0.102s] -- Searching for <gz-plugin2> component [loader]
[0.102s] -- Looking for gz-plugin2-loader -- found version 2.0.0
[0.103s] -- Searching for dependencies of gz-plugin2-loader
[0.103s] -- Searching for <gz-plugin2> component [register]
[0.104s] -- Looking for gz-plugin2-register -- found version 2.0.0
[0.104s] -- Searching for dependencies of gz-plugin2-register
[0.105s] -- Looking for gz-transport12 -- found version 12.0.0
[0.105s] -- Searching for dependencies of gz-transport12
[0.143s] -- Config-file not installed for ZeroMQ -- checking for pkg-config
[0.147s] -- Checking for module 'libzmq >= 4'
[0.159s] --   Found libzmq , version 4.3.4
[0.196s] -- Checking for module 'uuid'
[0.208s] --   Found uuid, version 2.37.2
[0.239s] -- Looking for gz-utils2 -- found version 2.0.0
[0.240s] -- Looking for gz-msgs9 -- found version 9.0.0
[0.240s] -- Searching for dependencies of gz-msgs9
[0.265s] -- Looking for gz-math7 -- found version 7.0.2
[0.288s] -- Searching for <gz-transport12> component [log]
[0.288s] -- Looking for gz-transport12-log -- found version 12.0.0
[0.289s] -- Searching for dependencies of gz-transport12-log
[0.290s] -- Looking for gz-msgs9 -- found version 9.0.0
[0.290s] -- Looking for gz-common5 -- found version 5.2.2
[0.291s] -- Searching for dependencies of gz-common5
[0.291s] -- Looking for gz-utils2 -- found version 2.0.0
[0.292s] -- Looking for dlfcn.h - found
[0.292s] -- Looking for libdl - found
[0.303s] -- Searching for <gz-common5> component [profiler]
[0.303s] -- Looking for gz-common5-profiler -- found version 5.2.2
[0.304s] -- Searching for dependencies of gz-common5-profiler
[0.304s] -- Searching for <gz-common5> component [events]
[0.305s] -- Looking for gz-common5-events -- found version 5.2.2
[0.306s] -- Searching for dependencies of gz-common5-events
[0.306s] -- Looking for gz-math7 -- found version 7.0.2
[0.307s] -- Searching for <gz-common5> component [av]
[0.307s] -- Looking for gz-common5-av -- found version 5.2.2
[0.307s] -- Searching for dependencies of gz-common5-av
[0.313s] -- Checking for module 'libswscale'
[0.327s] --   Found libswscale, version 5.9.100
[0.365s] -- Checking for module 'libavdevice >= 56.4.100'
[0.379s] --   Found libavdevice , version 58.13.100
[0.416s] -- Checking for module 'libavformat'
[0.429s] --   Found libavformat, version 58.76.100
[0.466s] -- Checking for module 'libavcodec'
[0.479s] --   Found libavcodec, version 58.134.100
[0.534s] -- Checking for module 'libavutil'
[0.550s] --   Found libavutil, version 56.70.100
[0.582s] -- Looking for gz-fuel_tools8 -- found version 8.0.0
[0.583s] -- Searching for dependencies of gz-fuel_tools8
[0.625s] -- Checking for module 'jsoncpp'
[0.639s] --   Found jsoncpp, version 1.9.5
[0.675s] -- Checking for module 'libzip'
[0.688s] --   Found libzip, version 1.7.3
[0.719s] -- Looking for gz-utils2 -- found version 2.0.0
[0.719s] -- Looking for gz-common5 -- found version 5.2.2
[0.720s] -- Looking for gz-math7 -- found version 7.0.2
[0.720s] -- Looking for gz-msgs9 -- found version 9.0.0
[0.721s] -- Looking for gz-gui7 -- found version 7.0.0
[0.722s] -- Searching for dependencies of gz-gui7
[0.754s] -- Looking for gz-utils2 -- found version 2.0.0
[0.754s] -- Looking for gz-math7 -- found version 7.0.2
[0.755s] -- Looking for gz-common5 -- found version 5.2.2
[0.755s] -- Looking for gz-plugin2 -- found version 2.0.0
[0.756s] -- Looking for gz-transport12 -- found version 12.0.0
[0.756s] -- Looking for gz-rendering7 -- found version 7.1.0
[0.756s] -- Searching for dependencies of gz-rendering7
[0.757s] -- Looking for gz-math7 -- found version 7.0.2
[0.757s] -- Searching for dependencies of gz-math7
[0.758s] -- Looking for gz-utils2 -- found version 2.0.0
[0.758s] -- Searching for <gz-math7> component [eigen3]
[0.758s] -- Looking for gz-math7-eigen3 -- found version 7.0.2
[0.758s] -- Searching for dependencies of gz-math7-eigen3
[0.760s] -- Looking for gz-common5 -- found version 5.2.2
[0.761s] -- Searching for dependencies of gz-common5
[0.761s] -- Looking for gz-utils2 -- found version 2.0.0
[0.761s] -- Looking for dlfcn.h - found
[0.761s] -- Looking for libdl - found
[0.770s] -- Searching for <gz-common5> component [graphics]
[0.770s] -- Looking for gz-common5-graphics -- found version 5.2.2
[0.771s] -- Searching for dependencies of gz-common5-graphics
[0.771s] -- Looking for gz-math7 -- found version 7.0.2
[0.774s] -- Searching for <gz-common5> component [events]
[0.774s] -- Searching for <gz-common5> component [geospatial]
[0.775s] -- Looking for gz-common5-geospatial -- found version 5.2.2
[0.775s] -- Searching for dependencies of gz-common5-geospatial
[0.776s] -- Looking for gz-math7 -- found version 7.0.2
[0.776s] -- Looking for gz-common5 -- found version 5.2.2
[0.777s] -- Looking for gz-plugin2 -- found version 2.0.0
[0.778s] -- Searching for dependencies of gz-plugin2
[0.778s] -- Looking for gz-utils2 -- found version 2.0.0
[0.779s] -- Searching for <gz-plugin2> component [all]
[0.779s] -- Looking for all libraries of gz-plugin2 -- found version 2.0.0
[0.780s] -- Looking for gz-plugin2 -- found version 2.0.0
[0.781s] -- Looking for gz-utils2 -- found version 2.0.0
[0.782s] -- Looking for gz-msgs9 -- found version 9.0.0
[0.797s] -- Looking for gz-physics6 -- found version 6.1.0
[0.797s] -- Searching for dependencies of gz-physics6
[0.798s] -- Looking for gz-math7 -- found version 7.0.2
[0.798s] -- Looking for gz-plugin2 -- found version 2.0.0
[0.799s] -- Looking for gz-utils2 -- found version 2.0.0
[0.800s] -- Searching for <gz-physics6> component [heightmap]
[0.801s] -- Looking for gz-physics6-heightmap -- found version 6.1.0
[0.801s] -- Searching for dependencies of gz-physics6-heightmap
[0.802s] -- Looking for gz-common5 -- found version 5.2.2
[0.802s] -- Searching for <gz-physics6> component [mesh]
[0.802s] -- Looking for gz-physics6-mesh -- found version 6.1.0
[0.803s] -- Searching for dependencies of gz-physics6-mesh
[0.803s] -- Looking for gz-common5 -- found version 5.2.2
[0.804s] -- Searching for <gz-physics6> component [sdf]
[0.804s] -- Looking for gz-physics6-sdf -- found version 6.1.0
[0.805s] -- Searching for dependencies of gz-physics6-sdf
[0.805s] -- Looking for sdformat13 -- found version 13.2.0
[0.806s] -- Looking for gz-sensors7 -- found version 7.0.0
[0.806s] -- Searching for dependencies of gz-sensors7
[0.828s] -- Looking for gz-math7 -- found version 7.0.2
[0.828s] -- Looking for gz-common5 -- found version 5.2.2
[0.829s] -- Looking for gz-transport12 -- found version 12.0.0
[0.829s] -- Looking for gz-rendering7 -- found version 7.1.0
[0.830s] -- Looking for gz-msgs9 -- found version 9.0.0
[0.830s] -- Looking for sdformat13 -- found version 13.2.0
[0.832s] -- Searching for <gz-sensors7> component [air_pressure]
[0.832s] -- Looking for gz-sensors7-air_pressure -- found version 7.0.0
[0.833s] -- Searching for dependencies of gz-sensors7-air_pressure
[0.833s] -- Searching for <gz-sensors7> component [altimeter]
[0.834s] -- Looking for gz-sensors7-altimeter -- found version 7.0.0
[0.835s] -- Searching for dependencies of gz-sensors7-altimeter
[0.835s] -- Searching for <gz-sensors7> component [imu]
[0.836s] -- Looking for gz-sensors7-imu -- found version 7.0.0
[0.837s] -- Searching for dependencies of gz-sensors7-imu
[0.837s] -- Searching for <gz-sensors7> component [force_torque]
[0.838s] -- Looking for gz-sensors7-force_torque -- found version 7.0.0
[0.838s] -- Searching for dependencies of gz-sensors7-force_torque
[0.839s] -- Searching for <gz-sensors7> component [logical_camera]
[0.840s] -- Looking for gz-sensors7-logical_camera -- found version 7.0.0
[0.840s] -- Searching for dependencies of gz-sensors7-logical_camera
[0.841s] -- Searching for <gz-sensors7> component [magnetometer]
[0.842s] -- Looking for gz-sensors7-magnetometer -- found version 7.0.0
[0.842s] -- Searching for dependencies of gz-sensors7-magnetometer
[0.843s] -- Searching for <gz-sensors7> component [navsat]
[0.843s] -- Looking for gz-sensors7-navsat -- found version 7.0.0
[0.844s] -- Searching for dependencies of gz-sensors7-navsat
[0.845s] -- Searching for <gz-sensors7> component [rendering]
[0.845s] -- Looking for gz-sensors7-rendering -- found version 7.0.0
[0.846s] -- Searching for dependencies of gz-sensors7-rendering
[0.846s] -- Searching for <gz-sensors7> component [lidar]
[0.847s] -- Looking for gz-sensors7-lidar -- found version 7.0.0
[0.847s] -- Searching for dependencies of gz-sensors7-lidar
[0.848s] -- Searching for <gz-sensors7> component [gpu_lidar]
[0.848s] -- Looking for gz-sensors7-gpu_lidar -- found version 7.0.0
[0.849s] -- Searching for dependencies of gz-sensors7-gpu_lidar
[0.849s] -- Searching for <gz-sensors7> component [camera]
[0.850s] -- Looking for gz-sensors7-camera -- found version 7.0.0
[0.850s] -- Searching for dependencies of gz-sensors7-camera
[0.851s] -- Searching for <gz-sensors7> component [boundingbox_camera]
[0.851s] -- Looking for gz-sensors7-boundingbox_camera -- found version 7.0.0
[0.852s] -- Searching for dependencies of gz-sensors7-boundingbox_camera
[0.852s] -- Searching for <gz-sensors7> component [segmentation_camera]
[0.853s] -- Looking for gz-sensors7-segmentation_camera -- found version 7.0.0
[0.853s] -- Searching for dependencies of gz-sensors7-segmentation_camera
[0.854s] -- Searching for <gz-sensors7> component [depth_camera]
[0.854s] -- Looking for gz-sensors7-depth_camera -- found version 7.0.0
[0.855s] -- Searching for dependencies of gz-sensors7-depth_camera
[0.856s] -- Searching for <gz-sensors7> component [rgbd_camera]
[0.856s] -- Looking for gz-sensors7-rgbd_camera -- found version 7.0.0
[0.857s] -- Searching for dependencies of gz-sensors7-rgbd_camera
[0.857s] -- Searching for <gz-sensors7> component [thermal_camera]
[0.858s] -- Looking for gz-sensors7-thermal_camera -- found version 7.0.0
[0.858s] -- Searching for dependencies of gz-sensors7-thermal_camera
[0.859s] -- Searching for <gz-sensors7> component [wide_angle_camera]
[0.859s] -- Looking for gz-sensors7-wide_angle_camera -- found version 7.0.0
[0.860s] -- Searching for dependencies of gz-sensors7-wide_angle_camera
[0.861s] -- Looking for gz-rendering7 -- found version 7.1.0
[0.861s] -- Looking for gz-math7 -- found version 7.0.2
[0.862s] -- Looking for gz-utils2 -- found version 2.0.0
[0.883s] -- Searching for <gz-sim7> component [gui]
[0.884s] -- Looking for gz-sim7-gui -- found version 7.0.0
[0.885s] -- Searching for dependencies of gz-sim7-gui
[0.886s] [31mCMake Error at CMakeLists.txt:26 (install):
[0.886s]   install FILES given no DESTINATION!
[0.886s] 
[0.886s] [0m
[0.886s] -- Configuring incomplete, errors occurred!
[0.886s] See also "/home/toby/osu-uwrt/riptide_software/src/riptide_gazebo/Assets/Plugins/uwrt_gui/build/CompObjectsPlugin/CMakeFiles/CMakeOutput.log".
[0.893s] gmake: *** [Makefile:247: cmake_check_build_system] Error 1
[0.895s] Invoked command in '/home/toby/osu-uwrt/riptide_software/src/riptide_gazebo/Assets/Plugins/uwrt_gui/build/CompObjectsPlugin' returned '2': /usr/bin/cmake --build /home/toby/osu-uwrt/riptide_software/src/riptide_gazebo/Assets/Plugins/uwrt_gui/build/CompObjectsPlugin -- -j12 -l12
