[0.011s] Invoking command in '/home/hollis/osu-uwrt/riptide_software/src/riptide_gazebo/Assets/Plugins/build/uwrt_ros_gz': CMAKE_PREFIX_PATH=${CMAKE_PREFIX_PATH}:/home/hollis/osu-uwrt/dependencies/install/microstrain_inertial_rqt:/home/hollis/osu-uwrt/dependencies/install/echo_video:/home/hollis/osu-uwrt/dependencies/install/camera_calibration:/home/hollis/osu-uwrt/riptide_software/install/riptide_teleop2:/home/hollis/osu-uwrt/riptide_software/install/riptide_rqt_plugins2:/home/hollis/osu-uwrt/riptide_software/install/riptide_hardware2:/home/hollis/osu-uwrt/riptide_software/install/riptide_controllers2:/home/hollis/osu-uwrt/riptide_software/install/riptide_mapping2:/home/hollis/osu-uwrt/riptide_software/install/riptide_localization2:/home/hollis/osu-uwrt/riptide_software/install/riptide_bringup2:/home/hollis/osu-uwrt/riptide_software/install/riptide_SNIB:/opt/ros/humble /usr/bin/cmake --build /home/hollis/osu-uwrt/riptide_software/src/riptide_gazebo/Assets/Plugins/build/uwrt_ros_gz -- -j20 -l20
[0.025s] -- Found ament_cmake: 1.3.2 (/opt/ros/humble/share/ament_cmake/cmake)
[0.118s] -- Found rclcpp: 16.0.1 (/opt/ros/humble/share/rclcpp/cmake)
[0.136s] -- Found rosidl_generator_c: 3.1.3 (/opt/ros/humble/share/rosidl_generator_c/cmake)
[0.138s] -- Found rosidl_adapter: 3.1.3 (/opt/ros/humble/share/rosidl_adapter/cmake)
[0.141s] -- Found rosidl_generator_cpp: 3.1.3 (/opt/ros/humble/share/rosidl_generator_cpp/cmake)
[0.147s] -- Using all available rosidl_typesupport_c: rosidl_typesupport_fastrtps_c;rosidl_typesupport_introspection_c
[0.156s] -- Using all available rosidl_typesupport_cpp: rosidl_typesupport_fastrtps_cpp;rosidl_typesupport_introspection_cpp
[0.187s] -- Found rmw_implementation_cmake: 6.1.0 (/opt/ros/humble/share/rmw_implementation_cmake/cmake)
[0.188s] -- Found rmw_fastrtps_cpp: 6.2.1 (/opt/ros/humble/share/rmw_fastrtps_cpp/cmake)
[0.262s] -- Using RMW implementation 'rmw_fastrtps_cpp' as default
[0.349s] -- Looking for gz-sim7 -- found version 7.0.0
[0.352s] -- Searching for dependencies of gz-sim7
[0.352s] -- Looking for sdformat13 -- found version 13.0.1
[0.352s] -- Searching for dependencies of sdformat13
[0.355s] -- Checking for module 'tinyxml2'
[0.363s] --   Found tinyxml2, version 9.0.0
[0.379s] -- Looking for gz-math7 -- found version 7.0.2
[0.379s] -- Searching for dependencies of gz-math7
[0.379s] -- Looking for gz-utils2 -- found version 2.0.0
[0.379s] -- Searching for dependencies of gz-utils2
[0.380s] -- Looking for gz-utils2 -- found version 2.0.0
[0.380s] -- Searching for dependencies of gz-utils2
[0.380s] -- Searching for <gz-utils2> component [cli]
[0.380s] -- Looking for gz-utils2-cli -- found version 2.0.0
[0.381s] -- Searching for dependencies of gz-utils2-cli
[0.382s] -- Looking for gz-plugin2 -- found version 2.0.0
[0.382s] -- Searching for dependencies of gz-plugin2
[0.382s] -- Looking for gz-utils2 -- found version 2.0.0
[0.382s] -- Searching for <gz-plugin2> component [loader]
[0.382s] -- Looking for gz-plugin2-loader -- found version 2.0.0
[0.382s] -- Searching for dependencies of gz-plugin2-loader
[0.383s] -- Searching for <gz-plugin2> component [register]
[0.383s] -- Looking for gz-plugin2-register -- found version 2.0.0
[0.383s] -- Searching for dependencies of gz-plugin2-register
[0.383s] -- Looking for gz-transport12 -- found version 12.0.0
[0.384s] -- Searching for dependencies of gz-transport12
[0.403s] -- Config-file not installed for ZeroMQ -- checking for pkg-config
[0.406s] -- Checking for module 'libzmq >= 4'
[0.413s] --   Found libzmq , version 4.3.4
[0.433s] -- Checking for module 'uuid'
[0.440s] --   Found uuid, version 2.37.2
[0.456s] -- Looking for gz-utils2 -- found version 2.0.0
[0.456s] -- Looking for gz-msgs9 -- found version 9.0.0
[0.456s] -- Searching for dependencies of gz-msgs9
[0.468s] -- Looking for gz-math7 -- found version 7.0.2
[0.473s] -- Searching for <gz-transport12> component [log]
[0.473s] -- Looking for gz-transport12-log -- found version 12.0.0
[0.473s] -- Searching for dependencies of gz-transport12-log
[0.474s] -- Looking for gz-msgs9 -- found version 9.0.0
[0.474s] -- Looking for gz-common5 -- found version 5.0.0
[0.474s] -- Searching for dependencies of gz-common5
[0.474s] -- Looking for gz-utils2 -- found version 2.0.0
[0.474s] -- Looking for dlfcn.h - found
[0.474s] -- Looking for libdl - found
[0.480s] -- Searching for <gz-common5> component [profiler]
[0.480s] -- Looking for gz-common5-profiler -- found version 5.0.0
[0.480s] -- Searching for dependencies of gz-common5-profiler
[0.480s] -- Searching for <gz-common5> component [events]
[0.480s] -- Looking for gz-common5-events -- found version 5.0.0
[0.481s] -- Searching for dependencies of gz-common5-events
[0.481s] -- Looking for gz-math7 -- found version 7.0.2
[0.481s] -- Searching for <gz-common5> component [av]
[0.481s] -- Looking for gz-common5-av -- found version 5.0.0
[0.482s] -- Searching for dependencies of gz-common5-av
[0.484s] -- Checking for module 'libswscale'
[0.492s] --   Found libswscale, version 5.9.100
[0.510s] -- Checking for module 'libavdevice >= 56.4.100'
[0.518s] --   Found libavdevice , version 58.13.100
[0.539s] -- Checking for module 'libavformat'
[0.546s] --   Found libavformat, version 58.76.100
[0.565s] -- Checking for module 'libavcodec'
[0.572s] --   Found libavcodec, version 58.134.100
[0.593s] -- Checking for module 'libavutil'
[0.601s] --   Found libavutil, version 56.70.100
[0.618s] -- Looking for gz-fuel_tools8 -- found version 8.0.0
[0.618s] -- Searching for dependencies of gz-fuel_tools8
[0.642s] -- Checking for module 'jsoncpp'
[0.649s] --   Found jsoncpp, version 1.9.5
[0.668s] -- Checking for module 'libzip'
[0.675s] --   Found libzip, version 1.7.3
[0.692s] -- Looking for gz-utils2 -- found version 2.0.0
[0.692s] -- Looking for gz-common5 -- found version 5.0.0
[0.693s] -- Looking for gz-math7 -- found version 7.0.2
[0.693s] -- Looking for gz-msgs9 -- found version 9.0.0
[0.694s] -- Looking for gz-gui7 -- found version 7.0.0
[0.694s] -- Searching for dependencies of gz-gui7
[0.712s] -- Looking for gz-utils2 -- found version 2.0.0
[0.712s] -- Looking for gz-math7 -- found version 7.0.2
[0.712s] -- Looking for gz-common5 -- found version 5.0.0
[0.713s] -- Looking for gz-plugin2 -- found version 2.0.0
[0.713s] -- Looking for gz-transport12 -- found version 12.0.0
[0.713s] -- Looking for gz-rendering7 -- found version 7.0.0
[0.714s] -- Searching for dependencies of gz-rendering7
[0.714s] -- Looking for gz-math7 -- found version 7.0.2
[0.715s] -- Searching for dependencies of gz-math7
[0.715s] -- Looking for gz-utils2 -- found version 2.0.0
[0.715s] -- Searching for <gz-math7> component [eigen3]
[0.715s] -- Looking for gz-math7-eigen3 -- found version 7.0.2
[0.715s] -- Searching for dependencies of gz-math7-eigen3
[0.716s] -- Looking for gz-common5 -- found version 5.0.0
[0.716s] -- Searching for dependencies of gz-common5
[0.716s] -- Looking for gz-utils2 -- found version 2.0.0
[0.717s] -- Looking for dlfcn.h - found
[0.717s] -- Looking for libdl - found
[0.723s] -- Searching for <gz-common5> component [graphics]
[0.723s] -- Looking for gz-common5-graphics -- found version 5.0.0
[0.723s] -- Searching for dependencies of gz-common5-graphics
[0.723s] -- Looking for gz-math7 -- found version 7.0.2
[0.725s] -- Searching for <gz-common5> component [events]
[0.725s] -- Searching for <gz-common5> component [geospatial]
[0.725s] -- Looking for gz-common5-geospatial -- found version 5.0.0
[0.726s] -- Searching for dependencies of gz-common5-geospatial
[0.726s] -- Looking for gz-math7 -- found version 7.0.2
[0.726s] -- Looking for gz-common5 -- found version 5.0.0
[0.727s] -- Looking for gz-plugin2 -- found version 2.0.0
[0.727s] -- Searching for dependencies of gz-plugin2
[0.728s] -- Looking for gz-utils2 -- found version 2.0.0
[0.728s] -- Searching for <gz-plugin2> component [all]
[0.728s] -- Looking for all libraries of gz-plugin2 -- found version 2.0.0
[0.728s] -- Looking for gz-plugin2 -- found version 2.0.0
[0.729s] -- Looking for gz-utils2 -- found version 2.0.0
[0.730s] -- Looking for gz-msgs9 -- found version 9.0.0
[0.739s] -- Looking for gz-physics6 -- found version 6.0.0
[0.739s] -- Searching for dependencies of gz-physics6
[0.739s] -- Looking for gz-math7 -- found version 7.0.2
[0.740s] -- Looking for gz-plugin2 -- found version 2.0.0
[0.740s] -- Looking for gz-utils2 -- found version 2.0.0
[0.741s] -- Searching for <gz-physics6> component [heightmap]
[0.741s] -- Looking for gz-physics6-heightmap -- found version 6.0.0
[0.741s] -- Searching for dependencies of gz-physics6-heightmap
[0.741s] -- Looking for gz-common5 -- found version 5.0.0
[0.742s] -- Searching for <gz-physics6> component [mesh]
[0.742s] -- Looking for gz-physics6-mesh -- found version 6.0.0
[0.742s] -- Searching for dependencies of gz-physics6-mesh
[0.742s] -- Looking for gz-common5 -- found version 5.0.0
[0.742s] -- Searching for <gz-physics6> component [sdf]
[0.743s] -- Looking for gz-physics6-sdf -- found version 6.0.0
[0.743s] -- Searching for dependencies of gz-physics6-sdf
[0.743s] -- Looking for sdformat13 -- found version 13.0.1
[0.744s] -- Looking for gz-sensors7 -- found version 7.0.0
[0.744s] -- Searching for dependencies of gz-sensors7
[0.758s] -- Looking for gz-math7 -- found version 7.0.2
[0.758s] -- Looking for gz-common5 -- found version 5.0.0
[0.758s] -- Looking for gz-transport12 -- found version 12.0.0
[0.758s] -- Looking for gz-rendering7 -- found version 7.0.0
[0.758s] -- Looking for gz-msgs9 -- found version 9.0.0
[0.759s] -- Looking for sdformat13 -- found version 13.0.1
[0.759s] -- Searching for <gz-sensors7> component [air_pressure]
[0.759s] -- Looking for gz-sensors7-air_pressure -- found version 7.0.0
[0.759s] -- Searching for dependencies of gz-sensors7-air_pressure
[0.760s] -- Searching for <gz-sensors7> component [altimeter]
[0.760s] -- Looking for gz-sensors7-altimeter -- found version 7.0.0
[0.760s] -- Searching for dependencies of gz-sensors7-altimeter
[0.760s] -- Searching for <gz-sensors7> component [imu]
[0.761s] -- Looking for gz-sensors7-imu -- found version 7.0.0
[0.761s] -- Searching for dependencies of gz-sensors7-imu
[0.761s] -- Searching for <gz-sensors7> component [force_torque]
[0.761s] -- Looking for gz-sensors7-force_torque -- found version 7.0.0
[0.762s] -- Searching for dependencies of gz-sensors7-force_torque
[0.762s] -- Searching for <gz-sensors7> component [logical_camera]
[0.762s] -- Looking for gz-sensors7-logical_camera -- found version 7.0.0
[0.762s] -- Searching for dependencies of gz-sensors7-logical_camera
[0.763s] -- Searching for <gz-sensors7> component [magnetometer]
[0.763s] -- Looking for gz-sensors7-magnetometer -- found version 7.0.0
[0.763s] -- Searching for dependencies of gz-sensors7-magnetometer
[0.763s] -- Searching for <gz-sensors7> component [navsat]
[0.763s] -- Looking for gz-sensors7-navsat -- found version 7.0.0
[0.764s] -- Searching for dependencies of gz-sensors7-navsat
[0.764s] -- Searching for <gz-sensors7> component [rendering]
[0.764s] -- Looking for gz-sensors7-rendering -- found version 7.0.0
[0.765s] -- Searching for dependencies of gz-sensors7-rendering
[0.765s] -- Searching for <gz-sensors7> component [lidar]
[0.765s] -- Looking for gz-sensors7-lidar -- found version 7.0.0
[0.765s] -- Searching for dependencies of gz-sensors7-lidar
[0.766s] -- Searching for <gz-sensors7> component [gpu_lidar]
[0.766s] -- Looking for gz-sensors7-gpu_lidar -- found version 7.0.0
[0.766s] -- Searching for dependencies of gz-sensors7-gpu_lidar
[0.766s] -- Searching for <gz-sensors7> component [camera]
[0.767s] -- Looking for gz-sensors7-camera -- found version 7.0.0
[0.767s] -- Searching for dependencies of gz-sensors7-camera
[0.767s] -- Searching for <gz-sensors7> component [boundingbox_camera]
[0.767s] -- Looking for gz-sensors7-boundingbox_camera -- found version 7.0.0
[0.768s] -- Searching for dependencies of gz-sensors7-boundingbox_camera
[0.768s] -- Searching for <gz-sensors7> component [segmentation_camera]
[0.768s] -- Looking for gz-sensors7-segmentation_camera -- found version 7.0.0
[0.769s] -- Searching for dependencies of gz-sensors7-segmentation_camera
[0.769s] -- Searching for <gz-sensors7> component [depth_camera]
[0.769s] -- Looking for gz-sensors7-depth_camera -- found version 7.0.0
[0.770s] -- Searching for dependencies of gz-sensors7-depth_camera
[0.770s] -- Searching for <gz-sensors7> component [rgbd_camera]
[0.770s] -- Looking for gz-sensors7-rgbd_camera -- found version 7.0.0
[0.771s] -- Searching for dependencies of gz-sensors7-rgbd_camera
[0.771s] -- Searching for <gz-sensors7> component [thermal_camera]
[0.771s] -- Looking for gz-sensors7-thermal_camera -- found version 7.0.0
[0.771s] -- Searching for dependencies of gz-sensors7-thermal_camera
[0.772s] -- Searching for <gz-sensors7> component [wide_angle_camera]
[0.772s] -- Looking for gz-sensors7-wide_angle_camera -- found version 7.0.0
[0.772s] -- Searching for dependencies of gz-sensors7-wide_angle_camera
[0.773s] -- Looking for gz-rendering7 -- found version 7.0.0
[0.773s] -- Looking for gz-math7 -- found version 7.0.2
[0.773s] -- Looking for gz-utils2 -- found version 2.0.0
[0.829s] -- Configuring done
[0.836s] -- Generating done
[0.837s] -- Build files have been written to: /home/hollis/osu-uwrt/riptide_software/src/riptide_gazebo/Assets/Plugins/build/uwrt_ros_gz
[0.854s] [35m[1mConsolidate compiler generated dependencies of target uwrt_ros_gz_bridge[0m
[0.866s] [100%] Built target uwrt_ros_gz_bridge
[0.872s] Invoked command in '/home/hollis/osu-uwrt/riptide_software/src/riptide_gazebo/Assets/Plugins/build/uwrt_ros_gz' returned '0': CMAKE_PREFIX_PATH=${CMAKE_PREFIX_PATH}:/home/hollis/osu-uwrt/dependencies/install/microstrain_inertial_rqt:/home/hollis/osu-uwrt/dependencies/install/echo_video:/home/hollis/osu-uwrt/dependencies/install/camera_calibration:/home/hollis/osu-uwrt/riptide_software/install/riptide_teleop2:/home/hollis/osu-uwrt/riptide_software/install/riptide_rqt_plugins2:/home/hollis/osu-uwrt/riptide_software/install/riptide_hardware2:/home/hollis/osu-uwrt/riptide_software/install/riptide_controllers2:/home/hollis/osu-uwrt/riptide_software/install/riptide_mapping2:/home/hollis/osu-uwrt/riptide_software/install/riptide_localization2:/home/hollis/osu-uwrt/riptide_software/install/riptide_bringup2:/home/hollis/osu-uwrt/riptide_software/install/riptide_SNIB:/opt/ros/humble /usr/bin/cmake --build /home/hollis/osu-uwrt/riptide_software/src/riptide_gazebo/Assets/Plugins/build/uwrt_ros_gz -- -j20 -l20
[0.888s] Invoking command in '/home/hollis/osu-uwrt/riptide_software/src/riptide_gazebo/Assets/Plugins/build/uwrt_ros_gz': CMAKE_PREFIX_PATH=${CMAKE_PREFIX_PATH}:/home/hollis/osu-uwrt/dependencies/install/microstrain_inertial_rqt:/home/hollis/osu-uwrt/dependencies/install/echo_video:/home/hollis/osu-uwrt/dependencies/install/camera_calibration:/home/hollis/osu-uwrt/riptide_software/install/riptide_teleop2:/home/hollis/osu-uwrt/riptide_software/install/riptide_rqt_plugins2:/home/hollis/osu-uwrt/riptide_software/install/riptide_hardware2:/home/hollis/osu-uwrt/riptide_software/install/riptide_controllers2:/home/hollis/osu-uwrt/riptide_software/install/riptide_mapping2:/home/hollis/osu-uwrt/riptide_software/install/riptide_localization2:/home/hollis/osu-uwrt/riptide_software/install/riptide_bringup2:/home/hollis/osu-uwrt/riptide_software/install/riptide_SNIB:/opt/ros/humble /usr/bin/cmake --install /home/hollis/osu-uwrt/riptide_software/src/riptide_gazebo/Assets/Plugins/build/uwrt_ros_gz
[0.893s] -- Install configuration: ""
[0.893s] -- Up-to-date: /home/hollis/osu-uwrt/riptide_software/src/riptide_gazebo/Assets/Plugins/install/uwrt_ros_gz/lib/uwrt_ros_gz/uwrt_ros_gz_bridge
[0.893s] -- Up-to-date: /home/hollis/osu-uwrt/riptide_software/src/riptide_gazebo/Assets/Plugins/install/uwrt_ros_gz/share/ament_index/resource_index/package_run_dependencies/uwrt_ros_gz
[0.893s] -- Up-to-date: /home/hollis/osu-uwrt/riptide_software/src/riptide_gazebo/Assets/Plugins/install/uwrt_ros_gz/share/ament_index/resource_index/parent_prefix_path/uwrt_ros_gz
[0.894s] -- Up-to-date: /home/hollis/osu-uwrt/riptide_software/src/riptide_gazebo/Assets/Plugins/install/uwrt_ros_gz/share/uwrt_ros_gz/environment/ament_prefix_path.sh
[0.894s] -- Installing: /home/hollis/osu-uwrt/riptide_software/src/riptide_gazebo/Assets/Plugins/install/uwrt_ros_gz/share/uwrt_ros_gz/environment/ament_prefix_path.dsv
[0.894s] -- Up-to-date: /home/hollis/osu-uwrt/riptide_software/src/riptide_gazebo/Assets/Plugins/install/uwrt_ros_gz/share/uwrt_ros_gz/environment/path.sh
[0.894s] -- Installing: /home/hollis/osu-uwrt/riptide_software/src/riptide_gazebo/Assets/Plugins/install/uwrt_ros_gz/share/uwrt_ros_gz/environment/path.dsv
[0.894s] -- Up-to-date: /home/hollis/osu-uwrt/riptide_software/src/riptide_gazebo/Assets/Plugins/install/uwrt_ros_gz/share/uwrt_ros_gz/local_setup.bash
[0.894s] -- Up-to-date: /home/hollis/osu-uwrt/riptide_software/src/riptide_gazebo/Assets/Plugins/install/uwrt_ros_gz/share/uwrt_ros_gz/local_setup.sh
[0.894s] -- Up-to-date: /home/hollis/osu-uwrt/riptide_software/src/riptide_gazebo/Assets/Plugins/install/uwrt_ros_gz/share/uwrt_ros_gz/local_setup.zsh
[0.894s] -- Installing: /home/hollis/osu-uwrt/riptide_software/src/riptide_gazebo/Assets/Plugins/install/uwrt_ros_gz/share/uwrt_ros_gz/local_setup.dsv
[0.896s] -- Installing: /home/hollis/osu-uwrt/riptide_software/src/riptide_gazebo/Assets/Plugins/install/uwrt_ros_gz/share/uwrt_ros_gz/package.dsv
[0.896s] -- Up-to-date: /home/hollis/osu-uwrt/riptide_software/src/riptide_gazebo/Assets/Plugins/install/uwrt_ros_gz/share/ament_index/resource_index/packages/uwrt_ros_gz
[0.896s] -- Up-to-date: /home/hollis/osu-uwrt/riptide_software/src/riptide_gazebo/Assets/Plugins/install/uwrt_ros_gz/share/uwrt_ros_gz/cmake/uwrt_ros_gzConfig.cmake
[0.897s] -- Up-to-date: /home/hollis/osu-uwrt/riptide_software/src/riptide_gazebo/Assets/Plugins/install/uwrt_ros_gz/share/uwrt_ros_gz/cmake/uwrt_ros_gzConfig-version.cmake
[0.897s] -- Up-to-date: /home/hollis/osu-uwrt/riptide_software/src/riptide_gazebo/Assets/Plugins/install/uwrt_ros_gz/share/uwrt_ros_gz/package.xml
[0.897s] Invoked command in '/home/hollis/osu-uwrt/riptide_software/src/riptide_gazebo/Assets/Plugins/build/uwrt_ros_gz' returned '0': CMAKE_PREFIX_PATH=${CMAKE_PREFIX_PATH}:/home/hollis/osu-uwrt/dependencies/install/microstrain_inertial_rqt:/home/hollis/osu-uwrt/dependencies/install/echo_video:/home/hollis/osu-uwrt/dependencies/install/camera_calibration:/home/hollis/osu-uwrt/riptide_software/install/riptide_teleop2:/home/hollis/osu-uwrt/riptide_software/install/riptide_rqt_plugins2:/home/hollis/osu-uwrt/riptide_software/install/riptide_hardware2:/home/hollis/osu-uwrt/riptide_software/install/riptide_controllers2:/home/hollis/osu-uwrt/riptide_software/install/riptide_mapping2:/home/hollis/osu-uwrt/riptide_software/install/riptide_localization2:/home/hollis/osu-uwrt/riptide_software/install/riptide_bringup2:/home/hollis/osu-uwrt/riptide_software/install/riptide_SNIB:/opt/ros/humble /usr/bin/cmake --install /home/hollis/osu-uwrt/riptide_software/src/riptide_gazebo/Assets/Plugins/build/uwrt_ros_gz
