-- Found ament_cmake: 1.3.2 (/opt/ros/humble/share/ament_cmake/cmake)
-- Looking for gz-plugin2 -- found version 2.0.0
-- Searching for dependencies of gz-plugin2
-- Looking for gz-utils2 -- found version 2.0.0
-- Searching for dependencies of gz-utils2
-- Searching for <gz-utils2> component [cli]
-- Looking for gz-utils2-cli -- found version 2.0.0
-- Searching for dependencies of gz-utils2-cli
-- Searching for <gz-plugin2> component [register]
-- Looking for gz-plugin2-register -- found version 2.0.0
-- Searching for dependencies of gz-plugin2-register
-- Looking for gz-sim7 -- found version 7.0.0
-- Searching for dependencies of gz-sim7
-- Looking for sdformat13 -- found version 13.0.1
-- Searching for dependencies of sdformat13
-- Checking for module 'tinyxml2'
--   Found tinyxml2, version 9.0.0
-- Looking for gz-math7 -- found version 7.0.2
-- Searching for dependencies of gz-math7
-- Looking for gz-utils2 -- found version 2.0.0
-- Looking for gz-utils2 -- found version 2.0.0
-- Looking for gz-plugin2 -- found version 2.0.0
-- Searching for dependencies of gz-plugin2
-- Looking for gz-utils2 -- found version 2.0.0
-- Searching for <gz-plugin2> component [loader]
-- Looking for gz-plugin2-loader -- found version 2.0.0
-- Searching for dependencies of gz-plugin2-loader
-- Searching for <gz-plugin2> component [register]
-- Looking for gz-transport12 -- found version 12.0.0
-- Searching for dependencies of gz-transport12
-- Config-file not installed for ZeroMQ -- checking for pkg-config
-- Checking for module 'libzmq >= 4'
--   Found libzmq , version 4.3.4
-- Checking for module 'uuid'
--   Found uuid, version 2.37.2
-- Looking for gz-utils2 -- found version 2.0.0
-- Looking for gz-msgs9 -- found version 9.0.0
-- Searching for dependencies of gz-msgs9
-- Looking for gz-math7 -- found version 7.0.2
-- Searching for <gz-transport12> component [log]
-- Looking for gz-transport12-log -- found version 12.0.0
-- Searching for dependencies of gz-transport12-log
-- Looking for gz-msgs9 -- found version 9.0.0
-- Looking for gz-common5 -- found version 5.0.0
-- Searching for dependencies of gz-common5
-- Looking for gz-utils2 -- found version 2.0.0
-- Looking for dlfcn.h - found
-- Looking for libdl - found
-- Searching for <gz-common5> component [profiler]
-- Looking for gz-common5-profiler -- found version 5.0.0
-- Searching for dependencies of gz-common5-profiler
-- Searching for <gz-common5> component [events]
-- Looking for gz-common5-events -- found version 5.0.0
-- Searching for dependencies of gz-common5-events
-- Looking for gz-math7 -- found version 7.0.2
-- Searching for <gz-common5> component [av]
-- Looking for gz-common5-av -- found version 5.0.0
-- Searching for dependencies of gz-common5-av
-- Checking for module 'libswscale'
--   Found libswscale, version 5.9.100
-- Checking for module 'libavdevice >= 56.4.100'
--   Found libavdevice , version 58.13.100
-- Checking for module 'libavformat'
--   Found libavformat, version 58.76.100
-- Checking for module 'libavcodec'
--   Found libavcodec, version 58.134.100
-- Checking for module 'libavutil'
--   Found libavutil, version 56.70.100
-- Looking for gz-fuel_tools8 -- found version 8.0.0
-- Searching for dependencies of gz-fuel_tools8
-- Checking for module 'jsoncpp'
--   Found jsoncpp, version 1.9.5
-- Checking for module 'libzip'
--   Found libzip, version 1.7.3
-- Looking for gz-utils2 -- found version 2.0.0
-- Looking for gz-common5 -- found version 5.0.0
-- Looking for gz-math7 -- found version 7.0.2
-- Looking for gz-msgs9 -- found version 9.0.0
-- Looking for gz-gui7 -- found version 7.0.0
-- Searching for dependencies of gz-gui7
-- Looking for gz-utils2 -- found version 2.0.0
-- Looking for gz-math7 -- found version 7.0.2
-- Looking for gz-common5 -- found version 5.0.0
-- Looking for gz-plugin2 -- found version 2.0.0
-- Looking for gz-transport12 -- found version 12.0.0
-- Looking for gz-rendering7 -- found version 7.0.0
-- Searching for dependencies of gz-rendering7
-- Looking for gz-math7 -- found version 7.0.2
-- Searching for dependencies of gz-math7
-- Looking for gz-utils2 -- found version 2.0.0
-- Searching for <gz-math7> component [eigen3]
-- Looking for gz-math7-eigen3 -- found version 7.0.2
-- Searching for dependencies of gz-math7-eigen3
-- Looking for gz-common5 -- found version 5.0.0
-- Searching for dependencies of gz-common5
-- Looking for gz-utils2 -- found version 2.0.0
-- Looking for dlfcn.h - found
-- Looking for libdl - found
-- Searching for <gz-common5> component [graphics]
-- Looking for gz-common5-graphics -- found version 5.0.0
-- Searching for dependencies of gz-common5-graphics
-- Looking for gz-math7 -- found version 7.0.2
-- Searching for <gz-common5> component [events]
-- Searching for <gz-common5> component [geospatial]
-- Looking for gz-common5-geospatial -- found version 5.0.0
-- Searching for dependencies of gz-common5-geospatial
-- Looking for gz-math7 -- found version 7.0.2
-- Looking for gz-common5 -- found version 5.0.0
-- Looking for gz-plugin2 -- found version 2.0.0
-- Searching for dependencies of gz-plugin2
-- Looking for gz-utils2 -- found version 2.0.0
-- Searching for <gz-plugin2> component [all]
-- Looking for all libraries of gz-plugin2 -- found version 2.0.0
-- Looking for gz-plugin2 -- found version 2.0.0
-- Looking for gz-utils2 -- found version 2.0.0
-- Looking for gz-msgs9 -- found version 9.0.0
-- Looking for gz-physics6 -- found version 6.0.0
-- Searching for dependencies of gz-physics6
-- Looking for gz-math7 -- found version 7.0.2
-- Looking for gz-plugin2 -- found version 2.0.0
-- Looking for gz-utils2 -- found version 2.0.0
-- Searching for <gz-physics6> component [heightmap]
-- Looking for gz-physics6-heightmap -- found version 6.0.0
-- Searching for dependencies of gz-physics6-heightmap
-- Looking for gz-common5 -- found version 5.0.0
-- Searching for <gz-physics6> component [mesh]
-- Looking for gz-physics6-mesh -- found version 6.0.0
-- Searching for dependencies of gz-physics6-mesh
-- Looking for gz-common5 -- found version 5.0.0
-- Searching for <gz-physics6> component [sdf]
-- Looking for gz-physics6-sdf -- found version 6.0.0
-- Searching for dependencies of gz-physics6-sdf
-- Looking for sdformat13 -- found version 13.0.1
-- Looking for gz-sensors7 -- found version 7.0.0
-- Searching for dependencies of gz-sensors7
-- Looking for gz-math7 -- found version 7.0.2
-- Looking for gz-common5 -- found version 5.0.0
-- Looking for gz-transport12 -- found version 12.0.0
-- Looking for gz-rendering7 -- found version 7.0.0
-- Looking for gz-msgs9 -- found version 9.0.0
-- Looking for sdformat13 -- found version 13.0.1
-- Searching for <gz-sensors7> component [air_pressure]
-- Looking for gz-sensors7-air_pressure -- found version 7.0.0
-- Searching for dependencies of gz-sensors7-air_pressure
-- Searching for <gz-sensors7> component [altimeter]
-- Looking for gz-sensors7-altimeter -- found version 7.0.0
-- Searching for dependencies of gz-sensors7-altimeter
-- Searching for <gz-sensors7> component [imu]
-- Looking for gz-sensors7-imu -- found version 7.0.0
-- Searching for dependencies of gz-sensors7-imu
-- Searching for <gz-sensors7> component [force_torque]
-- Looking for gz-sensors7-force_torque -- found version 7.0.0
-- Searching for dependencies of gz-sensors7-force_torque
-- Searching for <gz-sensors7> component [logical_camera]
-- Looking for gz-sensors7-logical_camera -- found version 7.0.0
-- Searching for dependencies of gz-sensors7-logical_camera
-- Searching for <gz-sensors7> component [magnetometer]
-- Looking for gz-sensors7-magnetometer -- found version 7.0.0
-- Searching for dependencies of gz-sensors7-magnetometer
-- Searching for <gz-sensors7> component [navsat]
-- Looking for gz-sensors7-navsat -- found version 7.0.0
-- Searching for dependencies of gz-sensors7-navsat
-- Searching for <gz-sensors7> component [rendering]
-- Looking for gz-sensors7-rendering -- found version 7.0.0
-- Searching for dependencies of gz-sensors7-rendering
-- Searching for <gz-sensors7> component [lidar]
-- Looking for gz-sensors7-lidar -- found version 7.0.0
-- Searching for dependencies of gz-sensors7-lidar
-- Searching for <gz-sensors7> component [gpu_lidar]
-- Looking for gz-sensors7-gpu_lidar -- found version 7.0.0
-- Searching for dependencies of gz-sensors7-gpu_lidar
-- Searching for <gz-sensors7> component [camera]
-- Looking for gz-sensors7-camera -- found version 7.0.0
-- Searching for dependencies of gz-sensors7-camera
-- Searching for <gz-sensors7> component [boundingbox_camera]
-- Looking for gz-sensors7-boundingbox_camera -- found version 7.0.0
-- Searching for dependencies of gz-sensors7-boundingbox_camera
-- Searching for <gz-sensors7> component [segmentation_camera]
-- Looking for gz-sensors7-segmentation_camera -- found version 7.0.0
-- Searching for dependencies of gz-sensors7-segmentation_camera
-- Searching for <gz-sensors7> component [depth_camera]
-- Looking for gz-sensors7-depth_camera -- found version 7.0.0
-- Searching for dependencies of gz-sensors7-depth_camera
-- Searching for <gz-sensors7> component [rgbd_camera]
-- Looking for gz-sensors7-rgbd_camera -- found version 7.0.0
-- Searching for dependencies of gz-sensors7-rgbd_camera
-- Searching for <gz-sensors7> component [thermal_camera]
-- Looking for gz-sensors7-thermal_camera -- found version 7.0.0
-- Searching for dependencies of gz-sensors7-thermal_camera
-- Searching for <gz-sensors7> component [wide_angle_camera]
-- Looking for gz-sensors7-wide_angle_camera -- found version 7.0.0
-- Searching for dependencies of gz-sensors7-wide_angle_camera
-- Looking for gz-rendering7 -- found version 7.0.0
-- Looking for gz-math7 -- found version 7.0.2
-- Looking for gz-utils2 -- found version 2.0.0
-- Found ament_lint_auto: 0.12.4 (/opt/ros/humble/share/ament_lint_auto/cmake)
-- Added test 'cppcheck' to perform static code analysis on C / C++ code
-- Configured cppcheck include dirs: 
-- Configured cppcheck exclude dirs and/or files: 
-- Added test 'lint_cmake' to check CMake code style
-- Added test 'uncrustify' to check C / C++ code style
-- Configured uncrustify additional arguments: 
-- Added test 'xmllint' to check XML markup files
-- Configuring incomplete, errors occurred!
See also "/home/hollis/osu-uwrt/riptide_software/src/riptide_gazebo/Assets/Plugins/build/uwrt_gz/CMakeFiles/CMakeOutput.log".
