[0.009s] Invoking command in '/home/hollis/osu-uwrt/riptide_software/src/riptide_gazebo/Assets/Plugins/build/uwrt_gz': CMAKE_PREFIX_PATH=${CMAKE_PREFIX_PATH}:/home/hollis/osu-uwrt/dependencies/install/microstrain_inertial_rqt:/home/hollis/osu-uwrt/dependencies/install/echo_video:/home/hollis/osu-uwrt/dependencies/install/camera_calibration:/home/hollis/osu-uwrt/riptide_software/install/riptide_teleop2:/home/hollis/osu-uwrt/riptide_software/install/riptide_rqt_plugins2:/home/hollis/osu-uwrt/riptide_software/install/riptide_hardware2:/home/hollis/osu-uwrt/riptide_software/install/riptide_controllers2:/home/hollis/osu-uwrt/riptide_software/install/riptide_mapping2:/home/hollis/osu-uwrt/riptide_software/install/riptide_localization2:/home/hollis/osu-uwrt/riptide_software/install/riptide_bringup2:/home/hollis/osu-uwrt/riptide_software/install/riptide_SNIB:/opt/ros/humble /usr/bin/cmake --build /home/hollis/osu-uwrt/riptide_software/src/riptide_gazebo/Assets/Plugins/build/uwrt_gz -- -j20 -l20
[0.022s] -- Found ament_cmake: 1.3.2 (/opt/ros/humble/share/ament_cmake/cmake)
[0.114s] -- Looking for gz-plugin2 -- found version 2.0.0
[0.114s] -- Searching for dependencies of gz-plugin2
[0.114s] -- Looking for gz-utils2 -- found version 2.0.0
[0.115s] -- Searching for dependencies of gz-utils2
[0.115s] -- Searching for <gz-utils2> component [cli]
[0.115s] -- Looking for gz-utils2-cli -- found version 2.0.0
[0.115s] -- Searching for dependencies of gz-utils2-cli
[0.116s] -- Searching for <gz-plugin2> component [register]
[0.116s] -- Looking for gz-plugin2-register -- found version 2.0.0
[0.116s] -- Searching for dependencies of gz-plugin2-register
[0.117s] -- Looking for gz-sim7 -- found version 7.0.0
[0.117s] -- Searching for dependencies of gz-sim7
[0.117s] -- Looking for sdformat13 -- found version 13.0.1
[0.117s] -- Searching for dependencies of sdformat13
[0.120s] -- Checking for module 'tinyxml2'
[0.126s] --   Found tinyxml2, version 9.0.0
[0.140s] -- Looking for gz-math7 -- found version 7.0.2
[0.140s] -- Searching for dependencies of gz-math7
[0.140s] -- Looking for gz-utils2 -- found version 2.0.0
[0.140s] -- Looking for gz-utils2 -- found version 2.0.0
[0.141s] -- Looking for gz-plugin2 -- found version 2.0.0
[0.141s] -- Searching for dependencies of gz-plugin2
[0.141s] -- Looking for gz-utils2 -- found version 2.0.0
[0.141s] -- Searching for <gz-plugin2> component [loader]
[0.141s] -- Looking for gz-plugin2-loader -- found version 2.0.0
[0.141s] -- Searching for dependencies of gz-plugin2-loader
[0.142s] -- Searching for <gz-plugin2> component [register]
[0.142s] -- Looking for gz-transport12 -- found version 12.0.0
[0.142s] -- Searching for dependencies of gz-transport12
[0.161s] -- Config-file not installed for ZeroMQ -- checking for pkg-config
[0.163s] -- Checking for module 'libzmq >= 4'
[0.170s] --   Found libzmq , version 4.3.4
[0.188s] -- Checking for module 'uuid'
[0.194s] --   Found uuid, version 2.37.2
[0.209s] -- Looking for gz-utils2 -- found version 2.0.0
[0.209s] -- Looking for gz-msgs9 -- found version 9.0.0
[0.209s] -- Searching for dependencies of gz-msgs9
[0.220s] -- Looking for gz-math7 -- found version 7.0.2
[0.231s] -- Searching for <gz-transport12> component [log]
[0.231s] -- Looking for gz-transport12-log -- found version 12.0.0
[0.231s] -- Searching for dependencies of gz-transport12-log
[0.232s] -- Looking for gz-msgs9 -- found version 9.0.0
[0.232s] -- Looking for gz-common5 -- found version 5.0.0
[0.232s] -- Searching for dependencies of gz-common5
[0.232s] -- Looking for gz-utils2 -- found version 2.0.0
[0.232s] -- Looking for dlfcn.h - found
[0.232s] -- Looking for libdl - found
[0.238s] -- Searching for <gz-common5> component [profiler]
[0.238s] -- Looking for gz-common5-profiler -- found version 5.0.0
[0.238s] -- Searching for dependencies of gz-common5-profiler
[0.238s] -- Searching for <gz-common5> component [events]
[0.238s] -- Looking for gz-common5-events -- found version 5.0.0
[0.238s] -- Searching for dependencies of gz-common5-events
[0.239s] -- Looking for gz-math7 -- found version 7.0.2
[0.239s] -- Searching for <gz-common5> component [av]
[0.239s] -- Looking for gz-common5-av -- found version 5.0.0
[0.239s] -- Searching for dependencies of gz-common5-av
[0.242s] -- Checking for module 'libswscale'
[0.249s] --   Found libswscale, version 5.9.100
[0.266s] -- Checking for module 'libavdevice >= 56.4.100'
[0.273s] --   Found libavdevice , version 58.13.100
[0.301s] -- Checking for module 'libavformat'
[0.314s] --   Found libavformat, version 58.76.100
[0.353s] -- Checking for module 'libavcodec'
[0.362s] --   Found libavcodec, version 58.134.100
[0.395s] -- Checking for module 'libavutil'
[0.404s] --   Found libavutil, version 56.70.100
[0.443s] -- Looking for gz-fuel_tools8 -- found version 8.0.0
[0.443s] -- Searching for dependencies of gz-fuel_tools8
[0.468s] -- Checking for module 'jsoncpp'
[0.475s] --   Found jsoncpp, version 1.9.5
[0.492s] -- Checking for module 'libzip'
[0.498s] --   Found libzip, version 1.7.3
[0.514s] -- Looking for gz-utils2 -- found version 2.0.0
[0.514s] -- Looking for gz-common5 -- found version 5.0.0
[0.514s] -- Looking for gz-math7 -- found version 7.0.2
[0.514s] -- Looking for gz-msgs9 -- found version 9.0.0
[0.515s] -- Looking for gz-gui7 -- found version 7.0.0
[0.515s] -- Searching for dependencies of gz-gui7
[0.531s] -- Looking for gz-utils2 -- found version 2.0.0
[0.531s] -- Looking for gz-math7 -- found version 7.0.2
[0.531s] -- Looking for gz-common5 -- found version 5.0.0
[0.531s] -- Looking for gz-plugin2 -- found version 2.0.0
[0.532s] -- Looking for gz-transport12 -- found version 12.0.0
[0.532s] -- Looking for gz-rendering7 -- found version 7.0.0
[0.532s] -- Searching for dependencies of gz-rendering7
[0.532s] -- Looking for gz-math7 -- found version 7.0.2
[0.532s] -- Searching for dependencies of gz-math7
[0.533s] -- Looking for gz-utils2 -- found version 2.0.0
[0.533s] -- Searching for <gz-math7> component [eigen3]
[0.533s] -- Looking for gz-math7-eigen3 -- found version 7.0.2
[0.533s] -- Searching for dependencies of gz-math7-eigen3
[0.534s] -- Looking for gz-common5 -- found version 5.0.0
[0.534s] -- Searching for dependencies of gz-common5
[0.534s] -- Looking for gz-utils2 -- found version 2.0.0
[0.534s] -- Looking for dlfcn.h - found
[0.534s] -- Looking for libdl - found
[0.540s] -- Searching for <gz-common5> component [graphics]
[0.540s] -- Looking for gz-common5-graphics -- found version 5.0.0
[0.540s] -- Searching for dependencies of gz-common5-graphics
[0.540s] -- Looking for gz-math7 -- found version 7.0.2
[0.542s] -- Searching for <gz-common5> component [events]
[0.542s] -- Searching for <gz-common5> component [geospatial]
[0.542s] -- Looking for gz-common5-geospatial -- found version 5.0.0
[0.542s] -- Searching for dependencies of gz-common5-geospatial
[0.542s] -- Looking for gz-math7 -- found version 7.0.2
[0.543s] -- Looking for gz-common5 -- found version 5.0.0
[0.543s] -- Looking for gz-plugin2 -- found version 2.0.0
[0.543s] -- Searching for dependencies of gz-plugin2
[0.544s] -- Looking for gz-utils2 -- found version 2.0.0
[0.544s] -- Searching for <gz-plugin2> component [all]
[0.544s] -- Looking for all libraries of gz-plugin2 -- found version 2.0.0
[0.544s] -- Looking for gz-plugin2 -- found version 2.0.0
[0.545s] -- Looking for gz-utils2 -- found version 2.0.0
[0.545s] -- Looking for gz-msgs9 -- found version 9.0.0
[0.553s] -- Looking for gz-physics6 -- found version 6.0.0
[0.553s] -- Searching for dependencies of gz-physics6
[0.554s] -- Looking for gz-math7 -- found version 7.0.2
[0.554s] -- Looking for gz-plugin2 -- found version 2.0.0
[0.554s] -- Looking for gz-utils2 -- found version 2.0.0
[0.554s] -- Searching for <gz-physics6> component [heightmap]
[0.555s] -- Looking for gz-physics6-heightmap -- found version 6.0.0
[0.555s] -- Searching for dependencies of gz-physics6-heightmap
[0.555s] -- Looking for gz-common5 -- found version 5.0.0
[0.555s] -- Searching for <gz-physics6> component [mesh]
[0.555s] -- Looking for gz-physics6-mesh -- found version 6.0.0
[0.556s] -- Searching for dependencies of gz-physics6-mesh
[0.556s] -- Looking for gz-common5 -- found version 5.0.0
[0.556s] -- Searching for <gz-physics6> component [sdf]
[0.556s] -- Looking for gz-physics6-sdf -- found version 6.0.0
[0.556s] -- Searching for dependencies of gz-physics6-sdf
[0.557s] -- Looking for sdformat13 -- found version 13.0.1
[0.557s] -- Looking for gz-sensors7 -- found version 7.0.0
[0.557s] -- Searching for dependencies of gz-sensors7
[0.569s] -- Looking for gz-math7 -- found version 7.0.2
[0.569s] -- Looking for gz-common5 -- found version 5.0.0
[0.569s] -- Looking for gz-transport12 -- found version 12.0.0
[0.570s] -- Looking for gz-rendering7 -- found version 7.0.0
[0.570s] -- Looking for gz-msgs9 -- found version 9.0.0
[0.570s] -- Looking for sdformat13 -- found version 13.0.1
[0.570s] -- Searching for <gz-sensors7> component [air_pressure]
[0.570s] -- Looking for gz-sensors7-air_pressure -- found version 7.0.0
[0.570s] -- Searching for dependencies of gz-sensors7-air_pressure
[0.571s] -- Searching for <gz-sensors7> component [altimeter]
[0.571s] -- Looking for gz-sensors7-altimeter -- found version 7.0.0
[0.571s] -- Searching for dependencies of gz-sensors7-altimeter
[0.571s] -- Searching for <gz-sensors7> component [imu]
[0.572s] -- Looking for gz-sensors7-imu -- found version 7.0.0
[0.572s] -- Searching for dependencies of gz-sensors7-imu
[0.572s] -- Searching for <gz-sensors7> component [force_torque]
[0.572s] -- Looking for gz-sensors7-force_torque -- found version 7.0.0
[0.572s] -- Searching for dependencies of gz-sensors7-force_torque
[0.573s] -- Searching for <gz-sensors7> component [logical_camera]
[0.573s] -- Looking for gz-sensors7-logical_camera -- found version 7.0.0
[0.573s] -- Searching for dependencies of gz-sensors7-logical_camera
[0.573s] -- Searching for <gz-sensors7> component [magnetometer]
[0.573s] -- Looking for gz-sensors7-magnetometer -- found version 7.0.0
[0.574s] -- Searching for dependencies of gz-sensors7-magnetometer
[0.574s] -- Searching for <gz-sensors7> component [navsat]
[0.574s] -- Looking for gz-sensors7-navsat -- found version 7.0.0
[0.574s] -- Searching for dependencies of gz-sensors7-navsat
[0.575s] -- Searching for <gz-sensors7> component [rendering]
[0.575s] -- Looking for gz-sensors7-rendering -- found version 7.0.0
[0.575s] -- Searching for dependencies of gz-sensors7-rendering
[0.575s] -- Searching for <gz-sensors7> component [lidar]
[0.575s] -- Looking for gz-sensors7-lidar -- found version 7.0.0
[0.576s] -- Searching for dependencies of gz-sensors7-lidar
[0.576s] -- Searching for <gz-sensors7> component [gpu_lidar]
[0.576s] -- Looking for gz-sensors7-gpu_lidar -- found version 7.0.0
[0.576s] -- Searching for dependencies of gz-sensors7-gpu_lidar
[0.577s] -- Searching for <gz-sensors7> component [camera]
[0.577s] -- Looking for gz-sensors7-camera -- found version 7.0.0
[0.577s] -- Searching for dependencies of gz-sensors7-camera
[0.577s] -- Searching for <gz-sensors7> component [boundingbox_camera]
[0.577s] -- Looking for gz-sensors7-boundingbox_camera -- found version 7.0.0
[0.578s] -- Searching for dependencies of gz-sensors7-boundingbox_camera
[0.578s] -- Searching for <gz-sensors7> component [segmentation_camera]
[0.578s] -- Looking for gz-sensors7-segmentation_camera -- found version 7.0.0
[0.578s] -- Searching for dependencies of gz-sensors7-segmentation_camera
[0.579s] -- Searching for <gz-sensors7> component [depth_camera]
[0.579s] -- Looking for gz-sensors7-depth_camera -- found version 7.0.0
[0.579s] -- Searching for dependencies of gz-sensors7-depth_camera
[0.579s] -- Searching for <gz-sensors7> component [rgbd_camera]
[0.579s] -- Looking for gz-sensors7-rgbd_camera -- found version 7.0.0
[0.580s] -- Searching for dependencies of gz-sensors7-rgbd_camera
[0.580s] -- Searching for <gz-sensors7> component [thermal_camera]
[0.580s] -- Looking for gz-sensors7-thermal_camera -- found version 7.0.0
[0.580s] -- Searching for dependencies of gz-sensors7-thermal_camera
[0.581s] -- Searching for <gz-sensors7> component [wide_angle_camera]
[0.581s] -- Looking for gz-sensors7-wide_angle_camera -- found version 7.0.0
[0.581s] -- Searching for dependencies of gz-sensors7-wide_angle_camera
[0.582s] -- Looking for gz-rendering7 -- found version 7.0.0
[0.582s] -- Looking for gz-math7 -- found version 7.0.2
[0.582s] -- Looking for gz-utils2 -- found version 2.0.0
[0.594s] [31mCMake Error at CMakeLists.txt:20 (set_property):
[0.594s]   set_property could not find TARGET SampleSystem.  Perhaps it has not yet
[0.594s]   been created.
[0.594s] 
[0.594s] [0m
[0.594s] -- Found ament_lint_auto: 0.12.4 (/opt/ros/humble/share/ament_lint_auto/cmake)
[0.632s] -- Added test 'cppcheck' to perform static code analysis on C / C++ code
[0.632s] -- Configured cppcheck include dirs: 
[0.632s] -- Configured cppcheck exclude dirs and/or files: 
[0.633s] -- Added test 'lint_cmake' to check CMake code style
[0.633s] -- Added test 'uncrustify' to check C / C++ code style
[0.633s] -- Configured uncrustify additional arguments: 
[0.633s] -- Added test 'xmllint' to check XML markup files
[0.633s] -- Configuring incomplete, errors occurred!
[0.633s] See also "/home/hollis/osu-uwrt/riptide_software/src/riptide_gazebo/Assets/Plugins/build/uwrt_gz/CMakeFiles/CMakeOutput.log".
[0.639s] gmake: *** [Makefile:267: cmake_check_build_system] Error 1
[0.641s] Invoked command in '/home/hollis/osu-uwrt/riptide_software/src/riptide_gazebo/Assets/Plugins/build/uwrt_gz' returned '2': CMAKE_PREFIX_PATH=${CMAKE_PREFIX_PATH}:/home/hollis/osu-uwrt/dependencies/install/microstrain_inertial_rqt:/home/hollis/osu-uwrt/dependencies/install/echo_video:/home/hollis/osu-uwrt/dependencies/install/camera_calibration:/home/hollis/osu-uwrt/riptide_software/install/riptide_teleop2:/home/hollis/osu-uwrt/riptide_software/install/riptide_rqt_plugins2:/home/hollis/osu-uwrt/riptide_software/install/riptide_hardware2:/home/hollis/osu-uwrt/riptide_software/install/riptide_controllers2:/home/hollis/osu-uwrt/riptide_software/install/riptide_mapping2:/home/hollis/osu-uwrt/riptide_software/install/riptide_localization2:/home/hollis/osu-uwrt/riptide_software/install/riptide_bringup2:/home/hollis/osu-uwrt/riptide_software/install/riptide_SNIB:/opt/ros/humble /usr/bin/cmake --build /home/hollis/osu-uwrt/riptide_software/src/riptide_gazebo/Assets/Plugins/build/uwrt_gz -- -j20 -l20
