[0.010s] Invoking command in '/home/hollis/osu-uwrt/riptide_software/src/riptide_gazebo/Assets/Plugins/build/hello_world_plugin': CMAKE_PREFIX_PATH=${CMAKE_PREFIX_PATH}:/home/hollis/osu-uwrt/dependencies/install/microstrain_inertial_rqt:/home/hollis/osu-uwrt/dependencies/install/echo_video:/home/hollis/osu-uwrt/dependencies/install/camera_calibration:/home/hollis/osu-uwrt/riptide_software/install/riptide_teleop2:/home/hollis/osu-uwrt/riptide_software/install/riptide_rqt_plugins2:/home/hollis/osu-uwrt/riptide_software/install/riptide_hardware2:/home/hollis/osu-uwrt/riptide_software/install/riptide_controllers2:/home/hollis/osu-uwrt/riptide_software/install/riptide_mapping2:/home/hollis/osu-uwrt/riptide_software/install/riptide_localization2:/home/hollis/osu-uwrt/riptide_software/install/riptide_bringup2:/home/hollis/osu-uwrt/riptide_software/install/riptide_SNIB:/opt/ros/humble /usr/bin/cmake /home/hollis/osu-uwrt/riptide_software/src/riptide_gazebo/Assets/Plugins/hello_world_plugin -DCMAKE_INSTALL_PREFIX=/home/hollis/osu-uwrt/riptide_software/src/riptide_gazebo/Assets/Plugins/install/hello_world_plugin
[0.048s] -- The C compiler identification is GNU 12.1.0
[0.082s] -- The CXX compiler identification is GNU 11.3.0
[0.085s] -- Detecting C compiler ABI info
[0.132s] -- Detecting C compiler ABI info - done
[0.138s] -- Check for working C compiler: /usr/bin/cc - skipped
[0.138s] -- Detecting C compile features
[0.138s] -- Detecting C compile features - done
[0.140s] -- Detecting CXX compiler ABI info
[0.195s] -- Detecting CXX compiler ABI info - done
[0.199s] -- Check for working CXX compiler: /usr/bin/c++ - skipped
[0.200s] -- Detecting CXX compile features
[0.200s] -- Detecting CXX compile features - done
[0.203s] -- Found ament_cmake: 1.3.2 (/opt/ros/humble/share/ament_cmake/cmake)
[0.327s] -- Found Python3: /usr/bin/python3.10 (found version "3.10.6") found components: Interpreter 
[0.397s] -- Looking for gz-plugin2 -- found version 2.0.0
[0.397s] -- Searching for dependencies of gz-plugin2
[0.400s] -- Looking for gz-utils2 -- found version 2.0.0
[0.400s] -- Searching for dependencies of gz-utils2
[0.400s] -- Searching for <gz-utils2> component [cli]
[0.402s] -- Looking for gz-utils2-cli -- found version 2.0.0
[0.402s] -- Searching for dependencies of gz-utils2-cli
[0.403s] -- Searching for <gz-plugin2> component [register]
[0.406s] -- Looking for gz-plugin2-register -- found version 2.0.0
[0.406s] -- Searching for dependencies of gz-plugin2-register
[0.407s] -- Looking for gz-plugin2 - found
[0.407s] 
[0.410s] -- Looking for gz-sim7 -- found version 7.0.0
[0.410s] -- Searching for dependencies of gz-sim7
[0.412s] -- Looking for sdformat13 -- found version 13.0.1
[0.412s] -- Searching for dependencies of sdformat13
[0.416s] -- Checking for module 'tinyxml2'
[0.425s] --   Found tinyxml2, version 9.0.0
[0.447s] -- Looking for gz-math7 -- found version 7.0.2
[0.448s] -- Searching for dependencies of gz-math7
[0.448s] -- Looking for gz-utils2 -- found version 2.0.0
[0.448s] -- Looking for gz-utils2 -- found version 2.0.0
[0.449s] -- Looking for gz-plugin2 -- found version 2.0.0
[0.449s] -- Searching for dependencies of gz-plugin2
[0.449s] -- Looking for gz-utils2 -- found version 2.0.0
[0.450s] -- Searching for <gz-plugin2> component [loader]
[0.453s] -- Looking for gz-plugin2-loader -- found version 2.0.0
[0.453s] -- Searching for dependencies of gz-plugin2-loader
[0.453s] -- Searching for <gz-plugin2> component [register]
[0.456s] -- Looking for gz-transport12 -- found version 12.0.0
[0.456s] -- Searching for dependencies of gz-transport12
[0.568s] -- Found Protobuf: /usr/lib/x86_64-linux-gnu/libprotobuf.so (found suitable version "3.12.4", minimum required is "3") 
[0.577s] -- Config-file not installed for ZeroMQ -- checking for pkg-config
[0.579s] -- Checking for module 'libzmq >= 4'
[0.588s] --   Found libzmq , version 4.3.4
[0.610s] -- Found ZeroMQ: TRUE (Required is at least version "4") 
[0.614s] -- Checking for module 'uuid'
[0.626s] --   Found uuid, version 2.37.2
[0.647s] -- Found UUID: TRUE  
[0.647s] -- Looking for gz-utils2 -- found version 2.0.0
[0.651s] -- Looking for gz-msgs9 -- found version 9.0.0
[0.651s] -- Searching for dependencies of gz-msgs9
[0.664s] -- Looking for gz-math7 -- found version 7.0.2
[0.671s] -- Searching for <gz-transport12> component [log]
[0.673s] -- Looking for gz-transport12-log -- found version 12.0.0
[0.674s] -- Searching for dependencies of gz-transport12-log
[0.674s] -- Looking for gz-msgs9 -- found version 9.0.0
[0.677s] -- Looking for gz-common5 -- found version 5.0.0
[0.677s] -- Searching for dependencies of gz-common5
[0.677s] -- Looking for gz-utils2 -- found version 2.0.0
[0.677s] -- Looking for dlfcn.h - found
[0.678s] -- Looking for libdl - found
[0.679s] -- Found DL: TRUE  
[0.684s] -- Searching for <gz-common5> component [profiler]
[0.686s] -- Looking for gz-common5-profiler -- found version 5.0.0
[0.687s] -- Searching for dependencies of gz-common5-profiler
[0.687s] -- Searching for <gz-common5> component [events]
[0.689s] -- Looking for gz-common5-events -- found version 5.0.0
[0.689s] -- Searching for dependencies of gz-common5-events
[0.690s] -- Looking for gz-math7 -- found version 7.0.2
[0.690s] -- Searching for <gz-common5> component [av]
[0.693s] -- Looking for gz-common5-av -- found version 5.0.0
[0.693s] -- Searching for dependencies of gz-common5-av
[0.696s] -- Checking for module 'libswscale'
[0.705s] --   Found libswscale, version 5.9.100
[0.729s] -- Found SWSCALE: TRUE  
[0.732s] -- Checking for module 'libavdevice >= 56.4.100'
[0.741s] --   Found libavdevice , version 58.13.100
[0.764s] -- Found AVDEVICE: TRUE (Required is at least version "56.4.100") 
[0.768s] -- Checking for module 'libavformat'
[0.778s] --   Found libavformat, version 58.76.100
[0.801s] -- Found AVFORMAT: TRUE  
[0.805s] -- Checking for module 'libavcodec'
[0.813s] --   Found libavcodec, version 58.134.100
[0.835s] -- Found AVCODEC: TRUE  
[0.839s] -- Checking for module 'libavutil'
[0.848s] --   Found libavutil, version 56.70.100
[0.874s] -- Found AVUTIL: TRUE  
[0.876s] -- Looking for gz-fuel_tools8 -- found version 8.0.0
[0.877s] -- Searching for dependencies of gz-fuel_tools8
[0.940s] -- Found CURL: /usr/lib/x86_64-linux-gnu/libcurl.so (found version "7.81.0")  
[0.947s] -- Checking for module 'jsoncpp'
[0.956s] --   Found jsoncpp, version 1.9.5
[0.979s] -- Found JSONCPP: TRUE  
[0.985s] -- Checking for module 'libzip'
[0.992s] --   Found libzip, version 1.7.3
[1.010s] -- Found ZIP: TRUE  
[1.011s] -- Looking for gz-utils2 -- found version 2.0.0
[1.011s] -- Looking for gz-common5 -- found version 5.0.0
[1.011s] -- Looking for gz-math7 -- found version 7.0.2
[1.011s] -- Looking for gz-msgs9 -- found version 9.0.0
[1.014s] -- Looking for gz-gui7 -- found version 7.0.0
[1.014s] -- Searching for dependencies of gz-gui7
[1.034s] -- Looking for gz-utils2 -- found version 2.0.0
[1.035s] -- Looking for gz-math7 -- found version 7.0.2
[1.035s] -- Looking for gz-common5 -- found version 5.0.0
[1.035s] -- Looking for gz-plugin2 -- found version 2.0.0
[1.036s] -- Looking for gz-transport12 -- found version 12.0.0
[1.038s] -- Looking for gz-rendering7 -- found version 7.0.0
[1.038s] -- Searching for dependencies of gz-rendering7
[1.039s] -- Looking for gz-math7 -- found version 7.0.2
[1.039s] -- Searching for dependencies of gz-math7
[1.040s] -- Looking for gz-utils2 -- found version 2.0.0
[1.040s] -- Searching for <gz-math7> component [eigen3]
[1.042s] -- Looking for gz-math7-eigen3 -- found version 7.0.2
[1.042s] -- Searching for dependencies of gz-math7-eigen3
[1.047s] -- Looking for gz-common5 -- found version 5.0.0
[1.047s] -- Searching for dependencies of gz-common5
[1.048s] -- Looking for gz-utils2 -- found version 2.0.0
[1.048s] -- Looking for dlfcn.h - found
[1.048s] -- Looking for libdl - found
[1.054s] -- Searching for <gz-common5> component [graphics]
[1.057s] -- Looking for gz-common5-graphics -- found version 5.0.0
[1.057s] -- Searching for dependencies of gz-common5-graphics
[1.057s] -- Looking for gz-math7 -- found version 7.0.2
[1.062s] -- Found GzAssimp: TRUE (found version "5.2.0") 
[1.062s] -- Searching for <gz-common5> component [events]
[1.062s] -- Searching for <gz-common5> component [geospatial]
[1.065s] -- Looking for gz-common5-geospatial -- found version 5.0.0
[1.065s] -- Searching for dependencies of gz-common5-geospatial
[1.065s] -- Looking for gz-math7 -- found version 7.0.2
[1.065s] -- Looking for gz-common5 -- found version 5.0.0
[1.066s] -- Looking for gz-plugin2 -- found version 2.0.0
[1.066s] -- Searching for dependencies of gz-plugin2
[1.066s] -- Looking for gz-utils2 -- found version 2.0.0
[1.066s] -- Searching for <gz-plugin2> component [all]
[1.068s] -- Looking for all libraries of gz-plugin2 -- found version 2.0.0
[1.068s] -- Looking for gz-plugin2 -- found version 2.0.0
[1.069s] -- Looking for gz-utils2 -- found version 2.0.0
[1.070s] -- Looking for gz-msgs9 -- found version 9.0.0
[1.083s] -- Looking for gz-physics6 -- found version 6.0.0
[1.083s] -- Searching for dependencies of gz-physics6
[1.083s] -- Looking for gz-math7 -- found version 7.0.2
[1.083s] -- Looking for gz-plugin2 -- found version 2.0.0
[1.083s] -- Looking for gz-utils2 -- found version 2.0.0
[1.084s] -- Searching for <gz-physics6> component [heightmap]
[1.086s] -- Looking for gz-physics6-heightmap -- found version 6.0.0
[1.086s] -- Searching for dependencies of gz-physics6-heightmap
[1.086s] -- Looking for gz-common5 -- found version 5.0.0
[1.087s] -- Searching for <gz-physics6> component [mesh]
[1.089s] -- Looking for gz-physics6-mesh -- found version 6.0.0
[1.089s] -- Searching for dependencies of gz-physics6-mesh
[1.089s] -- Looking for gz-common5 -- found version 5.0.0
[1.089s] -- Searching for <gz-physics6> component [sdf]
[1.092s] -- Looking for gz-physics6-sdf -- found version 6.0.0
[1.092s] -- Searching for dependencies of gz-physics6-sdf
[1.092s] -- Looking for sdformat13 -- found version 13.0.1
[1.094s] -- Looking for gz-sensors7 -- found version 7.0.0
[1.095s] -- Searching for dependencies of gz-sensors7
[1.108s] -- Looking for gz-math7 -- found version 7.0.2
[1.108s] -- Looking for gz-common5 -- found version 5.0.0
[1.108s] -- Looking for gz-transport12 -- found version 12.0.0
[1.108s] -- Looking for gz-rendering7 -- found version 7.0.0
[1.109s] -- Looking for gz-msgs9 -- found version 9.0.0
[1.109s] -- Looking for sdformat13 -- found version 13.0.1
[1.110s] -- Searching for <gz-sensors7> component [air_pressure]
[1.112s] -- Looking for gz-sensors7-air_pressure -- found version 7.0.0
[1.112s] -- Searching for dependencies of gz-sensors7-air_pressure
[1.113s] -- Searching for <gz-sensors7> component [altimeter]
[1.115s] -- Looking for gz-sensors7-altimeter -- found version 7.0.0
[1.115s] -- Searching for dependencies of gz-sensors7-altimeter
[1.116s] -- Searching for <gz-sensors7> component [imu]
[1.120s] -- Looking for gz-sensors7-imu -- found version 7.0.0
[1.120s] -- Searching for dependencies of gz-sensors7-imu
[1.120s] -- Searching for <gz-sensors7> component [force_torque]
[1.124s] -- Looking for gz-sensors7-force_torque -- found version 7.0.0
[1.124s] -- Searching for dependencies of gz-sensors7-force_torque
[1.124s] -- Searching for <gz-sensors7> component [logical_camera]
[1.127s] -- Looking for gz-sensors7-logical_camera -- found version 7.0.0
[1.127s] -- Searching for dependencies of gz-sensors7-logical_camera
[1.128s] -- Searching for <gz-sensors7> component [magnetometer]
[1.130s] -- Looking for gz-sensors7-magnetometer -- found version 7.0.0
[1.130s] -- Searching for dependencies of gz-sensors7-magnetometer
[1.130s] -- Searching for <gz-sensors7> component [navsat]
[1.133s] -- Looking for gz-sensors7-navsat -- found version 7.0.0
[1.134s] -- Searching for dependencies of gz-sensors7-navsat
[1.135s] -- Searching for <gz-sensors7> component [rendering]
[1.137s] -- Looking for gz-sensors7-rendering -- found version 7.0.0
[1.137s] -- Searching for dependencies of gz-sensors7-rendering
[1.138s] -- Searching for <gz-sensors7> component [lidar]
[1.140s] -- Looking for gz-sensors7-lidar -- found version 7.0.0
[1.141s] -- Searching for dependencies of gz-sensors7-lidar
[1.141s] -- Searching for <gz-sensors7> component [gpu_lidar]
[1.143s] -- Looking for gz-sensors7-gpu_lidar -- found version 7.0.0
[1.143s] -- Searching for dependencies of gz-sensors7-gpu_lidar
[1.144s] -- Searching for <gz-sensors7> component [camera]
[1.145s] -- Looking for gz-sensors7-camera -- found version 7.0.0
[1.146s] -- Searching for dependencies of gz-sensors7-camera
[1.146s] -- Searching for <gz-sensors7> component [boundingbox_camera]
[1.148s] -- Looking for gz-sensors7-boundingbox_camera -- found version 7.0.0
[1.148s] -- Searching for dependencies of gz-sensors7-boundingbox_camera
[1.148s] -- Searching for <gz-sensors7> component [segmentation_camera]
[1.151s] -- Looking for gz-sensors7-segmentation_camera -- found version 7.0.0
[1.152s] -- Searching for dependencies of gz-sensors7-segmentation_camera
[1.152s] -- Searching for <gz-sensors7> component [depth_camera]
[1.154s] -- Looking for gz-sensors7-depth_camera -- found version 7.0.0
[1.154s] -- Searching for dependencies of gz-sensors7-depth_camera
[1.154s] -- Searching for <gz-sensors7> component [rgbd_camera]
[1.156s] -- Looking for gz-sensors7-rgbd_camera -- found version 7.0.0
[1.156s] -- Searching for dependencies of gz-sensors7-rgbd_camera
[1.157s] -- Searching for <gz-sensors7> component [thermal_camera]
[1.159s] -- Looking for gz-sensors7-thermal_camera -- found version 7.0.0
[1.159s] -- Searching for dependencies of gz-sensors7-thermal_camera
[1.159s] -- Searching for <gz-sensors7> component [wide_angle_camera]
[1.161s] -- Looking for gz-sensors7-wide_angle_camera -- found version 7.0.0
[1.161s] -- Searching for dependencies of gz-sensors7-wide_angle_camera
[1.162s] -- Looking for gz-rendering7 -- found version 7.0.0
[1.162s] -- Looking for gz-math7 -- found version 7.0.2
[1.163s] -- Looking for gz-utils2 -- found version 2.0.0
[1.174s] -- Looking for gz-sim7 - found
[1.174s] 
[1.176s] -- Found ament_lint_auto: 0.12.4 (/opt/ros/humble/share/ament_lint_auto/cmake)
[1.233s] -- Added test 'cppcheck' to perform static code analysis on C / C++ code
[1.233s] -- Configured cppcheck include dirs: 
[1.233s] -- Configured cppcheck exclude dirs and/or files: 
[1.233s] -- Added test 'lint_cmake' to check CMake code style
[1.234s] -- Added test 'uncrustify' to check C / C++ code style
[1.235s] -- Configured uncrustify additional arguments: 
[1.235s] -- Added test 'xmllint' to check XML markup files
[1.237s] -- Configuring done
[1.239s] [31mCMake Error at CMakeLists.txt:18 (add_library):
[1.240s]   Cannot find source file:
[1.240s] 
[1.240s]     HelloWorld
[1.240s] 
[1.240s]   Tried extensions .c .C .c++ .cc .cpp .cxx .cu .mpp .m .M .mm .ixx .cppm .h
[1.240s]   .hh .h++ .hm .hpp .hxx .in .txx .f .F .for .f77 .f90 .f95 .f03 .hip .ispc
[1.240s] 
[1.240s] [0m
[1.240s] [31mCMake Error at CMakeLists.txt:18 (add_library):
[1.240s]   No SOURCES given to target: HelloWorld
[1.240s] 
[1.240s] [0m
[1.240s] [0mCMake Generate step failed.  Build files cannot be regenerated correctly.[0m
[1.248s] Invoked command in '/home/hollis/osu-uwrt/riptide_software/src/riptide_gazebo/Assets/Plugins/build/hello_world_plugin' returned '1': CMAKE_PREFIX_PATH=${CMAKE_PREFIX_PATH}:/home/hollis/osu-uwrt/dependencies/install/microstrain_inertial_rqt:/home/hollis/osu-uwrt/dependencies/install/echo_video:/home/hollis/osu-uwrt/dependencies/install/camera_calibration:/home/hollis/osu-uwrt/riptide_software/install/riptide_teleop2:/home/hollis/osu-uwrt/riptide_software/install/riptide_rqt_plugins2:/home/hollis/osu-uwrt/riptide_software/install/riptide_hardware2:/home/hollis/osu-uwrt/riptide_software/install/riptide_controllers2:/home/hollis/osu-uwrt/riptide_software/install/riptide_mapping2:/home/hollis/osu-uwrt/riptide_software/install/riptide_localization2:/home/hollis/osu-uwrt/riptide_software/install/riptide_bringup2:/home/hollis/osu-uwrt/riptide_software/install/riptide_SNIB:/opt/ros/humble /usr/bin/cmake /home/hollis/osu-uwrt/riptide_software/src/riptide_gazebo/Assets/Plugins/hello_world_plugin -DCMAKE_INSTALL_PREFIX=/home/hollis/osu-uwrt/riptide_software/src/riptide_gazebo/Assets/Plugins/install/hello_world_plugin
