[0.024s] Invoking command in '/home/toby/osu-uwrt/development/software/src/riptide_gazebo/Assets/Plugins/uwrt_gui/build/CompObjectsPlugin': /usr/bin/cmake --build /home/toby/osu-uwrt/development/software/src/riptide_gazebo/Assets/Plugins/uwrt_gui/build/CompObjectsPlugin -- -j12 -l12
[0.051s] -- Looking for gz-sim7 -- found version 7.0.0
[0.055s] -- Searching for dependencies of gz-sim7
[0.055s] -- Looking for sdformat13 -- found version 13.2.0
[0.056s] -- Searching for dependencies of sdformat13
[0.060s] -- Checking for module 'tinyxml2'
[0.073s] --   Found tinyxml2, version 9.0.0
[0.101s] -- Looking for gz-math7 -- found version 7.0.2
[0.102s] -- Searching for dependencies of gz-math7
[0.102s] -- Looking for gz-utils2 -- found version 2.0.0
[0.102s] -- Searching for dependencies of gz-utils2
[0.104s] -- Looking for gz-utils2 -- found version 2.0.0
[0.104s] -- Searching for dependencies of gz-utils2
[0.104s] -- Searching for <gz-utils2> component [cli]
[0.105s] -- Looking for gz-utils2-cli -- found version 2.0.0
[0.105s] -- Searching for dependencies of gz-utils2-cli
[0.107s] -- Looking for gz-plugin2 -- found version 2.0.0
[0.107s] -- Searching for dependencies of gz-plugin2
[0.107s] -- Looking for gz-utils2 -- found version 2.0.0
[0.108s] -- Searching for <gz-plugin2> component [loader]
[0.108s] -- Looking for gz-plugin2-loader -- found version 2.0.0
[0.109s] -- Searching for dependencies of gz-plugin2-loader
[0.110s] -- Searching for <gz-plugin2> component [register]
[0.110s] -- Looking for gz-plugin2-register -- found version 2.0.0
[0.111s] -- Searching for dependencies of gz-plugin2-register
[0.112s] -- Looking for gz-transport12 -- found version 12.0.0
[0.113s] -- Searching for dependencies of gz-transport12
[0.152s] -- Config-file not installed for ZeroMQ -- checking for pkg-config
[0.158s] -- Checking for module 'libzmq >= 4'
[0.173s] --   Found libzmq , version 4.3.4
[0.208s] -- Checking for module 'uuid'
[0.220s] --   Found uuid, version 2.37.2
[0.249s] -- Looking for gz-utils2 -- found version 2.0.0
[0.249s] -- Looking for gz-msgs9 -- found version 9.0.0
[0.250s] -- Searching for dependencies of gz-msgs9
[0.269s] -- Looking for gz-math7 -- found version 7.0.2
[0.286s] -- Searching for <gz-transport12> component [log]
[0.286s] -- Looking for gz-transport12-log -- found version 12.0.0
[0.287s] -- Searching for dependencies of gz-transport12-log
[0.288s] -- Looking for gz-msgs9 -- found version 9.0.0
[0.288s] -- Looking for gz-common5 -- found version 5.2.2
[0.289s] -- Searching for dependencies of gz-common5
[0.289s] -- Looking for gz-utils2 -- found version 2.0.0
[0.289s] -- Looking for dlfcn.h - found
[0.289s] -- Looking for libdl - found
[0.297s] -- Searching for <gz-common5> component [profiler]
[0.298s] -- Looking for gz-common5-profiler -- found version 5.2.2
[0.298s] -- Searching for dependencies of gz-common5-profiler
[0.299s] -- Searching for <gz-common5> component [events]
[0.299s] -- Looking for gz-common5-events -- found version 5.2.2
[0.300s] -- Searching for dependencies of gz-common5-events
[0.300s] -- Looking for gz-math7 -- found version 7.0.2
[0.300s] -- Searching for <gz-common5> component [av]
[0.301s] -- Looking for gz-common5-av -- found version 5.2.2
[0.301s] -- Searching for dependencies of gz-common5-av
[0.306s] -- Checking for module 'libswscale'
[0.318s] --   Found libswscale, version 5.9.100
[0.351s] -- Checking for module 'libavdevice >= 56.4.100'
[0.363s] --   Found libavdevice , version 58.13.100
[0.398s] -- Checking for module 'libavformat'
[0.409s] --   Found libavformat, version 58.76.100
[0.444s] -- Checking for module 'libavcodec'
[0.456s] --   Found libavcodec, version 58.134.100
[0.489s] -- Checking for module 'libavutil'
[0.501s] --   Found libavutil, version 56.70.100
[0.531s] -- Looking for gz-fuel_tools8 -- found version 8.0.0
[0.532s] -- Searching for dependencies of gz-fuel_tools8
[0.571s] -- Checking for module 'jsoncpp'
[0.585s] --   Found jsoncpp, version 1.9.5
[0.619s] -- Checking for module 'libzip'
[0.633s] --   Found libzip, version 1.7.3
[0.664s] -- Looking for gz-utils2 -- found version 2.0.0
[0.664s] -- Looking for gz-common5 -- found version 5.2.2
[0.665s] -- Looking for gz-math7 -- found version 7.0.2
[0.666s] -- Looking for gz-msgs9 -- found version 9.0.0
[0.667s] -- Looking for gz-gui7 -- found version 7.0.0
[0.667s] -- Searching for dependencies of gz-gui7
[0.694s] -- Looking for gz-utils2 -- found version 2.0.0
[0.694s] -- Looking for gz-math7 -- found version 7.0.2
[0.695s] -- Looking for gz-common5 -- found version 5.2.2
[0.695s] -- Looking for gz-plugin2 -- found version 2.0.0
[0.696s] -- Looking for gz-transport12 -- found version 12.0.0
[0.696s] -- Looking for gz-rendering7 -- found version 7.1.0
[0.697s] -- Searching for dependencies of gz-rendering7
[0.698s] -- Looking for gz-math7 -- found version 7.0.2
[0.699s] -- Searching for dependencies of gz-math7
[0.699s] -- Looking for gz-utils2 -- found version 2.0.0
[0.700s] -- Searching for <gz-math7> component [eigen3]
[0.700s] -- Looking for gz-math7-eigen3 -- found version 7.0.2
[0.701s] -- Searching for dependencies of gz-math7-eigen3
[0.702s] -- Looking for gz-common5 -- found version 5.2.2
[0.703s] -- Searching for dependencies of gz-common5
[0.703s] -- Looking for gz-utils2 -- found version 2.0.0
[0.704s] -- Looking for dlfcn.h - found
[0.704s] -- Looking for libdl - found
[0.713s] -- Searching for <gz-common5> component [graphics]
[0.713s] -- Looking for gz-common5-graphics -- found version 5.2.2
[0.714s] -- Searching for dependencies of gz-common5-graphics
[0.714s] -- Looking for gz-math7 -- found version 7.0.2
[0.717s] -- Searching for <gz-common5> component [events]
[0.718s] -- Searching for <gz-common5> component [geospatial]
[0.718s] -- Looking for gz-common5-geospatial -- found version 5.2.2
[0.719s] -- Searching for dependencies of gz-common5-geospatial
[0.719s] -- Looking for gz-math7 -- found version 7.0.2
[0.720s] -- Looking for gz-common5 -- found version 5.2.2
[0.720s] -- Looking for gz-plugin2 -- found version 2.0.0
[0.721s] -- Searching for dependencies of gz-plugin2
[0.721s] -- Looking for gz-utils2 -- found version 2.0.0
[0.722s] -- Searching for <gz-plugin2> component [all]
[0.722s] -- Looking for all libraries of gz-plugin2 -- found version 2.0.0
[0.723s] -- Looking for gz-plugin2 -- found version 2.0.0
[0.724s] -- Looking for gz-utils2 -- found version 2.0.0
[0.725s] -- Looking for gz-msgs9 -- found version 9.0.0
[0.739s] -- Looking for gz-physics6 -- found version 6.1.0
[0.740s] -- Searching for dependencies of gz-physics6
[0.740s] -- Looking for gz-math7 -- found version 7.0.2
[0.741s] -- Looking for gz-plugin2 -- found version 2.0.0
[0.741s] -- Looking for gz-utils2 -- found version 2.0.0
[0.743s] -- Searching for <gz-physics6> component [heightmap]
[0.743s] -- Looking for gz-physics6-heightmap -- found version 6.1.0
[0.744s] -- Searching for dependencies of gz-physics6-heightmap
[0.744s] -- Looking for gz-common5 -- found version 5.2.2
[0.745s] -- Searching for <gz-physics6> component [mesh]
[0.745s] -- Looking for gz-physics6-mesh -- found version 6.1.0
[0.746s] -- Searching for dependencies of gz-physics6-mesh
[0.746s] -- Looking for gz-common5 -- found version 5.2.2
[0.747s] -- Searching for <gz-physics6> component [sdf]
[0.747s] -- Looking for gz-physics6-sdf -- found version 6.1.0
[0.748s] -- Searching for dependencies of gz-physics6-sdf
[0.749s] -- Looking for sdformat13 -- found version 13.2.0
[0.750s] -- Looking for gz-sensors7 -- found version 7.0.0
[0.750s] -- Searching for dependencies of gz-sensors7
[0.771s] -- Looking for gz-math7 -- found version 7.0.2
[0.772s] -- Looking for gz-common5 -- found version 5.2.2
[0.772s] -- Looking for gz-transport12 -- found version 12.0.0
[0.773s] -- Looking for gz-rendering7 -- found version 7.1.0
[0.773s] -- Looking for gz-msgs9 -- found version 9.0.0
[0.774s] -- Looking for sdformat13 -- found version 13.2.0
[0.774s] -- Searching for <gz-sensors7> component [air_pressure]
[0.775s] -- Looking for gz-sensors7-air_pressure -- found version 7.0.0
[0.775s] -- Searching for dependencies of gz-sensors7-air_pressure
[0.776s] -- Searching for <gz-sensors7> component [altimeter]
[0.776s] -- Looking for gz-sensors7-altimeter -- found version 7.0.0
[0.777s] -- Searching for dependencies of gz-sensors7-altimeter
[0.777s] -- Searching for <gz-sensors7> component [imu]
[0.778s] -- Looking for gz-sensors7-imu -- found version 7.0.0
[0.778s] -- Searching for dependencies of gz-sensors7-imu
[0.779s] -- Searching for <gz-sensors7> component [force_torque]
[0.780s] -- Looking for gz-sensors7-force_torque -- found version 7.0.0
[0.780s] -- Searching for dependencies of gz-sensors7-force_torque
[0.781s] -- Searching for <gz-sensors7> component [logical_camera]
[0.782s] -- Looking for gz-sensors7-logical_camera -- found version 7.0.0
[0.783s] -- Searching for dependencies of gz-sensors7-logical_camera
[0.783s] -- Searching for <gz-sensors7> component [magnetometer]
[0.784s] -- Looking for gz-sensors7-magnetometer -- found version 7.0.0
[0.784s] -- Searching for dependencies of gz-sensors7-magnetometer
[0.785s] -- Searching for <gz-sensors7> component [navsat]
[0.786s] -- Looking for gz-sensors7-navsat -- found version 7.0.0
[0.786s] -- Searching for dependencies of gz-sensors7-navsat
[0.787s] -- Searching for <gz-sensors7> component [rendering]
[0.788s] -- Looking for gz-sensors7-rendering -- found version 7.0.0
[0.788s] -- Searching for dependencies of gz-sensors7-rendering
[0.789s] -- Searching for <gz-sensors7> component [lidar]
[0.789s] -- Looking for gz-sensors7-lidar -- found version 7.0.0
[0.790s] -- Searching for dependencies of gz-sensors7-lidar
[0.791s] -- Searching for <gz-sensors7> component [gpu_lidar]
[0.791s] -- Looking for gz-sensors7-gpu_lidar -- found version 7.0.0
[0.792s] -- Searching for dependencies of gz-sensors7-gpu_lidar
[0.792s] -- Searching for <gz-sensors7> component [camera]
[0.793s] -- Looking for gz-sensors7-camera -- found version 7.0.0
[0.794s] -- Searching for dependencies of gz-sensors7-camera
[0.794s] -- Searching for <gz-sensors7> component [boundingbox_camera]
[0.795s] -- Looking for gz-sensors7-boundingbox_camera -- found version 7.0.0
[0.796s] -- Searching for dependencies of gz-sensors7-boundingbox_camera
[0.796s] -- Searching for <gz-sensors7> component [segmentation_camera]
[0.797s] -- Looking for gz-sensors7-segmentation_camera -- found version 7.0.0
[0.797s] -- Searching for dependencies of gz-sensors7-segmentation_camera
[0.798s] -- Searching for <gz-sensors7> component [depth_camera]
[0.799s] -- Looking for gz-sensors7-depth_camera -- found version 7.0.0
[0.800s] -- Searching for dependencies of gz-sensors7-depth_camera
[0.801s] -- Searching for <gz-sensors7> component [rgbd_camera]
[0.801s] -- Looking for gz-sensors7-rgbd_camera -- found version 7.0.0
[0.802s] -- Searching for dependencies of gz-sensors7-rgbd_camera
[0.802s] -- Searching for <gz-sensors7> component [thermal_camera]
[0.803s] -- Looking for gz-sensors7-thermal_camera -- found version 7.0.0
[0.804s] -- Searching for dependencies of gz-sensors7-thermal_camera
[0.804s] -- Searching for <gz-sensors7> component [wide_angle_camera]
[0.805s] -- Looking for gz-sensors7-wide_angle_camera -- found version 7.0.0
[0.805s] -- Searching for dependencies of gz-sensors7-wide_angle_camera
[0.807s] -- Looking for gz-rendering7 -- found version 7.1.0
[0.807s] -- Looking for gz-math7 -- found version 7.0.2
[0.808s] -- Looking for gz-utils2 -- found version 2.0.0
[0.830s] -- Searching for <gz-sim7> component [gui]
[0.830s] -- Looking for gz-sim7-gui -- found version 7.0.0
[0.831s] -- Searching for dependencies of gz-sim7-gui
[0.833s] -- Configuring done
[0.866s] -- Generating done
[0.868s] -- Build files have been written to: /home/toby/osu-uwrt/development/software/src/riptide_gazebo/Assets/Plugins/uwrt_gui/build/CompObjectsPlugin
[0.902s] [ 16%] [34m[1mAutomatic MOC for target CompObjectsPlugin[0m
[0.921s] [ 16%] Built target CompObjectsPlugin_autogen
[0.924s] gmake[2]: *** No rule to make target '/home/toby/osu-uwrt/development/software/src/riptide_gui/riptide_meshes/meshes/tempest/*.png', needed by 'qrc_CompObjectsPlugin.cpp'.  Stop.
[0.924s] gmake[1]: *** [CMakeFiles/Makefile2:83: CMakeFiles/CompObjectsPlugin.dir/all] Error 2
[0.925s] gmake: *** [Makefile:136: all] Error 2
[0.927s] Invoked command in '/home/toby/osu-uwrt/development/software/src/riptide_gazebo/Assets/Plugins/uwrt_gui/build/CompObjectsPlugin' returned '2': /usr/bin/cmake --build /home/toby/osu-uwrt/development/software/src/riptide_gazebo/Assets/Plugins/uwrt_gui/build/CompObjectsPlugin -- -j12 -l12
