[0.153s] DEBUG:colcon:Command line arguments: ['/usr/bin/colcon', 'build', '--packages-select', 'uwrt_gz']
[0.153s] DEBUG:colcon:Parsed command line arguments: Namespace(log_base=None, log_level=None, verb_name='build', build_base='build', install_base='install', merge_install=False, symlink_install=False, test_result_base=None, continue_on_error=False, executor='parallel', parallel_workers=20, event_handlers=None, ignore_user_meta=False, metas=['./colcon.meta'], base_paths=['.'], packages_ignore=None, packages_ignore_regex=None, paths=None, packages_up_to=None, packages_up_to_regex=None, packages_above=None, packages_above_and_dependencies=None, packages_above_depth=None, packages_select_by_dep=None, packages_skip_by_dep=None, packages_skip_up_to=None, packages_select_build_failed=False, packages_skip_build_finished=False, packages_select_test_failures=False, packages_skip_test_passed=False, packages_select=['uwrt_gz'], packages_skip=None, packages_select_regex=None, packages_skip_regex=None, packages_start=None, packages_end=None, allow_overriding=[], cmake_args=None, cmake_target=None, cmake_target_skip_unavailable=False, cmake_clean_cache=False, cmake_clean_first=False, cmake_force_configure=False, ament_cmake_args=None, catkin_cmake_args=None, catkin_skip_building_tests=False, verb_parser=<colcon_defaults.argument_parser.defaults.DefaultArgumentsDecorator object at 0x7fe8af150880>, verb_extension=<colcon_core.verb.build.BuildVerb object at 0x7fe8afb02620>, main=<bound method BuildVerb.main of <colcon_core.verb.build.BuildVerb object at 0x7fe8afb02620>>)
[0.168s] Level 1:colcon.colcon_core.package_discovery:discover_packages(colcon_meta) check parameters
[0.168s] Level 1:colcon.colcon_core.package_discovery:discover_packages(recursive) check parameters
[0.168s] Level 1:colcon.colcon_core.package_discovery:discover_packages(ignore) check parameters
[0.168s] Level 1:colcon.colcon_core.package_discovery:discover_packages(path) check parameters
[0.168s] Level 1:colcon.colcon_core.package_discovery:discover_packages(colcon_meta) discover
[0.168s] Level 1:colcon.colcon_core.package_discovery:discover_packages(recursive) discover
[0.168s] INFO:colcon.colcon_core.package_discovery:Crawling recursively for packages in '/home/hollis/osu-uwrt/riptide_software/src/riptide_gazebo/Assets/Plugins'
[0.168s] Level 1:colcon.colcon_core.package_identification:_identify(.) by extensions ['ignore', 'ignore_ament_install']
[0.168s] Level 1:colcon.colcon_core.package_identification:_identify(.) by extension 'ignore'
[0.168s] Level 1:colcon.colcon_core.package_identification:_identify(.) by extension 'ignore_ament_install'
[0.169s] Level 1:colcon.colcon_core.package_identification:_identify(.) by extensions ['colcon_pkg']
[0.169s] Level 1:colcon.colcon_core.package_identification:_identify(.) by extension 'colcon_pkg'
[0.169s] Level 1:colcon.colcon_core.package_identification:_identify(.) by extensions ['colcon_meta']
[0.169s] Level 1:colcon.colcon_core.package_identification:_identify(.) by extension 'colcon_meta'
[0.169s] Level 1:colcon.colcon_core.package_identification:_identify(.) by extensions ['ros']
[0.169s] Level 1:colcon.colcon_core.package_identification:_identify(.) by extension 'ros'
[0.174s] Level 1:colcon.colcon_core.package_identification:_identify(.) by extensions ['cmake', 'python']
[0.174s] Level 1:colcon.colcon_core.package_identification:_identify(.) by extension 'cmake'
[0.174s] Level 1:colcon.colcon_core.package_identification:_identify(.) by extension 'python'
[0.174s] Level 1:colcon.colcon_core.package_identification:_identify(.) by extensions ['python_setup_py']
[0.174s] Level 1:colcon.colcon_core.package_identification:_identify(.) by extension 'python_setup_py'
[0.174s] Level 1:colcon.colcon_core.package_identification:_identify(build) by extensions ['ignore', 'ignore_ament_install']
[0.174s] Level 1:colcon.colcon_core.package_identification:_identify(build) by extension 'ignore'
[0.174s] Level 1:colcon.colcon_core.package_identification:_identify(build) ignored
[0.174s] Level 1:colcon.colcon_core.package_identification:_identify(install) by extensions ['ignore', 'ignore_ament_install']
[0.174s] Level 1:colcon.colcon_core.package_identification:_identify(install) by extension 'ignore'
[0.174s] Level 1:colcon.colcon_core.package_identification:_identify(install) ignored
[0.175s] Level 1:colcon.colcon_core.package_identification:_identify(log) by extensions ['ignore', 'ignore_ament_install']
[0.175s] Level 1:colcon.colcon_core.package_identification:_identify(log) by extension 'ignore'
[0.175s] Level 1:colcon.colcon_core.package_identification:_identify(log) ignored
[0.175s] Level 1:colcon.colcon_core.package_identification:_identify(uwrt_gz) by extensions ['ignore', 'ignore_ament_install']
[0.175s] Level 1:colcon.colcon_core.package_identification:_identify(uwrt_gz) by extension 'ignore'
[0.175s] Level 1:colcon.colcon_core.package_identification:_identify(uwrt_gz) by extension 'ignore_ament_install'
[0.175s] Level 1:colcon.colcon_core.package_identification:_identify(uwrt_gz) by extensions ['colcon_pkg']
[0.175s] Level 1:colcon.colcon_core.package_identification:_identify(uwrt_gz) by extension 'colcon_pkg'
[0.175s] Level 1:colcon.colcon_core.package_identification:_identify(uwrt_gz) by extensions ['colcon_meta']
[0.175s] Level 1:colcon.colcon_core.package_identification:_identify(uwrt_gz) by extension 'colcon_meta'
[0.175s] Level 1:colcon.colcon_core.package_identification:_identify(uwrt_gz) by extensions ['ros']
[0.175s] Level 1:colcon.colcon_core.package_identification:_identify(uwrt_gz) by extension 'ros'
[0.176s] DEBUG:colcon.colcon_core.package_identification:Package 'uwrt_gz' with type 'ros.ament_cmake' and name 'uwrt_gz'
[0.176s] Level 1:colcon.colcon_core.package_discovery:discover_packages(recursive) using defaults
[0.176s] Level 1:colcon.colcon_core.package_discovery:discover_packages(ignore) discover
[0.176s] Level 1:colcon.colcon_core.package_discovery:discover_packages(ignore) using defaults
[0.176s] Level 1:colcon.colcon_core.package_discovery:discover_packages(path) discover
[0.176s] Level 1:colcon.colcon_core.package_discovery:discover_packages(path) using defaults
[0.189s] Level 1:colcon.colcon_core.package_discovery:discover_packages(prefix_path) check parameters
[0.189s] Level 1:colcon.colcon_core.package_discovery:discover_packages(prefix_path) discover
[0.191s] DEBUG:colcon.colcon_installed_package_information.package_discovery:Found 2 installed packages in /home/hollis/osu-uwrt/riptide_software/src/riptide_gazebo/Assets/Plugins/install
[0.191s] DEBUG:colcon.colcon_installed_package_information.package_discovery:Found 11 installed packages in /home/hollis/osu-uwrt/riptide_software/install
[0.192s] DEBUG:colcon.colcon_installed_package_information.package_discovery:Found 18 installed packages in /home/hollis/osu-uwrt/dependencies/install
[0.193s] DEBUG:colcon.colcon_installed_package_information.package_discovery:Found 345 installed packages in /opt/ros/humble
[0.194s] Level 1:colcon.colcon_core.package_discovery:discover_packages(prefix_path) using defaults
[0.227s] Level 5:colcon.colcon_core.verb:set package 'uwrt_gz' build argument 'cmake_args' from command line to 'None'
[0.227s] Level 5:colcon.colcon_core.verb:set package 'uwrt_gz' build argument 'cmake_target' from command line to 'None'
[0.227s] Level 5:colcon.colcon_core.verb:set package 'uwrt_gz' build argument 'cmake_target_skip_unavailable' from command line to 'False'
[0.227s] Level 5:colcon.colcon_core.verb:set package 'uwrt_gz' build argument 'cmake_clean_cache' from command line to 'False'
[0.227s] Level 5:colcon.colcon_core.verb:set package 'uwrt_gz' build argument 'cmake_clean_first' from command line to 'False'
[0.227s] Level 5:colcon.colcon_core.verb:set package 'uwrt_gz' build argument 'cmake_force_configure' from command line to 'False'
[0.227s] Level 5:colcon.colcon_core.verb:set package 'uwrt_gz' build argument 'ament_cmake_args' from command line to 'None'
[0.227s] Level 5:colcon.colcon_core.verb:set package 'uwrt_gz' build argument 'catkin_cmake_args' from command line to 'None'
[0.227s] Level 5:colcon.colcon_core.verb:set package 'uwrt_gz' build argument 'catkin_skip_building_tests' from command line to 'False'
[0.227s] DEBUG:colcon.colcon_core.verb:Building package 'uwrt_gz' with the following arguments: {'ament_cmake_args': None, 'build_base': '/home/hollis/osu-uwrt/riptide_software/src/riptide_gazebo/Assets/Plugins/build/uwrt_gz', 'catkin_cmake_args': None, 'catkin_skip_building_tests': False, 'cmake_args': None, 'cmake_clean_cache': False, 'cmake_clean_first': False, 'cmake_force_configure': False, 'cmake_target': None, 'cmake_target_skip_unavailable': False, 'install_base': '/home/hollis/osu-uwrt/riptide_software/src/riptide_gazebo/Assets/Plugins/install/uwrt_gz', 'merge_install': False, 'path': '/home/hollis/osu-uwrt/riptide_software/src/riptide_gazebo/Assets/Plugins/uwrt_gz', 'symlink_install': False, 'test_result_base': None}
[0.227s] INFO:colcon.colcon_core.executor:Executing jobs using 'parallel' executor
[0.229s] DEBUG:colcon.colcon_parallel_executor.executor.parallel:run_until_complete
[0.229s] INFO:colcon.colcon_ros.task.ament_cmake.build:Building ROS package in '/home/hollis/osu-uwrt/riptide_software/src/riptide_gazebo/Assets/Plugins/uwrt_gz' with build type 'ament_cmake'
[0.229s] INFO:colcon.colcon_cmake.task.cmake.build:Building CMake package in '/home/hollis/osu-uwrt/riptide_software/src/riptide_gazebo/Assets/Plugins/uwrt_gz'
[0.232s] INFO:colcon.colcon_core.plugin_system:Skipping extension 'colcon_core.shell.bat': Not used on non-Windows systems
[0.232s] INFO:colcon.colcon_core.shell:Skip shell extension 'powershell' for command environment: Not usable outside of PowerShell
[0.232s] DEBUG:colcon.colcon_core.shell:Skip shell extension 'dsv' for command environment
[0.242s] DEBUG:colcon.colcon_core.event_handler.log_command:Invoking command in '/home/hollis/osu-uwrt/riptide_software/src/riptide_gazebo/Assets/Plugins/build/uwrt_gz': CMAKE_PREFIX_PATH=${CMAKE_PREFIX_PATH}:/home/hollis/osu-uwrt/dependencies/install/microstrain_inertial_rqt:/home/hollis/osu-uwrt/dependencies/install/echo_video:/home/hollis/osu-uwrt/dependencies/install/camera_calibration:/home/hollis/osu-uwrt/riptide_software/install/riptide_teleop2:/home/hollis/osu-uwrt/riptide_software/install/riptide_rqt_plugins2:/home/hollis/osu-uwrt/riptide_software/install/riptide_hardware2:/home/hollis/osu-uwrt/riptide_software/install/riptide_controllers2:/home/hollis/osu-uwrt/riptide_software/install/riptide_mapping2:/home/hollis/osu-uwrt/riptide_software/install/riptide_localization2:/home/hollis/osu-uwrt/riptide_software/install/riptide_bringup2:/home/hollis/osu-uwrt/riptide_software/install/riptide_SNIB:/opt/ros/humble /usr/bin/cmake --build /home/hollis/osu-uwrt/riptide_software/src/riptide_gazebo/Assets/Plugins/build/uwrt_gz -- -j20 -l20
[1.689s] DEBUG:colcon.colcon_core.event_handler.log_command:Invoked command in '/home/hollis/osu-uwrt/riptide_software/src/riptide_gazebo/Assets/Plugins/build/uwrt_gz' returned '0': CMAKE_PREFIX_PATH=${CMAKE_PREFIX_PATH}:/home/hollis/osu-uwrt/dependencies/install/microstrain_inertial_rqt:/home/hollis/osu-uwrt/dependencies/install/echo_video:/home/hollis/osu-uwrt/dependencies/install/camera_calibration:/home/hollis/osu-uwrt/riptide_software/install/riptide_teleop2:/home/hollis/osu-uwrt/riptide_software/install/riptide_rqt_plugins2:/home/hollis/osu-uwrt/riptide_software/install/riptide_hardware2:/home/hollis/osu-uwrt/riptide_software/install/riptide_controllers2:/home/hollis/osu-uwrt/riptide_software/install/riptide_mapping2:/home/hollis/osu-uwrt/riptide_software/install/riptide_localization2:/home/hollis/osu-uwrt/riptide_software/install/riptide_bringup2:/home/hollis/osu-uwrt/riptide_software/install/riptide_SNIB:/opt/ros/humble /usr/bin/cmake --build /home/hollis/osu-uwrt/riptide_software/src/riptide_gazebo/Assets/Plugins/build/uwrt_gz -- -j20 -l20
[1.712s] DEBUG:colcon.colcon_core.event_handler.log_command:Invoking command in '/home/hollis/osu-uwrt/riptide_software/src/riptide_gazebo/Assets/Plugins/build/uwrt_gz': CMAKE_PREFIX_PATH=${CMAKE_PREFIX_PATH}:/home/hollis/osu-uwrt/dependencies/install/microstrain_inertial_rqt:/home/hollis/osu-uwrt/dependencies/install/echo_video:/home/hollis/osu-uwrt/dependencies/install/camera_calibration:/home/hollis/osu-uwrt/riptide_software/install/riptide_teleop2:/home/hollis/osu-uwrt/riptide_software/install/riptide_rqt_plugins2:/home/hollis/osu-uwrt/riptide_software/install/riptide_hardware2:/home/hollis/osu-uwrt/riptide_software/install/riptide_controllers2:/home/hollis/osu-uwrt/riptide_software/install/riptide_mapping2:/home/hollis/osu-uwrt/riptide_software/install/riptide_localization2:/home/hollis/osu-uwrt/riptide_software/install/riptide_bringup2:/home/hollis/osu-uwrt/riptide_software/install/riptide_SNIB:/opt/ros/humble /usr/bin/cmake --install /home/hollis/osu-uwrt/riptide_software/src/riptide_gazebo/Assets/Plugins/build/uwrt_gz
[1.717s] Level 1:colcon.colcon_core.environment:create_environment_scripts_only(uwrt_gz)
[1.718s] DEBUG:colcon.colcon_core.event_handler.log_command:Invoked command in '/home/hollis/osu-uwrt/riptide_software/src/riptide_gazebo/Assets/Plugins/build/uwrt_gz' returned '0': CMAKE_PREFIX_PATH=${CMAKE_PREFIX_PATH}:/home/hollis/osu-uwrt/dependencies/install/microstrain_inertial_rqt:/home/hollis/osu-uwrt/dependencies/install/echo_video:/home/hollis/osu-uwrt/dependencies/install/camera_calibration:/home/hollis/osu-uwrt/riptide_software/install/riptide_teleop2:/home/hollis/osu-uwrt/riptide_software/install/riptide_rqt_plugins2:/home/hollis/osu-uwrt/riptide_software/install/riptide_hardware2:/home/hollis/osu-uwrt/riptide_software/install/riptide_controllers2:/home/hollis/osu-uwrt/riptide_software/install/riptide_mapping2:/home/hollis/osu-uwrt/riptide_software/install/riptide_localization2:/home/hollis/osu-uwrt/riptide_software/install/riptide_bringup2:/home/hollis/osu-uwrt/riptide_software/install/riptide_SNIB:/opt/ros/humble /usr/bin/cmake --install /home/hollis/osu-uwrt/riptide_software/src/riptide_gazebo/Assets/Plugins/build/uwrt_gz
[1.721s] Level 1:colcon.colcon_core.environment:checking '/home/hollis/osu-uwrt/riptide_software/src/riptide_gazebo/Assets/Plugins/install/uwrt_gz' for CMake module files
[1.722s] Level 1:colcon.colcon_core.environment:checking '/home/hollis/osu-uwrt/riptide_software/src/riptide_gazebo/Assets/Plugins/install/uwrt_gz' for CMake config files
[1.722s] Level 1:colcon.colcon_core.shell:create_environment_hook('uwrt_gz', 'cmake_prefix_path')
[1.722s] INFO:colcon.colcon_core.shell:Creating environment hook '/home/hollis/osu-uwrt/riptide_software/src/riptide_gazebo/Assets/Plugins/install/uwrt_gz/share/uwrt_gz/hook/cmake_prefix_path.ps1'
[1.723s] INFO:colcon.colcon_core.shell:Creating environment descriptor '/home/hollis/osu-uwrt/riptide_software/src/riptide_gazebo/Assets/Plugins/install/uwrt_gz/share/uwrt_gz/hook/cmake_prefix_path.dsv'
[1.723s] INFO:colcon.colcon_core.shell:Creating environment hook '/home/hollis/osu-uwrt/riptide_software/src/riptide_gazebo/Assets/Plugins/install/uwrt_gz/share/uwrt_gz/hook/cmake_prefix_path.sh'
[1.723s] Level 1:colcon.colcon_core.environment:checking '/home/hollis/osu-uwrt/riptide_software/src/riptide_gazebo/Assets/Plugins/install/uwrt_gz/lib'
[1.723s] Level 1:colcon.colcon_core.shell:create_environment_hook('uwrt_gz', 'ld_library_path_lib')
[1.724s] INFO:colcon.colcon_core.shell:Creating environment hook '/home/hollis/osu-uwrt/riptide_software/src/riptide_gazebo/Assets/Plugins/install/uwrt_gz/share/uwrt_gz/hook/ld_library_path_lib.ps1'
[1.724s] INFO:colcon.colcon_core.shell:Creating environment descriptor '/home/hollis/osu-uwrt/riptide_software/src/riptide_gazebo/Assets/Plugins/install/uwrt_gz/share/uwrt_gz/hook/ld_library_path_lib.dsv'
[1.724s] INFO:colcon.colcon_core.shell:Creating environment hook '/home/hollis/osu-uwrt/riptide_software/src/riptide_gazebo/Assets/Plugins/install/uwrt_gz/share/uwrt_gz/hook/ld_library_path_lib.sh'
[1.724s] Level 1:colcon.colcon_core.environment:checking '/home/hollis/osu-uwrt/riptide_software/src/riptide_gazebo/Assets/Plugins/install/uwrt_gz/bin'
[1.724s] Level 1:colcon.colcon_core.environment:checking '/home/hollis/osu-uwrt/riptide_software/src/riptide_gazebo/Assets/Plugins/install/uwrt_gz/lib/pkgconfig/uwrt_gz.pc'
[1.725s] Level 1:colcon.colcon_core.environment:checking '/home/hollis/osu-uwrt/riptide_software/src/riptide_gazebo/Assets/Plugins/install/uwrt_gz/lib/python3.10/site-packages'
[1.725s] Level 1:colcon.colcon_core.environment:checking '/home/hollis/osu-uwrt/riptide_software/src/riptide_gazebo/Assets/Plugins/install/uwrt_gz/bin'
[1.725s] INFO:colcon.colcon_core.shell:Creating package script '/home/hollis/osu-uwrt/riptide_software/src/riptide_gazebo/Assets/Plugins/install/uwrt_gz/share/uwrt_gz/package.ps1'
[1.726s] INFO:colcon.colcon_core.shell:Creating package descriptor '/home/hollis/osu-uwrt/riptide_software/src/riptide_gazebo/Assets/Plugins/install/uwrt_gz/share/uwrt_gz/package.dsv'
[1.726s] INFO:colcon.colcon_core.shell:Creating package script '/home/hollis/osu-uwrt/riptide_software/src/riptide_gazebo/Assets/Plugins/install/uwrt_gz/share/uwrt_gz/package.sh'
[1.726s] INFO:colcon.colcon_core.shell:Creating package script '/home/hollis/osu-uwrt/riptide_software/src/riptide_gazebo/Assets/Plugins/install/uwrt_gz/share/uwrt_gz/package.bash'
[1.727s] INFO:colcon.colcon_core.shell:Creating package script '/home/hollis/osu-uwrt/riptide_software/src/riptide_gazebo/Assets/Plugins/install/uwrt_gz/share/uwrt_gz/package.zsh'
[1.727s] Level 1:colcon.colcon_core.environment:create_file_with_runtime_dependencies(/home/hollis/osu-uwrt/riptide_software/src/riptide_gazebo/Assets/Plugins/install/uwrt_gz/share/colcon-core/packages/uwrt_gz)
[1.748s] Level 1:colcon.colcon_core.environment:create_environment_scripts_only(uwrt_gz)
[1.750s] Level 1:colcon.colcon_core.environment:checking '/home/hollis/osu-uwrt/riptide_software/src/riptide_gazebo/Assets/Plugins/install/uwrt_gz' for CMake module files
[1.751s] Level 1:colcon.colcon_core.environment:checking '/home/hollis/osu-uwrt/riptide_software/src/riptide_gazebo/Assets/Plugins/install/uwrt_gz' for CMake config files
[1.751s] Level 1:colcon.colcon_core.shell:create_environment_hook('uwrt_gz', 'cmake_prefix_path')
[1.753s] INFO:colcon.colcon_core.shell:Creating environment hook '/home/hollis/osu-uwrt/riptide_software/src/riptide_gazebo/Assets/Plugins/install/uwrt_gz/share/uwrt_gz/hook/cmake_prefix_path.ps1'
[1.754s] INFO:colcon.colcon_core.shell:Creating environment descriptor '/home/hollis/osu-uwrt/riptide_software/src/riptide_gazebo/Assets/Plugins/install/uwrt_gz/share/uwrt_gz/hook/cmake_prefix_path.dsv'
[1.754s] INFO:colcon.colcon_core.shell:Creating environment hook '/home/hollis/osu-uwrt/riptide_software/src/riptide_gazebo/Assets/Plugins/install/uwrt_gz/share/uwrt_gz/hook/cmake_prefix_path.sh'
[1.755s] Level 1:colcon.colcon_core.environment:checking '/home/hollis/osu-uwrt/riptide_software/src/riptide_gazebo/Assets/Plugins/install/uwrt_gz/lib'
[1.755s] Level 1:colcon.colcon_core.shell:create_environment_hook('uwrt_gz', 'ld_library_path_lib')
[1.756s] INFO:colcon.colcon_core.shell:Creating environment hook '/home/hollis/osu-uwrt/riptide_software/src/riptide_gazebo/Assets/Plugins/install/uwrt_gz/share/uwrt_gz/hook/ld_library_path_lib.ps1'
[1.757s] INFO:colcon.colcon_core.shell:Creating environment descriptor '/home/hollis/osu-uwrt/riptide_software/src/riptide_gazebo/Assets/Plugins/install/uwrt_gz/share/uwrt_gz/hook/ld_library_path_lib.dsv'
[1.757s] INFO:colcon.colcon_core.shell:Creating environment hook '/home/hollis/osu-uwrt/riptide_software/src/riptide_gazebo/Assets/Plugins/install/uwrt_gz/share/uwrt_gz/hook/ld_library_path_lib.sh'
[1.757s] Level 1:colcon.colcon_core.environment:checking '/home/hollis/osu-uwrt/riptide_software/src/riptide_gazebo/Assets/Plugins/install/uwrt_gz/bin'
[1.757s] Level 1:colcon.colcon_core.environment:checking '/home/hollis/osu-uwrt/riptide_software/src/riptide_gazebo/Assets/Plugins/install/uwrt_gz/lib/pkgconfig/uwrt_gz.pc'
[1.757s] Level 1:colcon.colcon_core.environment:checking '/home/hollis/osu-uwrt/riptide_software/src/riptide_gazebo/Assets/Plugins/install/uwrt_gz/lib/python3.10/site-packages'
[1.757s] Level 1:colcon.colcon_core.environment:checking '/home/hollis/osu-uwrt/riptide_software/src/riptide_gazebo/Assets/Plugins/install/uwrt_gz/bin'
[1.758s] INFO:colcon.colcon_core.shell:Creating package script '/home/hollis/osu-uwrt/riptide_software/src/riptide_gazebo/Assets/Plugins/install/uwrt_gz/share/uwrt_gz/package.ps1'
[1.759s] INFO:colcon.colcon_core.shell:Creating package descriptor '/home/hollis/osu-uwrt/riptide_software/src/riptide_gazebo/Assets/Plugins/install/uwrt_gz/share/uwrt_gz/package.dsv'
[1.759s] INFO:colcon.colcon_core.shell:Creating package script '/home/hollis/osu-uwrt/riptide_software/src/riptide_gazebo/Assets/Plugins/install/uwrt_gz/share/uwrt_gz/package.sh'
[1.760s] INFO:colcon.colcon_core.shell:Creating package script '/home/hollis/osu-uwrt/riptide_software/src/riptide_gazebo/Assets/Plugins/install/uwrt_gz/share/uwrt_gz/package.bash'
[1.760s] INFO:colcon.colcon_core.shell:Creating package script '/home/hollis/osu-uwrt/riptide_software/src/riptide_gazebo/Assets/Plugins/install/uwrt_gz/share/uwrt_gz/package.zsh'
[1.760s] Level 1:colcon.colcon_core.environment:create_file_with_runtime_dependencies(/home/hollis/osu-uwrt/riptide_software/src/riptide_gazebo/Assets/Plugins/install/uwrt_gz/share/colcon-core/packages/uwrt_gz)
[1.760s] DEBUG:colcon.colcon_parallel_executor.executor.parallel:closing loop
[1.761s] DEBUG:colcon.colcon_parallel_executor.executor.parallel:loop closed
[1.762s] DEBUG:colcon.colcon_parallel_executor.executor.parallel:run_until_complete finished with '0'
[1.762s] DEBUG:colcon.colcon_core.event_reactor:joining thread
[1.767s] INFO:colcon.colcon_core.plugin_system:Skipping extension 'colcon_notification.desktop_notification.terminal_notifier': Not used on non-Darwin systems
[1.767s] INFO:colcon.colcon_core.plugin_system:Skipping extension 'colcon_notification.desktop_notification.win32': Not used on non-Windows systems
[1.767s] INFO:colcon.colcon_notification.desktop_notification:Sending desktop notification using 'notify2'
[1.779s] DEBUG:colcon.colcon_core.event_reactor:joined thread
[1.780s] INFO:colcon.colcon_core.shell:Creating prefix script '/home/hollis/osu-uwrt/riptide_software/src/riptide_gazebo/Assets/Plugins/install/local_setup.ps1'
[1.781s] INFO:colcon.colcon_core.shell:Creating prefix util module '/home/hollis/osu-uwrt/riptide_software/src/riptide_gazebo/Assets/Plugins/install/_local_setup_util_ps1.py'
[1.781s] INFO:colcon.colcon_core.shell:Creating prefix chain script '/home/hollis/osu-uwrt/riptide_software/src/riptide_gazebo/Assets/Plugins/install/setup.ps1'
[1.783s] INFO:colcon.colcon_core.shell:Creating prefix script '/home/hollis/osu-uwrt/riptide_software/src/riptide_gazebo/Assets/Plugins/install/local_setup.sh'
[1.783s] INFO:colcon.colcon_core.shell:Creating prefix util module '/home/hollis/osu-uwrt/riptide_software/src/riptide_gazebo/Assets/Plugins/install/_local_setup_util_sh.py'
[1.783s] INFO:colcon.colcon_core.shell:Creating prefix chain script '/home/hollis/osu-uwrt/riptide_software/src/riptide_gazebo/Assets/Plugins/install/setup.sh'
[1.785s] INFO:colcon.colcon_core.shell:Creating prefix script '/home/hollis/osu-uwrt/riptide_software/src/riptide_gazebo/Assets/Plugins/install/local_setup.bash'
[1.785s] INFO:colcon.colcon_core.shell:Creating prefix chain script '/home/hollis/osu-uwrt/riptide_software/src/riptide_gazebo/Assets/Plugins/install/setup.bash'
[1.787s] INFO:colcon.colcon_core.shell:Creating prefix script '/home/hollis/osu-uwrt/riptide_software/src/riptide_gazebo/Assets/Plugins/install/local_setup.zsh'
[1.788s] INFO:colcon.colcon_core.shell:Creating prefix chain script '/home/hollis/osu-uwrt/riptide_software/src/riptide_gazebo/Assets/Plugins/install/setup.zsh'
