[0.019s] Invoking command in '/home/toby/osu-uwrt/development/software/src/riptide_gazebo/Assets/Plugins/uwrt_gui/build/CompObjectsPlugin': /usr/bin/cmake --build /home/toby/osu-uwrt/development/software/src/riptide_gazebo/Assets/Plugins/uwrt_gui/build/CompObjectsPlugin -- -j12 -l12
[0.046s] -- Looking for gz-sim7 -- found version 7.0.0
[0.050s] -- Searching for dependencies of gz-sim7
[0.051s] -- Looking for sdformat13 -- found version 13.2.0
[0.051s] -- Searching for dependencies of sdformat13
[0.056s] -- Checking for module 'tinyxml2'
[0.069s] --   Found tinyxml2, version 9.0.0
[0.096s] -- Looking for gz-math7 -- found version 7.0.2
[0.096s] -- Searching for dependencies of gz-math7
[0.097s] -- Looking for gz-utils2 -- found version 2.0.0
[0.097s] -- Searching for dependencies of gz-utils2
[0.098s] -- Looking for gz-utils2 -- found version 2.0.0
[0.099s] -- Searching for dependencies of gz-utils2
[0.099s] -- Searching for <gz-utils2> component [cli]
[0.100s] -- Looking for gz-utils2-cli -- found version 2.0.0
[0.100s] -- Searching for dependencies of gz-utils2-cli
[0.101s] -- Looking for gz-plugin2 -- found version 2.0.0
[0.102s] -- Searching for dependencies of gz-plugin2
[0.102s] -- Looking for gz-utils2 -- found version 2.0.0
[0.103s] -- Searching for <gz-plugin2> component [loader]
[0.103s] -- Looking for gz-plugin2-loader -- found version 2.0.0
[0.104s] -- Searching for dependencies of gz-plugin2-loader
[0.104s] -- Searching for <gz-plugin2> component [register]
[0.105s] -- Looking for gz-plugin2-register -- found version 2.0.0
[0.105s] -- Searching for dependencies of gz-plugin2-register
[0.106s] -- Looking for gz-transport12 -- found version 12.0.0
[0.107s] -- Searching for dependencies of gz-transport12
[0.142s] -- Config-file not installed for ZeroMQ -- checking for pkg-config
[0.146s] -- Checking for module 'libzmq >= 4'
[0.158s] --   Found libzmq , version 4.3.4
[0.192s] -- Checking for module 'uuid'
[0.204s] --   Found uuid, version 2.37.2
[0.232s] -- Looking for gz-utils2 -- found version 2.0.0
[0.233s] -- Looking for gz-msgs9 -- found version 9.0.0
[0.233s] -- Searching for dependencies of gz-msgs9
[0.255s] -- Looking for gz-math7 -- found version 7.0.2
[0.272s] -- Searching for <gz-transport12> component [log]
[0.272s] -- Looking for gz-transport12-log -- found version 12.0.0
[0.273s] -- Searching for dependencies of gz-transport12-log
[0.274s] -- Looking for gz-msgs9 -- found version 9.0.0
[0.274s] -- Looking for gz-common5 -- found version 5.2.2
[0.275s] -- Searching for dependencies of gz-common5
[0.275s] -- Looking for gz-utils2 -- found version 2.0.0
[0.276s] -- Looking for dlfcn.h - found
[0.276s] -- Looking for libdl - found
[0.284s] -- Searching for <gz-common5> component [profiler]
[0.285s] -- Looking for gz-common5-profiler -- found version 5.2.2
[0.285s] -- Searching for dependencies of gz-common5-profiler
[0.286s] -- Searching for <gz-common5> component [events]
[0.286s] -- Looking for gz-common5-events -- found version 5.2.2
[0.287s] -- Searching for dependencies of gz-common5-events
[0.288s] -- Looking for gz-math7 -- found version 7.0.2
[0.288s] -- Searching for <gz-common5> component [av]
[0.289s] -- Looking for gz-common5-av -- found version 5.2.2
[0.289s] -- Searching for dependencies of gz-common5-av
[0.294s] -- Checking for module 'libswscale'
[0.306s] --   Found libswscale, version 5.9.100
[0.341s] -- Checking for module 'libavdevice >= 56.4.100'
[0.355s] --   Found libavdevice , version 58.13.100
[0.395s] -- Checking for module 'libavformat'
[0.407s] --   Found libavformat, version 58.76.100
[0.443s] -- Checking for module 'libavcodec'
[0.456s] --   Found libavcodec, version 58.134.100
[0.491s] -- Checking for module 'libavutil'
[0.506s] --   Found libavutil, version 56.70.100
[0.539s] -- Looking for gz-fuel_tools8 -- found version 8.0.0
[0.540s] -- Searching for dependencies of gz-fuel_tools8
[0.583s] -- Checking for module 'jsoncpp'
[0.597s] --   Found jsoncpp, version 1.9.5
[0.636s] -- Checking for module 'libzip'
[0.649s] --   Found libzip, version 1.7.3
[0.679s] -- Looking for gz-utils2 -- found version 2.0.0
[0.679s] -- Looking for gz-common5 -- found version 5.2.2
[0.680s] -- Looking for gz-math7 -- found version 7.0.2
[0.680s] -- Looking for gz-msgs9 -- found version 9.0.0
[0.681s] -- Looking for gz-gui7 -- found version 7.0.0
[0.681s] -- Searching for dependencies of gz-gui7
[0.708s] -- Looking for gz-utils2 -- found version 2.0.0
[0.708s] -- Looking for gz-math7 -- found version 7.0.2
[0.709s] -- Looking for gz-common5 -- found version 5.2.2
[0.709s] -- Looking for gz-plugin2 -- found version 2.0.0
[0.710s] -- Looking for gz-transport12 -- found version 12.0.0
[0.710s] -- Looking for gz-rendering7 -- found version 7.1.0
[0.711s] -- Searching for dependencies of gz-rendering7
[0.711s] -- Looking for gz-math7 -- found version 7.0.2
[0.712s] -- Searching for dependencies of gz-math7
[0.712s] -- Looking for gz-utils2 -- found version 2.0.0
[0.713s] -- Searching for <gz-math7> component [eigen3]
[0.713s] -- Looking for gz-math7-eigen3 -- found version 7.0.2
[0.713s] -- Searching for dependencies of gz-math7-eigen3
[0.715s] -- Looking for gz-common5 -- found version 5.2.2
[0.715s] -- Searching for dependencies of gz-common5
[0.716s] -- Looking for gz-utils2 -- found version 2.0.0
[0.716s] -- Looking for dlfcn.h - found
[0.716s] -- Looking for libdl - found
[0.724s] -- Searching for <gz-common5> component [graphics]
[0.725s] -- Looking for gz-common5-graphics -- found version 5.2.2
[0.725s] -- Searching for dependencies of gz-common5-graphics
[0.726s] -- Looking for gz-math7 -- found version 7.0.2
[0.729s] -- Searching for <gz-common5> component [events]
[0.729s] -- Searching for <gz-common5> component [geospatial]
[0.730s] -- Looking for gz-common5-geospatial -- found version 5.2.2
[0.730s] -- Searching for dependencies of gz-common5-geospatial
[0.731s] -- Looking for gz-math7 -- found version 7.0.2
[0.732s] -- Looking for gz-common5 -- found version 5.2.2
[0.733s] -- Looking for gz-plugin2 -- found version 2.0.0
[0.733s] -- Searching for dependencies of gz-plugin2
[0.734s] -- Looking for gz-utils2 -- found version 2.0.0
[0.734s] -- Searching for <gz-plugin2> component [all]
[0.734s] -- Looking for all libraries of gz-plugin2 -- found version 2.0.0
[0.735s] -- Looking for gz-plugin2 -- found version 2.0.0
[0.737s] -- Looking for gz-utils2 -- found version 2.0.0
[0.738s] -- Looking for gz-msgs9 -- found version 9.0.0
[0.751s] -- Looking for gz-physics6 -- found version 6.1.0
[0.752s] -- Searching for dependencies of gz-physics6
[0.752s] -- Looking for gz-math7 -- found version 7.0.2
[0.753s] -- Looking for gz-plugin2 -- found version 2.0.0
[0.754s] -- Looking for gz-utils2 -- found version 2.0.0
[0.755s] -- Searching for <gz-physics6> component [heightmap]
[0.755s] -- Looking for gz-physics6-heightmap -- found version 6.1.0
[0.756s] -- Searching for dependencies of gz-physics6-heightmap
[0.757s] -- Looking for gz-common5 -- found version 5.2.2
[0.757s] -- Searching for <gz-physics6> component [mesh]
[0.758s] -- Looking for gz-physics6-mesh -- found version 6.1.0
[0.758s] -- Searching for dependencies of gz-physics6-mesh
[0.759s] -- Looking for gz-common5 -- found version 5.2.2
[0.759s] -- Searching for <gz-physics6> component [sdf]
[0.760s] -- Looking for gz-physics6-sdf -- found version 6.1.0
[0.760s] -- Searching for dependencies of gz-physics6-sdf
[0.761s] -- Looking for sdformat13 -- found version 13.2.0
[0.762s] -- Looking for gz-sensors7 -- found version 7.0.0
[0.762s] -- Searching for dependencies of gz-sensors7
[0.782s] -- Looking for gz-math7 -- found version 7.0.2
[0.783s] -- Looking for gz-common5 -- found version 5.2.2
[0.783s] -- Looking for gz-transport12 -- found version 12.0.0
[0.784s] -- Looking for gz-rendering7 -- found version 7.1.0
[0.784s] -- Looking for gz-msgs9 -- found version 9.0.0
[0.785s] -- Looking for sdformat13 -- found version 13.2.0
[0.785s] -- Searching for <gz-sensors7> component [air_pressure]
[0.786s] -- Looking for gz-sensors7-air_pressure -- found version 7.0.0
[0.787s] -- Searching for dependencies of gz-sensors7-air_pressure
[0.787s] -- Searching for <gz-sensors7> component [altimeter]
[0.788s] -- Looking for gz-sensors7-altimeter -- found version 7.0.0
[0.788s] -- Searching for dependencies of gz-sensors7-altimeter
[0.789s] -- Searching for <gz-sensors7> component [imu]
[0.789s] -- Looking for gz-sensors7-imu -- found version 7.0.0
[0.790s] -- Searching for dependencies of gz-sensors7-imu
[0.790s] -- Searching for <gz-sensors7> component [force_torque]
[0.791s] -- Looking for gz-sensors7-force_torque -- found version 7.0.0
[0.792s] -- Searching for dependencies of gz-sensors7-force_torque
[0.792s] -- Searching for <gz-sensors7> component [logical_camera]
[0.793s] -- Looking for gz-sensors7-logical_camera -- found version 7.0.0
[0.793s] -- Searching for dependencies of gz-sensors7-logical_camera
[0.794s] -- Searching for <gz-sensors7> component [magnetometer]
[0.795s] -- Looking for gz-sensors7-magnetometer -- found version 7.0.0
[0.795s] -- Searching for dependencies of gz-sensors7-magnetometer
[0.796s] -- Searching for <gz-sensors7> component [navsat]
[0.797s] -- Looking for gz-sensors7-navsat -- found version 7.0.0
[0.797s] -- Searching for dependencies of gz-sensors7-navsat
[0.798s] -- Searching for <gz-sensors7> component [rendering]
[0.799s] -- Looking for gz-sensors7-rendering -- found version 7.0.0
[0.799s] -- Searching for dependencies of gz-sensors7-rendering
[0.800s] -- Searching for <gz-sensors7> component [lidar]
[0.800s] -- Looking for gz-sensors7-lidar -- found version 7.0.0
[0.801s] -- Searching for dependencies of gz-sensors7-lidar
[0.802s] -- Searching for <gz-sensors7> component [gpu_lidar]
[0.802s] -- Looking for gz-sensors7-gpu_lidar -- found version 7.0.0
[0.803s] -- Searching for dependencies of gz-sensors7-gpu_lidar
[0.803s] -- Searching for <gz-sensors7> component [camera]
[0.804s] -- Looking for gz-sensors7-camera -- found version 7.0.0
[0.805s] -- Searching for dependencies of gz-sensors7-camera
[0.805s] -- Searching for <gz-sensors7> component [boundingbox_camera]
[0.806s] -- Looking for gz-sensors7-boundingbox_camera -- found version 7.0.0
[0.806s] -- Searching for dependencies of gz-sensors7-boundingbox_camera
[0.807s] -- Searching for <gz-sensors7> component [segmentation_camera]
[0.808s] -- Looking for gz-sensors7-segmentation_camera -- found version 7.0.0
[0.808s] -- Searching for dependencies of gz-sensors7-segmentation_camera
[0.809s] -- Searching for <gz-sensors7> component [depth_camera]
[0.809s] -- Looking for gz-sensors7-depth_camera -- found version 7.0.0
[0.810s] -- Searching for dependencies of gz-sensors7-depth_camera
[0.811s] -- Searching for <gz-sensors7> component [rgbd_camera]
[0.811s] -- Looking for gz-sensors7-rgbd_camera -- found version 7.0.0
[0.812s] -- Searching for dependencies of gz-sensors7-rgbd_camera
[0.813s] -- Searching for <gz-sensors7> component [thermal_camera]
[0.813s] -- Looking for gz-sensors7-thermal_camera -- found version 7.0.0
[0.814s] -- Searching for dependencies of gz-sensors7-thermal_camera
[0.815s] -- Searching for <gz-sensors7> component [wide_angle_camera]
[0.815s] -- Looking for gz-sensors7-wide_angle_camera -- found version 7.0.0
[0.816s] -- Searching for dependencies of gz-sensors7-wide_angle_camera
[0.817s] -- Looking for gz-rendering7 -- found version 7.1.0
[0.818s] -- Looking for gz-math7 -- found version 7.0.2
[0.818s] -- Looking for gz-utils2 -- found version 2.0.0
[0.840s] -- Searching for <gz-sim7> component [gui]
[0.841s] -- Looking for gz-sim7-gui -- found version 7.0.0
[0.842s] -- Searching for dependencies of gz-sim7-gui
[0.843s] -- Configuring done
[0.875s] -- Generating done
[0.878s] -- Build files have been written to: /home/toby/osu-uwrt/development/software/src/riptide_gazebo/Assets/Plugins/uwrt_gui/build/CompObjectsPlugin
[0.911s] [ 16%] [34m[1mAutomatic MOC for target CompObjectsPlugin[0m
[0.931s] [ 16%] Built target CompObjectsPlugin_autogen
[0.941s] [ 33%] [34m[1mGenerating qrc_CompObjectsPlugin.cpp[0m
[0.978s] [35m[1mConsolidate compiler generated dependencies of target CompObjectsPlugin[0m
[1.000s] [ 50%] [32mBuilding CXX object CMakeFiles/CompObjectsPlugin.dir/qrc_CompObjectsPlugin.cpp.o[0m
[1.602s] [ 66%] [32m[1mLinking CXX shared library libCompObjectsPlugin.so[0m
[1.802s] [100%] Built target CompObjectsPlugin
[1.812s] Invoked command in '/home/toby/osu-uwrt/development/software/src/riptide_gazebo/Assets/Plugins/uwrt_gui/build/CompObjectsPlugin' returned '0': /usr/bin/cmake --build /home/toby/osu-uwrt/development/software/src/riptide_gazebo/Assets/Plugins/uwrt_gui/build/CompObjectsPlugin -- -j12 -l12
[1.856s] Invoking command in '/home/toby/osu-uwrt/development/software/src/riptide_gazebo/Assets/Plugins/uwrt_gui/build/CompObjectsPlugin': /usr/bin/cmake --install /home/toby/osu-uwrt/development/software/src/riptide_gazebo/Assets/Plugins/uwrt_gui/build/CompObjectsPlugin
[1.865s] -- Install configuration: ""
[1.865s] -- Installing: /home/toby/osu-uwrt/development/software/src/riptide_gazebo/Assets/Plugins/uwrt_gui/install/CompObjectsPlugin/install/CompObjectsPlugin.qrc
[1.866s] -- Installing: /home/toby/osu-uwrt/development/software/src/riptide_gazebo/Assets/Plugins/uwrt_gui/install/CompObjectsPlugin/install/CompObjectsPlugin.qml
[1.868s] Invoked command in '/home/toby/osu-uwrt/development/software/src/riptide_gazebo/Assets/Plugins/uwrt_gui/build/CompObjectsPlugin' returned '0': /usr/bin/cmake --install /home/toby/osu-uwrt/development/software/src/riptide_gazebo/Assets/Plugins/uwrt_gui/build/CompObjectsPlugin
