[0.014s] Invoking command in '/home/hollis/osu-uwrt/riptide_software/src/riptide_gazebo/Assets/Plugins/build/uwrt_gz': CMAKE_PREFIX_PATH=${CMAKE_PREFIX_PATH}:/home/hollis/osu-uwrt/dependencies/install/microstrain_inertial_rqt:/home/hollis/osu-uwrt/dependencies/install/echo_video:/home/hollis/osu-uwrt/dependencies/install/camera_calibration:/home/hollis/osu-uwrt/riptide_software/install/riptide_teleop2:/home/hollis/osu-uwrt/riptide_software/install/riptide_rqt_plugins2:/home/hollis/osu-uwrt/riptide_software/install/riptide_hardware2:/home/hollis/osu-uwrt/riptide_software/install/riptide_controllers2:/home/hollis/osu-uwrt/riptide_software/install/riptide_mapping2:/home/hollis/osu-uwrt/riptide_software/install/riptide_localization2:/home/hollis/osu-uwrt/riptide_software/install/riptide_bringup2:/home/hollis/osu-uwrt/riptide_software/install/riptide_SNIB:/opt/ros/humble /usr/bin/cmake --build /home/hollis/osu-uwrt/riptide_software/src/riptide_gazebo/Assets/Plugins/build/uwrt_gz -- -j20 -l20
[0.041s] [35m[1mConsolidate compiler generated dependencies of target MoveEntity[0m
[0.055s] [ 50%] [32mBuilding CXX object CMakeFiles/MoveEntity.dir/src/MoveEntity.cc.o[0m
[2.124s] [01m[K/home/hollis/osu-uwrt/riptide_software/src/riptide_gazebo/Assets/Plugins/uwrt_gz/src/MoveEntity.cc:[m[K In member function ‘[01m[Kvirtual void move_entity::MoveEntity::Configure(const Entity&, const std::shared_ptr<const sdf::v13::Element>&, gz::sim::v7::EntityComponentManager&, gz::sim::v7::EventManager&)[m[K’:
[2.124s] [01m[K/home/hollis/osu-uwrt/riptide_software/src/riptide_gazebo/Assets/Plugins/uwrt_gz/src/MoveEntity.cc:75:41:[m[K [01;31m[Kerror: [m[Kinvalid use of non-static member function ‘[01m[Kvoid move_entity::MoveEntity::PoseSubCallback(const gz::msgs::StringMsg&)[m[K’
[2.125s]    75 |   if(!node.Subscribe(topic, [01;31m[KMoveEntity::PoseSubCallback[m[K)){
[2.125s]       |                             [01;31m[K~~~~~~~~~~~~^~~~~~~~~~~~~~~[m[K
[2.125s] [01m[K/home/hollis/osu-uwrt/riptide_software/src/riptide_gazebo/Assets/Plugins/uwrt_gz/src/MoveEntity.cc:59:6:[m[K [01;36m[Knote: [m[Kdeclared here
[2.125s]    59 | void [01;36m[KMoveEntity[m[K::PoseSubCallback(const gz::msgs::StringMsg &_msg){
[2.125s]       |      [01;36m[K^~~~~~~~~~[m[K
[2.125s] [01m[K/home/hollis/osu-uwrt/riptide_software/src/riptide_gazebo/Assets/Plugins/uwrt_gz/src/MoveEntity.cc:76:65:[m[K [01;31m[Kerror: [m[Kfound ‘[01m[K:[m[K’ in nested-name-specifier, expected ‘[01m[K::[m[K’
[2.125s]    76 |     std::cerr << "Error creating subscriber to " << topic << std[01;31m[K:[m[Kendl;
[2.125s]       |                                                                 [01;31m[K^[m[K
[2.126s]       |                                                                 [32m[K::[m[K
[2.126s] [01m[K/home/hollis/osu-uwrt/riptide_software/src/riptide_gazebo/Assets/Plugins/uwrt_gz/src/MoveEntity.cc:64:48:[m[K [01;35m[Kwarning: [m[Kunused parameter ‘[01m[K_sdf[m[K’ [[01;35m[K]8;;https://gcc.gnu.org/onlinedocs/gcc/Warning-Options.html#index-Wunused-parameter-Wunused-parameter]8;;[m[K]
[2.126s]    64 |     [01;35m[Kconst std::shared_ptr<const sdf::Element> &_sdf[m[K,
[2.126s]       |     [01;35m[K~~~~~~~~~~~~~~~~~~~~~~~~~~~~~~~~~~~~~~~~~~~^~~~[m[K
[2.126s] [01m[K/home/hollis/osu-uwrt/riptide_software/src/riptide_gazebo/Assets/Plugins/uwrt_gz/src/MoveEntity.cc:[m[K In member function ‘[01m[Kvirtual void move_entity::MoveEntity::PreUpdate(const gz::sim::v7::UpdateInfo&, gz::sim::v7::EntityComponentManager&)[m[K’:
[2.126s] [01m[K/home/hollis/osu-uwrt/riptide_software/src/riptide_gazebo/Assets/Plugins/uwrt_gz/src/MoveEntity.cc:80:55:[m[K [01;35m[Kwarning: [m[Kunused parameter ‘[01m[K_info[m[K’ [[01;35m[K]8;;https://gcc.gnu.org/onlinedocs/gcc/Warning-Options.html#index-Wunused-parameter-Wunused-parameter]8;;[m[K]
[2.126s]    80 | void MoveEntity::PreUpdate([01;35m[Kconst gz::sim::UpdateInfo &_info[m[K,
[2.126s]       |                            [01;35m[K~~~~~~~~~~~~~~~~~~~~~~~~~~~^~~~~[m[K
[2.553s] gmake[2]: *** [CMakeFiles/MoveEntity.dir/build.make:76: CMakeFiles/MoveEntity.dir/src/MoveEntity.cc.o] Error 1
[2.554s] gmake[1]: *** [CMakeFiles/Makefile2:137: CMakeFiles/MoveEntity.dir/all] Error 2
[2.554s] gmake: *** [Makefile:146: all] Error 2
[2.555s] Invoked command in '/home/hollis/osu-uwrt/riptide_software/src/riptide_gazebo/Assets/Plugins/build/uwrt_gz' returned '2': CMAKE_PREFIX_PATH=${CMAKE_PREFIX_PATH}:/home/hollis/osu-uwrt/dependencies/install/microstrain_inertial_rqt:/home/hollis/osu-uwrt/dependencies/install/echo_video:/home/hollis/osu-uwrt/dependencies/install/camera_calibration:/home/hollis/osu-uwrt/riptide_software/install/riptide_teleop2:/home/hollis/osu-uwrt/riptide_software/install/riptide_rqt_plugins2:/home/hollis/osu-uwrt/riptide_software/install/riptide_hardware2:/home/hollis/osu-uwrt/riptide_software/install/riptide_controllers2:/home/hollis/osu-uwrt/riptide_software/install/riptide_mapping2:/home/hollis/osu-uwrt/riptide_software/install/riptide_localization2:/home/hollis/osu-uwrt/riptide_software/install/riptide_bringup2:/home/hollis/osu-uwrt/riptide_software/install/riptide_SNIB:/opt/ros/humble /usr/bin/cmake --build /home/hollis/osu-uwrt/riptide_software/src/riptide_gazebo/Assets/Plugins/build/uwrt_gz -- -j20 -l20
