[0.017s] Invoking command in '/home/toby/osu-uwrt/development/software/src/riptide_gazebo/Assets/Plugins/uwrt_gui/build/CompObjectsPlugin': /usr/bin/cmake --build /home/toby/osu-uwrt/development/software/src/riptide_gazebo/Assets/Plugins/uwrt_gui/build/CompObjectsPlugin -- -j12 -l12
[0.040s] -- Looking for gz-sim7 -- found version 7.0.0
[0.044s] -- Searching for dependencies of gz-sim7
[0.045s] -- Looking for sdformat13 -- found version 13.2.0
[0.045s] -- Searching for dependencies of sdformat13
[0.049s] -- Checking for module 'tinyxml2'
[0.059s] --   Found tinyxml2, version 9.0.0
[0.083s] -- Looking for gz-math7 -- found version 7.0.2
[0.084s] -- Searching for dependencies of gz-math7
[0.084s] -- Looking for gz-utils2 -- found version 2.0.0
[0.085s] -- Searching for dependencies of gz-utils2
[0.086s] -- Looking for gz-utils2 -- found version 2.0.0
[0.087s] -- Searching for dependencies of gz-utils2
[0.087s] -- Searching for <gz-utils2> component [cli]
[0.087s] -- Looking for gz-utils2-cli -- found version 2.0.0
[0.088s] -- Searching for dependencies of gz-utils2-cli
[0.089s] -- Looking for gz-plugin2 -- found version 2.0.0
[0.090s] -- Searching for dependencies of gz-plugin2
[0.090s] -- Looking for gz-utils2 -- found version 2.0.0
[0.091s] -- Searching for <gz-plugin2> component [loader]
[0.091s] -- Looking for gz-plugin2-loader -- found version 2.0.0
[0.092s] -- Searching for dependencies of gz-plugin2-loader
[0.092s] -- Searching for <gz-plugin2> component [register]
[0.092s] -- Looking for gz-plugin2-register -- found version 2.0.0
[0.093s] -- Searching for dependencies of gz-plugin2-register
[0.094s] -- Looking for gz-transport12 -- found version 12.0.0
[0.094s] -- Searching for dependencies of gz-transport12
[0.129s] -- Config-file not installed for ZeroMQ -- checking for pkg-config
[0.132s] -- Checking for module 'libzmq >= 4'
[0.144s] --   Found libzmq , version 4.3.4
[0.179s] -- Checking for module 'uuid'
[0.190s] --   Found uuid, version 2.37.2
[0.219s] -- Looking for gz-utils2 -- found version 2.0.0
[0.219s] -- Looking for gz-msgs9 -- found version 9.0.0
[0.220s] -- Searching for dependencies of gz-msgs9
[0.242s] -- Looking for gz-math7 -- found version 7.0.2
[0.259s] -- Searching for <gz-transport12> component [log]
[0.260s] -- Looking for gz-transport12-log -- found version 12.0.0
[0.260s] -- Searching for dependencies of gz-transport12-log
[0.261s] -- Looking for gz-msgs9 -- found version 9.0.0
[0.262s] -- Looking for gz-common5 -- found version 5.2.2
[0.262s] -- Searching for dependencies of gz-common5
[0.263s] -- Looking for gz-utils2 -- found version 2.0.0
[0.263s] -- Looking for dlfcn.h - found
[0.263s] -- Looking for libdl - found
[0.271s] -- Searching for <gz-common5> component [profiler]
[0.271s] -- Looking for gz-common5-profiler -- found version 5.2.2
[0.272s] -- Searching for dependencies of gz-common5-profiler
[0.272s] -- Searching for <gz-common5> component [events]
[0.272s] -- Looking for gz-common5-events -- found version 5.2.2
[0.273s] -- Searching for dependencies of gz-common5-events
[0.273s] -- Looking for gz-math7 -- found version 7.0.2
[0.274s] -- Searching for <gz-common5> component [av]
[0.274s] -- Looking for gz-common5-av -- found version 5.2.2
[0.275s] -- Searching for dependencies of gz-common5-av
[0.279s] -- Checking for module 'libswscale'
[0.290s] --   Found libswscale, version 5.9.100
[0.321s] -- Checking for module 'libavdevice >= 56.4.100'
[0.335s] --   Found libavdevice , version 58.13.100
[0.377s] -- Checking for module 'libavformat'
[0.391s] --   Found libavformat, version 58.76.100
[0.430s] -- Checking for module 'libavcodec'
[0.444s] --   Found libavcodec, version 58.134.100
[0.483s] -- Checking for module 'libavutil'
[0.497s] --   Found libavutil, version 56.70.100
[0.529s] -- Looking for gz-fuel_tools8 -- found version 8.0.0
[0.530s] -- Searching for dependencies of gz-fuel_tools8
[0.567s] -- Checking for module 'jsoncpp'
[0.580s] --   Found jsoncpp, version 1.9.5
[0.616s] -- Checking for module 'libzip'
[0.629s] --   Found libzip, version 1.7.3
[0.660s] -- Looking for gz-utils2 -- found version 2.0.0
[0.660s] -- Looking for gz-common5 -- found version 5.2.2
[0.660s] -- Looking for gz-math7 -- found version 7.0.2
[0.661s] -- Looking for gz-msgs9 -- found version 9.0.0
[0.662s] -- Looking for gz-gui7 -- found version 7.0.0
[0.662s] -- Searching for dependencies of gz-gui7
[0.690s] -- Looking for gz-utils2 -- found version 2.0.0
[0.690s] -- Looking for gz-math7 -- found version 7.0.2
[0.691s] -- Looking for gz-common5 -- found version 5.2.2
[0.691s] -- Looking for gz-plugin2 -- found version 2.0.0
[0.692s] -- Looking for gz-transport12 -- found version 12.0.0
[0.692s] -- Looking for gz-rendering7 -- found version 7.1.0
[0.693s] -- Searching for dependencies of gz-rendering7
[0.694s] -- Looking for gz-math7 -- found version 7.0.2
[0.694s] -- Searching for dependencies of gz-math7
[0.695s] -- Looking for gz-utils2 -- found version 2.0.0
[0.695s] -- Searching for <gz-math7> component [eigen3]
[0.695s] -- Looking for gz-math7-eigen3 -- found version 7.0.2
[0.696s] -- Searching for dependencies of gz-math7-eigen3
[0.698s] -- Looking for gz-common5 -- found version 5.2.2
[0.698s] -- Searching for dependencies of gz-common5
[0.698s] -- Looking for gz-utils2 -- found version 2.0.0
[0.699s] -- Looking for dlfcn.h - found
[0.699s] -- Looking for libdl - found
[0.707s] -- Searching for <gz-common5> component [graphics]
[0.707s] -- Looking for gz-common5-graphics -- found version 5.2.2
[0.708s] -- Searching for dependencies of gz-common5-graphics
[0.708s] -- Looking for gz-math7 -- found version 7.0.2
[0.711s] -- Searching for <gz-common5> component [events]
[0.711s] -- Searching for <gz-common5> component [geospatial]
[0.712s] -- Looking for gz-common5-geospatial -- found version 5.2.2
[0.712s] -- Searching for dependencies of gz-common5-geospatial
[0.713s] -- Looking for gz-math7 -- found version 7.0.2
[0.714s] -- Looking for gz-common5 -- found version 5.2.2
[0.714s] -- Looking for gz-plugin2 -- found version 2.0.0
[0.715s] -- Searching for dependencies of gz-plugin2
[0.715s] -- Looking for gz-utils2 -- found version 2.0.0
[0.716s] -- Searching for <gz-plugin2> component [all]
[0.716s] -- Looking for all libraries of gz-plugin2 -- found version 2.0.0
[0.717s] -- Looking for gz-plugin2 -- found version 2.0.0
[0.718s] -- Looking for gz-utils2 -- found version 2.0.0
[0.719s] -- Looking for gz-msgs9 -- found version 9.0.0
[0.732s] -- Looking for gz-physics6 -- found version 6.1.0
[0.733s] -- Searching for dependencies of gz-physics6
[0.733s] -- Looking for gz-math7 -- found version 7.0.2
[0.734s] -- Looking for gz-plugin2 -- found version 2.0.0
[0.734s] -- Looking for gz-utils2 -- found version 2.0.0
[0.735s] -- Searching for <gz-physics6> component [heightmap]
[0.735s] -- Looking for gz-physics6-heightmap -- found version 6.1.0
[0.736s] -- Searching for dependencies of gz-physics6-heightmap
[0.736s] -- Looking for gz-common5 -- found version 5.2.2
[0.737s] -- Searching for <gz-physics6> component [mesh]
[0.737s] -- Looking for gz-physics6-mesh -- found version 6.1.0
[0.738s] -- Searching for dependencies of gz-physics6-mesh
[0.738s] -- Looking for gz-common5 -- found version 5.2.2
[0.738s] -- Searching for <gz-physics6> component [sdf]
[0.739s] -- Looking for gz-physics6-sdf -- found version 6.1.0
[0.739s] -- Searching for dependencies of gz-physics6-sdf
[0.739s] -- Looking for sdformat13 -- found version 13.2.0
[0.740s] -- Looking for gz-sensors7 -- found version 7.0.0
[0.741s] -- Searching for dependencies of gz-sensors7
[0.761s] -- Looking for gz-math7 -- found version 7.0.2
[0.761s] -- Looking for gz-common5 -- found version 5.2.2
[0.762s] -- Looking for gz-transport12 -- found version 12.0.0
[0.762s] -- Looking for gz-rendering7 -- found version 7.1.0
[0.763s] -- Looking for gz-msgs9 -- found version 9.0.0
[0.763s] -- Looking for sdformat13 -- found version 13.2.0
[0.764s] -- Searching for <gz-sensors7> component [air_pressure]
[0.764s] -- Looking for gz-sensors7-air_pressure -- found version 7.0.0
[0.765s] -- Searching for dependencies of gz-sensors7-air_pressure
[0.765s] -- Searching for <gz-sensors7> component [altimeter]
[0.766s] -- Looking for gz-sensors7-altimeter -- found version 7.0.0
[0.766s] -- Searching for dependencies of gz-sensors7-altimeter
[0.767s] -- Searching for <gz-sensors7> component [imu]
[0.767s] -- Looking for gz-sensors7-imu -- found version 7.0.0
[0.768s] -- Searching for dependencies of gz-sensors7-imu
[0.768s] -- Searching for <gz-sensors7> component [force_torque]
[0.768s] -- Looking for gz-sensors7-force_torque -- found version 7.0.0
[0.769s] -- Searching for dependencies of gz-sensors7-force_torque
[0.769s] -- Searching for <gz-sensors7> component [logical_camera]
[0.770s] -- Looking for gz-sensors7-logical_camera -- found version 7.0.0
[0.771s] -- Searching for dependencies of gz-sensors7-logical_camera
[0.771s] -- Searching for <gz-sensors7> component [magnetometer]
[0.772s] -- Looking for gz-sensors7-magnetometer -- found version 7.0.0
[0.772s] -- Searching for dependencies of gz-sensors7-magnetometer
[0.772s] -- Searching for <gz-sensors7> component [navsat]
[0.773s] -- Looking for gz-sensors7-navsat -- found version 7.0.0
[0.773s] -- Searching for dependencies of gz-sensors7-navsat
[0.774s] -- Searching for <gz-sensors7> component [rendering]
[0.774s] -- Looking for gz-sensors7-rendering -- found version 7.0.0
[0.775s] -- Searching for dependencies of gz-sensors7-rendering
[0.775s] -- Searching for <gz-sensors7> component [lidar]
[0.776s] -- Looking for gz-sensors7-lidar -- found version 7.0.0
[0.776s] -- Searching for dependencies of gz-sensors7-lidar
[0.777s] -- Searching for <gz-sensors7> component [gpu_lidar]
[0.777s] -- Looking for gz-sensors7-gpu_lidar -- found version 7.0.0
[0.778s] -- Searching for dependencies of gz-sensors7-gpu_lidar
[0.778s] -- Searching for <gz-sensors7> component [camera]
[0.779s] -- Looking for gz-sensors7-camera -- found version 7.0.0
[0.779s] -- Searching for dependencies of gz-sensors7-camera
[0.780s] -- Searching for <gz-sensors7> component [boundingbox_camera]
[0.780s] -- Looking for gz-sensors7-boundingbox_camera -- found version 7.0.0
[0.780s] -- Searching for dependencies of gz-sensors7-boundingbox_camera
[0.781s] -- Searching for <gz-sensors7> component [segmentation_camera]
[0.781s] -- Looking for gz-sensors7-segmentation_camera -- found version 7.0.0
[0.782s] -- Searching for dependencies of gz-sensors7-segmentation_camera
[0.782s] -- Searching for <gz-sensors7> component [depth_camera]
[0.783s] -- Looking for gz-sensors7-depth_camera -- found version 7.0.0
[0.783s] -- Searching for dependencies of gz-sensors7-depth_camera
[0.784s] -- Searching for <gz-sensors7> component [rgbd_camera]
[0.784s] -- Looking for gz-sensors7-rgbd_camera -- found version 7.0.0
[0.785s] -- Searching for dependencies of gz-sensors7-rgbd_camera
[0.785s] -- Searching for <gz-sensors7> component [thermal_camera]
[0.786s] -- Looking for gz-sensors7-thermal_camera -- found version 7.0.0
[0.786s] -- Searching for dependencies of gz-sensors7-thermal_camera
[0.787s] -- Searching for <gz-sensors7> component [wide_angle_camera]
[0.787s] -- Looking for gz-sensors7-wide_angle_camera -- found version 7.0.0
[0.787s] -- Searching for dependencies of gz-sensors7-wide_angle_camera
[0.788s] -- Looking for gz-rendering7 -- found version 7.1.0
[0.789s] -- Looking for gz-math7 -- found version 7.0.2
[0.789s] -- Looking for gz-utils2 -- found version 2.0.0
[0.809s] -- Searching for <gz-sim7> component [gui]
[0.809s] -- Looking for gz-sim7-gui -- found version 7.0.0
[0.810s] -- Searching for dependencies of gz-sim7-gui
[0.811s] -- Configuring done
[0.854s] -- Generating done
[0.857s] -- Build files have been written to: /home/toby/osu-uwrt/development/software/src/riptide_gazebo/Assets/Plugins/uwrt_gui/build/CompObjectsPlugin
[0.893s] [ 16%] [34m[1mAutomatic MOC for target CompObjectsPlugin[0m
[0.910s] [ 16%] Built target CompObjectsPlugin_autogen
[0.912s] gmake[2]: *** No rule to make target '../../meshes/bootlegger/bootlegger.png', needed by 'qrc_CompObjectsPlugin.cpp'.  Stop.
[0.912s] gmake[1]: *** [CMakeFiles/Makefile2:83: CMakeFiles/CompObjectsPlugin.dir/all] Error 2
[0.913s] gmake: *** [Makefile:136: all] Error 2
[0.915s] Invoked command in '/home/toby/osu-uwrt/development/software/src/riptide_gazebo/Assets/Plugins/uwrt_gui/build/CompObjectsPlugin' returned '2': /usr/bin/cmake --build /home/toby/osu-uwrt/development/software/src/riptide_gazebo/Assets/Plugins/uwrt_gui/build/CompObjectsPlugin -- -j12 -l12
