[0.014s] Invoking command in '/home/hollis/osu-uwrt/riptide_software/src/riptide_gazebo/Assets/Plugins/build/uwrt_ros_gz': CMAKE_PREFIX_PATH=${CMAKE_PREFIX_PATH}:/home/hollis/osu-uwrt/dependencies/install/microstrain_inertial_rqt:/home/hollis/osu-uwrt/dependencies/install/echo_video:/home/hollis/osu-uwrt/dependencies/install/camera_calibration:/home/hollis/osu-uwrt/riptide_software/install/riptide_teleop2:/home/hollis/osu-uwrt/riptide_software/install/riptide_rqt_plugins2:/home/hollis/osu-uwrt/riptide_software/install/riptide_hardware2:/home/hollis/osu-uwrt/riptide_software/install/riptide_controllers2:/home/hollis/osu-uwrt/riptide_software/install/riptide_mapping2:/home/hollis/osu-uwrt/riptide_software/install/riptide_localization2:/home/hollis/osu-uwrt/riptide_software/install/riptide_bringup2:/home/hollis/osu-uwrt/riptide_software/install/riptide_SNIB:/opt/ros/humble /usr/bin/cmake --build /home/hollis/osu-uwrt/riptide_software/src/riptide_gazebo/Assets/Plugins/build/uwrt_ros_gz -- -j20 -l20
[0.029s] -- Found ament_cmake: 1.3.2 (/opt/ros/humble/share/ament_cmake/cmake)
[0.123s] -- Found rclcpp: 16.0.1 (/opt/ros/humble/share/rclcpp/cmake)
[0.140s] -- Found rosidl_generator_c: 3.1.3 (/opt/ros/humble/share/rosidl_generator_c/cmake)
[0.141s] -- Found rosidl_adapter: 3.1.3 (/opt/ros/humble/share/rosidl_adapter/cmake)
[0.144s] -- Found rosidl_generator_cpp: 3.1.3 (/opt/ros/humble/share/rosidl_generator_cpp/cmake)
[0.151s] -- Using all available rosidl_typesupport_c: rosidl_typesupport_fastrtps_c;rosidl_typesupport_introspection_c
[0.159s] -- Using all available rosidl_typesupport_cpp: rosidl_typesupport_fastrtps_cpp;rosidl_typesupport_introspection_cpp
[0.191s] -- Found rmw_implementation_cmake: 6.1.0 (/opt/ros/humble/share/rmw_implementation_cmake/cmake)
[0.192s] -- Found rmw_fastrtps_cpp: 6.2.1 (/opt/ros/humble/share/rmw_fastrtps_cpp/cmake)
[0.264s] -- Using RMW implementation 'rmw_fastrtps_cpp' as default
[0.342s] -- Looking for gz-sim7 -- found version 7.0.0
[0.345s] -- Searching for dependencies of gz-sim7
[0.345s] -- Looking for sdformat13 -- found version 13.0.1
[0.345s] -- Searching for dependencies of sdformat13
[0.348s] -- Checking for module 'tinyxml2'
[0.355s] --   Found tinyxml2, version 9.0.0
[0.370s] -- Looking for gz-math7 -- found version 7.0.2
[0.370s] -- Searching for dependencies of gz-math7
[0.370s] -- Looking for gz-utils2 -- found version 2.0.0
[0.371s] -- Searching for dependencies of gz-utils2
[0.371s] -- Looking for gz-utils2 -- found version 2.0.0
[0.371s] -- Searching for dependencies of gz-utils2
[0.372s] -- Searching for <gz-utils2> component [cli]
[0.372s] -- Looking for gz-utils2-cli -- found version 2.0.0
[0.372s] -- Searching for dependencies of gz-utils2-cli
[0.372s] -- Looking for gz-plugin2 -- found version 2.0.0
[0.372s] -- Searching for dependencies of gz-plugin2
[0.373s] -- Looking for gz-utils2 -- found version 2.0.0
[0.373s] -- Searching for <gz-plugin2> component [loader]
[0.373s] -- Looking for gz-plugin2-loader -- found version 2.0.0
[0.373s] -- Searching for dependencies of gz-plugin2-loader
[0.373s] -- Searching for <gz-plugin2> component [register]
[0.374s] -- Looking for gz-plugin2-register -- found version 2.0.0
[0.374s] -- Searching for dependencies of gz-plugin2-register
[0.374s] -- Looking for gz-transport12 -- found version 12.0.0
[0.374s] -- Searching for dependencies of gz-transport12
[0.393s] -- Config-file not installed for ZeroMQ -- checking for pkg-config
[0.395s] -- Checking for module 'libzmq >= 4'
[0.402s] --   Found libzmq , version 4.3.4
[0.422s] -- Checking for module 'uuid'
[0.429s] --   Found uuid, version 2.37.2
[0.445s] -- Looking for gz-utils2 -- found version 2.0.0
[0.445s] -- Looking for gz-msgs9 -- found version 9.0.0
[0.445s] -- Searching for dependencies of gz-msgs9
[0.456s] -- Looking for gz-math7 -- found version 7.0.2
[0.461s] -- Searching for <gz-transport12> component [log]
[0.461s] -- Looking for gz-transport12-log -- found version 12.0.0
[0.461s] -- Searching for dependencies of gz-transport12-log
[0.462s] -- Looking for gz-msgs9 -- found version 9.0.0
[0.462s] -- Looking for gz-common5 -- found version 5.0.0
[0.462s] -- Searching for dependencies of gz-common5
[0.463s] -- Looking for gz-utils2 -- found version 2.0.0
[0.463s] -- Looking for dlfcn.h - found
[0.463s] -- Looking for libdl - found
[0.468s] -- Searching for <gz-common5> component [profiler]
[0.469s] -- Looking for gz-common5-profiler -- found version 5.0.0
[0.469s] -- Searching for dependencies of gz-common5-profiler
[0.469s] -- Searching for <gz-common5> component [events]
[0.469s] -- Looking for gz-common5-events -- found version 5.0.0
[0.469s] -- Searching for dependencies of gz-common5-events
[0.469s] -- Looking for gz-math7 -- found version 7.0.2
[0.470s] -- Searching for <gz-common5> component [av]
[0.470s] -- Looking for gz-common5-av -- found version 5.0.0
[0.470s] -- Searching for dependencies of gz-common5-av
[0.473s] -- Checking for module 'libswscale'
[0.480s] --   Found libswscale, version 5.9.100
[0.498s] -- Checking for module 'libavdevice >= 56.4.100'
[0.506s] --   Found libavdevice , version 58.13.100
[0.525s] -- Checking for module 'libavformat'
[0.531s] --   Found libavformat, version 58.76.100
[0.552s] -- Checking for module 'libavcodec'
[0.560s] --   Found libavcodec, version 58.134.100
[0.589s] -- Checking for module 'libavutil'
[0.597s] --   Found libavutil, version 56.70.100
[0.615s] -- Looking for gz-fuel_tools8 -- found version 8.0.0
[0.615s] -- Searching for dependencies of gz-fuel_tools8
[0.639s] -- Checking for module 'jsoncpp'
[0.646s] --   Found jsoncpp, version 1.9.5
[0.665s] -- Checking for module 'libzip'
[0.672s] --   Found libzip, version 1.7.3
[0.687s] -- Looking for gz-utils2 -- found version 2.0.0
[0.688s] -- Looking for gz-common5 -- found version 5.0.0
[0.688s] -- Looking for gz-math7 -- found version 7.0.2
[0.688s] -- Looking for gz-msgs9 -- found version 9.0.0
[0.689s] -- Looking for gz-gui7 -- found version 7.0.0
[0.689s] -- Searching for dependencies of gz-gui7
[0.706s] -- Looking for gz-utils2 -- found version 2.0.0
[0.707s] -- Looking for gz-math7 -- found version 7.0.2
[0.707s] -- Looking for gz-common5 -- found version 5.0.0
[0.707s] -- Looking for gz-plugin2 -- found version 2.0.0
[0.707s] -- Looking for gz-transport12 -- found version 12.0.0
[0.707s] -- Looking for gz-rendering7 -- found version 7.0.0
[0.708s] -- Searching for dependencies of gz-rendering7
[0.708s] -- Looking for gz-math7 -- found version 7.0.2
[0.708s] -- Searching for dependencies of gz-math7
[0.708s] -- Looking for gz-utils2 -- found version 2.0.0
[0.708s] -- Searching for <gz-math7> component [eigen3]
[0.708s] -- Looking for gz-math7-eigen3 -- found version 7.0.2
[0.709s] -- Searching for dependencies of gz-math7-eigen3
[0.710s] -- Looking for gz-common5 -- found version 5.0.0
[0.710s] -- Searching for dependencies of gz-common5
[0.710s] -- Looking for gz-utils2 -- found version 2.0.0
[0.710s] -- Looking for dlfcn.h - found
[0.710s] -- Looking for libdl - found
[0.716s] -- Searching for <gz-common5> component [graphics]
[0.716s] -- Looking for gz-common5-graphics -- found version 5.0.0
[0.716s] -- Searching for dependencies of gz-common5-graphics
[0.717s] -- Looking for gz-math7 -- found version 7.0.2
[0.718s] -- Searching for <gz-common5> component [events]
[0.718s] -- Searching for <gz-common5> component [geospatial]
[0.719s] -- Looking for gz-common5-geospatial -- found version 5.0.0
[0.719s] -- Searching for dependencies of gz-common5-geospatial
[0.719s] -- Looking for gz-math7 -- found version 7.0.2
[0.719s] -- Looking for gz-common5 -- found version 5.0.0
[0.720s] -- Looking for gz-plugin2 -- found version 2.0.0
[0.720s] -- Searching for dependencies of gz-plugin2
[0.720s] -- Looking for gz-utils2 -- found version 2.0.0
[0.720s] -- Searching for <gz-plugin2> component [all]
[0.720s] -- Looking for all libraries of gz-plugin2 -- found version 2.0.0
[0.721s] -- Looking for gz-plugin2 -- found version 2.0.0
[0.722s] -- Looking for gz-utils2 -- found version 2.0.0
[0.722s] -- Looking for gz-msgs9 -- found version 9.0.0
[0.731s] -- Looking for gz-physics6 -- found version 6.0.0
[0.731s] -- Searching for dependencies of gz-physics6
[0.731s] -- Looking for gz-math7 -- found version 7.0.2
[0.732s] -- Looking for gz-plugin2 -- found version 2.0.0
[0.732s] -- Looking for gz-utils2 -- found version 2.0.0
[0.733s] -- Searching for <gz-physics6> component [heightmap]
[0.733s] -- Looking for gz-physics6-heightmap -- found version 6.0.0
[0.733s] -- Searching for dependencies of gz-physics6-heightmap
[0.733s] -- Looking for gz-common5 -- found version 5.0.0
[0.734s] -- Searching for <gz-physics6> component [mesh]
[0.734s] -- Looking for gz-physics6-mesh -- found version 6.0.0
[0.735s] -- Searching for dependencies of gz-physics6-mesh
[0.735s] -- Looking for gz-common5 -- found version 5.0.0
[0.735s] -- Searching for <gz-physics6> component [sdf]
[0.735s] -- Looking for gz-physics6-sdf -- found version 6.0.0
[0.735s] -- Searching for dependencies of gz-physics6-sdf
[0.736s] -- Looking for sdformat13 -- found version 13.0.1
[0.736s] -- Looking for gz-sensors7 -- found version 7.0.0
[0.736s] -- Searching for dependencies of gz-sensors7
[0.749s] -- Looking for gz-math7 -- found version 7.0.2
[0.749s] -- Looking for gz-common5 -- found version 5.0.0
[0.749s] -- Looking for gz-transport12 -- found version 12.0.0
[0.749s] -- Looking for gz-rendering7 -- found version 7.0.0
[0.749s] -- Looking for gz-msgs9 -- found version 9.0.0
[0.750s] -- Looking for sdformat13 -- found version 13.0.1
[0.750s] -- Searching for <gz-sensors7> component [air_pressure]
[0.750s] -- Looking for gz-sensors7-air_pressure -- found version 7.0.0
[0.750s] -- Searching for dependencies of gz-sensors7-air_pressure
[0.751s] -- Searching for <gz-sensors7> component [altimeter]
[0.751s] -- Looking for gz-sensors7-altimeter -- found version 7.0.0
[0.751s] -- Searching for dependencies of gz-sensors7-altimeter
[0.751s] -- Searching for <gz-sensors7> component [imu]
[0.752s] -- Looking for gz-sensors7-imu -- found version 7.0.0
[0.752s] -- Searching for dependencies of gz-sensors7-imu
[0.752s] -- Searching for <gz-sensors7> component [force_torque]
[0.752s] -- Looking for gz-sensors7-force_torque -- found version 7.0.0
[0.753s] -- Searching for dependencies of gz-sensors7-force_torque
[0.753s] -- Searching for <gz-sensors7> component [logical_camera]
[0.753s] -- Looking for gz-sensors7-logical_camera -- found version 7.0.0
[0.753s] -- Searching for dependencies of gz-sensors7-logical_camera
[0.754s] -- Searching for <gz-sensors7> component [magnetometer]
[0.754s] -- Looking for gz-sensors7-magnetometer -- found version 7.0.0
[0.754s] -- Searching for dependencies of gz-sensors7-magnetometer
[0.755s] -- Searching for <gz-sensors7> component [navsat]
[0.755s] -- Looking for gz-sensors7-navsat -- found version 7.0.0
[0.755s] -- Searching for dependencies of gz-sensors7-navsat
[0.755s] -- Searching for <gz-sensors7> component [rendering]
[0.756s] -- Looking for gz-sensors7-rendering -- found version 7.0.0
[0.756s] -- Searching for dependencies of gz-sensors7-rendering
[0.756s] -- Searching for <gz-sensors7> component [lidar]
[0.757s] -- Looking for gz-sensors7-lidar -- found version 7.0.0
[0.757s] -- Searching for dependencies of gz-sensors7-lidar
[0.757s] -- Searching for <gz-sensors7> component [gpu_lidar]
[0.758s] -- Looking for gz-sensors7-gpu_lidar -- found version 7.0.0
[0.758s] -- Searching for dependencies of gz-sensors7-gpu_lidar
[0.758s] -- Searching for <gz-sensors7> component [camera]
[0.759s] -- Looking for gz-sensors7-camera -- found version 7.0.0
[0.759s] -- Searching for dependencies of gz-sensors7-camera
[0.759s] -- Searching for <gz-sensors7> component [boundingbox_camera]
[0.759s] -- Looking for gz-sensors7-boundingbox_camera -- found version 7.0.0
[0.760s] -- Searching for dependencies of gz-sensors7-boundingbox_camera
[0.760s] -- Searching for <gz-sensors7> component [segmentation_camera]
[0.760s] -- Looking for gz-sensors7-segmentation_camera -- found version 7.0.0
[0.760s] -- Searching for dependencies of gz-sensors7-segmentation_camera
[0.761s] -- Searching for <gz-sensors7> component [depth_camera]
[0.761s] -- Looking for gz-sensors7-depth_camera -- found version 7.0.0
[0.761s] -- Searching for dependencies of gz-sensors7-depth_camera
[0.762s] -- Searching for <gz-sensors7> component [rgbd_camera]
[0.762s] -- Looking for gz-sensors7-rgbd_camera -- found version 7.0.0
[0.762s] -- Searching for dependencies of gz-sensors7-rgbd_camera
[0.762s] -- Searching for <gz-sensors7> component [thermal_camera]
[0.763s] -- Looking for gz-sensors7-thermal_camera -- found version 7.0.0
[0.763s] -- Searching for dependencies of gz-sensors7-thermal_camera
[0.763s] -- Searching for <gz-sensors7> component [wide_angle_camera]
[0.764s] -- Looking for gz-sensors7-wide_angle_camera -- found version 7.0.0
[0.764s] -- Searching for dependencies of gz-sensors7-wide_angle_camera
[0.765s] -- Looking for gz-rendering7 -- found version 7.0.0
[0.765s] -- Looking for gz-math7 -- found version 7.0.2
[0.765s] -- Looking for gz-utils2 -- found version 2.0.0
[0.818s] -- Configuring done
[0.825s] -- Generating done
[0.827s] -- Build files have been written to: /home/hollis/osu-uwrt/riptide_software/src/riptide_gazebo/Assets/Plugins/build/uwrt_ros_gz
[0.844s] [35m[1mConsolidate compiler generated dependencies of target uwrt_ros_gz_bridge[0m
[0.853s] [ 50%] [32mBuilding CXX object CMakeFiles/uwrt_ros_gz_bridge.dir/src/bridge.cpp.o[0m
[3.032s] [01m[K/home/hollis/osu-uwrt/riptide_software/src/riptide_gazebo/Assets/Plugins/uwrt_ros_gz/src/bridge.cpp:14:9:[m[K [01;31m[Kerror: [m[K‘[01m[KgzPubTopic[m[K’ does not name a type
[3.032s]    14 |         [01;31m[KgzPubTopic[m[K = "/bridge/test"
[3.032s]       |         [01;31m[K^~~~~~~~~~[m[K
[3.331s] In file included from [01m[K/usr/include/x86_64-linux-gnu/c++/11/bits/c++allocator.h:33[m[K,
[3.331s]                  from [01m[K/usr/include/c++/11/bits/allocator.h:46[m[K,
[3.331s]                  from [01m[K/usr/include/c++/11/string:41[m[K,
[3.331s]                  from [01m[K/home/hollis/osu-uwrt/riptide_software/src/riptide_gazebo/Assets/Plugins/uwrt_ros_gz/src/bridge.cpp:1[m[K:
[3.331s] /usr/include/c++/11/ext/new_allocator.h: In instantiation of ‘[01m[Kvoid __gnu_cxx::new_allocator<_Tp>::construct(_Up*, _Args&& ...) [with _Up = uwrt_ros_gz::BridgeNode; _Args = {}; _Tp = uwrt_ros_gz::BridgeNode][m[K’:
[3.331s] [01m[K/usr/include/c++/11/bits/alloc_traits.h:516:17:[m[K   required from ‘[01m[Kstatic void std::allocator_traits<std::allocator<_CharT> >::construct(std::allocator_traits<std::allocator<_CharT> >::allocator_type&, _Up*, _Args&& ...) [with _Up = uwrt_ros_gz::BridgeNode; _Args = {}; _Tp = uwrt_ros_gz::BridgeNode; std::allocator_traits<std::allocator<_CharT> >::allocator_type = std::allocator<uwrt_ros_gz::BridgeNode>][m[K’
[3.331s] [01m[K/usr/include/c++/11/bits/shared_ptr_base.h:519:39:[m[K   required from ‘[01m[Kstd::_Sp_counted_ptr_inplace<_Tp, _Alloc, _Lp>::_Sp_counted_ptr_inplace(_Alloc, _Args&& ...) [with _Args = {}; _Tp = uwrt_ros_gz::BridgeNode; _Alloc = std::allocator<uwrt_ros_gz::BridgeNode>; __gnu_cxx::_Lock_policy _Lp = __gnu_cxx::_S_atomic][m[K’
[3.331s] [01m[K/usr/include/c++/11/bits/shared_ptr_base.h:650:16:[m[K   required from ‘[01m[Kstd::__shared_count<_Lp>::__shared_count(_Tp*&, std::_Sp_alloc_shared_tag<_Alloc>, _Args&& ...) [with _Tp = uwrt_ros_gz::BridgeNode; _Alloc = std::allocator<uwrt_ros_gz::BridgeNode>; _Args = {}; __gnu_cxx::_Lock_policy _Lp = __gnu_cxx::_S_atomic][m[K’
[3.331s] [01m[K/usr/include/c++/11/bits/shared_ptr_base.h:1342:14:[m[K   required from ‘[01m[Kstd::__shared_ptr<_Tp, _Lp>::__shared_ptr(std::_Sp_alloc_shared_tag<_Tp>, _Args&& ...) [with _Alloc = std::allocator<uwrt_ros_gz::BridgeNode>; _Args = {}; _Tp = uwrt_ros_gz::BridgeNode; __gnu_cxx::_Lock_policy _Lp = __gnu_cxx::_S_atomic][m[K’
[3.331s] [01m[K/usr/include/c++/11/bits/shared_ptr.h:409:59:[m[K   required from ‘[01m[Kstd::shared_ptr<_Tp>::shared_ptr(std::_Sp_alloc_shared_tag<_Tp>, _Args&& ...) [with _Alloc = std::allocator<uwrt_ros_gz::BridgeNode>; _Args = {}; _Tp = uwrt_ros_gz::BridgeNode][m[K’
[3.331s] [01m[K/usr/include/c++/11/bits/shared_ptr.h:862:14:[m[K   required from ‘[01m[Kstd::shared_ptr<_Tp> std::allocate_shared(const _Alloc&, _Args&& ...) [with _Tp = uwrt_ros_gz::BridgeNode; _Alloc = std::allocator<uwrt_ros_gz::BridgeNode>; _Args = {}][m[K’
[3.331s] [01m[K/usr/include/c++/11/bits/shared_ptr.h:878:39:[m[K   required from ‘[01m[Kstd::shared_ptr<_Tp> std::make_shared(_Args&& ...) [with _Tp = uwrt_ros_gz::BridgeNode; _Args = {}][m[K’
[3.331s] [01m[K/home/hollis/osu-uwrt/riptide_software/src/riptide_gazebo/Assets/Plugins/uwrt_ros_gz/src/bridge.cpp:34:59:[m[K   required from here
[3.331s] [01m[K/usr/include/c++/11/ext/new_allocator.h:162:11:[m[K [01;31m[Kerror: [m[Kuse of deleted function ‘[01m[Kuwrt_ros_gz::BridgeNode::BridgeNode()[m[K’
[3.331s]   162 |         { [01;31m[K::new((void *)__p) _Up(std::forward<_Args>(__args)...)[m[K; }
[3.331s]       |           [01;31m[K^~~~~~~~~~~~~~~~~~~~~~~~~~~~~~~~~~~~~~~~~~~~~~~~~~~~~~[m[K
[3.331s] [01m[K/home/hollis/osu-uwrt/riptide_software/src/riptide_gazebo/Assets/Plugins/uwrt_ros_gz/src/bridge.cpp:12:11:[m[K [01;36m[Knote: [m[K‘[01m[Kuwrt_ros_gz::BridgeNode::BridgeNode()[m[K’ is implicitly deleted because the default definition would be ill-formed:
[3.331s]    12 |     class [01;36m[KBridgeNode[m[K : public rclcpp::Node{
[3.331s]       |           [01;36m[K^~~~~~~~~~[m[K
[3.331s] [01m[K/home/hollis/osu-uwrt/riptide_software/src/riptide_gazebo/Assets/Plugins/uwrt_ros_gz/src/bridge.cpp:12:11:[m[K [01;31m[Kerror: [m[Kno matching function for call to ‘[01m[Krclcpp::Node::Node()[m[K’
[3.331s] In file included from [01m[K/opt/ros/humble/include/rclcpp/rclcpp/executors/single_threaded_executor.hpp:28[m[K,
[3.331s]                  from [01m[K/opt/ros/humble/include/rclcpp/rclcpp/executors.hpp:22[m[K,
[3.331s]                  from [01m[K/opt/ros/humble/include/rclcpp/rclcpp/rclcpp.hpp:155[m[K,
[3.331s]                  from [01m[K/home/hollis/osu-uwrt/riptide_software/src/riptide_gazebo/Assets/Plugins/uwrt_ros_gz/src/bridge.cpp:3[m[K:
[3.331s] [01m[K/opt/ros/humble/include/rclcpp/rclcpp/node.hpp:1294:3:[m[K [01;36m[Knote: [m[Kcandidate: ‘[01m[Krclcpp::Node::Node(const rclcpp::Node&, const string&)[m[K’
[3.331s]  1294 |   [01;36m[KNode[m[K(
[3.331s]       |   [01;36m[K^~~~[m[K
[3.332s] [01m[K/opt/ros/humble/include/rclcpp/rclcpp/node.hpp:1294:3:[m[K [01;36m[Knote: [m[K  candidate expects 2 arguments, 0 provided
[3.332s] [01m[K/opt/ros/humble/include/rclcpp/rclcpp/node.hpp:101:12:[m[K [01;36m[Knote: [m[Kcandidate: ‘[01m[Krclcpp::Node::Node(const string&, const string&, const rclcpp::NodeOptions&)[m[K’
[3.332s]   101 |   explicit [01;36m[KNode[m[K(
[3.332s]       |            [01;36m[K^~~~[m[K
[3.332s] [01m[K/opt/ros/humble/include/rclcpp/rclcpp/node.hpp:101:12:[m[K [01;36m[Knote: [m[K  candidate expects 3 arguments, 0 provided
[3.332s] [01m[K/opt/ros/humble/include/rclcpp/rclcpp/node.hpp:89:12:[m[K [01;36m[Knote: [m[Kcandidate: ‘[01m[Krclcpp::Node::Node(const string&, const rclcpp::NodeOptions&)[m[K’
[3.332s]    89 |   explicit [01;36m[KNode[m[K(
[3.332s]       |            [01;36m[K^~~~[m[K
[3.332s] [01m[K/opt/ros/humble/include/rclcpp/rclcpp/node.hpp:89:12:[m[K [01;36m[Knote: [m[K  candidate expects 2 arguments, 0 provided
[3.411s] gmake[2]: *** [CMakeFiles/uwrt_ros_gz_bridge.dir/build.make:76: CMakeFiles/uwrt_ros_gz_bridge.dir/src/bridge.cpp.o] Error 1
[3.412s] gmake[1]: *** [CMakeFiles/Makefile2:137: CMakeFiles/uwrt_ros_gz_bridge.dir/all] Error 2
[3.412s] gmake: *** [Makefile:146: all] Error 2
[3.414s] Invoked command in '/home/hollis/osu-uwrt/riptide_software/src/riptide_gazebo/Assets/Plugins/build/uwrt_ros_gz' returned '2': CMAKE_PREFIX_PATH=${CMAKE_PREFIX_PATH}:/home/hollis/osu-uwrt/dependencies/install/microstrain_inertial_rqt:/home/hollis/osu-uwrt/dependencies/install/echo_video:/home/hollis/osu-uwrt/dependencies/install/camera_calibration:/home/hollis/osu-uwrt/riptide_software/install/riptide_teleop2:/home/hollis/osu-uwrt/riptide_software/install/riptide_rqt_plugins2:/home/hollis/osu-uwrt/riptide_software/install/riptide_hardware2:/home/hollis/osu-uwrt/riptide_software/install/riptide_controllers2:/home/hollis/osu-uwrt/riptide_software/install/riptide_mapping2:/home/hollis/osu-uwrt/riptide_software/install/riptide_localization2:/home/hollis/osu-uwrt/riptide_software/install/riptide_bringup2:/home/hollis/osu-uwrt/riptide_software/install/riptide_SNIB:/opt/ros/humble /usr/bin/cmake --build /home/hollis/osu-uwrt/riptide_software/src/riptide_gazebo/Assets/Plugins/build/uwrt_ros_gz -- -j20 -l20
