[0.144s] DEBUG:colcon:Command line arguments: ['/usr/bin/colcon', 'build']
[0.144s] DEBUG:colcon:Parsed command line arguments: Namespace(log_base=None, log_level=None, verb_name='build', build_base='build', install_base='install', merge_install=False, symlink_install=False, test_result_base=None, continue_on_error=False, executor='parallel', parallel_workers=20, event_handlers=None, ignore_user_meta=False, metas=['./colcon.meta'], base_paths=['.'], packages_ignore=None, packages_ignore_regex=None, paths=None, packages_up_to=None, packages_up_to_regex=None, packages_above=None, packages_above_and_dependencies=None, packages_above_depth=None, packages_select_by_dep=None, packages_skip_by_dep=None, packages_skip_up_to=None, packages_select_build_failed=False, packages_skip_build_finished=False, packages_select_test_failures=False, packages_skip_test_passed=False, packages_select=None, packages_skip=None, packages_select_regex=None, packages_skip_regex=None, packages_start=None, packages_end=None, allow_overriding=[], cmake_args=None, cmake_target=None, cmake_target_skip_unavailable=False, cmake_clean_cache=False, cmake_clean_first=False, cmake_force_configure=False, ament_cmake_args=None, catkin_cmake_args=None, catkin_skip_building_tests=False, verb_parser=<colcon_defaults.argument_parser.defaults.DefaultArgumentsDecorator object at 0x7fdccfa50730>, verb_extension=<colcon_core.verb.build.BuildVerb object at 0x7fdcd03fe7d0>, main=<bound method BuildVerb.main of <colcon_core.verb.build.BuildVerb object at 0x7fdcd03fe7d0>>)
[0.160s] Level 1:colcon.colcon_core.package_discovery:discover_packages(colcon_meta) check parameters
[0.160s] Level 1:colcon.colcon_core.package_discovery:discover_packages(recursive) check parameters
[0.160s] Level 1:colcon.colcon_core.package_discovery:discover_packages(ignore) check parameters
[0.160s] Level 1:colcon.colcon_core.package_discovery:discover_packages(path) check parameters
[0.160s] Level 1:colcon.colcon_core.package_discovery:discover_packages(colcon_meta) discover
[0.160s] Level 1:colcon.colcon_core.package_discovery:discover_packages(recursive) discover
[0.160s] INFO:colcon.colcon_core.package_discovery:Crawling recursively for packages in '/home/hollis/osu-uwrt/riptide_software/src/riptide_gazebo/Assets/Plugins'
[0.161s] Level 1:colcon.colcon_core.package_identification:_identify(.) by extensions ['ignore', 'ignore_ament_install']
[0.161s] Level 1:colcon.colcon_core.package_identification:_identify(.) by extension 'ignore'
[0.161s] Level 1:colcon.colcon_core.package_identification:_identify(.) by extension 'ignore_ament_install'
[0.161s] Level 1:colcon.colcon_core.package_identification:_identify(.) by extensions ['colcon_pkg']
[0.161s] Level 1:colcon.colcon_core.package_identification:_identify(.) by extension 'colcon_pkg'
[0.161s] Level 1:colcon.colcon_core.package_identification:_identify(.) by extensions ['colcon_meta']
[0.161s] Level 1:colcon.colcon_core.package_identification:_identify(.) by extension 'colcon_meta'
[0.161s] Level 1:colcon.colcon_core.package_identification:_identify(.) by extensions ['ros']
[0.161s] Level 1:colcon.colcon_core.package_identification:_identify(.) by extension 'ros'
[0.166s] Level 1:colcon.colcon_core.package_identification:_identify(.) by extensions ['cmake', 'python']
[0.166s] Level 1:colcon.colcon_core.package_identification:_identify(.) by extension 'cmake'
[0.166s] Level 1:colcon.colcon_core.package_identification:_identify(.) by extension 'python'
[0.166s] Level 1:colcon.colcon_core.package_identification:_identify(.) by extensions ['python_setup_py']
[0.166s] Level 1:colcon.colcon_core.package_identification:_identify(.) by extension 'python_setup_py'
[0.166s] Level 1:colcon.colcon_core.package_identification:_identify(build) by extensions ['ignore', 'ignore_ament_install']
[0.166s] Level 1:colcon.colcon_core.package_identification:_identify(build) by extension 'ignore'
[0.166s] Level 1:colcon.colcon_core.package_identification:_identify(build) ignored
[0.166s] Level 1:colcon.colcon_core.package_identification:_identify(hello_world_plugin) by extensions ['ignore', 'ignore_ament_install']
[0.167s] Level 1:colcon.colcon_core.package_identification:_identify(hello_world_plugin) by extension 'ignore'
[0.167s] Level 1:colcon.colcon_core.package_identification:_identify(hello_world_plugin) by extension 'ignore_ament_install'
[0.167s] Level 1:colcon.colcon_core.package_identification:_identify(hello_world_plugin) by extensions ['colcon_pkg']
[0.167s] Level 1:colcon.colcon_core.package_identification:_identify(hello_world_plugin) by extension 'colcon_pkg'
[0.167s] Level 1:colcon.colcon_core.package_identification:_identify(hello_world_plugin) by extensions ['colcon_meta']
[0.167s] Level 1:colcon.colcon_core.package_identification:_identify(hello_world_plugin) by extension 'colcon_meta'
[0.167s] Level 1:colcon.colcon_core.package_identification:_identify(hello_world_plugin) by extensions ['ros']
[0.167s] Level 1:colcon.colcon_core.package_identification:_identify(hello_world_plugin) by extension 'ros'
[0.168s] DEBUG:colcon.colcon_core.package_identification:Package 'hello_world_plugin' with type 'ros.ament_cmake' and name 'hello_world_plugin'
[0.168s] Level 1:colcon.colcon_core.package_identification:_identify(install) by extensions ['ignore', 'ignore_ament_install']
[0.168s] Level 1:colcon.colcon_core.package_identification:_identify(install) by extension 'ignore'
[0.168s] Level 1:colcon.colcon_core.package_identification:_identify(install) ignored
[0.168s] Level 1:colcon.colcon_core.package_identification:_identify(log) by extensions ['ignore', 'ignore_ament_install']
[0.168s] Level 1:colcon.colcon_core.package_identification:_identify(log) by extension 'ignore'
[0.168s] Level 1:colcon.colcon_core.package_identification:_identify(log) ignored
[0.168s] Level 1:colcon.colcon_core.package_identification:_identify(uwrt_gz) by extensions ['ignore', 'ignore_ament_install']
[0.168s] Level 1:colcon.colcon_core.package_identification:_identify(uwrt_gz) by extension 'ignore'
[0.168s] Level 1:colcon.colcon_core.package_identification:_identify(uwrt_gz) by extension 'ignore_ament_install'
[0.168s] Level 1:colcon.colcon_core.package_identification:_identify(uwrt_gz) by extensions ['colcon_pkg']
[0.168s] Level 1:colcon.colcon_core.package_identification:_identify(uwrt_gz) by extension 'colcon_pkg'
[0.168s] Level 1:colcon.colcon_core.package_identification:_identify(uwrt_gz) by extensions ['colcon_meta']
[0.168s] Level 1:colcon.colcon_core.package_identification:_identify(uwrt_gz) by extension 'colcon_meta'
[0.168s] Level 1:colcon.colcon_core.package_identification:_identify(uwrt_gz) by extensions ['ros']
[0.168s] Level 1:colcon.colcon_core.package_identification:_identify(uwrt_gz) by extension 'ros'
[0.169s] DEBUG:colcon.colcon_core.package_identification:Package 'uwrt_gz' with type 'ros.ament_cmake' and name 'uwrt_gz'
[0.169s] Level 1:colcon.colcon_core.package_discovery:discover_packages(recursive) using defaults
[0.169s] Level 1:colcon.colcon_core.package_discovery:discover_packages(ignore) discover
[0.169s] Level 1:colcon.colcon_core.package_discovery:discover_packages(ignore) using defaults
[0.169s] Level 1:colcon.colcon_core.package_discovery:discover_packages(path) discover
[0.169s] Level 1:colcon.colcon_core.package_discovery:discover_packages(path) using defaults
[0.181s] Level 1:colcon.colcon_core.package_discovery:discover_packages(prefix_path) check parameters
[0.181s] Level 1:colcon.colcon_core.package_discovery:discover_packages(prefix_path) discover
[0.183s] DEBUG:colcon.colcon_installed_package_information.package_discovery:Found 3 installed packages in /home/hollis/osu-uwrt/riptide_software/src/riptide_gazebo/Assets/Plugins/install
[0.183s] DEBUG:colcon.colcon_installed_package_information.package_discovery:Found 11 installed packages in /home/hollis/osu-uwrt/riptide_software/install
[0.184s] DEBUG:colcon.colcon_installed_package_information.package_discovery:Found 18 installed packages in /home/hollis/osu-uwrt/dependencies/install
[0.185s] DEBUG:colcon.colcon_installed_package_information.package_discovery:Found 345 installed packages in /opt/ros/humble
[0.186s] Level 1:colcon.colcon_core.package_discovery:discover_packages(prefix_path) using defaults
[0.218s] Level 5:colcon.colcon_core.verb:set package 'hello_world_plugin' build argument 'cmake_args' from command line to 'None'
[0.218s] Level 5:colcon.colcon_core.verb:set package 'hello_world_plugin' build argument 'cmake_target' from command line to 'None'
[0.218s] Level 5:colcon.colcon_core.verb:set package 'hello_world_plugin' build argument 'cmake_target_skip_unavailable' from command line to 'False'
[0.218s] Level 5:colcon.colcon_core.verb:set package 'hello_world_plugin' build argument 'cmake_clean_cache' from command line to 'False'
[0.218s] Level 5:colcon.colcon_core.verb:set package 'hello_world_plugin' build argument 'cmake_clean_first' from command line to 'False'
[0.218s] Level 5:colcon.colcon_core.verb:set package 'hello_world_plugin' build argument 'cmake_force_configure' from command line to 'False'
[0.218s] Level 5:colcon.colcon_core.verb:set package 'hello_world_plugin' build argument 'ament_cmake_args' from command line to 'None'
[0.218s] Level 5:colcon.colcon_core.verb:set package 'hello_world_plugin' build argument 'catkin_cmake_args' from command line to 'None'
[0.218s] Level 5:colcon.colcon_core.verb:set package 'hello_world_plugin' build argument 'catkin_skip_building_tests' from command line to 'False'
[0.218s] DEBUG:colcon.colcon_core.verb:Building package 'hello_world_plugin' with the following arguments: {'ament_cmake_args': None, 'build_base': '/home/hollis/osu-uwrt/riptide_software/src/riptide_gazebo/Assets/Plugins/build/hello_world_plugin', 'catkin_cmake_args': None, 'catkin_skip_building_tests': False, 'cmake_args': None, 'cmake_clean_cache': False, 'cmake_clean_first': False, 'cmake_force_configure': False, 'cmake_target': None, 'cmake_target_skip_unavailable': False, 'install_base': '/home/hollis/osu-uwrt/riptide_software/src/riptide_gazebo/Assets/Plugins/install/hello_world_plugin', 'merge_install': False, 'path': '/home/hollis/osu-uwrt/riptide_software/src/riptide_gazebo/Assets/Plugins/hello_world_plugin', 'symlink_install': False, 'test_result_base': None}
[0.219s] Level 5:colcon.colcon_core.verb:set package 'uwrt_gz' build argument 'cmake_args' from command line to 'None'
[0.219s] Level 5:colcon.colcon_core.verb:set package 'uwrt_gz' build argument 'cmake_target' from command line to 'None'
[0.219s] Level 5:colcon.colcon_core.verb:set package 'uwrt_gz' build argument 'cmake_target_skip_unavailable' from command line to 'False'
[0.219s] Level 5:colcon.colcon_core.verb:set package 'uwrt_gz' build argument 'cmake_clean_cache' from command line to 'False'
[0.219s] Level 5:colcon.colcon_core.verb:set package 'uwrt_gz' build argument 'cmake_clean_first' from command line to 'False'
[0.219s] Level 5:colcon.colcon_core.verb:set package 'uwrt_gz' build argument 'cmake_force_configure' from command line to 'False'
[0.219s] Level 5:colcon.colcon_core.verb:set package 'uwrt_gz' build argument 'ament_cmake_args' from command line to 'None'
[0.219s] Level 5:colcon.colcon_core.verb:set package 'uwrt_gz' build argument 'catkin_cmake_args' from command line to 'None'
[0.219s] Level 5:colcon.colcon_core.verb:set package 'uwrt_gz' build argument 'catkin_skip_building_tests' from command line to 'False'
[0.219s] DEBUG:colcon.colcon_core.verb:Building package 'uwrt_gz' with the following arguments: {'ament_cmake_args': None, 'build_base': '/home/hollis/osu-uwrt/riptide_software/src/riptide_gazebo/Assets/Plugins/build/uwrt_gz', 'catkin_cmake_args': None, 'catkin_skip_building_tests': False, 'cmake_args': None, 'cmake_clean_cache': False, 'cmake_clean_first': False, 'cmake_force_configure': False, 'cmake_target': None, 'cmake_target_skip_unavailable': False, 'install_base': '/home/hollis/osu-uwrt/riptide_software/src/riptide_gazebo/Assets/Plugins/install/uwrt_gz', 'merge_install': False, 'path': '/home/hollis/osu-uwrt/riptide_software/src/riptide_gazebo/Assets/Plugins/uwrt_gz', 'symlink_install': False, 'test_result_base': None}
[0.219s] INFO:colcon.colcon_core.executor:Executing jobs using 'parallel' executor
[0.221s] DEBUG:colcon.colcon_parallel_executor.executor.parallel:run_until_complete
[0.221s] INFO:colcon.colcon_ros.task.ament_cmake.build:Building ROS package in '/home/hollis/osu-uwrt/riptide_software/src/riptide_gazebo/Assets/Plugins/hello_world_plugin' with build type 'ament_cmake'
[0.221s] INFO:colcon.colcon_cmake.task.cmake.build:Building CMake package in '/home/hollis/osu-uwrt/riptide_software/src/riptide_gazebo/Assets/Plugins/hello_world_plugin'
[0.223s] INFO:colcon.colcon_core.plugin_system:Skipping extension 'colcon_core.shell.bat': Not used on non-Windows systems
[0.224s] INFO:colcon.colcon_core.shell:Skip shell extension 'powershell' for command environment: Not usable outside of PowerShell
[0.224s] DEBUG:colcon.colcon_core.shell:Skip shell extension 'dsv' for command environment
[0.228s] INFO:colcon.colcon_ros.task.ament_cmake.build:Building ROS package in '/home/hollis/osu-uwrt/riptide_software/src/riptide_gazebo/Assets/Plugins/uwrt_gz' with build type 'ament_cmake'
[0.228s] INFO:colcon.colcon_cmake.task.cmake.build:Building CMake package in '/home/hollis/osu-uwrt/riptide_software/src/riptide_gazebo/Assets/Plugins/uwrt_gz'
[0.228s] INFO:colcon.colcon_core.shell:Skip shell extension 'powershell' for command environment: Not usable outside of PowerShell
[0.228s] DEBUG:colcon.colcon_core.shell:Skip shell extension 'dsv' for command environment
[0.234s] DEBUG:colcon.colcon_core.event_handler.log_command:Invoking command in '/home/hollis/osu-uwrt/riptide_software/src/riptide_gazebo/Assets/Plugins/build/hello_world_plugin': CMAKE_PREFIX_PATH=${CMAKE_PREFIX_PATH}:/home/hollis/osu-uwrt/dependencies/install/microstrain_inertial_rqt:/home/hollis/osu-uwrt/dependencies/install/echo_video:/home/hollis/osu-uwrt/dependencies/install/camera_calibration:/home/hollis/osu-uwrt/riptide_software/install/riptide_teleop2:/home/hollis/osu-uwrt/riptide_software/install/riptide_rqt_plugins2:/home/hollis/osu-uwrt/riptide_software/install/riptide_hardware2:/home/hollis/osu-uwrt/riptide_software/install/riptide_controllers2:/home/hollis/osu-uwrt/riptide_software/install/riptide_mapping2:/home/hollis/osu-uwrt/riptide_software/install/riptide_localization2:/home/hollis/osu-uwrt/riptide_software/install/riptide_bringup2:/home/hollis/osu-uwrt/riptide_software/install/riptide_SNIB:/opt/ros/humble /usr/bin/cmake --build /home/hollis/osu-uwrt/riptide_software/src/riptide_gazebo/Assets/Plugins/build/hello_world_plugin -- -j20 -l20
[0.239s] DEBUG:colcon.colcon_core.event_handler.log_command:Invoking command in '/home/hollis/osu-uwrt/riptide_software/src/riptide_gazebo/Assets/Plugins/build/uwrt_gz': CMAKE_PREFIX_PATH=${CMAKE_PREFIX_PATH}:/home/hollis/osu-uwrt/dependencies/install/microstrain_inertial_rqt:/home/hollis/osu-uwrt/dependencies/install/echo_video:/home/hollis/osu-uwrt/dependencies/install/camera_calibration:/home/hollis/osu-uwrt/riptide_software/install/riptide_teleop2:/home/hollis/osu-uwrt/riptide_software/install/riptide_rqt_plugins2:/home/hollis/osu-uwrt/riptide_software/install/riptide_hardware2:/home/hollis/osu-uwrt/riptide_software/install/riptide_controllers2:/home/hollis/osu-uwrt/riptide_software/install/riptide_mapping2:/home/hollis/osu-uwrt/riptide_software/install/riptide_localization2:/home/hollis/osu-uwrt/riptide_software/install/riptide_bringup2:/home/hollis/osu-uwrt/riptide_software/install/riptide_SNIB:/opt/ros/humble /usr/bin/cmake --build /home/hollis/osu-uwrt/riptide_software/src/riptide_gazebo/Assets/Plugins/build/uwrt_gz -- -j20 -l20
[0.271s] DEBUG:colcon.colcon_core.event_handler.log_command:Invoked command in '/home/hollis/osu-uwrt/riptide_software/src/riptide_gazebo/Assets/Plugins/build/hello_world_plugin' returned '0': CMAKE_PREFIX_PATH=${CMAKE_PREFIX_PATH}:/home/hollis/osu-uwrt/dependencies/install/microstrain_inertial_rqt:/home/hollis/osu-uwrt/dependencies/install/echo_video:/home/hollis/osu-uwrt/dependencies/install/camera_calibration:/home/hollis/osu-uwrt/riptide_software/install/riptide_teleop2:/home/hollis/osu-uwrt/riptide_software/install/riptide_rqt_plugins2:/home/hollis/osu-uwrt/riptide_software/install/riptide_hardware2:/home/hollis/osu-uwrt/riptide_software/install/riptide_controllers2:/home/hollis/osu-uwrt/riptide_software/install/riptide_mapping2:/home/hollis/osu-uwrt/riptide_software/install/riptide_localization2:/home/hollis/osu-uwrt/riptide_software/install/riptide_bringup2:/home/hollis/osu-uwrt/riptide_software/install/riptide_SNIB:/opt/ros/humble /usr/bin/cmake --build /home/hollis/osu-uwrt/riptide_software/src/riptide_gazebo/Assets/Plugins/build/hello_world_plugin -- -j20 -l20
[0.291s] DEBUG:colcon.colcon_core.event_handler.log_command:Invoking command in '/home/hollis/osu-uwrt/riptide_software/src/riptide_gazebo/Assets/Plugins/build/hello_world_plugin': CMAKE_PREFIX_PATH=${CMAKE_PREFIX_PATH}:/home/hollis/osu-uwrt/dependencies/install/microstrain_inertial_rqt:/home/hollis/osu-uwrt/dependencies/install/echo_video:/home/hollis/osu-uwrt/dependencies/install/camera_calibration:/home/hollis/osu-uwrt/riptide_software/install/riptide_teleop2:/home/hollis/osu-uwrt/riptide_software/install/riptide_rqt_plugins2:/home/hollis/osu-uwrt/riptide_software/install/riptide_hardware2:/home/hollis/osu-uwrt/riptide_software/install/riptide_controllers2:/home/hollis/osu-uwrt/riptide_software/install/riptide_mapping2:/home/hollis/osu-uwrt/riptide_software/install/riptide_localization2:/home/hollis/osu-uwrt/riptide_software/install/riptide_bringup2:/home/hollis/osu-uwrt/riptide_software/install/riptide_SNIB:/opt/ros/humble /usr/bin/cmake --install /home/hollis/osu-uwrt/riptide_software/src/riptide_gazebo/Assets/Plugins/build/hello_world_plugin
[0.296s] Level 1:colcon.colcon_core.environment:create_environment_scripts_only(hello_world_plugin)
[0.296s] DEBUG:colcon.colcon_core.event_handler.log_command:Invoked command in '/home/hollis/osu-uwrt/riptide_software/src/riptide_gazebo/Assets/Plugins/build/hello_world_plugin' returned '0': CMAKE_PREFIX_PATH=${CMAKE_PREFIX_PATH}:/home/hollis/osu-uwrt/dependencies/install/microstrain_inertial_rqt:/home/hollis/osu-uwrt/dependencies/install/echo_video:/home/hollis/osu-uwrt/dependencies/install/camera_calibration:/home/hollis/osu-uwrt/riptide_software/install/riptide_teleop2:/home/hollis/osu-uwrt/riptide_software/install/riptide_rqt_plugins2:/home/hollis/osu-uwrt/riptide_software/install/riptide_hardware2:/home/hollis/osu-uwrt/riptide_software/install/riptide_controllers2:/home/hollis/osu-uwrt/riptide_software/install/riptide_mapping2:/home/hollis/osu-uwrt/riptide_software/install/riptide_localization2:/home/hollis/osu-uwrt/riptide_software/install/riptide_bringup2:/home/hollis/osu-uwrt/riptide_software/install/riptide_SNIB:/opt/ros/humble /usr/bin/cmake --install /home/hollis/osu-uwrt/riptide_software/src/riptide_gazebo/Assets/Plugins/build/hello_world_plugin
[0.298s] Level 1:colcon.colcon_core.environment:checking '/home/hollis/osu-uwrt/riptide_software/src/riptide_gazebo/Assets/Plugins/install/hello_world_plugin' for CMake module files
[0.298s] Level 1:colcon.colcon_core.environment:checking '/home/hollis/osu-uwrt/riptide_software/src/riptide_gazebo/Assets/Plugins/install/hello_world_plugin' for CMake config files
[0.299s] Level 1:colcon.colcon_core.shell:create_environment_hook('hello_world_plugin', 'cmake_prefix_path')
[0.299s] INFO:colcon.colcon_core.shell:Creating environment hook '/home/hollis/osu-uwrt/riptide_software/src/riptide_gazebo/Assets/Plugins/install/hello_world_plugin/share/hello_world_plugin/hook/cmake_prefix_path.ps1'
[0.300s] INFO:colcon.colcon_core.shell:Creating environment descriptor '/home/hollis/osu-uwrt/riptide_software/src/riptide_gazebo/Assets/Plugins/install/hello_world_plugin/share/hello_world_plugin/hook/cmake_prefix_path.dsv'
[0.300s] INFO:colcon.colcon_core.shell:Creating environment hook '/home/hollis/osu-uwrt/riptide_software/src/riptide_gazebo/Assets/Plugins/install/hello_world_plugin/share/hello_world_plugin/hook/cmake_prefix_path.sh'
[0.300s] Level 1:colcon.colcon_core.environment:checking '/home/hollis/osu-uwrt/riptide_software/src/riptide_gazebo/Assets/Plugins/install/hello_world_plugin/bin'
[0.300s] Level 1:colcon.colcon_core.environment:checking '/home/hollis/osu-uwrt/riptide_software/src/riptide_gazebo/Assets/Plugins/install/hello_world_plugin/lib/pkgconfig/hello_world_plugin.pc'
[0.301s] Level 1:colcon.colcon_core.environment:checking '/home/hollis/osu-uwrt/riptide_software/src/riptide_gazebo/Assets/Plugins/install/hello_world_plugin/lib/python3.10/site-packages'
[0.301s] Level 1:colcon.colcon_core.environment:checking '/home/hollis/osu-uwrt/riptide_software/src/riptide_gazebo/Assets/Plugins/install/hello_world_plugin/bin'
[0.301s] INFO:colcon.colcon_core.shell:Creating package script '/home/hollis/osu-uwrt/riptide_software/src/riptide_gazebo/Assets/Plugins/install/hello_world_plugin/share/hello_world_plugin/package.ps1'
[0.302s] INFO:colcon.colcon_core.shell:Creating package descriptor '/home/hollis/osu-uwrt/riptide_software/src/riptide_gazebo/Assets/Plugins/install/hello_world_plugin/share/hello_world_plugin/package.dsv'
[0.302s] INFO:colcon.colcon_core.shell:Creating package script '/home/hollis/osu-uwrt/riptide_software/src/riptide_gazebo/Assets/Plugins/install/hello_world_plugin/share/hello_world_plugin/package.sh'
[0.302s] INFO:colcon.colcon_core.shell:Creating package script '/home/hollis/osu-uwrt/riptide_software/src/riptide_gazebo/Assets/Plugins/install/hello_world_plugin/share/hello_world_plugin/package.bash'
[0.303s] INFO:colcon.colcon_core.shell:Creating package script '/home/hollis/osu-uwrt/riptide_software/src/riptide_gazebo/Assets/Plugins/install/hello_world_plugin/share/hello_world_plugin/package.zsh'
[0.303s] Level 1:colcon.colcon_core.environment:create_file_with_runtime_dependencies(/home/hollis/osu-uwrt/riptide_software/src/riptide_gazebo/Assets/Plugins/install/hello_world_plugin/share/colcon-core/packages/hello_world_plugin)
[0.319s] Level 1:colcon.colcon_core.environment:create_environment_scripts_only(hello_world_plugin)
[0.320s] Level 1:colcon.colcon_core.environment:checking '/home/hollis/osu-uwrt/riptide_software/src/riptide_gazebo/Assets/Plugins/install/hello_world_plugin' for CMake module files
[0.320s] Level 1:colcon.colcon_core.environment:checking '/home/hollis/osu-uwrt/riptide_software/src/riptide_gazebo/Assets/Plugins/install/hello_world_plugin' for CMake config files
[0.320s] Level 1:colcon.colcon_core.shell:create_environment_hook('hello_world_plugin', 'cmake_prefix_path')
[0.321s] INFO:colcon.colcon_core.shell:Creating environment hook '/home/hollis/osu-uwrt/riptide_software/src/riptide_gazebo/Assets/Plugins/install/hello_world_plugin/share/hello_world_plugin/hook/cmake_prefix_path.ps1'
[0.321s] INFO:colcon.colcon_core.shell:Creating environment descriptor '/home/hollis/osu-uwrt/riptide_software/src/riptide_gazebo/Assets/Plugins/install/hello_world_plugin/share/hello_world_plugin/hook/cmake_prefix_path.dsv'
[0.321s] INFO:colcon.colcon_core.shell:Creating environment hook '/home/hollis/osu-uwrt/riptide_software/src/riptide_gazebo/Assets/Plugins/install/hello_world_plugin/share/hello_world_plugin/hook/cmake_prefix_path.sh'
[0.322s] Level 1:colcon.colcon_core.environment:checking '/home/hollis/osu-uwrt/riptide_software/src/riptide_gazebo/Assets/Plugins/install/hello_world_plugin/bin'
[0.322s] Level 1:colcon.colcon_core.environment:checking '/home/hollis/osu-uwrt/riptide_software/src/riptide_gazebo/Assets/Plugins/install/hello_world_plugin/lib/pkgconfig/hello_world_plugin.pc'
[0.322s] Level 1:colcon.colcon_core.environment:checking '/home/hollis/osu-uwrt/riptide_software/src/riptide_gazebo/Assets/Plugins/install/hello_world_plugin/lib/python3.10/site-packages'
[0.322s] Level 1:colcon.colcon_core.environment:checking '/home/hollis/osu-uwrt/riptide_software/src/riptide_gazebo/Assets/Plugins/install/hello_world_plugin/bin'
[0.322s] INFO:colcon.colcon_core.shell:Creating package script '/home/hollis/osu-uwrt/riptide_software/src/riptide_gazebo/Assets/Plugins/install/hello_world_plugin/share/hello_world_plugin/package.ps1'
[0.323s] INFO:colcon.colcon_core.shell:Creating package descriptor '/home/hollis/osu-uwrt/riptide_software/src/riptide_gazebo/Assets/Plugins/install/hello_world_plugin/share/hello_world_plugin/package.dsv'
[0.323s] INFO:colcon.colcon_core.shell:Creating package script '/home/hollis/osu-uwrt/riptide_software/src/riptide_gazebo/Assets/Plugins/install/hello_world_plugin/share/hello_world_plugin/package.sh'
[0.323s] INFO:colcon.colcon_core.shell:Creating package script '/home/hollis/osu-uwrt/riptide_software/src/riptide_gazebo/Assets/Plugins/install/hello_world_plugin/share/hello_world_plugin/package.bash'
[0.324s] INFO:colcon.colcon_core.shell:Creating package script '/home/hollis/osu-uwrt/riptide_software/src/riptide_gazebo/Assets/Plugins/install/hello_world_plugin/share/hello_world_plugin/package.zsh'
[0.324s] Level 1:colcon.colcon_core.environment:create_file_with_runtime_dependencies(/home/hollis/osu-uwrt/riptide_software/src/riptide_gazebo/Assets/Plugins/install/hello_world_plugin/share/colcon-core/packages/hello_world_plugin)
[1.098s] DEBUG:colcon.colcon_core.event_handler.log_command:Invoked command in '/home/hollis/osu-uwrt/riptide_software/src/riptide_gazebo/Assets/Plugins/build/uwrt_gz' returned '2': CMAKE_PREFIX_PATH=${CMAKE_PREFIX_PATH}:/home/hollis/osu-uwrt/dependencies/install/microstrain_inertial_rqt:/home/hollis/osu-uwrt/dependencies/install/echo_video:/home/hollis/osu-uwrt/dependencies/install/camera_calibration:/home/hollis/osu-uwrt/riptide_software/install/riptide_teleop2:/home/hollis/osu-uwrt/riptide_software/install/riptide_rqt_plugins2:/home/hollis/osu-uwrt/riptide_software/install/riptide_hardware2:/home/hollis/osu-uwrt/riptide_software/install/riptide_controllers2:/home/hollis/osu-uwrt/riptide_software/install/riptide_mapping2:/home/hollis/osu-uwrt/riptide_software/install/riptide_localization2:/home/hollis/osu-uwrt/riptide_software/install/riptide_bringup2:/home/hollis/osu-uwrt/riptide_software/install/riptide_SNIB:/opt/ros/humble /usr/bin/cmake --build /home/hollis/osu-uwrt/riptide_software/src/riptide_gazebo/Assets/Plugins/build/uwrt_gz -- -j20 -l20
[1.112s] Level 1:colcon.colcon_core.environment:create_environment_scripts_only(uwrt_gz)
[1.113s] Level 1:colcon.colcon_core.environment:checking '/home/hollis/osu-uwrt/riptide_software/src/riptide_gazebo/Assets/Plugins/install/uwrt_gz' for CMake module files
[1.114s] Level 1:colcon.colcon_core.environment:checking '/home/hollis/osu-uwrt/riptide_software/src/riptide_gazebo/Assets/Plugins/install/uwrt_gz' for CMake config files
[1.114s] Level 1:colcon.colcon_core.shell:create_environment_hook('uwrt_gz', 'cmake_prefix_path')
[1.114s] INFO:colcon.colcon_core.shell:Creating environment hook '/home/hollis/osu-uwrt/riptide_software/src/riptide_gazebo/Assets/Plugins/install/uwrt_gz/share/uwrt_gz/hook/cmake_prefix_path.ps1'
[1.115s] INFO:colcon.colcon_core.shell:Creating environment descriptor '/home/hollis/osu-uwrt/riptide_software/src/riptide_gazebo/Assets/Plugins/install/uwrt_gz/share/uwrt_gz/hook/cmake_prefix_path.dsv'
[1.115s] INFO:colcon.colcon_core.shell:Creating environment hook '/home/hollis/osu-uwrt/riptide_software/src/riptide_gazebo/Assets/Plugins/install/uwrt_gz/share/uwrt_gz/hook/cmake_prefix_path.sh'
[1.115s] Level 1:colcon.colcon_core.environment:checking '/home/hollis/osu-uwrt/riptide_software/src/riptide_gazebo/Assets/Plugins/install/uwrt_gz/lib'
[1.115s] Level 1:colcon.colcon_core.shell:create_environment_hook('uwrt_gz', 'ld_library_path_lib')
[1.116s] INFO:colcon.colcon_core.shell:Creating environment hook '/home/hollis/osu-uwrt/riptide_software/src/riptide_gazebo/Assets/Plugins/install/uwrt_gz/share/uwrt_gz/hook/ld_library_path_lib.ps1'
[1.116s] INFO:colcon.colcon_core.shell:Creating environment descriptor '/home/hollis/osu-uwrt/riptide_software/src/riptide_gazebo/Assets/Plugins/install/uwrt_gz/share/uwrt_gz/hook/ld_library_path_lib.dsv'
[1.116s] INFO:colcon.colcon_core.shell:Creating environment hook '/home/hollis/osu-uwrt/riptide_software/src/riptide_gazebo/Assets/Plugins/install/uwrt_gz/share/uwrt_gz/hook/ld_library_path_lib.sh'
[1.116s] Level 1:colcon.colcon_core.environment:checking '/home/hollis/osu-uwrt/riptide_software/src/riptide_gazebo/Assets/Plugins/install/uwrt_gz/bin'
[1.116s] Level 1:colcon.colcon_core.environment:checking '/home/hollis/osu-uwrt/riptide_software/src/riptide_gazebo/Assets/Plugins/install/uwrt_gz/lib/pkgconfig/uwrt_gz.pc'
[1.116s] Level 1:colcon.colcon_core.environment:checking '/home/hollis/osu-uwrt/riptide_software/src/riptide_gazebo/Assets/Plugins/install/uwrt_gz/lib/python3.10/site-packages'
[1.116s] Level 1:colcon.colcon_core.environment:checking '/home/hollis/osu-uwrt/riptide_software/src/riptide_gazebo/Assets/Plugins/install/uwrt_gz/bin'
[1.117s] INFO:colcon.colcon_core.shell:Creating package script '/home/hollis/osu-uwrt/riptide_software/src/riptide_gazebo/Assets/Plugins/install/uwrt_gz/share/uwrt_gz/package.ps1'
[1.117s] INFO:colcon.colcon_core.shell:Creating package descriptor '/home/hollis/osu-uwrt/riptide_software/src/riptide_gazebo/Assets/Plugins/install/uwrt_gz/share/uwrt_gz/package.dsv'
[1.118s] INFO:colcon.colcon_core.shell:Creating package script '/home/hollis/osu-uwrt/riptide_software/src/riptide_gazebo/Assets/Plugins/install/uwrt_gz/share/uwrt_gz/package.sh'
[1.118s] INFO:colcon.colcon_core.shell:Creating package script '/home/hollis/osu-uwrt/riptide_software/src/riptide_gazebo/Assets/Plugins/install/uwrt_gz/share/uwrt_gz/package.bash'
[1.118s] INFO:colcon.colcon_core.shell:Creating package script '/home/hollis/osu-uwrt/riptide_software/src/riptide_gazebo/Assets/Plugins/install/uwrt_gz/share/uwrt_gz/package.zsh'
[1.118s] Level 1:colcon.colcon_core.environment:create_file_with_runtime_dependencies(/home/hollis/osu-uwrt/riptide_software/src/riptide_gazebo/Assets/Plugins/install/uwrt_gz/share/colcon-core/packages/uwrt_gz)
[1.128s] DEBUG:colcon.colcon_parallel_executor.executor.parallel:closing loop
[1.128s] DEBUG:colcon.colcon_parallel_executor.executor.parallel:loop closed
[1.129s] DEBUG:colcon.colcon_parallel_executor.executor.parallel:run_until_complete finished with '2'
[1.129s] DEBUG:colcon.colcon_core.event_reactor:joining thread
[1.133s] INFO:colcon.colcon_core.plugin_system:Skipping extension 'colcon_notification.desktop_notification.terminal_notifier': Not used on non-Darwin systems
[1.133s] INFO:colcon.colcon_core.plugin_system:Skipping extension 'colcon_notification.desktop_notification.win32': Not used on non-Windows systems
[1.133s] INFO:colcon.colcon_notification.desktop_notification:Sending desktop notification using 'notify2'
[1.139s] DEBUG:colcon.colcon_core.event_reactor:joined thread
[1.140s] INFO:colcon.colcon_core.shell:Creating prefix script '/home/hollis/osu-uwrt/riptide_software/src/riptide_gazebo/Assets/Plugins/install/local_setup.ps1'
[1.141s] INFO:colcon.colcon_core.shell:Creating prefix util module '/home/hollis/osu-uwrt/riptide_software/src/riptide_gazebo/Assets/Plugins/install/_local_setup_util_ps1.py'
[1.142s] INFO:colcon.colcon_core.shell:Creating prefix chain script '/home/hollis/osu-uwrt/riptide_software/src/riptide_gazebo/Assets/Plugins/install/setup.ps1'
[1.143s] INFO:colcon.colcon_core.shell:Creating prefix script '/home/hollis/osu-uwrt/riptide_software/src/riptide_gazebo/Assets/Plugins/install/local_setup.sh'
[1.143s] INFO:colcon.colcon_core.shell:Creating prefix util module '/home/hollis/osu-uwrt/riptide_software/src/riptide_gazebo/Assets/Plugins/install/_local_setup_util_sh.py'
[1.143s] INFO:colcon.colcon_core.shell:Creating prefix chain script '/home/hollis/osu-uwrt/riptide_software/src/riptide_gazebo/Assets/Plugins/install/setup.sh'
[1.144s] INFO:colcon.colcon_core.shell:Creating prefix script '/home/hollis/osu-uwrt/riptide_software/src/riptide_gazebo/Assets/Plugins/install/local_setup.bash'
[1.144s] INFO:colcon.colcon_core.shell:Creating prefix chain script '/home/hollis/osu-uwrt/riptide_software/src/riptide_gazebo/Assets/Plugins/install/setup.bash'
[1.145s] INFO:colcon.colcon_core.shell:Creating prefix script '/home/hollis/osu-uwrt/riptide_software/src/riptide_gazebo/Assets/Plugins/install/local_setup.zsh'
[1.146s] INFO:colcon.colcon_core.shell:Creating prefix chain script '/home/hollis/osu-uwrt/riptide_software/src/riptide_gazebo/Assets/Plugins/install/setup.zsh'
