[0.010s] Invoking command in '/home/hollis/osu-uwrt/riptide_software/src/riptide_gazebo/Assets/Plugins/build/uwrt_gz': CMAKE_PREFIX_PATH=${CMAKE_PREFIX_PATH}:/home/hollis/osu-uwrt/dependencies/install/microstrain_inertial_rqt:/home/hollis/osu-uwrt/dependencies/install/echo_video:/home/hollis/osu-uwrt/dependencies/install/camera_calibration:/home/hollis/osu-uwrt/riptide_software/install/riptide_teleop2:/home/hollis/osu-uwrt/riptide_software/install/riptide_rqt_plugins2:/home/hollis/osu-uwrt/riptide_software/install/riptide_hardware2:/home/hollis/osu-uwrt/riptide_software/install/riptide_controllers2:/home/hollis/osu-uwrt/riptide_software/install/riptide_mapping2:/home/hollis/osu-uwrt/riptide_software/install/riptide_localization2:/home/hollis/osu-uwrt/riptide_software/install/riptide_bringup2:/home/hollis/osu-uwrt/riptide_software/install/riptide_SNIB:/opt/ros/humble /usr/bin/cmake --build /home/hollis/osu-uwrt/riptide_software/src/riptide_gazebo/Assets/Plugins/build/uwrt_gz -- -j20 -l20
[0.032s] [35m[1mConsolidate compiler generated dependencies of target MoveEntity[0m
[0.040s] [ 50%] [32mBuilding CXX object CMakeFiles/MoveEntity.dir/src/MoveEntity.cc.o[0m
[0.707s] In file included from [01m[K/home/hollis/osu-uwrt/riptide_software/src/riptide_gazebo/Assets/Plugins/uwrt_gz/src/MoveEntity.cc:30[m[K:
[0.707s] [01m[K/home/hollis/osu-uwrt/riptide_software/src/riptide_gazebo/Assets/Plugins/uwrt_gz/src/MoveEntity.hh:53:18:[m[K [01;31m[Kerror: [m[K‘[01m[Kvoid move_entity::MoveEntity::PreUpdate(const gz::sim::v7::UpdateInfo&, gz::sim::v7::EntityComponentManager&)[m[K’ marked ‘[01m[Koverride[m[K’, but does not override
[0.707s]    53 |     public: void [01;31m[KPreUpdate[m[K(const gz::sim::UpdateInfo &_info,
[0.707s]       |                  [01;31m[K^~~~~~~~~[m[K
[0.707s] [01m[K/home/hollis/osu-uwrt/riptide_software/src/riptide_gazebo/Assets/Plugins/uwrt_gz/src/MoveEntity.cc:[m[K In member function ‘[01m[Kvirtual void move_entity::MoveEntity::Configure(const Entity&, const std::shared_ptr<const sdf::v13::Element>&, gz::sim::v7::EntityComponentManager&, gz::sim::v7::EventManager&)[m[K’:
[0.708s] [01m[K/home/hollis/osu-uwrt/riptide_software/src/riptide_gazebo/Assets/Plugins/uwrt_gz/src/MoveEntity.cc:59:48:[m[K [01;35m[Kwarning: [m[Kunused parameter ‘[01m[K_sdf[m[K’ [[01;35m[K]8;;https://gcc.gnu.org/onlinedocs/gcc/Warning-Options.html#index-Wunused-parameter-Wunused-parameter]8;;[m[K]
[0.708s]    59 |     [01;35m[Kconst std::shared_ptr<const sdf::Element> &_sdf[m[K,
[0.708s]       |     [01;35m[K~~~~~~~~~~~~~~~~~~~~~~~~~~~~~~~~~~~~~~~~~~~^~~~[m[K
[0.708s] [01m[K/home/hollis/osu-uwrt/riptide_software/src/riptide_gazebo/Assets/Plugins/uwrt_gz/src/MoveEntity.cc:[m[K In member function ‘[01m[Kvoid move_entity::MoveEntity::PreUpdate(const gz::sim::v7::UpdateInfo&, gz::sim::v7::EntityComponentManager&)[m[K’:
[0.708s] [01m[K/home/hollis/osu-uwrt/riptide_software/src/riptide_gazebo/Assets/Plugins/uwrt_gz/src/MoveEntity.cc:116:13:[m[K [01;31m[Kerror: [m[Kno match for ‘[01m[Koperator<<[m[K’ (operand types are ‘[01m[Kstd::ostream[m[K’ {aka ‘[01m[Kstd::basic_ostream<char>[m[K’} and ‘[01m[Kgz::sim::v7::components::Component<gz::math::v7::Pose3<double>, gz::sim::v7::components::PoseTag>[m[K’)
[0.708s]   116 |   [32m[Kstd::cout[m[K [01;31m[K<<[m[K [34m[K*poseComp[m[K << std::endl;
[0.708s]       |   [32m[K~~~~~~~~~[m[K [01;31m[K^~[m[K [34m[K~~~~~~~~~[m[K
[0.708s]       |        [32m[K|[m[K       [34m[K|[m[K
[0.708s]       |        [32m[K|[m[K       [34m[Kgz::sim::v7::components::Component<gz::math::v7::Pose3<double>, gz::sim::v7::components::PoseTag>[m[K
[0.708s]       |        [32m[Kstd::ostream {aka std::basic_ostream<char>}[m[K
[0.708s] In file included from [01m[K/usr/include/c++/11/iostream:39[m[K,
[0.708s]                  from [01m[K/home/hollis/osu-uwrt/riptide_software/src/riptide_gazebo/Assets/Plugins/uwrt_gz/src/MoveEntity.cc:21[m[K:
[0.708s] [01m[K/usr/include/c++/11/ostream:108:7:[m[K [01;36m[Knote: [m[Kcandidate: ‘[01m[Kstd::basic_ostream<_CharT, _Traits>::__ostream_type& std::basic_ostream<_CharT, _Traits>::operator<<(std::basic_ostream<_CharT, _Traits>::__ostream_type& (*)(std::basic_ostream<_CharT, _Traits>::__ostream_type&)) [with _CharT = char; _Traits = std::char_traits<char>; std::basic_ostream<_CharT, _Traits>::__ostream_type = std::basic_ostream<char>][m[K’
[0.709s]   108 |       [01;36m[Koperator[m[K<<(__ostream_type& (*__pf)(__ostream_type&))
[0.709s]       |       [01;36m[K^~~~~~~~[m[K
[0.709s] [01m[K/usr/include/c++/11/ostream:108:36:[m[K [01;36m[Knote: [m[K  no known conversion for argument 1 from ‘[01m[Kgz::sim::v7::components::Component<gz::math::v7::Pose3<double>, gz::sim::v7::components::PoseTag>[m[K’ to ‘[01m[Kstd::basic_ostream<char>::__ostream_type& (*)(std::basic_ostream<char>::__ostream_type&)[m[K’ {aka ‘[01m[Kstd::basic_ostream<char>& (*)(std::basic_ostream<char>&)[m[K’}
[0.709s]   108 |       operator<<([01;36m[K__ostream_type& (*__pf)(__ostream_type&)[m[K)
[0.709s]       |                  [01;36m[K~~~~~~~~~~~~~~~~~~^~~~~~~~~~~~~~~~~~~~~~[m[K
[0.709s] [01m[K/usr/include/c++/11/ostream:117:7:[m[K [01;36m[Knote: [m[Kcandidate: ‘[01m[Kstd::basic_ostream<_CharT, _Traits>::__ostream_type& std::basic_ostream<_CharT, _Traits>::operator<<(std::basic_ostream<_CharT, _Traits>::__ios_type& (*)(std::basic_ostream<_CharT, _Traits>::__ios_type&)) [with _CharT = char; _Traits = std::char_traits<char>; std::basic_ostream<_CharT, _Traits>::__ostream_type = std::basic_ostream<char>; std::basic_ostream<_CharT, _Traits>::__ios_type = std::basic_ios<char>][m[K’
[0.709s]   117 |       [01;36m[Koperator[m[K<<(__ios_type& (*__pf)(__ios_type&))
[0.709s]       |       [01;36m[K^~~~~~~~[m[K
[0.709s] [01m[K/usr/include/c++/11/ostream:117:32:[m[K [01;36m[Knote: [m[K  no known conversion for argument 1 from ‘[01m[Kgz::sim::v7::components::Component<gz::math::v7::Pose3<double>, gz::sim::v7::components::PoseTag>[m[K’ to ‘[01m[Kstd::basic_ostream<char>::__ios_type& (*)(std::basic_ostream<char>::__ios_type&)[m[K’ {aka ‘[01m[Kstd::basic_ios<char>& (*)(std::basic_ios<char>&)[m[K’}
[0.709s]   117 |       operator<<([01;36m[K__ios_type& (*__pf)(__ios_type&)[m[K)
[0.709s]       |                  [01;36m[K~~~~~~~~~~~~~~^~~~~~~~~~~~~~~~~~[m[K
[0.709s] [01m[K/usr/include/c++/11/ostream:127:7:[m[K [01;36m[Knote: [m[Kcandidate: ‘[01m[Kstd::basic_ostream<_CharT, _Traits>::__ostream_type& std::basic_ostream<_CharT, _Traits>::operator<<(std::ios_base& (*)(std::ios_base&)) [with _CharT = char; _Traits = std::char_traits<char>; std::basic_ostream<_CharT, _Traits>::__ostream_type = std::basic_ostream<char>][m[K’
[0.709s]   127 |       [01;36m[Koperator[m[K<<(ios_base& (*__pf) (ios_base&))
[0.709s]       |       [01;36m[K^~~~~~~~[m[K
[0.709s] [01m[K/usr/include/c++/11/ostream:127:30:[m[K [01;36m[Knote: [m[K  no known conversion for argument 1 from ‘[01m[Kgz::sim::v7::components::Component<gz::math::v7::Pose3<double>, gz::sim::v7::components::PoseTag>[m[K’ to ‘[01m[Kstd::ios_base& (*)(std::ios_base&)[m[K’
[0.709s]   127 |       operator<<([01;36m[Kios_base& (*__pf) (ios_base&)[m[K)
[0.709s]       |                  [01;36m[K~~~~~~~~~~~~^~~~~~~~~~~~~~~~~[m[K
[0.709s] [01m[K/usr/include/c++/11/ostream:166:7:[m[K [01;36m[Knote: [m[Kcandidate: ‘[01m[Kstd::basic_ostream<_CharT, _Traits>::__ostream_type& std::basic_ostream<_CharT, _Traits>::operator<<(long int) [with _CharT = char; _Traits = std::char_traits<char>; std::basic_ostream<_CharT, _Traits>::__ostream_type = std::basic_ostream<char>][m[K’
[0.709s]   166 |       [01;36m[Koperator[m[K<<(long __n)
[0.709s]       |       [01;36m[K^~~~~~~~[m[K
[0.709s] [01m[K/usr/include/c++/11/ostream:166:23:[m[K [01;36m[Knote: [m[K  no known conversion for argument 1 from ‘[01m[Kgz::sim::v7::components::Component<gz::math::v7::Pose3<double>, gz::sim::v7::components::PoseTag>[m[K’ to ‘[01m[Klong int[m[K’
[0.709s]   166 |       operator<<([01;36m[Klong __n[m[K)
[0.709s]       |                  [01;36m[K~~~~~^~~[m[K
[0.709s] [01m[K/usr/include/c++/11/ostream:170:7:[m[K [01;36m[Knote: [m[Kcandidate: ‘[01m[Kstd::basic_ostream<_CharT, _Traits>::__ostream_type& std::basic_ostream<_CharT, _Traits>::operator<<(long unsigned int) [with _CharT = char; _Traits = std::char_traits<char>; std::basic_ostream<_CharT, _Traits>::__ostream_type = std::basic_ostream<char>][m[K’
[0.709s]   170 |       [01;36m[Koperator[m[K<<(unsigned long __n)
[0.709s]       |       [01;36m[K^~~~~~~~[m[K
[0.709s] [01m[K/usr/include/c++/11/ostream:170:32:[m[K [01;36m[Knote: [m[K  no known conversion for argument 1 from ‘[01m[Kgz::sim::v7::components::Component<gz::math::v7::Pose3<double>, gz::sim::v7::components::PoseTag>[m[K’ to ‘[01m[Klong unsigned int[m[K’
[0.709s]   170 |       operator<<([01;36m[Kunsigned long __n[m[K)
[0.709s]       |                  [01;36m[K~~~~~~~~~~~~~~^~~[m[K
[0.709s] [01m[K/usr/include/c++/11/ostream:174:7:[m[K [01;36m[Knote: [m[Kcandidate: ‘[01m[Kstd::basic_ostream<_CharT, _Traits>::__ostream_type& std::basic_ostream<_CharT, _Traits>::operator<<(bool) [with _CharT = char; _Traits = std::char_traits<char>; std::basic_ostream<_CharT, _Traits>::__ostream_type = std::basic_ostream<char>][m[K’
[0.709s]   174 |       [01;36m[Koperator[m[K<<(bool __n)
[0.709s]       |       [01;36m[K^~~~~~~~[m[K
[0.709s] [01m[K/usr/include/c++/11/ostream:174:23:[m[K [01;36m[Knote: [m[K  no known conversion for argument 1 from ‘[01m[Kgz::sim::v7::components::Component<gz::math::v7::Pose3<double>, gz::sim::v7::components::PoseTag>[m[K’ to ‘[01m[Kbool[m[K’
[0.709s]   174 |       operator<<([01;36m[Kbool __n[m[K)
[0.709s]       |                  [01;36m[K~~~~~^~~[m[K
[0.710s] In file included from [01m[K/usr/include/c++/11/ostream:829[m[K,
[0.710s]                  from [01m[K/usr/include/c++/11/iostream:39[m[K,
[0.710s]                  from [01m[K/home/hollis/osu-uwrt/riptide_software/src/riptide_gazebo/Assets/Plugins/uwrt_gz/src/MoveEntity.cc:21[m[K:
[0.710s] [01m[K/usr/include/c++/11/bits/ostream.tcc:91:5:[m[K [01;36m[Knote: [m[Kcandidate: ‘[01m[Kstd::basic_ostream<_CharT, _Traits>& std::basic_ostream<_CharT, _Traits>::operator<<(short int) [with _CharT = char; _Traits = std::char_traits<char>][m[K’
[0.710s]    91 |     [01;36m[Kbasic_ostream<_CharT, _Traits>[m[K::
[0.710s]       |     [01;36m[K^~~~~~~~~~~~~~~~~~~~~~~~~~~~~~[m[K
[0.710s] [01m[K/usr/include/c++/11/bits/ostream.tcc:92:22:[m[K [01;36m[Knote: [m[K  no known conversion for argument 1 from ‘[01m[Kgz::sim::v7::components::Component<gz::math::v7::Pose3<double>, gz::sim::v7::components::PoseTag>[m[K’ to ‘[01m[Kshort int[m[K’
[0.710s]    92 |     operator<<([01;36m[Kshort __n[m[K)
[0.710s]       |                [01;36m[K~~~~~~^~~[m[K
[0.710s] In file included from [01m[K/usr/include/c++/11/iostream:39[m[K,
[0.710s]                  from [01m[K/home/hollis/osu-uwrt/riptide_software/src/riptide_gazebo/Assets/Plugins/uwrt_gz/src/MoveEntity.cc:21[m[K:
[0.710s] [01m[K/usr/include/c++/11/ostream:181:7:[m[K [01;36m[Knote: [m[Kcandidate: ‘[01m[Kstd::basic_ostream<_CharT, _Traits>::__ostream_type& std::basic_ostream<_CharT, _Traits>::operator<<(short unsigned int) [with _CharT = char; _Traits = std::char_traits<char>; std::basic_ostream<_CharT, _Traits>::__ostream_type = std::basic_ostream<char>][m[K’
[0.710s]   181 |       [01;36m[Koperator[m[K<<(unsigned short __n)
[0.710s]       |       [01;36m[K^~~~~~~~[m[K
[0.710s] [01m[K/usr/include/c++/11/ostream:181:33:[m[K [01;36m[Knote: [m[K  no known conversion for argument 1 from ‘[01m[Kgz::sim::v7::components::Component<gz::math::v7::Pose3<double>, gz::sim::v7::components::PoseTag>[m[K’ to ‘[01m[Kshort unsigned int[m[K’
[0.710s]   181 |       operator<<([01;36m[Kunsigned short __n[m[K)
[0.710s]       |                  [01;36m[K~~~~~~~~~~~~~~~^~~[m[K
[0.710s] In file included from [01m[K/usr/include/c++/11/ostream:829[m[K,
[0.710s]                  from [01m[K/usr/include/c++/11/iostream:39[m[K,
[0.710s]                  from [01m[K/home/hollis/osu-uwrt/riptide_software/src/riptide_gazebo/Assets/Plugins/uwrt_gz/src/MoveEntity.cc:21[m[K:
[0.710s] [01m[K/usr/include/c++/11/bits/ostream.tcc:105:5:[m[K [01;36m[Knote: [m[Kcandidate: ‘[01m[Kstd::basic_ostream<_CharT, _Traits>& std::basic_ostream<_CharT, _Traits>::operator<<(int) [with _CharT = char; _Traits = std::char_traits<char>][m[K’
[0.710s]   105 |     [01;36m[Kbasic_ostream<_CharT, _Traits>[m[K::
[0.710s]       |     [01;36m[K^~~~~~~~~~~~~~~~~~~~~~~~~~~~~~[m[K
[0.710s] [01m[K/usr/include/c++/11/bits/ostream.tcc:106:20:[m[K [01;36m[Knote: [m[K  no known conversion for argument 1 from ‘[01m[Kgz::sim::v7::components::Component<gz::math::v7::Pose3<double>, gz::sim::v7::components::PoseTag>[m[K’ to ‘[01m[Kint[m[K’
[0.710s]   106 |     operator<<([01;36m[Kint __n[m[K)
[0.710s]       |                [01;36m[K~~~~^~~[m[K
[0.710s] In file included from [01m[K/usr/include/c++/11/iostream:39[m[K,
[0.710s]                  from [01m[K/home/hollis/osu-uwrt/riptide_software/src/riptide_gazebo/Assets/Plugins/uwrt_gz/src/MoveEntity.cc:21[m[K:
[0.710s] [01m[K/usr/include/c++/11/ostream:192:7:[m[K [01;36m[Knote: [m[Kcandidate: ‘[01m[Kstd::basic_ostream<_CharT, _Traits>::__ostream_type& std::basic_ostream<_CharT, _Traits>::operator<<(unsigned int) [with _CharT = char; _Traits = std::char_traits<char>; std::basic_ostream<_CharT, _Traits>::__ostream_type = std::basic_ostream<char>][m[K’
[0.710s]   192 |       [01;36m[Koperator[m[K<<(unsigned int __n)
[0.710s]       |       [01;36m[K^~~~~~~~[m[K
[0.710s] [01m[K/usr/include/c++/11/ostream:192:31:[m[K [01;36m[Knote: [m[K  no known conversion for argument 1 from ‘[01m[Kgz::sim::v7::components::Component<gz::math::v7::Pose3<double>, gz::sim::v7::components::PoseTag>[m[K’ to ‘[01m[Kunsigned int[m[K’
[0.710s]   192 |       operator<<([01;36m[Kunsigned int __n[m[K)
[0.710s]       |                  [01;36m[K~~~~~~~~~~~~~^~~[m[K
[0.710s] [01m[K/usr/include/c++/11/ostream:201:7:[m[K [01;36m[Knote: [m[Kcandidate: ‘[01m[Kstd::basic_ostream<_CharT, _Traits>::__ostream_type& std::basic_ostream<_CharT, _Traits>::operator<<(long long int) [with _CharT = char; _Traits = std::char_traits<char>; std::basic_ostream<_CharT, _Traits>::__ostream_type = std::basic_ostream<char>][m[K’
[0.710s]   201 |       [01;36m[Koperator[m[K<<(long long __n)
[0.710s]       |       [01;36m[K^~~~~~~~[m[K
[0.710s] [01m[K/usr/include/c++/11/ostream:201:28:[m[K [01;36m[Knote: [m[K  no known conversion for argument 1 from ‘[01m[Kgz::sim::v7::components::Component<gz::math::v7::Pose3<double>, gz::sim::v7::components::PoseTag>[m[K’ to ‘[01m[Klong long int[m[K’
[0.710s]   201 |       operator<<([01;36m[Klong long __n[m[K)
[0.711s]       |                  [01;36m[K~~~~~~~~~~^~~[m[K
[0.711s] [01m[K/usr/include/c++/11/ostream:205:7:[m[K [01;36m[Knote: [m[Kcandidate: ‘[01m[Kstd::basic_ostream<_CharT, _Traits>::__ostream_type& std::basic_ostream<_CharT, _Traits>::operator<<(long long unsigned int) [with _CharT = char; _Traits = std::char_traits<char>; std::basic_ostream<_CharT, _Traits>::__ostream_type = std::basic_ostream<char>][m[K’
[0.711s]   205 |       [01;36m[Koperator[m[K<<(unsigned long long __n)
[0.711s]       |       [01;36m[K^~~~~~~~[m[K
[0.711s] [01m[K/usr/include/c++/11/ostream:205:37:[m[K [01;36m[Knote: [m[K  no known conversion for argument 1 from ‘[01m[Kgz::sim::v7::components::Component<gz::math::v7::Pose3<double>, gz::sim::v7::components::PoseTag>[m[K’ to ‘[01m[Klong long unsigned int[m[K’
[0.711s]   205 |       operator<<([01;36m[Kunsigned long long __n[m[K)
[0.711s]       |                  [01;36m[K~~~~~~~~~~~~~~~~~~~^~~[m[K
[0.711s] [01m[K/usr/include/c++/11/ostream:220:7:[m[K [01;36m[Knote: [m[Kcandidate: ‘[01m[Kstd::basic_ostream<_CharT, _Traits>::__ostream_type& std::basic_ostream<_CharT, _Traits>::operator<<(double) [with _CharT = char; _Traits = std::char_traits<char>; std::basic_ostream<_CharT, _Traits>::__ostream_type = std::basic_ostream<char>][m[K’
[0.711s]   220 |       [01;36m[Koperator[m[K<<(double __f)
[0.711s]       |       [01;36m[K^~~~~~~~[m[K
[0.711s] [01m[K/usr/include/c++/11/ostream:220:25:[m[K [01;36m[Knote: [m[K  no known conversion for argument 1 from ‘[01m[Kgz::sim::v7::components::Component<gz::math::v7::Pose3<double>, gz::sim::v7::components::PoseTag>[m[K’ to ‘[01m[Kdouble[m[K’
[0.711s]   220 |       operator<<([01;36m[Kdouble __f[m[K)
[0.711s]       |                  [01;36m[K~~~~~~~^~~[m[K
[0.711s] [01m[K/usr/include/c++/11/ostream:224:7:[m[K [01;36m[Knote: [m[Kcandidate: ‘[01m[Kstd::basic_ostream<_CharT, _Traits>::__ostream_type& std::basic_ostream<_CharT, _Traits>::operator<<(float) [with _CharT = char; _Traits = std::char_traits<char>; std::basic_ostream<_CharT, _Traits>::__ostream_type = std::basic_ostream<char>][m[K’
[0.711s]   224 |       [01;36m[Koperator[m[K<<(float __f)
[0.711s]       |       [01;36m[K^~~~~~~~[m[K
[0.711s] [01m[K/usr/include/c++/11/ostream:224:24:[m[K [01;36m[Knote: [m[K  no known conversion for argument 1 from ‘[01m[Kgz::sim::v7::components::Component<gz::math::v7::Pose3<double>, gz::sim::v7::components::PoseTag>[m[K’ to ‘[01m[Kfloat[m[K’
[0.711s]   224 |       operator<<([01;36m[Kfloat __f[m[K)
[0.711s]       |                  [01;36m[K~~~~~~^~~[m[K
[0.711s] [01m[K/usr/include/c++/11/ostream:232:7:[m[K [01;36m[Knote: [m[Kcandidate: ‘[01m[Kstd::basic_ostream<_CharT, _Traits>::__ostream_type& std::basic_ostream<_CharT, _Traits>::operator<<(long double) [with _CharT = char; _Traits = std::char_traits<char>; std::basic_ostream<_CharT, _Traits>::__ostream_type = std::basic_ostream<char>][m[K’
[0.711s]   232 |       [01;36m[Koperator[m[K<<(long double __f)
[0.711s]       |       [01;36m[K^~~~~~~~[m[K
[0.711s] [01m[K/usr/include/c++/11/ostream:232:30:[m[K [01;36m[Knote: [m[K  no known conversion for argument 1 from ‘[01m[Kgz::sim::v7::components::Component<gz::math::v7::Pose3<double>, gz::sim::v7::components::PoseTag>[m[K’ to ‘[01m[Klong double[m[K’
[0.711s]   232 |       operator<<([01;36m[Klong double __f[m[K)
[0.711s]       |                  [01;36m[K~~~~~~~~~~~~^~~[m[K
[0.711s] [01m[K/usr/include/c++/11/ostream:245:7:[m[K [01;36m[Knote: [m[Kcandidate: ‘[01m[Kstd::basic_ostream<_CharT, _Traits>::__ostream_type& std::basic_ostream<_CharT, _Traits>::operator<<(const void*) [with _CharT = char; _Traits = std::char_traits<char>; std::basic_ostream<_CharT, _Traits>::__ostream_type = std::basic_ostream<char>][m[K’
[0.711s]   245 |       [01;36m[Koperator[m[K<<(const void* __p)
[0.711s]       |       [01;36m[K^~~~~~~~[m[K
[0.711s] [01m[K/usr/include/c++/11/ostream:245:30:[m[K [01;36m[Knote: [m[K  no known conversion for argument 1 from ‘[01m[Kgz::sim::v7::components::Component<gz::math::v7::Pose3<double>, gz::sim::v7::components::PoseTag>[m[K’ to ‘[01m[Kconst void*[m[K’
[0.711s]   245 |       operator<<([01;36m[Kconst void* __p[m[K)
[0.711s]       |                  [01;36m[K~~~~~~~~~~~~^~~[m[K
[0.711s] [01m[K/usr/include/c++/11/ostream:250:7:[m[K [01;36m[Knote: [m[Kcandidate: ‘[01m[Kstd::basic_ostream<_CharT, _Traits>::__ostream_type& std::basic_ostream<_CharT, _Traits>::operator<<(std::nullptr_t) [with _CharT = char; _Traits = std::char_traits<char>; std::basic_ostream<_CharT, _Traits>::__ostream_type = std::basic_ostream<char>; std::nullptr_t = std::nullptr_t][m[K’
[0.711s]   250 |       [01;36m[Koperator[m[K<<(nullptr_t)
[0.711s]       |       [01;36m[K^~~~~~~~[m[K
[0.711s] [01m[K/usr/include/c++/11/ostream:250:18:[m[K [01;36m[Knote: [m[K  no known conversion for argument 1 from ‘[01m[Kgz::sim::v7::components::Component<gz::math::v7::Pose3<double>, gz::sim::v7::components::PoseTag>[m[K’ to ‘[01m[Kstd::nullptr_t[m[K’
[0.711s]   250 |       operator<<([01;36m[Knullptr_t[m[K)
[0.711s]       |                  [01;36m[K^~~~~~~~~[m[K
[0.711s] In file included from [01m[K/usr/include/c++/11/ostream:829[m[K,
[0.712s]                  from [01m[K/usr/include/c++/11/iostream:39[m[K,
[0.712s]                  from [01m[K/home/hollis/osu-uwrt/riptide_software/src/riptide_gazebo/Assets/Plugins/uwrt_gz/src/MoveEntity.cc:21[m[K:
[0.712s] [01m[K/usr/include/c++/11/bits/ostream.tcc:119:5:[m[K [01;36m[Knote: [m[Kcandidate: ‘[01m[Kstd::basic_ostream<_CharT, _Traits>& std::basic_ostream<_CharT, _Traits>::operator<<(std::basic_ostream<_CharT, _Traits>::__streambuf_type*) [with _CharT = char; _Traits = std::char_traits<char>; std::basic_ostream<_CharT, _Traits>::__streambuf_type = std::basic_streambuf<char>][m[K’
[0.712s]   119 |     [01;36m[Kbasic_ostream<_CharT, _Traits>[m[K::
[0.712s]       |     [01;36m[K^~~~~~~~~~~~~~~~~~~~~~~~~~~~~~[m[K
[0.712s] [01m[K/usr/include/c++/11/bits/ostream.tcc:120:34:[m[K [01;36m[Knote: [m[K  no known conversion for argument 1 from ‘[01m[Kgz::sim::v7::components::Component<gz::math::v7::Pose3<double>, gz::sim::v7::components::PoseTag>[m[K’ to ‘[01m[Kstd::basic_ostream<char>::__streambuf_type*[m[K’ {aka ‘[01m[Kstd::basic_streambuf<char>*[m[K’}
[0.712s]   120 |     operator<<([01;36m[K__streambuf_type* __sbin[m[K)
[0.712s]       |                [01;36m[K~~~~~~~~~~~~~~~~~~^~~~~~[m[K
[0.712s] In file included from [01m[K/usr/include/c++/11/bits/basic_string.h:48[m[K,
[0.712s]                  from [01m[K/usr/include/c++/11/string:55[m[K,
[0.712s]                  from [01m[K/home/hollis/osu-uwrt/riptide_software/src/riptide_gazebo/Assets/Plugins/uwrt_gz/src/MoveEntity.cc:20[m[K:
[0.712s] [01m[K/usr/include/c++/11/string_view:667:5:[m[K [01;36m[Knote: [m[Kcandidate: ‘[01m[Ktemplate<class _CharT, class _Traits> std::basic_ostream<_CharT, _Traits>& std::operator<<(std::basic_ostream<_CharT, _Traits>&, std::basic_string_view<_CharT, _Traits>)[m[K’
[0.712s]   667 |     [01;36m[Koperator[m[K<<(basic_ostream<_CharT, _Traits>& __os,
[0.712s]       |     [01;36m[K^~~~~~~~[m[K
[0.712s] [01m[K/usr/include/c++/11/string_view:667:5:[m[K [01;36m[Knote: [m[K  template argument deduction/substitution failed:
[0.712s] [01m[K/home/hollis/osu-uwrt/riptide_software/src/riptide_gazebo/Assets/Plugins/uwrt_gz/src/MoveEntity.cc:116:17:[m[K [01;36m[Knote: [m[K  ‘[01m[Kgz::sim::v7::components::Component<gz::math::v7::Pose3<double>, gz::sim::v7::components::PoseTag>[m[K’ is not derived from ‘[01m[Kstd::basic_string_view<_CharT, _Traits>[m[K’
[0.712s]   116 |   std::cout << *[01;36m[KposeComp[m[K << std::endl;
[0.712s]       |                 [01;36m[K^~~~~~~~[m[K
[0.712s] In file included from [01m[K/usr/include/c++/11/string:55[m[K,
[0.712s]                  from [01m[K/home/hollis/osu-uwrt/riptide_software/src/riptide_gazebo/Assets/Plugins/uwrt_gz/src/MoveEntity.cc:20[m[K:
[0.712s] [01m[K/usr/include/c++/11/bits/basic_string.h:6531:5:[m[K [01;36m[Knote: [m[Kcandidate: ‘[01m[Ktemplate<class _CharT, class _Traits, class _Alloc> std::basic_ostream<_CharT, _Traits>& std::operator<<(std::basic_ostream<_CharT, _Traits>&, const std::__cxx11::basic_string<_CharT, _Traits, _Allocator>&)[m[K’
[0.712s]  6531 |     [01;36m[Koperator[m[K<<(basic_ostream<_CharT, _Traits>& __os,
[0.712s]       |     [01;36m[K^~~~~~~~[m[K
[0.712s] [01m[K/usr/include/c++/11/bits/basic_string.h:6531:5:[m[K [01;36m[Knote: [m[K  template argument deduction/substitution failed:
[0.712s] [01m[K/home/hollis/osu-uwrt/riptide_software/src/riptide_gazebo/Assets/Plugins/uwrt_gz/src/MoveEntity.cc:116:17:[m[K [01;36m[Knote: [m[K  ‘[01m[Kgz::sim::v7::components::Component<gz::math::v7::Pose3<double>, gz::sim::v7::components::PoseTag>[m[K’ is not derived from ‘[01m[Kconst std::__cxx11::basic_string<_CharT, _Traits, _Allocator>[m[K’
[0.712s]   116 |   std::cout << *[01;36m[KposeComp[m[K << std::endl;
[0.712s]       |                 [01;36m[K^~~~~~~~[m[K
[0.712s] In file included from [01m[K/usr/include/c++/11/bits/ios_base.h:46[m[K,
[0.712s]                  from [01m[K/usr/include/c++/11/ios:42[m[K,
[0.712s]                  from [01m[K/usr/include/c++/11/ostream:38[m[K,
[0.712s]                  from [01m[K/usr/include/c++/11/iostream:39[m[K,
[0.712s]                  from [01m[K/home/hollis/osu-uwrt/riptide_software/src/riptide_gazebo/Assets/Plugins/uwrt_gz/src/MoveEntity.cc:21[m[K:
[0.712s] [01m[K/usr/include/c++/11/system_error:279:5:[m[K [01;36m[Knote: [m[Kcandidate: ‘[01m[Ktemplate<class _CharT, class _Traits> std::basic_ostream<_CharT, _Traits>& std::operator<<(std::basic_ostream<_CharT, _Traits>&, const std::error_code&)[m[K’
[0.712s]   279 |     [01;36m[Koperator[m[K<<(basic_ostream<_CharT, _Traits>& __os, const error_code& __e)
[0.712s]       |     [01;36m[K^~~~~~~~[m[K
[0.712s] [01m[K/usr/include/c++/11/system_error:279:5:[m[K [01;36m[Knote: [m[K  template argument deduction/substitution failed:
[0.712s] [01m[K/home/hollis/osu-uwrt/riptide_software/src/riptide_gazebo/Assets/Plugins/uwrt_gz/src/MoveEntity.cc:116:16:[m[K [01;36m[Knote: [m[K  cannot convert ‘[01m[K* poseComp[m[K’ (type ‘[01m[Kgz::sim::v7::components::Component<gz::math::v7::Pose3<double>, gz::sim::v7::components::PoseTag>[m[K’) to type ‘[01m[Kconst std::error_code&[m[K’
[0.712s]   116 |   std::cout << [01;36m[K*poseComp[m[K << std::endl;
[0.713s]       |                [01;36m[K^~~~~~~~~[m[K
[0.713s] In file included from [01m[K/usr/include/c++/11/iostream:39[m[K,
[0.713s]                  from [01m[K/home/hollis/osu-uwrt/riptide_software/src/riptide_gazebo/Assets/Plugins/uwrt_gz/src/MoveEntity.cc:21[m[K:
[0.713s] [01m[K/usr/include/c++/11/ostream:513:5:[m[K [01;36m[Knote: [m[Kcandidate: ‘[01m[Ktemplate<class _CharT, class _Traits> std::basic_ostream<_CharT, _Traits>& std::operator<<(std::basic_ostream<_CharT, _Traits>&, _CharT)[m[K’
[0.713s]   513 |     [01;36m[Koperator[m[K<<(basic_ostream<_CharT, _Traits>& __out, _CharT __c)
[0.713s]       |     [01;36m[K^~~~~~~~[m[K
[0.713s] [01m[K/usr/include/c++/11/ostream:513:5:[m[K [01;36m[Knote: [m[K  template argument deduction/substitution failed:
[0.713s] [01m[K/home/hollis/osu-uwrt/riptide_software/src/riptide_gazebo/Assets/Plugins/uwrt_gz/src/MoveEntity.cc:116:17:[m[K [01;36m[Knote: [m[K  deduced conflicting types for parameter ‘[01m[K_CharT[m[K’ (‘[01m[Kchar[m[K’ and ‘[01m[Kgz::sim::v7::components::Component<gz::math::v7::Pose3<double>, gz::sim::v7::components::PoseTag>[m[K’)
[0.713s]   116 |   std::cout << *[01;36m[KposeComp[m[K << std::endl;
[0.713s]       |                 [01;36m[K^~~~~~~~[m[K
[0.713s] In file included from [01m[K/usr/include/c++/11/iostream:39[m[K,
[0.713s]                  from [01m[K/home/hollis/osu-uwrt/riptide_software/src/riptide_gazebo/Assets/Plugins/uwrt_gz/src/MoveEntity.cc:21[m[K:
[0.713s] [01m[K/usr/include/c++/11/ostream:518:5:[m[K [01;36m[Knote: [m[Kcandidate: ‘[01m[Ktemplate<class _CharT, class _Traits> std::basic_ostream<_CharT, _Traits>& std::operator<<(std::basic_ostream<_CharT, _Traits>&, char)[m[K’
[0.713s]   518 |     [01;36m[Koperator[m[K<<(basic_ostream<_CharT, _Traits>& __out, char __c)
[0.713s]       |     [01;36m[K^~~~~~~~[m[K
[0.713s] [01m[K/usr/include/c++/11/ostream:518:5:[m[K [01;36m[Knote: [m[K  template argument deduction/substitution failed:
[0.713s] [01m[K/home/hollis/osu-uwrt/riptide_software/src/riptide_gazebo/Assets/Plugins/uwrt_gz/src/MoveEntity.cc:116:16:[m[K [01;36m[Knote: [m[K  cannot convert ‘[01m[K* poseComp[m[K’ (type ‘[01m[Kgz::sim::v7::components::Component<gz::math::v7::Pose3<double>, gz::sim::v7::components::PoseTag>[m[K’) to type ‘[01m[Kchar[m[K’
[0.713s]   116 |   std::cout << [01;36m[K*poseComp[m[K << std::endl;
[0.713s]       |                [01;36m[K^~~~~~~~~[m[K
[0.713s] In file included from [01m[K/usr/include/c++/11/iostream:39[m[K,
[0.713s]                  from [01m[K/home/hollis/osu-uwrt/riptide_software/src/riptide_gazebo/Assets/Plugins/uwrt_gz/src/MoveEntity.cc:21[m[K:
[0.713s] [01m[K/usr/include/c++/11/ostream:524:5:[m[K [01;36m[Knote: [m[Kcandidate: ‘[01m[Ktemplate<class _Traits> std::basic_ostream<char, _Traits>& std::operator<<(std::basic_ostream<char, _Traits>&, char)[m[K’
[0.713s]   524 |     [01;36m[Koperator[m[K<<(basic_ostream<char, _Traits>& __out, char __c)
[0.713s]       |     [01;36m[K^~~~~~~~[m[K
[0.713s] [01m[K/usr/include/c++/11/ostream:524:5:[m[K [01;36m[Knote: [m[K  template argument deduction/substitution failed:
[0.713s] [01m[K/home/hollis/osu-uwrt/riptide_software/src/riptide_gazebo/Assets/Plugins/uwrt_gz/src/MoveEntity.cc:116:16:[m[K [01;36m[Knote: [m[K  cannot convert ‘[01m[K* poseComp[m[K’ (type ‘[01m[Kgz::sim::v7::components::Component<gz::math::v7::Pose3<double>, gz::sim::v7::components::PoseTag>[m[K’) to type ‘[01m[Kchar[m[K’
[0.713s]   116 |   std::cout << [01;36m[K*poseComp[m[K << std::endl;
[0.713s]       |                [01;36m[K^~~~~~~~~[m[K
[0.713s] In file included from [01m[K/usr/include/c++/11/iostream:39[m[K,
[0.713s]                  from [01m[K/home/hollis/osu-uwrt/riptide_software/src/riptide_gazebo/Assets/Plugins/uwrt_gz/src/MoveEntity.cc:21[m[K:
[0.713s] [01m[K/usr/include/c++/11/ostream:530:5:[m[K [01;36m[Knote: [m[Kcandidate: ‘[01m[Ktemplate<class _Traits> std::basic_ostream<char, _Traits>& std::operator<<(std::basic_ostream<char, _Traits>&, signed char)[m[K’
[0.713s]   530 |     [01;36m[Koperator[m[K<<(basic_ostream<char, _Traits>& __out, signed char __c)
[0.713s]       |     [01;36m[K^~~~~~~~[m[K
[0.713s] [01m[K/usr/include/c++/11/ostream:530:5:[m[K [01;36m[Knote: [m[K  template argument deduction/substitution failed:
[0.713s] [01m[K/home/hollis/osu-uwrt/riptide_software/src/riptide_gazebo/Assets/Plugins/uwrt_gz/src/MoveEntity.cc:116:16:[m[K [01;36m[Knote: [m[K  cannot convert ‘[01m[K* poseComp[m[K’ (type ‘[01m[Kgz::sim::v7::components::Component<gz::math::v7::Pose3<double>, gz::sim::v7::components::PoseTag>[m[K’) to type ‘[01m[Ksigned char[m[K’
[0.713s]   116 |   std::cout << [01;36m[K*poseComp[m[K << std::endl;
[0.713s]       |                [01;36m[K^~~~~~~~~[m[K
[0.713s] In file included from [01m[K/usr/include/c++/11/iostream:39[m[K,
[0.713s]                  from [01m[K/home/hollis/osu-uwrt/riptide_software/src/riptide_gazebo/Assets/Plugins/uwrt_gz/src/MoveEntity.cc:21[m[K:
[0.714s] [01m[K/usr/include/c++/11/ostream:535:5:[m[K [01;36m[Knote: [m[Kcandidate: ‘[01m[Ktemplate<class _Traits> std::basic_ostream<char, _Traits>& std::operator<<(std::basic_ostream<char, _Traits>&, unsigned char)[m[K’
[0.714s]   535 |     [01;36m[Koperator[m[K<<(basic_ostream<char, _Traits>& __out, unsigned char __c)
[0.714s]       |     [01;36m[K^~~~~~~~[m[K
[0.714s] [01m[K/usr/include/c++/11/ostream:535:5:[m[K [01;36m[Knote: [m[K  template argument deduction/substitution failed:
[0.714s] [01m[K/home/hollis/osu-uwrt/riptide_software/src/riptide_gazebo/Assets/Plugins/uwrt_gz/src/MoveEntity.cc:116:16:[m[K [01;36m[Knote: [m[K  cannot convert ‘[01m[K* poseComp[m[K’ (type ‘[01m[Kgz::sim::v7::components::Component<gz::math::v7::Pose3<double>, gz::sim::v7::components::PoseTag>[m[K’) to type ‘[01m[Kunsigned char[m[K’
[0.714s]   116 |   std::cout << [01;36m[K*poseComp[m[K << std::endl;
[0.714s]       |                [01;36m[K^~~~~~~~~[m[K
[0.714s] In file included from [01m[K/usr/include/c++/11/iostream:39[m[K,
[0.714s]                  from [01m[K/home/hollis/osu-uwrt/riptide_software/src/riptide_gazebo/Assets/Plugins/uwrt_gz/src/MoveEntity.cc:21[m[K:
[0.714s] [01m[K/usr/include/c++/11/ostream:594:5:[m[K [01;36m[Knote: [m[Kcandidate: ‘[01m[Ktemplate<class _CharT, class _Traits> std::basic_ostream<_CharT, _Traits>& std::operator<<(std::basic_ostream<_CharT, _Traits>&, const _CharT*)[m[K’
[0.714s]   594 |     [01;36m[Koperator[m[K<<(basic_ostream<_CharT, _Traits>& __out, const _CharT* __s)
[0.714s]       |     [01;36m[K^~~~~~~~[m[K
[0.714s] [01m[K/usr/include/c++/11/ostream:594:5:[m[K [01;36m[Knote: [m[K  template argument deduction/substitution failed:
[0.714s] [01m[K/home/hollis/osu-uwrt/riptide_software/src/riptide_gazebo/Assets/Plugins/uwrt_gz/src/MoveEntity.cc:116:17:[m[K [01;36m[Knote: [m[K  mismatched types ‘[01m[Kconst _CharT*[m[K’ and ‘[01m[Kgz::sim::v7::components::Component<gz::math::v7::Pose3<double>, gz::sim::v7::components::PoseTag>[m[K’
[0.714s]   116 |   std::cout << *[01;36m[KposeComp[m[K << std::endl;
[0.714s]       |                 [01;36m[K^~~~~~~~[m[K
[0.714s] In file included from [01m[K/usr/include/c++/11/ostream:829[m[K,
[0.714s]                  from [01m[K/usr/include/c++/11/iostream:39[m[K,
[0.714s]                  from [01m[K/home/hollis/osu-uwrt/riptide_software/src/riptide_gazebo/Assets/Plugins/uwrt_gz/src/MoveEntity.cc:21[m[K:
[0.714s] [01m[K/usr/include/c++/11/bits/ostream.tcc:321:5:[m[K [01;36m[Knote: [m[Kcandidate: ‘[01m[Ktemplate<class _CharT, class _Traits> std::basic_ostream<_CharT, _Traits>& std::operator<<(std::basic_ostream<_CharT, _Traits>&, const char*)[m[K’
[0.714s]   321 |     [01;36m[Koperator[m[K<<(basic_ostream<_CharT, _Traits>& __out, const char* __s)
[0.714s]       |     [01;36m[K^~~~~~~~[m[K
[0.714s] [01m[K/usr/include/c++/11/bits/ostream.tcc:321:5:[m[K [01;36m[Knote: [m[K  template argument deduction/substitution failed:
[0.714s] [01m[K/home/hollis/osu-uwrt/riptide_software/src/riptide_gazebo/Assets/Plugins/uwrt_gz/src/MoveEntity.cc:116:16:[m[K [01;36m[Knote: [m[K  cannot convert ‘[01m[K* poseComp[m[K’ (type ‘[01m[Kgz::sim::v7::components::Component<gz::math::v7::Pose3<double>, gz::sim::v7::components::PoseTag>[m[K’) to type ‘[01m[Kconst char*[m[K’
[0.714s]   116 |   std::cout << [01;36m[K*poseComp[m[K << std::endl;
[0.714s]       |                [01;36m[K^~~~~~~~~[m[K
[0.714s] In file included from [01m[K/usr/include/c++/11/iostream:39[m[K,
[0.714s]                  from [01m[K/home/hollis/osu-uwrt/riptide_software/src/riptide_gazebo/Assets/Plugins/uwrt_gz/src/MoveEntity.cc:21[m[K:
[0.714s] [01m[K/usr/include/c++/11/ostream:611:5:[m[K [01;36m[Knote: [m[Kcandidate: ‘[01m[Ktemplate<class _Traits> std::basic_ostream<char, _Traits>& std::operator<<(std::basic_ostream<char, _Traits>&, const char*)[m[K’
[0.714s]   611 |     [01;36m[Koperator[m[K<<(basic_ostream<char, _Traits>& __out, const char* __s)
[0.714s]       |     [01;36m[K^~~~~~~~[m[K
[0.714s] [01m[K/usr/include/c++/11/ostream:611:5:[m[K [01;36m[Knote: [m[K  template argument deduction/substitution failed:
[0.714s] [01m[K/home/hollis/osu-uwrt/riptide_software/src/riptide_gazebo/Assets/Plugins/uwrt_gz/src/MoveEntity.cc:116:16:[m[K [01;36m[Knote: [m[K  cannot convert ‘[01m[K* poseComp[m[K’ (type ‘[01m[Kgz::sim::v7::components::Component<gz::math::v7::Pose3<double>, gz::sim::v7::components::PoseTag>[m[K’) to type ‘[01m[Kconst char*[m[K’
[0.714s]   116 |   std::cout << [01;36m[K*poseComp[m[K << std::endl;
[0.714s]       |                [01;36m[K^~~~~~~~~[m[K
[0.714s] In file included from [01m[K/usr/include/c++/11/iostream:39[m[K,
[0.714s]                  from [01m[K/home/hollis/osu-uwrt/riptide_software/src/riptide_gazebo/Assets/Plugins/uwrt_gz/src/MoveEntity.cc:21[m[K:
[0.715s] [01m[K/usr/include/c++/11/ostream:624:5:[m[K [01;36m[Knote: [m[Kcandidate: ‘[01m[Ktemplate<class _Traits> std::basic_ostream<char, _Traits>& std::operator<<(std::basic_ostream<char, _Traits>&, const signed char*)[m[K’
[0.715s]   624 |     [01;36m[Koperator[m[K<<(basic_ostream<char, _Traits>& __out, const signed char* __s)
[0.715s]       |     [01;36m[K^~~~~~~~[m[K
[0.715s] [01m[K/usr/include/c++/11/ostream:624:5:[m[K [01;36m[Knote: [m[K  template argument deduction/substitution failed:
[0.715s] [01m[K/home/hollis/osu-uwrt/riptide_software/src/riptide_gazebo/Assets/Plugins/uwrt_gz/src/MoveEntity.cc:116:16:[m[K [01;36m[Knote: [m[K  cannot convert ‘[01m[K* poseComp[m[K’ (type ‘[01m[Kgz::sim::v7::components::Component<gz::math::v7::Pose3<double>, gz::sim::v7::components::PoseTag>[m[K’) to type ‘[01m[Kconst signed char*[m[K’
[0.715s]   116 |   std::cout << [01;36m[K*poseComp[m[K << std::endl;
[0.715s]       |                [01;36m[K^~~~~~~~~[m[K
[0.715s] In file included from [01m[K/usr/include/c++/11/iostream:39[m[K,
[0.715s]                  from [01m[K/home/hollis/osu-uwrt/riptide_software/src/riptide_gazebo/Assets/Plugins/uwrt_gz/src/MoveEntity.cc:21[m[K:
[0.715s] [01m[K/usr/include/c++/11/ostream:629:5:[m[K [01;36m[Knote: [m[Kcandidate: ‘[01m[Ktemplate<class _Traits> std::basic_ostream<char, _Traits>& std::operator<<(std::basic_ostream<char, _Traits>&, const unsigned char*)[m[K’
[0.715s]   629 |     [01;36m[Koperator[m[K<<(basic_ostream<char, _Traits>& __out, const unsigned char* __s)
[0.715s]       |     [01;36m[K^~~~~~~~[m[K
[0.715s] [01m[K/usr/include/c++/11/ostream:629:5:[m[K [01;36m[Knote: [m[K  template argument deduction/substitution failed:
[0.715s] [01m[K/home/hollis/osu-uwrt/riptide_software/src/riptide_gazebo/Assets/Plugins/uwrt_gz/src/MoveEntity.cc:116:16:[m[K [01;36m[Knote: [m[K  cannot convert ‘[01m[K* poseComp[m[K’ (type ‘[01m[Kgz::sim::v7::components::Component<gz::math::v7::Pose3<double>, gz::sim::v7::components::PoseTag>[m[K’) to type ‘[01m[Kconst unsigned char*[m[K’
[0.715s]   116 |   std::cout << [01;36m[K*poseComp[m[K << std::endl;
[0.715s]       |                [01;36m[K^~~~~~~~~[m[K
[0.715s] In file included from [01m[K/usr/include/c++/11/iostream:39[m[K,
[0.715s]                  from [01m[K/home/hollis/osu-uwrt/riptide_software/src/riptide_gazebo/Assets/Plugins/uwrt_gz/src/MoveEntity.cc:21[m[K:
[0.715s] [01m[K/usr/include/c++/11/ostream:750:5:[m[K [01;36m[Knote: [m[Kcandidate: ‘[01m[Ktemplate<class _Ostream, class _Tp> _Ostream&& std::operator<<(_Ostream&&, const _Tp&)[m[K’
[0.715s]   750 |     [01;36m[Koperator[m[K<<(_Ostream&& __os, const _Tp& __x)
[0.715s]       |     [01;36m[K^~~~~~~~[m[K
[0.715s] [01m[K/usr/include/c++/11/ostream:750:5:[m[K [01;36m[Knote: [m[K  template argument deduction/substitution failed:
[0.715s] /usr/include/c++/11/ostream: In substitution of ‘[01m[Ktemplate<class _Ostream, class _Tp> _Ostream&& std::operator<<(_Ostream&&, const _Tp&) [with _Ostream = std::basic_ostream<char>&; _Tp = gz::sim::v7::components::Component<gz::math::v7::Pose3<double>, gz::sim::v7::components::PoseTag>][m[K’:
[0.715s] [01m[K/home/hollis/osu-uwrt/riptide_software/src/riptide_gazebo/Assets/Plugins/uwrt_gz/src/MoveEntity.cc:116:17:[m[K   required from here
[0.715s] [01m[K/usr/include/c++/11/ostream:750:5:[m[K [01;31m[Kerror: [m[Kno type named ‘[01m[Ktype[m[K’ in ‘[01m[Kstruct std::enable_if<false, void>[m[K’
[0.715s] In file included from [01m[K/usr/include/c++/11/memory:77[m[K,
[0.715s]                  from [01m[K/usr/include/gz/common5/gz/common/Console.hh:22[m[K,
[0.715s]                  from [01m[K/home/hollis/osu-uwrt/riptide_software/src/riptide_gazebo/Assets/Plugins/uwrt_gz/src/MoveEntity.cc:22[m[K:
[0.715s] [01m[K/usr/include/c++/11/bits/shared_ptr.h:70:5:[m[K [01;36m[Knote: [m[Kcandidate: ‘[01m[Ktemplate<class _Ch, class _Tr, class _Tp, __gnu_cxx::_Lock_policy _Lp> std::basic_ostream<_CharT, _Traits>& std::operator<<(std::basic_ostream<_CharT, _Traits>&, const std::__shared_ptr<_Tp, _Lp>&)[m[K’
[0.715s]    70 |     [01;36m[Koperator[m[K<<(std::basic_ostream<_Ch, _Tr>& __os,
[0.715s]       |     [01;36m[K^~~~~~~~[m[K
[0.715s] [01m[K/usr/include/c++/11/bits/shared_ptr.h:70:5:[m[K [01;36m[Knote: [m[K  template argument deduction/substitution failed:
[0.715s] [01m[K/home/hollis/osu-uwrt/riptide_software/src/riptide_gazebo/Assets/Plugins/uwrt_gz/src/MoveEntity.cc:116:17:[m[K [01;36m[Knote: [m[K  ‘[01m[Kgz::sim::v7::components::Component<gz::math::v7::Pose3<double>, gz::sim::v7::components::PoseTag>[m[K’ is not derived from ‘[01m[Kconst std::__shared_ptr<_Tp, _Lp>[m[K’
[0.715s]   116 |   std::cout << *[01;36m[KposeComp[m[K << std::endl;
[0.715s]       |                 [01;36m[K^~~~~~~~[m[K
[0.715s] In file included from [01m[K/usr/include/gz/common5/gz/common/Util.hh:25[m[K,
[0.715s]                  from [01m[K/usr/include/gz/common5/gz/common/Console.hh:26[m[K,
[0.715s]                  from [01m[K/home/hollis/osu-uwrt/riptide_software/src/riptide_gazebo/Assets/Plugins/uwrt_gz/src/MoveEntity.cc:22[m[K:
[0.715s] [01m[K/usr/include/c++/11/thread:92:5:[m[K [01;36m[Knote: [m[Kcandidate: ‘[01m[Ktemplate<class _CharT, class _Traits> std::basic_ostream<_CharT, _Traits>& std::operator<<(std::basic_ostream<_CharT, _Traits>&, std::thread::id)[m[K’
[0.716s]    92 |     [01;36m[Koperator[m[K<<(basic_ostream<_CharT, _Traits>& __out, thread::id __id)
[0.716s]       |     [01;36m[K^~~~~~~~[m[K
[0.716s] [01m[K/usr/include/c++/11/thread:92:5:[m[K [01;36m[Knote: [m[K  template argument deduction/substitution failed:
[0.716s] [01m[K/home/hollis/osu-uwrt/riptide_software/src/riptide_gazebo/Assets/Plugins/uwrt_gz/src/MoveEntity.cc:116:16:[m[K [01;36m[Knote: [m[K  cannot convert ‘[01m[K* poseComp[m[K’ (type ‘[01m[Kgz::sim::v7::components::Component<gz::math::v7::Pose3<double>, gz::sim::v7::components::PoseTag>[m[K’) to type ‘[01m[Kstd::thread::id[m[K’
[0.716s]   116 |   std::cout << [01;36m[K*poseComp[m[K << std::endl;
[0.716s]       |                [01;36m[K^~~~~~~~~[m[K
[0.716s] In file included from [01m[K/usr/include/google/protobuf/io/coded_stream.h:117[m[K,
[0.716s]                  from [01m[K/usr/include/gz/msgs9/gz/msgs/details/serialized.pb.h:23[m[K,
[0.716s]                  from [01m[K/usr/include/gz/msgs9/gz/msgs/serialized.pb.h:17[m[K,
[0.716s]                  from [01m[K/usr/include/gz/sim7/gz/sim/EntityComponentManager.hh:20[m[K,
[0.716s]                  from [01m[K/usr/include/gz/sim7/gz/sim/System.hh:23[m[K,
[0.716s]                  from [01m[K/home/hollis/osu-uwrt/riptide_software/src/riptide_gazebo/Assets/Plugins/uwrt_gz/src/MoveEntity.hh:23[m[K,
[0.716s]                  from [01m[K/home/hollis/osu-uwrt/riptide_software/src/riptide_gazebo/Assets/Plugins/uwrt_gz/src/MoveEntity.cc:30[m[K:
[0.716s] [01m[K/usr/include/c++/11/cstddef:125:5:[m[K [01;36m[Knote: [m[Kcandidate: ‘[01m[Ktemplate<class _IntegerType> constexpr std::__byte_op_t<_IntegerType> std::operator<<(std::byte, _IntegerType)[m[K’
[0.716s]   125 |     [01;36m[Koperator[m[K<<(byte __b, _IntegerType __shift) noexcept
[0.716s]       |     [01;36m[K^~~~~~~~[m[K
[0.716s] [01m[K/usr/include/c++/11/cstddef:125:5:[m[K [01;36m[Knote: [m[K  template argument deduction/substitution failed:
[0.716s] [01m[K/home/hollis/osu-uwrt/riptide_software/src/riptide_gazebo/Assets/Plugins/uwrt_gz/src/MoveEntity.cc:116:8:[m[K [01;36m[Knote: [m[K  cannot convert ‘[01m[Kstd::cout[m[K’ (type ‘[01m[Kstd::ostream[m[K’ {aka ‘[01m[Kstd::basic_ostream<char>[m[K’}) to type ‘[01m[Kstd::byte[m[K’
[0.716s]   116 |   [01;36m[Kstd::cout[m[K << *poseComp << std::endl;
[0.716s]       |   [01;36m[K~~~~~^~~~[m[K
[0.716s] In file included from [01m[K/usr/include/gz/sdformat13/sdf/Param.hh:26[m[K,
[0.716s]                  from [01m[K/usr/include/gz/sdformat13/sdf/Element.hh:28[m[K,
[0.716s]                  from [01m[K/usr/include/gz/sim7/gz/sim/System.hh:28[m[K,
[0.716s]                  from [01m[K/home/hollis/osu-uwrt/riptide_software/src/riptide_gazebo/Assets/Plugins/uwrt_gz/src/MoveEntity.hh:23[m[K,
[0.716s]                  from [01m[K/home/hollis/osu-uwrt/riptide_software/src/riptide_gazebo/Assets/Plugins/uwrt_gz/src/MoveEntity.cc:30[m[K:
[0.716s] [01m[K/usr/include/c++/11/iomanip:79:5:[m[K [01;36m[Knote: [m[Kcandidate: ‘[01m[Ktemplate<class _CharT, class _Traits> std::basic_ostream<_CharT, _Traits>& std::operator<<(std::basic_ostream<_CharT, _Traits>&, std::_Resetiosflags)[m[K’
[0.716s]    79 |     [01;36m[Koperator[m[K<<(basic_ostream<_CharT, _Traits>& __os, _Resetiosflags __f)
[0.716s]       |     [01;36m[K^~~~~~~~[m[K
[0.716s] [01m[K/usr/include/c++/11/iomanip:79:5:[m[K [01;36m[Knote: [m[K  template argument deduction/substitution failed:
[0.716s] [01m[K/home/hollis/osu-uwrt/riptide_software/src/riptide_gazebo/Assets/Plugins/uwrt_gz/src/MoveEntity.cc:116:16:[m[K [01;36m[Knote: [m[K  cannot convert ‘[01m[K* poseComp[m[K’ (type ‘[01m[Kgz::sim::v7::components::Component<gz::math::v7::Pose3<double>, gz::sim::v7::components::PoseTag>[m[K’) to type ‘[01m[Kstd::_Resetiosflags[m[K’
[0.716s]   116 |   std::cout << [01;36m[K*poseComp[m[K << std::endl;
[0.716s]       |                [01;36m[K^~~~~~~~~[m[K
[0.716s] In file included from [01m[K/usr/include/gz/sdformat13/sdf/Param.hh:26[m[K,
[0.716s]                  from [01m[K/usr/include/gz/sdformat13/sdf/Element.hh:28[m[K,
[0.716s]                  from [01m[K/usr/include/gz/sim7/gz/sim/System.hh:28[m[K,
[0.716s]                  from [01m[K/home/hollis/osu-uwrt/riptide_software/src/riptide_gazebo/Assets/Plugins/uwrt_gz/src/MoveEntity.hh:23[m[K,
[0.716s]                  from [01m[K/home/hollis/osu-uwrt/riptide_software/src/riptide_gazebo/Assets/Plugins/uwrt_gz/src/MoveEntity.cc:30[m[K:
[0.717s] [01m[K/usr/include/c++/11/iomanip:109:5:[m[K [01;36m[Knote: [m[Kcandidate: ‘[01m[Ktemplate<class _CharT, class _Traits> std::basic_ostream<_CharT, _Traits>& std::operator<<(std::basic_ostream<_CharT, _Traits>&, std::_Setiosflags)[m[K’
[0.717s]   109 |     [01;36m[Koperator[m[K<<(basic_ostream<_CharT, _Traits>& __os, _Setiosflags __f)
[0.717s]       |     [01;36m[K^~~~~~~~[m[K
[0.717s] [01m[K/usr/include/c++/11/iomanip:109:5:[m[K [01;36m[Knote: [m[K  template argument deduction/substitution failed:
[0.717s] [01m[K/home/hollis/osu-uwrt/riptide_software/src/riptide_gazebo/Assets/Plugins/uwrt_gz/src/MoveEntity.cc:116:16:[m[K [01;36m[Knote: [m[K  cannot convert ‘[01m[K* poseComp[m[K’ (type ‘[01m[Kgz::sim::v7::components::Component<gz::math::v7::Pose3<double>, gz::sim::v7::components::PoseTag>[m[K’) to type ‘[01m[Kstd::_Setiosflags[m[K’
[0.717s]   116 |   std::cout << [01;36m[K*poseComp[m[K << std::endl;
[0.717s]       |                [01;36m[K^~~~~~~~~[m[K
[0.717s] In file included from [01m[K/usr/include/gz/sdformat13/sdf/Param.hh:26[m[K,
[0.717s]                  from [01m[K/usr/include/gz/sdformat13/sdf/Element.hh:28[m[K,
[0.717s]                  from [01m[K/usr/include/gz/sim7/gz/sim/System.hh:28[m[K,
[0.717s]                  from [01m[K/home/hollis/osu-uwrt/riptide_software/src/riptide_gazebo/Assets/Plugins/uwrt_gz/src/MoveEntity.hh:23[m[K,
[0.717s]                  from [01m[K/home/hollis/osu-uwrt/riptide_software/src/riptide_gazebo/Assets/Plugins/uwrt_gz/src/MoveEntity.cc:30[m[K:
[0.717s] [01m[K/usr/include/c++/11/iomanip:143:5:[m[K [01;36m[Knote: [m[Kcandidate: ‘[01m[Ktemplate<class _CharT, class _Traits> std::basic_ostream<_CharT, _Traits>& std::operator<<(std::basic_ostream<_CharT, _Traits>&, std::_Setbase)[m[K’
[0.717s]   143 |     [01;36m[Koperator[m[K<<(basic_ostream<_CharT, _Traits>& __os, _Setbase __f)
[0.717s]       |     [01;36m[K^~~~~~~~[m[K
[0.717s] [01m[K/usr/include/c++/11/iomanip:143:5:[m[K [01;36m[Knote: [m[K  template argument deduction/substitution failed:
[0.717s] [01m[K/home/hollis/osu-uwrt/riptide_software/src/riptide_gazebo/Assets/Plugins/uwrt_gz/src/MoveEntity.cc:116:16:[m[K [01;36m[Knote: [m[K  cannot convert ‘[01m[K* poseComp[m[K’ (type ‘[01m[Kgz::sim::v7::components::Component<gz::math::v7::Pose3<double>, gz::sim::v7::components::PoseTag>[m[K’) to type ‘[01m[Kstd::_Setbase[m[K’
[0.717s]   116 |   std::cout << [01;36m[K*poseComp[m[K << std::endl;
[0.717s]       |                [01;36m[K^~~~~~~~~[m[K
[0.717s] In file included from [01m[K/usr/include/gz/sdformat13/sdf/Param.hh:26[m[K,
[0.717s]                  from [01m[K/usr/include/gz/sdformat13/sdf/Element.hh:28[m[K,
[0.717s]                  from [01m[K/usr/include/gz/sim7/gz/sim/System.hh:28[m[K,
[0.717s]                  from [01m[K/home/hollis/osu-uwrt/riptide_software/src/riptide_gazebo/Assets/Plugins/uwrt_gz/src/MoveEntity.hh:23[m[K,
[0.717s]                  from [01m[K/home/hollis/osu-uwrt/riptide_software/src/riptide_gazebo/Assets/Plugins/uwrt_gz/src/MoveEntity.cc:30[m[K:
[0.717s] [01m[K/usr/include/c++/11/iomanip:178:5:[m[K [01;36m[Knote: [m[Kcandidate: ‘[01m[Ktemplate<class _CharT, class _Traits> std::basic_ostream<_CharT, _Traits>& std::operator<<(std::basic_ostream<_CharT, _Traits>&, std::_Setfill<_CharT>)[m[K’
[0.717s]   178 |     [01;36m[Koperator[m[K<<(basic_ostream<_CharT, _Traits>& __os, _Setfill<_CharT> __f)
[0.717s]       |     [01;36m[K^~~~~~~~[m[K
[0.717s] [01m[K/usr/include/c++/11/iomanip:178:5:[m[K [01;36m[Knote: [m[K  template argument deduction/substitution failed:
[0.717s] [01m[K/home/hollis/osu-uwrt/riptide_software/src/riptide_gazebo/Assets/Plugins/uwrt_gz/src/MoveEntity.cc:116:17:[m[K [01;36m[Knote: [m[K  ‘[01m[Kgz::sim::v7::components::Component<gz::math::v7::Pose3<double>, gz::sim::v7::components::PoseTag>[m[K’ is not derived from ‘[01m[Kstd::_Setfill<_CharT>[m[K’
[0.717s]   116 |   std::cout << *[01;36m[KposeComp[m[K << std::endl;
[0.717s]       |                 [01;36m[K^~~~~~~~[m[K
[0.717s] In file included from [01m[K/usr/include/gz/sdformat13/sdf/Param.hh:26[m[K,
[0.717s]                  from [01m[K/usr/include/gz/sdformat13/sdf/Element.hh:28[m[K,
[0.717s]                  from [01m[K/usr/include/gz/sim7/gz/sim/System.hh:28[m[K,
[0.717s]                  from [01m[K/home/hollis/osu-uwrt/riptide_software/src/riptide_gazebo/Assets/Plugins/uwrt_gz/src/MoveEntity.hh:23[m[K,
[0.717s]                  from [01m[K/home/hollis/osu-uwrt/riptide_software/src/riptide_gazebo/Assets/Plugins/uwrt_gz/src/MoveEntity.cc:30[m[K:
[0.717s] [01m[K/usr/include/c++/11/iomanip:208:5:[m[K [01;36m[Knote: [m[Kcandidate: ‘[01m[Ktemplate<class _CharT, class _Traits> std::basic_ostream<_CharT, _Traits>& std::operator<<(std::basic_ostream<_CharT, _Traits>&, std::_Setprecision)[m[K’
[0.717s]   208 |     [01;36m[Koperator[m[K<<(basic_ostream<_CharT, _Traits>& __os, _Setprecision __f)
[0.718s]       |     [01;36m[K^~~~~~~~[m[K
[0.718s] [01m[K/usr/include/c++/11/iomanip:208:5:[m[K [01;36m[Knote: [m[K  template argument deduction/substitution failed:
[0.718s] [01m[K/home/hollis/osu-uwrt/riptide_software/src/riptide_gazebo/Assets/Plugins/uwrt_gz/src/MoveEntity.cc:116:16:[m[K [01;36m[Knote: [m[K  cannot convert ‘[01m[K* poseComp[m[K’ (type ‘[01m[Kgz::sim::v7::components::Component<gz::math::v7::Pose3<double>, gz::sim::v7::components::PoseTag>[m[K’) to type ‘[01m[Kstd::_Setprecision[m[K’
[0.718s]   116 |   std::cout << [01;36m[K*poseComp[m[K << std::endl;
[0.718s]       |                [01;36m[K^~~~~~~~~[m[K
[0.718s] In file included from [01m[K/usr/include/gz/sdformat13/sdf/Param.hh:26[m[K,
[0.718s]                  from [01m[K/usr/include/gz/sdformat13/sdf/Element.hh:28[m[K,
[0.718s]                  from [01m[K/usr/include/gz/sim7/gz/sim/System.hh:28[m[K,
[0.718s]                  from [01m[K/home/hollis/osu-uwrt/riptide_software/src/riptide_gazebo/Assets/Plugins/uwrt_gz/src/MoveEntity.hh:23[m[K,
[0.718s]                  from [01m[K/home/hollis/osu-uwrt/riptide_software/src/riptide_gazebo/Assets/Plugins/uwrt_gz/src/MoveEntity.cc:30[m[K:
[0.718s] [01m[K/usr/include/c++/11/iomanip:238:5:[m[K [01;36m[Knote: [m[Kcandidate: ‘[01m[Ktemplate<class _CharT, class _Traits> std::basic_ostream<_CharT, _Traits>& std::operator<<(std::basic_ostream<_CharT, _Traits>&, std::_Setw)[m[K’
[0.718s]   238 |     [01;36m[Koperator[m[K<<(basic_ostream<_CharT, _Traits>& __os, _Setw __f)
[0.718s]       |     [01;36m[K^~~~~~~~[m[K
[0.718s] [01m[K/usr/include/c++/11/iomanip:238:5:[m[K [01;36m[Knote: [m[K  template argument deduction/substitution failed:
[0.718s] [01m[K/home/hollis/osu-uwrt/riptide_software/src/riptide_gazebo/Assets/Plugins/uwrt_gz/src/MoveEntity.cc:116:16:[m[K [01;36m[Knote: [m[K  cannot convert ‘[01m[K* poseComp[m[K’ (type ‘[01m[Kgz::sim::v7::components::Component<gz::math::v7::Pose3<double>, gz::sim::v7::components::PoseTag>[m[K’) to type ‘[01m[Kstd::_Setw[m[K’
[0.718s]   116 |   std::cout << [01;36m[K*poseComp[m[K << std::endl;
[0.718s]       |                [01;36m[K^~~~~~~~~[m[K
[0.718s] In file included from [01m[K/usr/include/gz/sdformat13/sdf/Param.hh:26[m[K,
[0.718s]                  from [01m[K/usr/include/gz/sdformat13/sdf/Element.hh:28[m[K,
[0.718s]                  from [01m[K/usr/include/gz/sim7/gz/sim/System.hh:28[m[K,
[0.718s]                  from [01m[K/home/hollis/osu-uwrt/riptide_software/src/riptide_gazebo/Assets/Plugins/uwrt_gz/src/MoveEntity.hh:23[m[K,
[0.718s]                  from [01m[K/home/hollis/osu-uwrt/riptide_software/src/riptide_gazebo/Assets/Plugins/uwrt_gz/src/MoveEntity.cc:30[m[K:
[0.718s] [01m[K/usr/include/c++/11/iomanip:311:5:[m[K [01;36m[Knote: [m[Kcandidate: ‘[01m[Ktemplate<class _CharT, class _Traits, class _MoneyT> std::basic_ostream<_CharT, _Traits>& std::operator<<(std::basic_ostream<_CharT, _Traits>&, std::_Put_money<_MoneyT>)[m[K’
[0.718s]   311 |     [01;36m[Koperator[m[K<<(basic_ostream<_CharT, _Traits>& __os, _Put_money<_MoneyT> __f)
[0.718s]       |     [01;36m[K^~~~~~~~[m[K
[0.718s] [01m[K/usr/include/c++/11/iomanip:311:5:[m[K [01;36m[Knote: [m[K  template argument deduction/substitution failed:
[0.718s] [01m[K/home/hollis/osu-uwrt/riptide_software/src/riptide_gazebo/Assets/Plugins/uwrt_gz/src/MoveEntity.cc:116:17:[m[K [01;36m[Knote: [m[K  ‘[01m[Kgz::sim::v7::components::Component<gz::math::v7::Pose3<double>, gz::sim::v7::components::PoseTag>[m[K’ is not derived from ‘[01m[Kstd::_Put_money<_MoneyT>[m[K’
[0.718s]   116 |   std::cout << *[01;36m[KposeComp[m[K << std::endl;
[0.718s]       |                 [01;36m[K^~~~~~~~[m[K
[0.718s] In file included from [01m[K/usr/include/gz/sdformat13/sdf/Param.hh:26[m[K,
[0.718s]                  from [01m[K/usr/include/gz/sdformat13/sdf/Element.hh:28[m[K,
[0.718s]                  from [01m[K/usr/include/gz/sim7/gz/sim/System.hh:28[m[K,
[0.718s]                  from [01m[K/home/hollis/osu-uwrt/riptide_software/src/riptide_gazebo/Assets/Plugins/uwrt_gz/src/MoveEntity.hh:23[m[K,
[0.718s]                  from [01m[K/home/hollis/osu-uwrt/riptide_software/src/riptide_gazebo/Assets/Plugins/uwrt_gz/src/MoveEntity.cc:30[m[K:
[0.718s] [01m[K/usr/include/c++/11/iomanip:363:5:[m[K [01;36m[Knote: [m[Kcandidate: ‘[01m[Ktemplate<class _CharT, class _Traits> std::basic_ostream<_CharT, _Traits>& std::operator<<(std::basic_ostream<_CharT, _Traits>&, std::_Put_time<_CharT>)[m[K’
[0.718s]   363 |     [01;36m[Koperator[m[K<<(basic_ostream<_CharT, _Traits>& __os, _Put_time<_CharT> __f)
[0.718s]       |     [01;36m[K^~~~~~~~[m[K
[0.718s] [01m[K/usr/include/c++/11/iomanip:363:5:[m[K [01;36m[Knote: [m[K  template argument deduction/substitution failed:
[0.718s] [01m[K/home/hollis/osu-uwrt/riptide_software/src/riptide_gazebo/Assets/Plugins/uwrt_gz/src/MoveEntity.cc:116:17:[m[K [01;36m[Knote: [m[K  ‘[01m[Kgz::sim::v7::components::Component<gz::math::v7::Pose3<double>, gz::sim::v7::components::PoseTag>[m[K’ is not derived from ‘[01m[Kstd::_Put_time<_CharT>[m[K’
[0.719s]   116 |   std::cout << *[01;36m[KposeComp[m[K << std::endl;
[0.719s]       |                 [01;36m[K^~~~~~~~[m[K
[0.719s] In file included from [01m[K/usr/include/gz/sim7/gz/sim/components/Pose.hh:20[m[K,
[0.719s]                  from [01m[K/home/hollis/osu-uwrt/riptide_software/src/riptide_gazebo/Assets/Plugins/uwrt_gz/src/MoveEntity.cc:23[m[K:
[0.719s] [01m[K/usr/include/gz/math7/gz/math/Pose3.hh:504:36:[m[K [01;36m[Knote: [m[Kcandidate: ‘[01m[Kstd::ostream& gz::math::v7::operator<<(std::ostream&, const gz::math::v7::Pose3<double>&)[m[K’
[0.719s]   504 |       public: friend std::ostream &[01;36m[Koperator[m[K<<(
[0.719s]       |                                    [01;36m[K^~~~~~~~[m[K
[0.719s] [01m[K/usr/include/gz/math7/gz/math/Pose3.hh:505:65:[m[K [01;36m[Knote: [m[K  no known conversion for argument 2 from ‘[01m[Kgz::sim::v7::components::Component<gz::math::v7::Pose3<double>, gz::sim::v7::components::PoseTag>[m[K’ to ‘[01m[Kconst gz::math::v7::Pose3<double>&[m[K’
[0.719s]   505 |                   std::ostream &_out, [01;36m[Kconst gz::math::Pose3<T> &_pose[m[K)
[0.719s]       |                                       [01;36m[K~~~~~~~~~~~~~~~~~~~~~~~~~~^~~~~[m[K
[0.719s] [01m[K/home/hollis/osu-uwrt/riptide_software/src/riptide_gazebo/Assets/Plugins/uwrt_gz/src/MoveEntity.cc:67:55:[m[K [01;35m[Kwarning: [m[Kunused parameter ‘[01m[K_info[m[K’ [[01;35m[K]8;;https://gcc.gnu.org/onlinedocs/gcc/Warning-Options.html#index-Wunused-parameter-Wunused-parameter]8;;[m[K]
[0.719s]    67 | void MoveEntity::PreUpdate([01;35m[Kconst gz::sim::UpdateInfo &_info[m[K,
[0.719s]       |                            [01;35m[K~~~~~~~~~~~~~~~~~~~~~~~~~~~^~~~~[m[K
[0.923s] gmake[2]: *** [CMakeFiles/MoveEntity.dir/build.make:76: CMakeFiles/MoveEntity.dir/src/MoveEntity.cc.o] Error 1
[0.923s] gmake[1]: *** [CMakeFiles/Makefile2:137: CMakeFiles/MoveEntity.dir/all] Error 2
[0.924s] gmake: *** [Makefile:146: all] Error 2
[0.926s] Invoked command in '/home/hollis/osu-uwrt/riptide_software/src/riptide_gazebo/Assets/Plugins/build/uwrt_gz' returned '2': CMAKE_PREFIX_PATH=${CMAKE_PREFIX_PATH}:/home/hollis/osu-uwrt/dependencies/install/microstrain_inertial_rqt:/home/hollis/osu-uwrt/dependencies/install/echo_video:/home/hollis/osu-uwrt/dependencies/install/camera_calibration:/home/hollis/osu-uwrt/riptide_software/install/riptide_teleop2:/home/hollis/osu-uwrt/riptide_software/install/riptide_rqt_plugins2:/home/hollis/osu-uwrt/riptide_software/install/riptide_hardware2:/home/hollis/osu-uwrt/riptide_software/install/riptide_controllers2:/home/hollis/osu-uwrt/riptide_software/install/riptide_mapping2:/home/hollis/osu-uwrt/riptide_software/install/riptide_localization2:/home/hollis/osu-uwrt/riptide_software/install/riptide_bringup2:/home/hollis/osu-uwrt/riptide_software/install/riptide_SNIB:/opt/ros/humble /usr/bin/cmake --build /home/hollis/osu-uwrt/riptide_software/src/riptide_gazebo/Assets/Plugins/build/uwrt_gz -- -j20 -l20
