[0.039s] Invoking command in '/home/toby/osu-uwrt/development/software/src/riptide_gazebo/Assets/Plugins/uwrt_gui/build/CompObjectsPlugin': /usr/bin/cmake --build /home/toby/osu-uwrt/development/software/src/riptide_gazebo/Assets/Plugins/uwrt_gui/build/CompObjectsPlugin -- -j12 -l12
[0.107s] -- Looking for gz-sim7 -- found version 7.0.0
[0.116s] -- Searching for dependencies of gz-sim7
[0.117s] -- Looking for sdformat13 -- found version 13.2.0
[0.117s] -- Searching for dependencies of sdformat13
[0.123s] -- Checking for module 'tinyxml2'
[0.139s] --   Found tinyxml2, version 9.0.0
[0.167s] -- Looking for gz-math7 -- found version 7.0.2
[0.168s] -- Searching for dependencies of gz-math7
[0.169s] -- Looking for gz-utils2 -- found version 2.0.0
[0.170s] -- Searching for dependencies of gz-utils2
[0.171s] -- Looking for gz-utils2 -- found version 2.0.0
[0.172s] -- Searching for dependencies of gz-utils2
[0.172s] -- Searching for <gz-utils2> component [cli]
[0.173s] -- Looking for gz-utils2-cli -- found version 2.0.0
[0.173s] -- Searching for dependencies of gz-utils2-cli
[0.175s] -- Looking for gz-plugin2 -- found version 2.0.0
[0.176s] -- Searching for dependencies of gz-plugin2
[0.176s] -- Looking for gz-utils2 -- found version 2.0.0
[0.177s] -- Searching for <gz-plugin2> component [loader]
[0.178s] -- Looking for gz-plugin2-loader -- found version 2.0.0
[0.178s] -- Searching for dependencies of gz-plugin2-loader
[0.179s] -- Searching for <gz-plugin2> component [register]
[0.180s] -- Looking for gz-plugin2-register -- found version 2.0.0
[0.180s] -- Searching for dependencies of gz-plugin2-register
[0.182s] -- Looking for gz-transport12 -- found version 12.0.0
[0.182s] -- Searching for dependencies of gz-transport12
[0.227s] -- Config-file not installed for ZeroMQ -- checking for pkg-config
[0.231s] -- Checking for module 'libzmq >= 4'
[0.247s] --   Found libzmq , version 4.3.4
[0.284s] -- Checking for module 'uuid'
[0.298s] --   Found uuid, version 2.37.2
[0.328s] -- Looking for gz-utils2 -- found version 2.0.0
[0.329s] -- Looking for gz-msgs9 -- found version 9.0.0
[0.330s] -- Searching for dependencies of gz-msgs9
[0.352s] -- Looking for gz-math7 -- found version 7.0.2
[0.376s] -- Searching for <gz-transport12> component [log]
[0.377s] -- Looking for gz-transport12-log -- found version 12.0.0
[0.377s] -- Searching for dependencies of gz-transport12-log
[0.378s] -- Looking for gz-msgs9 -- found version 9.0.0
[0.379s] -- Looking for gz-common5 -- found version 5.2.2
[0.380s] -- Searching for dependencies of gz-common5
[0.380s] -- Looking for gz-utils2 -- found version 2.0.0
[0.381s] -- Looking for dlfcn.h - found
[0.381s] -- Looking for libdl - found
[0.392s] -- Searching for <gz-common5> component [profiler]
[0.393s] -- Looking for gz-common5-profiler -- found version 5.2.2
[0.393s] -- Searching for dependencies of gz-common5-profiler
[0.394s] -- Searching for <gz-common5> component [events]
[0.395s] -- Looking for gz-common5-events -- found version 5.2.2
[0.396s] -- Searching for dependencies of gz-common5-events
[0.396s] -- Looking for gz-math7 -- found version 7.0.2
[0.397s] -- Searching for <gz-common5> component [av]
[0.398s] -- Looking for gz-common5-av -- found version 5.2.2
[0.398s] -- Searching for dependencies of gz-common5-av
[0.404s] -- Checking for module 'libswscale'
[0.417s] --   Found libswscale, version 5.9.100
[0.453s] -- Checking for module 'libavdevice >= 56.4.100'
[0.467s] --   Found libavdevice , version 58.13.100
[0.506s] -- Checking for module 'libavformat'
[0.519s] --   Found libavformat, version 58.76.100
[0.555s] -- Checking for module 'libavcodec'
[0.568s] --   Found libavcodec, version 58.134.100
[0.604s] -- Checking for module 'libavutil'
[0.617s] --   Found libavutil, version 56.70.100
[0.651s] -- Looking for gz-fuel_tools8 -- found version 8.0.0
[0.651s] -- Searching for dependencies of gz-fuel_tools8
[0.692s] -- Checking for module 'jsoncpp'
[0.706s] --   Found jsoncpp, version 1.9.5
[0.744s] -- Checking for module 'libzip'
[0.757s] --   Found libzip, version 1.7.3
[0.788s] -- Looking for gz-utils2 -- found version 2.0.0
[0.788s] -- Looking for gz-common5 -- found version 5.2.2
[0.789s] -- Looking for gz-math7 -- found version 7.0.2
[0.789s] -- Looking for gz-msgs9 -- found version 9.0.0
[0.791s] -- Looking for gz-gui7 -- found version 7.0.0
[0.792s] -- Searching for dependencies of gz-gui7
[0.820s] -- Looking for gz-utils2 -- found version 2.0.0
[0.821s] -- Looking for gz-math7 -- found version 7.0.2
[0.821s] -- Looking for gz-common5 -- found version 5.2.2
[0.822s] -- Looking for gz-plugin2 -- found version 2.0.0
[0.822s] -- Looking for gz-transport12 -- found version 12.0.0
[0.823s] -- Looking for gz-rendering7 -- found version 7.1.0
[0.824s] -- Searching for dependencies of gz-rendering7
[0.824s] -- Looking for gz-math7 -- found version 7.0.2
[0.824s] -- Searching for dependencies of gz-math7
[0.825s] -- Looking for gz-utils2 -- found version 2.0.0
[0.825s] -- Searching for <gz-math7> component [eigen3]
[0.826s] -- Looking for gz-math7-eigen3 -- found version 7.0.2
[0.826s] -- Searching for dependencies of gz-math7-eigen3
[0.828s] -- Looking for gz-common5 -- found version 5.2.2
[0.829s] -- Searching for dependencies of gz-common5
[0.830s] -- Looking for gz-utils2 -- found version 2.0.0
[0.830s] -- Looking for dlfcn.h - found
[0.830s] -- Looking for libdl - found
[0.840s] -- Searching for <gz-common5> component [graphics]
[0.841s] -- Looking for gz-common5-graphics -- found version 5.2.2
[0.841s] -- Searching for dependencies of gz-common5-graphics
[0.842s] -- Looking for gz-math7 -- found version 7.0.2
[0.846s] -- Searching for <gz-common5> component [events]
[0.847s] -- Searching for <gz-common5> component [geospatial]
[0.847s] -- Looking for gz-common5-geospatial -- found version 5.2.2
[0.848s] -- Searching for dependencies of gz-common5-geospatial
[0.848s] -- Looking for gz-math7 -- found version 7.0.2
[0.849s] -- Looking for gz-common5 -- found version 5.2.2
[0.850s] -- Looking for gz-plugin2 -- found version 2.0.0
[0.851s] -- Searching for dependencies of gz-plugin2
[0.851s] -- Looking for gz-utils2 -- found version 2.0.0
[0.852s] -- Searching for <gz-plugin2> component [all]
[0.852s] -- Looking for all libraries of gz-plugin2 -- found version 2.0.0
[0.853s] -- Looking for gz-plugin2 -- found version 2.0.0
[0.855s] -- Looking for gz-utils2 -- found version 2.0.0
[0.856s] -- Looking for gz-msgs9 -- found version 9.0.0
[0.883s] -- Looking for gz-physics6 -- found version 6.1.0
[0.884s] -- Searching for dependencies of gz-physics6
[0.884s] -- Looking for gz-math7 -- found version 7.0.2
[0.885s] -- Looking for gz-plugin2 -- found version 2.0.0
[0.885s] -- Looking for gz-utils2 -- found version 2.0.0
[0.887s] -- Searching for <gz-physics6> component [heightmap]
[0.887s] -- Looking for gz-physics6-heightmap -- found version 6.1.0
[0.888s] -- Searching for dependencies of gz-physics6-heightmap
[0.888s] -- Looking for gz-common5 -- found version 5.2.2
[0.889s] -- Searching for <gz-physics6> component [mesh]
[0.890s] -- Looking for gz-physics6-mesh -- found version 6.1.0
[0.890s] -- Searching for dependencies of gz-physics6-mesh
[0.890s] -- Looking for gz-common5 -- found version 5.2.2
[0.891s] -- Searching for <gz-physics6> component [sdf]
[0.892s] -- Looking for gz-physics6-sdf -- found version 6.1.0
[0.892s] -- Searching for dependencies of gz-physics6-sdf
[0.893s] -- Looking for sdformat13 -- found version 13.2.0
[0.894s] -- Looking for gz-sensors7 -- found version 7.0.0
[0.895s] -- Searching for dependencies of gz-sensors7
[0.916s] -- Looking for gz-math7 -- found version 7.0.2
[0.916s] -- Looking for gz-common5 -- found version 5.2.2
[0.917s] -- Looking for gz-transport12 -- found version 12.0.0
[0.917s] -- Looking for gz-rendering7 -- found version 7.1.0
[0.918s] -- Looking for gz-msgs9 -- found version 9.0.0
[0.918s] -- Looking for sdformat13 -- found version 13.2.0
[0.919s] -- Searching for <gz-sensors7> component [air_pressure]
[0.920s] -- Looking for gz-sensors7-air_pressure -- found version 7.0.0
[0.921s] -- Searching for dependencies of gz-sensors7-air_pressure
[0.922s] -- Searching for <gz-sensors7> component [altimeter]
[0.922s] -- Looking for gz-sensors7-altimeter -- found version 7.0.0
[0.923s] -- Searching for dependencies of gz-sensors7-altimeter
[0.924s] -- Searching for <gz-sensors7> component [imu]
[0.925s] -- Looking for gz-sensors7-imu -- found version 7.0.0
[0.925s] -- Searching for dependencies of gz-sensors7-imu
[0.926s] -- Searching for <gz-sensors7> component [force_torque]
[0.927s] -- Looking for gz-sensors7-force_torque -- found version 7.0.0
[0.927s] -- Searching for dependencies of gz-sensors7-force_torque
[0.928s] -- Searching for <gz-sensors7> component [logical_camera]
[0.929s] -- Looking for gz-sensors7-logical_camera -- found version 7.0.0
[0.930s] -- Searching for dependencies of gz-sensors7-logical_camera
[0.931s] -- Searching for <gz-sensors7> component [magnetometer]
[0.932s] -- Looking for gz-sensors7-magnetometer -- found version 7.0.0
[0.932s] -- Searching for dependencies of gz-sensors7-magnetometer
[0.933s] -- Searching for <gz-sensors7> component [navsat]
[0.934s] -- Looking for gz-sensors7-navsat -- found version 7.0.0
[0.934s] -- Searching for dependencies of gz-sensors7-navsat
[0.935s] -- Searching for <gz-sensors7> component [rendering]
[0.936s] -- Looking for gz-sensors7-rendering -- found version 7.0.0
[0.936s] -- Searching for dependencies of gz-sensors7-rendering
[0.937s] -- Searching for <gz-sensors7> component [lidar]
[0.938s] -- Looking for gz-sensors7-lidar -- found version 7.0.0
[0.938s] -- Searching for dependencies of gz-sensors7-lidar
[0.939s] -- Searching for <gz-sensors7> component [gpu_lidar]
[0.940s] -- Looking for gz-sensors7-gpu_lidar -- found version 7.0.0
[0.940s] -- Searching for dependencies of gz-sensors7-gpu_lidar
[0.941s] -- Searching for <gz-sensors7> component [camera]
[0.942s] -- Looking for gz-sensors7-camera -- found version 7.0.0
[0.943s] -- Searching for dependencies of gz-sensors7-camera
[0.944s] -- Searching for <gz-sensors7> component [boundingbox_camera]
[0.944s] -- Looking for gz-sensors7-boundingbox_camera -- found version 7.0.0
[0.945s] -- Searching for dependencies of gz-sensors7-boundingbox_camera
[0.946s] -- Searching for <gz-sensors7> component [segmentation_camera]
[0.947s] -- Looking for gz-sensors7-segmentation_camera -- found version 7.0.0
[0.947s] -- Searching for dependencies of gz-sensors7-segmentation_camera
[0.948s] -- Searching for <gz-sensors7> component [depth_camera]
[0.949s] -- Looking for gz-sensors7-depth_camera -- found version 7.0.0
[0.949s] -- Searching for dependencies of gz-sensors7-depth_camera
[0.950s] -- Searching for <gz-sensors7> component [rgbd_camera]
[0.951s] -- Looking for gz-sensors7-rgbd_camera -- found version 7.0.0
[0.951s] -- Searching for dependencies of gz-sensors7-rgbd_camera
[0.952s] -- Searching for <gz-sensors7> component [thermal_camera]
[0.953s] -- Looking for gz-sensors7-thermal_camera -- found version 7.0.0
[0.953s] -- Searching for dependencies of gz-sensors7-thermal_camera
[0.954s] -- Searching for <gz-sensors7> component [wide_angle_camera]
[0.955s] -- Looking for gz-sensors7-wide_angle_camera -- found version 7.0.0
[0.955s] -- Searching for dependencies of gz-sensors7-wide_angle_camera
[0.956s] -- Looking for gz-rendering7 -- found version 7.1.0
[0.957s] -- Looking for gz-math7 -- found version 7.0.2
[0.958s] -- Looking for gz-utils2 -- found version 2.0.0
[0.980s] -- Searching for <gz-sim7> component [gui]
[0.981s] -- Looking for gz-sim7-gui -- found version 7.0.0
[0.981s] -- Searching for dependencies of gz-sim7-gui
[0.983s] -- Configuring done
[1.025s] -- Generating done
[1.027s] -- Build files have been written to: /home/toby/osu-uwrt/development/software/src/riptide_gazebo/Assets/Plugins/uwrt_gui/build/CompObjectsPlugin
[1.064s] [ 16%] [34m[1mAutomatic MOC for target CompObjectsPlugin[0m
[1.084s] [ 16%] Built target CompObjectsPlugin_autogen
[1.095s] [ 33%] [34m[1mGenerating qrc_CompObjectsPlugin.cpp[0m
[1.142s] [35m[1mConsolidate compiler generated dependencies of target CompObjectsPlugin[0m
[1.165s] [ 50%] [32mBuilding CXX object CMakeFiles/CompObjectsPlugin.dir/qrc_CompObjectsPlugin.cpp.o[0m
[1.995s] [ 66%] [32m[1mLinking CXX shared library libCompObjectsPlugin.so[0m
[2.245s] [100%] Built target CompObjectsPlugin
[2.256s] Invoked command in '/home/toby/osu-uwrt/development/software/src/riptide_gazebo/Assets/Plugins/uwrt_gui/build/CompObjectsPlugin' returned '0': /usr/bin/cmake --build /home/toby/osu-uwrt/development/software/src/riptide_gazebo/Assets/Plugins/uwrt_gui/build/CompObjectsPlugin -- -j12 -l12
[2.301s] Invoking command in '/home/toby/osu-uwrt/development/software/src/riptide_gazebo/Assets/Plugins/uwrt_gui/build/CompObjectsPlugin': /usr/bin/cmake --install /home/toby/osu-uwrt/development/software/src/riptide_gazebo/Assets/Plugins/uwrt_gui/build/CompObjectsPlugin
[2.308s] -- Install configuration: ""
[2.309s] -- Installing: /home/toby/osu-uwrt/development/software/src/riptide_gazebo/Assets/Plugins/uwrt_gui/install/CompObjectsPlugin/install/CompObjectsPlugin.qrc
[2.309s] -- Installing: /home/toby/osu-uwrt/development/software/src/riptide_gazebo/Assets/Plugins/uwrt_gui/install/CompObjectsPlugin/install/CompObjectsPlugin.qml
[2.311s] Invoked command in '/home/toby/osu-uwrt/development/software/src/riptide_gazebo/Assets/Plugins/uwrt_gui/build/CompObjectsPlugin' returned '0': /usr/bin/cmake --install /home/toby/osu-uwrt/development/software/src/riptide_gazebo/Assets/Plugins/uwrt_gui/build/CompObjectsPlugin
