[0.018s] Invoking command in '/home/toby/osu-uwrt/development/software/src/riptide_gazebo/Assets/Plugins/uwrt_gui/build/CompObjectsPlugin': /usr/bin/cmake --build /home/toby/osu-uwrt/development/software/src/riptide_gazebo/Assets/Plugins/uwrt_gui/build/CompObjectsPlugin -- -j12 -l12
[0.046s] -- Looking for gz-sim7 -- found version 7.0.0
[0.050s] -- Searching for dependencies of gz-sim7
[0.051s] -- Looking for sdformat13 -- found version 13.2.0
[0.052s] -- Searching for dependencies of sdformat13
[0.056s] -- Checking for module 'tinyxml2'
[0.067s] --   Found tinyxml2, version 9.0.0
[0.096s] -- Looking for gz-math7 -- found version 7.0.2
[0.096s] -- Searching for dependencies of gz-math7
[0.097s] -- Looking for gz-utils2 -- found version 2.0.0
[0.097s] -- Searching for dependencies of gz-utils2
[0.099s] -- Looking for gz-utils2 -- found version 2.0.0
[0.099s] -- Searching for dependencies of gz-utils2
[0.099s] -- Searching for <gz-utils2> component [cli]
[0.100s] -- Looking for gz-utils2-cli -- found version 2.0.0
[0.100s] -- Searching for dependencies of gz-utils2-cli
[0.102s] -- Looking for gz-plugin2 -- found version 2.0.0
[0.102s] -- Searching for dependencies of gz-plugin2
[0.102s] -- Looking for gz-utils2 -- found version 2.0.0
[0.103s] -- Searching for <gz-plugin2> component [loader]
[0.103s] -- Looking for gz-plugin2-loader -- found version 2.0.0
[0.104s] -- Searching for dependencies of gz-plugin2-loader
[0.105s] -- Searching for <gz-plugin2> component [register]
[0.105s] -- Looking for gz-plugin2-register -- found version 2.0.0
[0.106s] -- Searching for dependencies of gz-plugin2-register
[0.107s] -- Looking for gz-transport12 -- found version 12.0.0
[0.107s] -- Searching for dependencies of gz-transport12
[0.144s] -- Config-file not installed for ZeroMQ -- checking for pkg-config
[0.149s] -- Checking for module 'libzmq >= 4'
[0.165s] --   Found libzmq , version 4.3.4
[0.201s] -- Checking for module 'uuid'
[0.212s] --   Found uuid, version 2.37.2
[0.242s] -- Looking for gz-utils2 -- found version 2.0.0
[0.242s] -- Looking for gz-msgs9 -- found version 9.0.0
[0.243s] -- Searching for dependencies of gz-msgs9
[0.262s] -- Looking for gz-math7 -- found version 7.0.2
[0.279s] -- Searching for <gz-transport12> component [log]
[0.279s] -- Looking for gz-transport12-log -- found version 12.0.0
[0.280s] -- Searching for dependencies of gz-transport12-log
[0.281s] -- Looking for gz-msgs9 -- found version 9.0.0
[0.281s] -- Looking for gz-common5 -- found version 5.2.2
[0.282s] -- Searching for dependencies of gz-common5
[0.282s] -- Looking for gz-utils2 -- found version 2.0.0
[0.282s] -- Looking for dlfcn.h - found
[0.282s] -- Looking for libdl - found
[0.291s] -- Searching for <gz-common5> component [profiler]
[0.292s] -- Looking for gz-common5-profiler -- found version 5.2.2
[0.292s] -- Searching for dependencies of gz-common5-profiler
[0.293s] -- Searching for <gz-common5> component [events]
[0.293s] -- Looking for gz-common5-events -- found version 5.2.2
[0.294s] -- Searching for dependencies of gz-common5-events
[0.294s] -- Looking for gz-math7 -- found version 7.0.2
[0.295s] -- Searching for <gz-common5> component [av]
[0.295s] -- Looking for gz-common5-av -- found version 5.2.2
[0.296s] -- Searching for dependencies of gz-common5-av
[0.302s] -- Checking for module 'libswscale'
[0.314s] --   Found libswscale, version 5.9.100
[0.349s] -- Checking for module 'libavdevice >= 56.4.100'
[0.361s] --   Found libavdevice , version 58.13.100
[0.396s] -- Checking for module 'libavformat'
[0.408s] --   Found libavformat, version 58.76.100
[0.444s] -- Checking for module 'libavcodec'
[0.456s] --   Found libavcodec, version 58.134.100
[0.492s] -- Checking for module 'libavutil'
[0.506s] --   Found libavutil, version 56.70.100
[0.541s] -- Looking for gz-fuel_tools8 -- found version 8.0.0
[0.541s] -- Searching for dependencies of gz-fuel_tools8
[0.583s] -- Checking for module 'jsoncpp'
[0.597s] --   Found jsoncpp, version 1.9.5
[0.634s] -- Checking for module 'libzip'
[0.648s] --   Found libzip, version 1.7.3
[0.679s] -- Looking for gz-utils2 -- found version 2.0.0
[0.679s] -- Looking for gz-common5 -- found version 5.2.2
[0.680s] -- Looking for gz-math7 -- found version 7.0.2
[0.680s] -- Looking for gz-msgs9 -- found version 9.0.0
[0.681s] -- Looking for gz-gui7 -- found version 7.0.0
[0.682s] -- Searching for dependencies of gz-gui7
[0.710s] -- Looking for gz-utils2 -- found version 2.0.0
[0.711s] -- Looking for gz-math7 -- found version 7.0.2
[0.711s] -- Looking for gz-common5 -- found version 5.2.2
[0.712s] -- Looking for gz-plugin2 -- found version 2.0.0
[0.712s] -- Looking for gz-transport12 -- found version 12.0.0
[0.712s] -- Looking for gz-rendering7 -- found version 7.1.0
[0.713s] -- Searching for dependencies of gz-rendering7
[0.713s] -- Looking for gz-math7 -- found version 7.0.2
[0.714s] -- Searching for dependencies of gz-math7
[0.714s] -- Looking for gz-utils2 -- found version 2.0.0
[0.714s] -- Searching for <gz-math7> component [eigen3]
[0.715s] -- Looking for gz-math7-eigen3 -- found version 7.0.2
[0.715s] -- Searching for dependencies of gz-math7-eigen3
[0.717s] -- Looking for gz-common5 -- found version 5.2.2
[0.718s] -- Searching for dependencies of gz-common5
[0.718s] -- Looking for gz-utils2 -- found version 2.0.0
[0.718s] -- Looking for dlfcn.h - found
[0.719s] -- Looking for libdl - found
[0.728s] -- Searching for <gz-common5> component [graphics]
[0.729s] -- Looking for gz-common5-graphics -- found version 5.2.2
[0.729s] -- Searching for dependencies of gz-common5-graphics
[0.730s] -- Looking for gz-math7 -- found version 7.0.2
[0.733s] -- Searching for <gz-common5> component [events]
[0.733s] -- Searching for <gz-common5> component [geospatial]
[0.733s] -- Looking for gz-common5-geospatial -- found version 5.2.2
[0.734s] -- Searching for dependencies of gz-common5-geospatial
[0.734s] -- Looking for gz-math7 -- found version 7.0.2
[0.735s] -- Looking for gz-common5 -- found version 5.2.2
[0.737s] -- Looking for gz-plugin2 -- found version 2.0.0
[0.737s] -- Searching for dependencies of gz-plugin2
[0.738s] -- Looking for gz-utils2 -- found version 2.0.0
[0.738s] -- Searching for <gz-plugin2> component [all]
[0.738s] -- Looking for all libraries of gz-plugin2 -- found version 2.0.0
[0.739s] -- Looking for gz-plugin2 -- found version 2.0.0
[0.741s] -- Looking for gz-utils2 -- found version 2.0.0
[0.742s] -- Looking for gz-msgs9 -- found version 9.0.0
[0.756s] -- Looking for gz-physics6 -- found version 6.1.0
[0.756s] -- Searching for dependencies of gz-physics6
[0.757s] -- Looking for gz-math7 -- found version 7.0.2
[0.757s] -- Looking for gz-plugin2 -- found version 2.0.0
[0.758s] -- Looking for gz-utils2 -- found version 2.0.0
[0.759s] -- Searching for <gz-physics6> component [heightmap]
[0.760s] -- Looking for gz-physics6-heightmap -- found version 6.1.0
[0.760s] -- Searching for dependencies of gz-physics6-heightmap
[0.761s] -- Looking for gz-common5 -- found version 5.2.2
[0.762s] -- Searching for <gz-physics6> component [mesh]
[0.762s] -- Looking for gz-physics6-mesh -- found version 6.1.0
[0.763s] -- Searching for dependencies of gz-physics6-mesh
[0.763s] -- Looking for gz-common5 -- found version 5.2.2
[0.764s] -- Searching for <gz-physics6> component [sdf]
[0.764s] -- Looking for gz-physics6-sdf -- found version 6.1.0
[0.765s] -- Searching for dependencies of gz-physics6-sdf
[0.765s] -- Looking for sdformat13 -- found version 13.2.0
[0.766s] -- Looking for gz-sensors7 -- found version 7.0.0
[0.767s] -- Searching for dependencies of gz-sensors7
[0.788s] -- Looking for gz-math7 -- found version 7.0.2
[0.788s] -- Looking for gz-common5 -- found version 5.2.2
[0.789s] -- Looking for gz-transport12 -- found version 12.0.0
[0.789s] -- Looking for gz-rendering7 -- found version 7.1.0
[0.790s] -- Looking for gz-msgs9 -- found version 9.0.0
[0.790s] -- Looking for sdformat13 -- found version 13.2.0
[0.791s] -- Searching for <gz-sensors7> component [air_pressure]
[0.792s] -- Looking for gz-sensors7-air_pressure -- found version 7.0.0
[0.792s] -- Searching for dependencies of gz-sensors7-air_pressure
[0.793s] -- Searching for <gz-sensors7> component [altimeter]
[0.794s] -- Looking for gz-sensors7-altimeter -- found version 7.0.0
[0.794s] -- Searching for dependencies of gz-sensors7-altimeter
[0.795s] -- Searching for <gz-sensors7> component [imu]
[0.796s] -- Looking for gz-sensors7-imu -- found version 7.0.0
[0.796s] -- Searching for dependencies of gz-sensors7-imu
[0.797s] -- Searching for <gz-sensors7> component [force_torque]
[0.797s] -- Looking for gz-sensors7-force_torque -- found version 7.0.0
[0.798s] -- Searching for dependencies of gz-sensors7-force_torque
[0.799s] -- Searching for <gz-sensors7> component [logical_camera]
[0.800s] -- Looking for gz-sensors7-logical_camera -- found version 7.0.0
[0.800s] -- Searching for dependencies of gz-sensors7-logical_camera
[0.801s] -- Searching for <gz-sensors7> component [magnetometer]
[0.801s] -- Looking for gz-sensors7-magnetometer -- found version 7.0.0
[0.802s] -- Searching for dependencies of gz-sensors7-magnetometer
[0.802s] -- Searching for <gz-sensors7> component [navsat]
[0.802s] -- Looking for gz-sensors7-navsat -- found version 7.0.0
[0.803s] -- Searching for dependencies of gz-sensors7-navsat
[0.804s] -- Searching for <gz-sensors7> component [rendering]
[0.805s] -- Looking for gz-sensors7-rendering -- found version 7.0.0
[0.805s] -- Searching for dependencies of gz-sensors7-rendering
[0.806s] -- Searching for <gz-sensors7> component [lidar]
[0.806s] -- Looking for gz-sensors7-lidar -- found version 7.0.0
[0.807s] -- Searching for dependencies of gz-sensors7-lidar
[0.808s] -- Searching for <gz-sensors7> component [gpu_lidar]
[0.808s] -- Looking for gz-sensors7-gpu_lidar -- found version 7.0.0
[0.809s] -- Searching for dependencies of gz-sensors7-gpu_lidar
[0.809s] -- Searching for <gz-sensors7> component [camera]
[0.810s] -- Looking for gz-sensors7-camera -- found version 7.0.0
[0.810s] -- Searching for dependencies of gz-sensors7-camera
[0.811s] -- Searching for <gz-sensors7> component [boundingbox_camera]
[0.811s] -- Looking for gz-sensors7-boundingbox_camera -- found version 7.0.0
[0.812s] -- Searching for dependencies of gz-sensors7-boundingbox_camera
[0.812s] -- Searching for <gz-sensors7> component [segmentation_camera]
[0.813s] -- Looking for gz-sensors7-segmentation_camera -- found version 7.0.0
[0.814s] -- Searching for dependencies of gz-sensors7-segmentation_camera
[0.814s] -- Searching for <gz-sensors7> component [depth_camera]
[0.815s] -- Looking for gz-sensors7-depth_camera -- found version 7.0.0
[0.815s] -- Searching for dependencies of gz-sensors7-depth_camera
[0.816s] -- Searching for <gz-sensors7> component [rgbd_camera]
[0.816s] -- Looking for gz-sensors7-rgbd_camera -- found version 7.0.0
[0.817s] -- Searching for dependencies of gz-sensors7-rgbd_camera
[0.817s] -- Searching for <gz-sensors7> component [thermal_camera]
[0.818s] -- Looking for gz-sensors7-thermal_camera -- found version 7.0.0
[0.818s] -- Searching for dependencies of gz-sensors7-thermal_camera
[0.819s] -- Searching for <gz-sensors7> component [wide_angle_camera]
[0.820s] -- Looking for gz-sensors7-wide_angle_camera -- found version 7.0.0
[0.820s] -- Searching for dependencies of gz-sensors7-wide_angle_camera
[0.821s] -- Looking for gz-rendering7 -- found version 7.1.0
[0.821s] -- Looking for gz-math7 -- found version 7.0.2
[0.822s] -- Looking for gz-utils2 -- found version 2.0.0
[0.844s] -- Searching for <gz-sim7> component [gui]
[0.845s] -- Looking for gz-sim7-gui -- found version 7.0.0
[0.845s] -- Searching for dependencies of gz-sim7-gui
[0.847s] -- Configuring done
[0.879s] -- Generating done
[0.881s] -- Build files have been written to: /home/toby/osu-uwrt/development/software/src/riptide_gazebo/Assets/Plugins/uwrt_gui/build/CompObjectsPlugin
[0.917s] [ 16%] [34m[1mAutomatic MOC for target CompObjectsPlugin[0m
[0.939s] [ 16%] Built target CompObjectsPlugin_autogen
[0.949s] [ 33%] [34m[1mGenerating qrc_CompObjectsPlugin.cpp[0m
[0.988s] [35m[1mConsolidate compiler generated dependencies of target CompObjectsPlugin[0m
[1.002s] [ 66%] [32mBuilding CXX object CMakeFiles/CompObjectsPlugin.dir/CompObjectsPlugin.cc.o[0m
[1.002s] [ 66%] [32mBuilding CXX object CMakeFiles/CompObjectsPlugin.dir/qrc_CompObjectsPlugin.cpp.o[0m
[1.672s] [ 83%] [32m[1mLinking CXX shared library libCompObjectsPlugin.so[0m
[1.833s] [100%] Built target CompObjectsPlugin
[1.844s] Invoked command in '/home/toby/osu-uwrt/development/software/src/riptide_gazebo/Assets/Plugins/uwrt_gui/build/CompObjectsPlugin' returned '0': /usr/bin/cmake --build /home/toby/osu-uwrt/development/software/src/riptide_gazebo/Assets/Plugins/uwrt_gui/build/CompObjectsPlugin -- -j12 -l12
[1.886s] Invoking command in '/home/toby/osu-uwrt/development/software/src/riptide_gazebo/Assets/Plugins/uwrt_gui/build/CompObjectsPlugin': /usr/bin/cmake --install /home/toby/osu-uwrt/development/software/src/riptide_gazebo/Assets/Plugins/uwrt_gui/build/CompObjectsPlugin
[1.893s] -- Install configuration: ""
[1.893s] -- Installing: /home/toby/osu-uwrt/development/software/src/riptide_gazebo/Assets/Plugins/uwrt_gui/install/CompObjectsPlugin/install/CompObjectsPlugin.qrc
[1.893s] -- Installing: /home/toby/osu-uwrt/development/software/src/riptide_gazebo/Assets/Plugins/uwrt_gui/install/CompObjectsPlugin/install/CompObjectsPlugin.qml
[1.895s] Invoked command in '/home/toby/osu-uwrt/development/software/src/riptide_gazebo/Assets/Plugins/uwrt_gui/build/CompObjectsPlugin' returned '0': /usr/bin/cmake --install /home/toby/osu-uwrt/development/software/src/riptide_gazebo/Assets/Plugins/uwrt_gui/build/CompObjectsPlugin
