[0.012s] Invoking command in '/home/hollis/osu-uwrt/riptide_software/src/riptide_gazebo/Assets/Plugins/build/uwrt_ros_gz': CMAKE_PREFIX_PATH=${CMAKE_PREFIX_PATH}:/home/hollis/osu-uwrt/dependencies/install/microstrain_inertial_rqt:/home/hollis/osu-uwrt/dependencies/install/echo_video:/home/hollis/osu-uwrt/dependencies/install/camera_calibration:/home/hollis/osu-uwrt/riptide_software/install/riptide_teleop2:/home/hollis/osu-uwrt/riptide_software/install/riptide_rqt_plugins2:/home/hollis/osu-uwrt/riptide_software/install/riptide_hardware2:/home/hollis/osu-uwrt/riptide_software/install/riptide_controllers2:/home/hollis/osu-uwrt/riptide_software/install/riptide_mapping2:/home/hollis/osu-uwrt/riptide_software/install/riptide_localization2:/home/hollis/osu-uwrt/riptide_software/install/riptide_bringup2:/home/hollis/osu-uwrt/riptide_software/install/riptide_SNIB:/opt/ros/humble /usr/bin/cmake --build /home/hollis/osu-uwrt/riptide_software/src/riptide_gazebo/Assets/Plugins/build/uwrt_ros_gz -- -j20 -l20
[0.026s] -- Found ament_cmake: 1.3.2 (/opt/ros/humble/share/ament_cmake/cmake)
[0.124s] -- Found rclcpp: 16.0.1 (/opt/ros/humble/share/rclcpp/cmake)
[0.141s] -- Found rosidl_generator_c: 3.1.3 (/opt/ros/humble/share/rosidl_generator_c/cmake)
[0.143s] -- Found rosidl_adapter: 3.1.3 (/opt/ros/humble/share/rosidl_adapter/cmake)
[0.146s] -- Found rosidl_generator_cpp: 3.1.3 (/opt/ros/humble/share/rosidl_generator_cpp/cmake)
[0.152s] -- Using all available rosidl_typesupport_c: rosidl_typesupport_fastrtps_c;rosidl_typesupport_introspection_c
[0.160s] -- Using all available rosidl_typesupport_cpp: rosidl_typesupport_fastrtps_cpp;rosidl_typesupport_introspection_cpp
[0.191s] -- Found rmw_implementation_cmake: 6.1.0 (/opt/ros/humble/share/rmw_implementation_cmake/cmake)
[0.193s] -- Found rmw_fastrtps_cpp: 6.2.1 (/opt/ros/humble/share/rmw_fastrtps_cpp/cmake)
[0.264s] -- Using RMW implementation 'rmw_fastrtps_cpp' as default
[0.345s] -- Found geometry_msgs: 4.2.2 (/opt/ros/humble/share/geometry_msgs/cmake)
[0.368s] -- Looking for gz-sim7 -- found version 7.0.0
[0.371s] -- Searching for dependencies of gz-sim7
[0.371s] -- Looking for sdformat13 -- found version 13.0.1
[0.371s] -- Searching for dependencies of sdformat13
[0.374s] -- Checking for module 'tinyxml2'
[0.381s] --   Found tinyxml2, version 9.0.0
[0.397s] -- Looking for gz-math7 -- found version 7.0.2
[0.397s] -- Searching for dependencies of gz-math7
[0.397s] -- Looking for gz-utils2 -- found version 2.0.0
[0.397s] -- Searching for dependencies of gz-utils2
[0.398s] -- Looking for gz-utils2 -- found version 2.0.0
[0.398s] -- Searching for dependencies of gz-utils2
[0.398s] -- Searching for <gz-utils2> component [cli]
[0.399s] -- Looking for gz-utils2-cli -- found version 2.0.0
[0.399s] -- Searching for dependencies of gz-utils2-cli
[0.400s] -- Looking for gz-plugin2 -- found version 2.0.0
[0.400s] -- Searching for dependencies of gz-plugin2
[0.400s] -- Looking for gz-utils2 -- found version 2.0.0
[0.400s] -- Searching for <gz-plugin2> component [loader]
[0.400s] -- Looking for gz-plugin2-loader -- found version 2.0.0
[0.401s] -- Searching for dependencies of gz-plugin2-loader
[0.401s] -- Searching for <gz-plugin2> component [register]
[0.401s] -- Looking for gz-plugin2-register -- found version 2.0.0
[0.401s] -- Searching for dependencies of gz-plugin2-register
[0.402s] -- Looking for gz-transport12 -- found version 12.0.0
[0.402s] -- Searching for dependencies of gz-transport12
[0.421s] -- Config-file not installed for ZeroMQ -- checking for pkg-config
[0.423s] -- Checking for module 'libzmq >= 4'
[0.430s] --   Found libzmq , version 4.3.4
[0.450s] -- Checking for module 'uuid'
[0.457s] --   Found uuid, version 2.37.2
[0.472s] -- Looking for gz-utils2 -- found version 2.0.0
[0.472s] -- Looking for gz-msgs9 -- found version 9.0.0
[0.472s] -- Searching for dependencies of gz-msgs9
[0.484s] -- Looking for gz-math7 -- found version 7.0.2
[0.488s] -- Searching for <gz-transport12> component [log]
[0.489s] -- Looking for gz-transport12-log -- found version 12.0.0
[0.489s] -- Searching for dependencies of gz-transport12-log
[0.489s] -- Looking for gz-msgs9 -- found version 9.0.0
[0.489s] -- Looking for gz-common5 -- found version 5.0.0
[0.490s] -- Searching for dependencies of gz-common5
[0.490s] -- Looking for gz-utils2 -- found version 2.0.0
[0.490s] -- Looking for dlfcn.h - found
[0.490s] -- Looking for libdl - found
[0.496s] -- Searching for <gz-common5> component [profiler]
[0.496s] -- Looking for gz-common5-profiler -- found version 5.0.0
[0.496s] -- Searching for dependencies of gz-common5-profiler
[0.496s] -- Searching for <gz-common5> component [events]
[0.497s] -- Looking for gz-common5-events -- found version 5.0.0
[0.497s] -- Searching for dependencies of gz-common5-events
[0.497s] -- Looking for gz-math7 -- found version 7.0.2
[0.498s] -- Searching for <gz-common5> component [av]
[0.498s] -- Looking for gz-common5-av -- found version 5.0.0
[0.498s] -- Searching for dependencies of gz-common5-av
[0.501s] -- Checking for module 'libswscale'
[0.508s] --   Found libswscale, version 5.9.100
[0.527s] -- Checking for module 'libavdevice >= 56.4.100'
[0.534s] --   Found libavdevice , version 58.13.100
[0.553s] -- Checking for module 'libavformat'
[0.559s] --   Found libavformat, version 58.76.100
[0.578s] -- Checking for module 'libavcodec'
[0.584s] --   Found libavcodec, version 58.134.100
[0.603s] -- Checking for module 'libavutil'
[0.610s] --   Found libavutil, version 56.70.100
[0.626s] -- Looking for gz-fuel_tools8 -- found version 8.0.0
[0.626s] -- Searching for dependencies of gz-fuel_tools8
[0.649s] -- Checking for module 'jsoncpp'
[0.656s] --   Found jsoncpp, version 1.9.5
[0.676s] -- Checking for module 'libzip'
[0.686s] --   Found libzip, version 1.7.3
[0.703s] -- Looking for gz-utils2 -- found version 2.0.0
[0.703s] -- Looking for gz-common5 -- found version 5.0.0
[0.703s] -- Looking for gz-math7 -- found version 7.0.2
[0.703s] -- Looking for gz-msgs9 -- found version 9.0.0
[0.704s] -- Looking for gz-gui7 -- found version 7.0.0
[0.704s] -- Searching for dependencies of gz-gui7
[0.721s] -- Looking for gz-utils2 -- found version 2.0.0
[0.721s] -- Looking for gz-math7 -- found version 7.0.2
[0.721s] -- Looking for gz-common5 -- found version 5.0.0
[0.722s] -- Looking for gz-plugin2 -- found version 2.0.0
[0.722s] -- Looking for gz-transport12 -- found version 12.0.0
[0.722s] -- Looking for gz-rendering7 -- found version 7.0.0
[0.722s] -- Searching for dependencies of gz-rendering7
[0.722s] -- Looking for gz-math7 -- found version 7.0.2
[0.723s] -- Searching for dependencies of gz-math7
[0.723s] -- Looking for gz-utils2 -- found version 2.0.0
[0.723s] -- Searching for <gz-math7> component [eigen3]
[0.723s] -- Looking for gz-math7-eigen3 -- found version 7.0.2
[0.723s] -- Searching for dependencies of gz-math7-eigen3
[0.724s] -- Looking for gz-common5 -- found version 5.0.0
[0.725s] -- Searching for dependencies of gz-common5
[0.725s] -- Looking for gz-utils2 -- found version 2.0.0
[0.725s] -- Looking for dlfcn.h - found
[0.725s] -- Looking for libdl - found
[0.731s] -- Searching for <gz-common5> component [graphics]
[0.731s] -- Looking for gz-common5-graphics -- found version 5.0.0
[0.732s] -- Searching for dependencies of gz-common5-graphics
[0.732s] -- Looking for gz-math7 -- found version 7.0.2
[0.734s] -- Searching for <gz-common5> component [events]
[0.734s] -- Searching for <gz-common5> component [geospatial]
[0.734s] -- Looking for gz-common5-geospatial -- found version 5.0.0
[0.734s] -- Searching for dependencies of gz-common5-geospatial
[0.734s] -- Looking for gz-math7 -- found version 7.0.2
[0.735s] -- Looking for gz-common5 -- found version 5.0.0
[0.735s] -- Looking for gz-plugin2 -- found version 2.0.0
[0.735s] -- Searching for dependencies of gz-plugin2
[0.736s] -- Looking for gz-utils2 -- found version 2.0.0
[0.736s] -- Searching for <gz-plugin2> component [all]
[0.736s] -- Looking for all libraries of gz-plugin2 -- found version 2.0.0
[0.736s] -- Looking for gz-plugin2 -- found version 2.0.0
[0.737s] -- Looking for gz-utils2 -- found version 2.0.0
[0.738s] -- Looking for gz-msgs9 -- found version 9.0.0
[0.746s] -- Looking for gz-physics6 -- found version 6.0.0
[0.746s] -- Searching for dependencies of gz-physics6
[0.746s] -- Looking for gz-math7 -- found version 7.0.2
[0.747s] -- Looking for gz-plugin2 -- found version 2.0.0
[0.747s] -- Looking for gz-utils2 -- found version 2.0.0
[0.747s] -- Searching for <gz-physics6> component [heightmap]
[0.748s] -- Looking for gz-physics6-heightmap -- found version 6.0.0
[0.748s] -- Searching for dependencies of gz-physics6-heightmap
[0.748s] -- Looking for gz-common5 -- found version 5.0.0
[0.748s] -- Searching for <gz-physics6> component [mesh]
[0.749s] -- Looking for gz-physics6-mesh -- found version 6.0.0
[0.749s] -- Searching for dependencies of gz-physics6-mesh
[0.749s] -- Looking for gz-common5 -- found version 5.0.0
[0.749s] -- Searching for <gz-physics6> component [sdf]
[0.750s] -- Looking for gz-physics6-sdf -- found version 6.0.0
[0.750s] -- Searching for dependencies of gz-physics6-sdf
[0.750s] -- Looking for sdformat13 -- found version 13.0.1
[0.751s] -- Looking for gz-sensors7 -- found version 7.0.0
[0.751s] -- Searching for dependencies of gz-sensors7
[0.765s] -- Looking for gz-math7 -- found version 7.0.2
[0.765s] -- Looking for gz-common5 -- found version 5.0.0
[0.765s] -- Looking for gz-transport12 -- found version 12.0.0
[0.765s] -- Looking for gz-rendering7 -- found version 7.0.0
[0.765s] -- Looking for gz-msgs9 -- found version 9.0.0
[0.766s] -- Looking for sdformat13 -- found version 13.0.1
[0.766s] -- Searching for <gz-sensors7> component [air_pressure]
[0.766s] -- Looking for gz-sensors7-air_pressure -- found version 7.0.0
[0.766s] -- Searching for dependencies of gz-sensors7-air_pressure
[0.767s] -- Searching for <gz-sensors7> component [altimeter]
[0.767s] -- Looking for gz-sensors7-altimeter -- found version 7.0.0
[0.767s] -- Searching for dependencies of gz-sensors7-altimeter
[0.768s] -- Searching for <gz-sensors7> component [imu]
[0.768s] -- Looking for gz-sensors7-imu -- found version 7.0.0
[0.769s] -- Searching for dependencies of gz-sensors7-imu
[0.769s] -- Searching for <gz-sensors7> component [force_torque]
[0.769s] -- Looking for gz-sensors7-force_torque -- found version 7.0.0
[0.770s] -- Searching for dependencies of gz-sensors7-force_torque
[0.770s] -- Searching for <gz-sensors7> component [logical_camera]
[0.770s] -- Looking for gz-sensors7-logical_camera -- found version 7.0.0
[0.771s] -- Searching for dependencies of gz-sensors7-logical_camera
[0.771s] -- Searching for <gz-sensors7> component [magnetometer]
[0.771s] -- Looking for gz-sensors7-magnetometer -- found version 7.0.0
[0.771s] -- Searching for dependencies of gz-sensors7-magnetometer
[0.771s] -- Searching for <gz-sensors7> component [navsat]
[0.772s] -- Looking for gz-sensors7-navsat -- found version 7.0.0
[0.772s] -- Searching for dependencies of gz-sensors7-navsat
[0.772s] -- Searching for <gz-sensors7> component [rendering]
[0.772s] -- Looking for gz-sensors7-rendering -- found version 7.0.0
[0.773s] -- Searching for dependencies of gz-sensors7-rendering
[0.773s] -- Searching for <gz-sensors7> component [lidar]
[0.773s] -- Looking for gz-sensors7-lidar -- found version 7.0.0
[0.773s] -- Searching for dependencies of gz-sensors7-lidar
[0.774s] -- Searching for <gz-sensors7> component [gpu_lidar]
[0.774s] -- Looking for gz-sensors7-gpu_lidar -- found version 7.0.0
[0.774s] -- Searching for dependencies of gz-sensors7-gpu_lidar
[0.775s] -- Searching for <gz-sensors7> component [camera]
[0.775s] -- Looking for gz-sensors7-camera -- found version 7.0.0
[0.775s] -- Searching for dependencies of gz-sensors7-camera
[0.775s] -- Searching for <gz-sensors7> component [boundingbox_camera]
[0.776s] -- Looking for gz-sensors7-boundingbox_camera -- found version 7.0.0
[0.776s] -- Searching for dependencies of gz-sensors7-boundingbox_camera
[0.776s] -- Searching for <gz-sensors7> component [segmentation_camera]
[0.776s] -- Looking for gz-sensors7-segmentation_camera -- found version 7.0.0
[0.777s] -- Searching for dependencies of gz-sensors7-segmentation_camera
[0.777s] -- Searching for <gz-sensors7> component [depth_camera]
[0.777s] -- Looking for gz-sensors7-depth_camera -- found version 7.0.0
[0.778s] -- Searching for dependencies of gz-sensors7-depth_camera
[0.778s] -- Searching for <gz-sensors7> component [rgbd_camera]
[0.778s] -- Looking for gz-sensors7-rgbd_camera -- found version 7.0.0
[0.779s] -- Searching for dependencies of gz-sensors7-rgbd_camera
[0.779s] -- Searching for <gz-sensors7> component [thermal_camera]
[0.779s] -- Looking for gz-sensors7-thermal_camera -- found version 7.0.0
[0.779s] -- Searching for dependencies of gz-sensors7-thermal_camera
[0.780s] -- Searching for <gz-sensors7> component [wide_angle_camera]
[0.780s] -- Looking for gz-sensors7-wide_angle_camera -- found version 7.0.0
[0.780s] -- Searching for dependencies of gz-sensors7-wide_angle_camera
[0.781s] -- Looking for gz-rendering7 -- found version 7.0.0
[0.781s] -- Looking for gz-math7 -- found version 7.0.2
[0.781s] -- Looking for gz-utils2 -- found version 2.0.0
[0.837s] -- Configuring done
[0.844s] -- Generating done
[0.845s] -- Build files have been written to: /home/hollis/osu-uwrt/riptide_software/src/riptide_gazebo/Assets/Plugins/build/uwrt_ros_gz
[0.863s] [35m[1mConsolidate compiler generated dependencies of target uwrt_ros_gz_bridge[0m
[0.876s] [ 50%] [32mBuilding CXX object CMakeFiles/uwrt_ros_gz_bridge.dir/src/bridge.cpp.o[0m
[0.983s] [01m[K/home/hollis/osu-uwrt/riptide_software/src/riptide_gazebo/Assets/Plugins/uwrt_ros_gz/src/bridge.cpp:6:10:[m[K [01;31m[Kfatal error: [m[Kgeometry_msgs/msg/Pose3.hpp: No such file or directory
[0.983s]     6 | #include [01;31m[K"geometry_msgs/msg/Pose3.hpp"[m[K
[0.983s]       |          [01;31m[K^~~~~~~~~~~~~~~~~~~~~~~~~~~~~[m[K
[0.983s] compilation terminated.
[0.987s] gmake[2]: *** [CMakeFiles/uwrt_ros_gz_bridge.dir/build.make:76: CMakeFiles/uwrt_ros_gz_bridge.dir/src/bridge.cpp.o] Error 1
[0.987s] gmake[1]: *** [CMakeFiles/Makefile2:137: CMakeFiles/uwrt_ros_gz_bridge.dir/all] Error 2
[0.987s] gmake: *** [Makefile:146: all] Error 2
[0.989s] Invoked command in '/home/hollis/osu-uwrt/riptide_software/src/riptide_gazebo/Assets/Plugins/build/uwrt_ros_gz' returned '2': CMAKE_PREFIX_PATH=${CMAKE_PREFIX_PATH}:/home/hollis/osu-uwrt/dependencies/install/microstrain_inertial_rqt:/home/hollis/osu-uwrt/dependencies/install/echo_video:/home/hollis/osu-uwrt/dependencies/install/camera_calibration:/home/hollis/osu-uwrt/riptide_software/install/riptide_teleop2:/home/hollis/osu-uwrt/riptide_software/install/riptide_rqt_plugins2:/home/hollis/osu-uwrt/riptide_software/install/riptide_hardware2:/home/hollis/osu-uwrt/riptide_software/install/riptide_controllers2:/home/hollis/osu-uwrt/riptide_software/install/riptide_mapping2:/home/hollis/osu-uwrt/riptide_software/install/riptide_localization2:/home/hollis/osu-uwrt/riptide_software/install/riptide_bringup2:/home/hollis/osu-uwrt/riptide_software/install/riptide_SNIB:/opt/ros/humble /usr/bin/cmake --build /home/hollis/osu-uwrt/riptide_software/src/riptide_gazebo/Assets/Plugins/build/uwrt_ros_gz -- -j20 -l20
