[0.265s] DEBUG:colcon:Command line arguments: ['/usr/bin/colcon', 'build']
[0.266s] DEBUG:colcon:Parsed command line arguments: Namespace(log_base=None, log_level=None, verb_name='build', build_base='build', install_base='install', merge_install=False, symlink_install=False, test_result_base=None, continue_on_error=False, executor='parallel', parallel_workers=20, event_handlers=None, ignore_user_meta=False, metas=['./colcon.meta'], base_paths=['.'], packages_ignore=None, packages_ignore_regex=None, paths=None, packages_up_to=None, packages_up_to_regex=None, packages_above=None, packages_above_and_dependencies=None, packages_above_depth=None, packages_select_by_dep=None, packages_skip_by_dep=None, packages_skip_up_to=None, packages_select_build_failed=False, packages_skip_build_finished=False, packages_select_test_failures=False, packages_skip_test_passed=False, packages_select=None, packages_skip=None, packages_select_regex=None, packages_skip_regex=None, packages_start=None, packages_end=None, allow_overriding=[], cmake_args=None, cmake_target=None, cmake_target_skip_unavailable=False, cmake_clean_cache=False, cmake_clean_first=False, cmake_force_configure=False, ament_cmake_args=None, catkin_cmake_args=None, catkin_skip_building_tests=False, verb_parser=<colcon_defaults.argument_parser.defaults.DefaultArgumentsDecorator object at 0x7fef332486a0>, verb_extension=<colcon_core.verb.build.BuildVerb object at 0x7fef33bae5f0>, main=<bound method BuildVerb.main of <colcon_core.verb.build.BuildVerb object at 0x7fef33bae5f0>>)
[0.295s] Level 1:colcon.colcon_core.package_discovery:discover_packages(colcon_meta) check parameters
[0.295s] Level 1:colcon.colcon_core.package_discovery:discover_packages(recursive) check parameters
[0.295s] Level 1:colcon.colcon_core.package_discovery:discover_packages(ignore) check parameters
[0.295s] Level 1:colcon.colcon_core.package_discovery:discover_packages(path) check parameters
[0.295s] Level 1:colcon.colcon_core.package_discovery:discover_packages(colcon_meta) discover
[0.295s] Level 1:colcon.colcon_core.package_discovery:discover_packages(recursive) discover
[0.295s] INFO:colcon.colcon_core.package_discovery:Crawling recursively for packages in '/home/hollis/osu-uwrt/riptide_software/src/riptide_gazebo/Assets/Plugins'
[0.295s] Level 1:colcon.colcon_core.package_identification:_identify(.) by extensions ['ignore', 'ignore_ament_install']
[0.295s] Level 1:colcon.colcon_core.package_identification:_identify(.) by extension 'ignore'
[0.295s] Level 1:colcon.colcon_core.package_identification:_identify(.) by extension 'ignore_ament_install'
[0.295s] Level 1:colcon.colcon_core.package_identification:_identify(.) by extensions ['colcon_pkg']
[0.295s] Level 1:colcon.colcon_core.package_identification:_identify(.) by extension 'colcon_pkg'
[0.295s] Level 1:colcon.colcon_core.package_identification:_identify(.) by extensions ['colcon_meta']
[0.295s] Level 1:colcon.colcon_core.package_identification:_identify(.) by extension 'colcon_meta'
[0.295s] Level 1:colcon.colcon_core.package_identification:_identify(.) by extensions ['ros']
[0.295s] Level 1:colcon.colcon_core.package_identification:_identify(.) by extension 'ros'
[0.303s] Level 1:colcon.colcon_core.package_identification:_identify(.) by extensions ['cmake', 'python']
[0.303s] Level 1:colcon.colcon_core.package_identification:_identify(.) by extension 'cmake'
[0.303s] Level 1:colcon.colcon_core.package_identification:_identify(.) by extension 'python'
[0.303s] Level 1:colcon.colcon_core.package_identification:_identify(.) by extensions ['python_setup_py']
[0.303s] Level 1:colcon.colcon_core.package_identification:_identify(.) by extension 'python_setup_py'
[0.303s] Level 1:colcon.colcon_core.package_identification:_identify(build) by extensions ['ignore', 'ignore_ament_install']
[0.303s] Level 1:colcon.colcon_core.package_identification:_identify(build) by extension 'ignore'
[0.303s] Level 1:colcon.colcon_core.package_identification:_identify(build) ignored
[0.304s] Level 1:colcon.colcon_core.package_identification:_identify(hello_world_plugin) by extensions ['ignore', 'ignore_ament_install']
[0.304s] Level 1:colcon.colcon_core.package_identification:_identify(hello_world_plugin) by extension 'ignore'
[0.304s] Level 1:colcon.colcon_core.package_identification:_identify(hello_world_plugin) by extension 'ignore_ament_install'
[0.304s] Level 1:colcon.colcon_core.package_identification:_identify(hello_world_plugin) by extensions ['colcon_pkg']
[0.304s] Level 1:colcon.colcon_core.package_identification:_identify(hello_world_plugin) by extension 'colcon_pkg'
[0.304s] Level 1:colcon.colcon_core.package_identification:_identify(hello_world_plugin) by extensions ['colcon_meta']
[0.304s] Level 1:colcon.colcon_core.package_identification:_identify(hello_world_plugin) by extension 'colcon_meta'
[0.304s] Level 1:colcon.colcon_core.package_identification:_identify(hello_world_plugin) by extensions ['ros']
[0.304s] Level 1:colcon.colcon_core.package_identification:_identify(hello_world_plugin) by extension 'ros'
[0.307s] DEBUG:colcon.colcon_core.package_identification:Package 'hello_world_plugin' with type 'ros.ament_cmake' and name 'hello_world_plugin'
[0.307s] Level 1:colcon.colcon_core.package_identification:_identify(install) by extensions ['ignore', 'ignore_ament_install']
[0.308s] Level 1:colcon.colcon_core.package_identification:_identify(install) by extension 'ignore'
[0.308s] Level 1:colcon.colcon_core.package_identification:_identify(install) ignored
[0.308s] Level 1:colcon.colcon_core.package_identification:_identify(log) by extensions ['ignore', 'ignore_ament_install']
[0.308s] Level 1:colcon.colcon_core.package_identification:_identify(log) by extension 'ignore'
[0.308s] Level 1:colcon.colcon_core.package_identification:_identify(log) ignored
[0.308s] Level 1:colcon.colcon_core.package_identification:_identify(uwrt_gz) by extensions ['ignore', 'ignore_ament_install']
[0.308s] Level 1:colcon.colcon_core.package_identification:_identify(uwrt_gz) by extension 'ignore'
[0.308s] Level 1:colcon.colcon_core.package_identification:_identify(uwrt_gz) by extension 'ignore_ament_install'
[0.308s] Level 1:colcon.colcon_core.package_identification:_identify(uwrt_gz) by extensions ['colcon_pkg']
[0.308s] Level 1:colcon.colcon_core.package_identification:_identify(uwrt_gz) by extension 'colcon_pkg'
[0.308s] Level 1:colcon.colcon_core.package_identification:_identify(uwrt_gz) by extensions ['colcon_meta']
[0.308s] Level 1:colcon.colcon_core.package_identification:_identify(uwrt_gz) by extension 'colcon_meta'
[0.308s] Level 1:colcon.colcon_core.package_identification:_identify(uwrt_gz) by extensions ['ros']
[0.308s] Level 1:colcon.colcon_core.package_identification:_identify(uwrt_gz) by extension 'ros'
[0.309s] DEBUG:colcon.colcon_core.package_identification:Package 'uwrt_gz' with type 'ros.ament_cmake' and name 'uwrt_gz'
[0.309s] Level 1:colcon.colcon_core.package_identification:_identify(uwrt_ros_gz) by extensions ['ignore', 'ignore_ament_install']
[0.309s] Level 1:colcon.colcon_core.package_identification:_identify(uwrt_ros_gz) by extension 'ignore'
[0.309s] Level 1:colcon.colcon_core.package_identification:_identify(uwrt_ros_gz) by extension 'ignore_ament_install'
[0.309s] Level 1:colcon.colcon_core.package_identification:_identify(uwrt_ros_gz) by extensions ['colcon_pkg']
[0.309s] Level 1:colcon.colcon_core.package_identification:_identify(uwrt_ros_gz) by extension 'colcon_pkg'
[0.309s] Level 1:colcon.colcon_core.package_identification:_identify(uwrt_ros_gz) by extensions ['colcon_meta']
[0.309s] Level 1:colcon.colcon_core.package_identification:_identify(uwrt_ros_gz) by extension 'colcon_meta'
[0.309s] Level 1:colcon.colcon_core.package_identification:_identify(uwrt_ros_gz) by extensions ['ros']
[0.309s] Level 1:colcon.colcon_core.package_identification:_identify(uwrt_ros_gz) by extension 'ros'
[0.310s] DEBUG:colcon.colcon_core.package_identification:Package 'uwrt_ros_gz' with type 'ros.ament_cmake' and name 'uwrt_ros_gz'
[0.310s] Level 1:colcon.colcon_core.package_discovery:discover_packages(recursive) using defaults
[0.310s] Level 1:colcon.colcon_core.package_discovery:discover_packages(ignore) discover
[0.310s] Level 1:colcon.colcon_core.package_discovery:discover_packages(ignore) using defaults
[0.310s] Level 1:colcon.colcon_core.package_discovery:discover_packages(path) discover
[0.310s] Level 1:colcon.colcon_core.package_discovery:discover_packages(path) using defaults
[0.333s] Level 1:colcon.colcon_core.package_discovery:discover_packages(prefix_path) check parameters
[0.333s] Level 1:colcon.colcon_core.package_discovery:discover_packages(prefix_path) discover
[0.335s] DEBUG:colcon.colcon_installed_package_information.package_discovery:Found 11 installed packages in /home/hollis/osu-uwrt/riptide_software/install
[0.337s] DEBUG:colcon.colcon_installed_package_information.package_discovery:Found 18 installed packages in /home/hollis/osu-uwrt/dependencies/install
[0.339s] DEBUG:colcon.colcon_installed_package_information.package_discovery:Found 345 installed packages in /opt/ros/humble
[0.341s] Level 1:colcon.colcon_core.package_discovery:discover_packages(prefix_path) using defaults
[0.398s] Level 5:colcon.colcon_core.verb:set package 'hello_world_plugin' build argument 'cmake_args' from command line to 'None'
[0.398s] Level 5:colcon.colcon_core.verb:set package 'hello_world_plugin' build argument 'cmake_target' from command line to 'None'
[0.398s] Level 5:colcon.colcon_core.verb:set package 'hello_world_plugin' build argument 'cmake_target_skip_unavailable' from command line to 'False'
[0.398s] Level 5:colcon.colcon_core.verb:set package 'hello_world_plugin' build argument 'cmake_clean_cache' from command line to 'False'
[0.398s] Level 5:colcon.colcon_core.verb:set package 'hello_world_plugin' build argument 'cmake_clean_first' from command line to 'False'
[0.398s] Level 5:colcon.colcon_core.verb:set package 'hello_world_plugin' build argument 'cmake_force_configure' from command line to 'False'
[0.398s] Level 5:colcon.colcon_core.verb:set package 'hello_world_plugin' build argument 'ament_cmake_args' from command line to 'None'
[0.398s] Level 5:colcon.colcon_core.verb:set package 'hello_world_plugin' build argument 'catkin_cmake_args' from command line to 'None'
[0.398s] Level 5:colcon.colcon_core.verb:set package 'hello_world_plugin' build argument 'catkin_skip_building_tests' from command line to 'False'
[0.398s] DEBUG:colcon.colcon_core.verb:Building package 'hello_world_plugin' with the following arguments: {'ament_cmake_args': None, 'build_base': '/home/hollis/osu-uwrt/riptide_software/src/riptide_gazebo/Assets/Plugins/build/hello_world_plugin', 'catkin_cmake_args': None, 'catkin_skip_building_tests': False, 'cmake_args': None, 'cmake_clean_cache': False, 'cmake_clean_first': False, 'cmake_force_configure': False, 'cmake_target': None, 'cmake_target_skip_unavailable': False, 'install_base': '/home/hollis/osu-uwrt/riptide_software/src/riptide_gazebo/Assets/Plugins/install/hello_world_plugin', 'merge_install': False, 'path': '/home/hollis/osu-uwrt/riptide_software/src/riptide_gazebo/Assets/Plugins/hello_world_plugin', 'symlink_install': False, 'test_result_base': None}
[0.399s] Level 5:colcon.colcon_core.verb:set package 'uwrt_gz' build argument 'cmake_args' from command line to 'None'
[0.399s] Level 5:colcon.colcon_core.verb:set package 'uwrt_gz' build argument 'cmake_target' from command line to 'None'
[0.399s] Level 5:colcon.colcon_core.verb:set package 'uwrt_gz' build argument 'cmake_target_skip_unavailable' from command line to 'False'
[0.399s] Level 5:colcon.colcon_core.verb:set package 'uwrt_gz' build argument 'cmake_clean_cache' from command line to 'False'
[0.399s] Level 5:colcon.colcon_core.verb:set package 'uwrt_gz' build argument 'cmake_clean_first' from command line to 'False'
[0.399s] Level 5:colcon.colcon_core.verb:set package 'uwrt_gz' build argument 'cmake_force_configure' from command line to 'False'
[0.399s] Level 5:colcon.colcon_core.verb:set package 'uwrt_gz' build argument 'ament_cmake_args' from command line to 'None'
[0.399s] Level 5:colcon.colcon_core.verb:set package 'uwrt_gz' build argument 'catkin_cmake_args' from command line to 'None'
[0.399s] Level 5:colcon.colcon_core.verb:set package 'uwrt_gz' build argument 'catkin_skip_building_tests' from command line to 'False'
[0.399s] DEBUG:colcon.colcon_core.verb:Building package 'uwrt_gz' with the following arguments: {'ament_cmake_args': None, 'build_base': '/home/hollis/osu-uwrt/riptide_software/src/riptide_gazebo/Assets/Plugins/build/uwrt_gz', 'catkin_cmake_args': None, 'catkin_skip_building_tests': False, 'cmake_args': None, 'cmake_clean_cache': False, 'cmake_clean_first': False, 'cmake_force_configure': False, 'cmake_target': None, 'cmake_target_skip_unavailable': False, 'install_base': '/home/hollis/osu-uwrt/riptide_software/src/riptide_gazebo/Assets/Plugins/install/uwrt_gz', 'merge_install': False, 'path': '/home/hollis/osu-uwrt/riptide_software/src/riptide_gazebo/Assets/Plugins/uwrt_gz', 'symlink_install': False, 'test_result_base': None}
[0.399s] Level 5:colcon.colcon_core.verb:set package 'uwrt_ros_gz' build argument 'cmake_args' from command line to 'None'
[0.399s] Level 5:colcon.colcon_core.verb:set package 'uwrt_ros_gz' build argument 'cmake_target' from command line to 'None'
[0.399s] Level 5:colcon.colcon_core.verb:set package 'uwrt_ros_gz' build argument 'cmake_target_skip_unavailable' from command line to 'False'
[0.399s] Level 5:colcon.colcon_core.verb:set package 'uwrt_ros_gz' build argument 'cmake_clean_cache' from command line to 'False'
[0.399s] Level 5:colcon.colcon_core.verb:set package 'uwrt_ros_gz' build argument 'cmake_clean_first' from command line to 'False'
[0.399s] Level 5:colcon.colcon_core.verb:set package 'uwrt_ros_gz' build argument 'cmake_force_configure' from command line to 'False'
[0.399s] Level 5:colcon.colcon_core.verb:set package 'uwrt_ros_gz' build argument 'ament_cmake_args' from command line to 'None'
[0.400s] Level 5:colcon.colcon_core.verb:set package 'uwrt_ros_gz' build argument 'catkin_cmake_args' from command line to 'None'
[0.400s] Level 5:colcon.colcon_core.verb:set package 'uwrt_ros_gz' build argument 'catkin_skip_building_tests' from command line to 'False'
[0.400s] DEBUG:colcon.colcon_core.verb:Building package 'uwrt_ros_gz' with the following arguments: {'ament_cmake_args': None, 'build_base': '/home/hollis/osu-uwrt/riptide_software/src/riptide_gazebo/Assets/Plugins/build/uwrt_ros_gz', 'catkin_cmake_args': None, 'catkin_skip_building_tests': False, 'cmake_args': None, 'cmake_clean_cache': False, 'cmake_clean_first': False, 'cmake_force_configure': False, 'cmake_target': None, 'cmake_target_skip_unavailable': False, 'install_base': '/home/hollis/osu-uwrt/riptide_software/src/riptide_gazebo/Assets/Plugins/install/uwrt_ros_gz', 'merge_install': False, 'path': '/home/hollis/osu-uwrt/riptide_software/src/riptide_gazebo/Assets/Plugins/uwrt_ros_gz', 'symlink_install': False, 'test_result_base': None}
[0.400s] INFO:colcon.colcon_core.executor:Executing jobs using 'parallel' executor
[0.404s] DEBUG:colcon.colcon_parallel_executor.executor.parallel:run_until_complete
[0.404s] INFO:colcon.colcon_ros.task.ament_cmake.build:Building ROS package in '/home/hollis/osu-uwrt/riptide_software/src/riptide_gazebo/Assets/Plugins/hello_world_plugin' with build type 'ament_cmake'
[0.404s] INFO:colcon.colcon_cmake.task.cmake.build:Building CMake package in '/home/hollis/osu-uwrt/riptide_software/src/riptide_gazebo/Assets/Plugins/hello_world_plugin'
[0.409s] INFO:colcon.colcon_core.plugin_system:Skipping extension 'colcon_core.shell.bat': Not used on non-Windows systems
[0.409s] INFO:colcon.colcon_core.shell:Skip shell extension 'powershell' for command environment: Not usable outside of PowerShell
[0.410s] DEBUG:colcon.colcon_core.shell:Skip shell extension 'dsv' for command environment
[0.415s] INFO:colcon.colcon_ros.task.ament_cmake.build:Building ROS package in '/home/hollis/osu-uwrt/riptide_software/src/riptide_gazebo/Assets/Plugins/uwrt_gz' with build type 'ament_cmake'
[0.415s] INFO:colcon.colcon_cmake.task.cmake.build:Building CMake package in '/home/hollis/osu-uwrt/riptide_software/src/riptide_gazebo/Assets/Plugins/uwrt_gz'
[0.416s] INFO:colcon.colcon_core.shell:Skip shell extension 'powershell' for command environment: Not usable outside of PowerShell
[0.416s] DEBUG:colcon.colcon_core.shell:Skip shell extension 'dsv' for command environment
[0.424s] INFO:colcon.colcon_ros.task.ament_cmake.build:Building ROS package in '/home/hollis/osu-uwrt/riptide_software/src/riptide_gazebo/Assets/Plugins/uwrt_ros_gz' with build type 'ament_cmake'
[0.424s] INFO:colcon.colcon_cmake.task.cmake.build:Building CMake package in '/home/hollis/osu-uwrt/riptide_software/src/riptide_gazebo/Assets/Plugins/uwrt_ros_gz'
[0.426s] INFO:colcon.colcon_core.shell:Skip shell extension 'powershell' for command environment: Not usable outside of PowerShell
[0.426s] DEBUG:colcon.colcon_core.shell:Skip shell extension 'dsv' for command environment
[0.444s] DEBUG:colcon.colcon_core.event_handler.log_command:Invoking command in '/home/hollis/osu-uwrt/riptide_software/src/riptide_gazebo/Assets/Plugins/build/hello_world_plugin': CMAKE_PREFIX_PATH=${CMAKE_PREFIX_PATH}:/home/hollis/osu-uwrt/dependencies/install/microstrain_inertial_rqt:/home/hollis/osu-uwrt/dependencies/install/echo_video:/home/hollis/osu-uwrt/dependencies/install/camera_calibration:/home/hollis/osu-uwrt/riptide_software/install/riptide_teleop2:/home/hollis/osu-uwrt/riptide_software/install/riptide_rqt_plugins2:/home/hollis/osu-uwrt/riptide_software/install/riptide_hardware2:/home/hollis/osu-uwrt/riptide_software/install/riptide_controllers2:/home/hollis/osu-uwrt/riptide_software/install/riptide_mapping2:/home/hollis/osu-uwrt/riptide_software/install/riptide_localization2:/home/hollis/osu-uwrt/riptide_software/install/riptide_bringup2:/home/hollis/osu-uwrt/riptide_software/install/riptide_SNIB:/opt/ros/humble /usr/bin/cmake --build /home/hollis/osu-uwrt/riptide_software/src/riptide_gazebo/Assets/Plugins/build/hello_world_plugin -- -j20 -l20
[0.448s] DEBUG:colcon.colcon_core.event_handler.log_command:Invoking command in '/home/hollis/osu-uwrt/riptide_software/src/riptide_gazebo/Assets/Plugins/build/uwrt_gz': CMAKE_PREFIX_PATH=${CMAKE_PREFIX_PATH}:/home/hollis/osu-uwrt/dependencies/install/microstrain_inertial_rqt:/home/hollis/osu-uwrt/dependencies/install/echo_video:/home/hollis/osu-uwrt/dependencies/install/camera_calibration:/home/hollis/osu-uwrt/riptide_software/install/riptide_teleop2:/home/hollis/osu-uwrt/riptide_software/install/riptide_rqt_plugins2:/home/hollis/osu-uwrt/riptide_software/install/riptide_hardware2:/home/hollis/osu-uwrt/riptide_software/install/riptide_controllers2:/home/hollis/osu-uwrt/riptide_software/install/riptide_mapping2:/home/hollis/osu-uwrt/riptide_software/install/riptide_localization2:/home/hollis/osu-uwrt/riptide_software/install/riptide_bringup2:/home/hollis/osu-uwrt/riptide_software/install/riptide_SNIB:/opt/ros/humble /usr/bin/cmake --build /home/hollis/osu-uwrt/riptide_software/src/riptide_gazebo/Assets/Plugins/build/uwrt_gz -- -j20 -l20
[0.459s] DEBUG:colcon.colcon_core.event_handler.log_command:Invoking command in '/home/hollis/osu-uwrt/riptide_software/src/riptide_gazebo/Assets/Plugins/build/uwrt_ros_gz': CMAKE_PREFIX_PATH=${CMAKE_PREFIX_PATH}:/home/hollis/osu-uwrt/dependencies/install/microstrain_inertial_rqt:/home/hollis/osu-uwrt/dependencies/install/echo_video:/home/hollis/osu-uwrt/dependencies/install/camera_calibration:/home/hollis/osu-uwrt/riptide_software/install/riptide_teleop2:/home/hollis/osu-uwrt/riptide_software/install/riptide_rqt_plugins2:/home/hollis/osu-uwrt/riptide_software/install/riptide_hardware2:/home/hollis/osu-uwrt/riptide_software/install/riptide_controllers2:/home/hollis/osu-uwrt/riptide_software/install/riptide_mapping2:/home/hollis/osu-uwrt/riptide_software/install/riptide_localization2:/home/hollis/osu-uwrt/riptide_software/install/riptide_bringup2:/home/hollis/osu-uwrt/riptide_software/install/riptide_SNIB:/opt/ros/humble /usr/bin/cmake --build /home/hollis/osu-uwrt/riptide_software/src/riptide_gazebo/Assets/Plugins/build/uwrt_ros_gz -- -j20 -l20
[0.526s] DEBUG:colcon.colcon_core.event_handler.log_command:Invoked command in '/home/hollis/osu-uwrt/riptide_software/src/riptide_gazebo/Assets/Plugins/build/hello_world_plugin' returned '0': CMAKE_PREFIX_PATH=${CMAKE_PREFIX_PATH}:/home/hollis/osu-uwrt/dependencies/install/microstrain_inertial_rqt:/home/hollis/osu-uwrt/dependencies/install/echo_video:/home/hollis/osu-uwrt/dependencies/install/camera_calibration:/home/hollis/osu-uwrt/riptide_software/install/riptide_teleop2:/home/hollis/osu-uwrt/riptide_software/install/riptide_rqt_plugins2:/home/hollis/osu-uwrt/riptide_software/install/riptide_hardware2:/home/hollis/osu-uwrt/riptide_software/install/riptide_controllers2:/home/hollis/osu-uwrt/riptide_software/install/riptide_mapping2:/home/hollis/osu-uwrt/riptide_software/install/riptide_localization2:/home/hollis/osu-uwrt/riptide_software/install/riptide_bringup2:/home/hollis/osu-uwrt/riptide_software/install/riptide_SNIB:/opt/ros/humble /usr/bin/cmake --build /home/hollis/osu-uwrt/riptide_software/src/riptide_gazebo/Assets/Plugins/build/hello_world_plugin -- -j20 -l20
[0.538s] DEBUG:colcon.colcon_core.event_handler.log_command:Invoked command in '/home/hollis/osu-uwrt/riptide_software/src/riptide_gazebo/Assets/Plugins/build/uwrt_gz' returned '0': CMAKE_PREFIX_PATH=${CMAKE_PREFIX_PATH}:/home/hollis/osu-uwrt/dependencies/install/microstrain_inertial_rqt:/home/hollis/osu-uwrt/dependencies/install/echo_video:/home/hollis/osu-uwrt/dependencies/install/camera_calibration:/home/hollis/osu-uwrt/riptide_software/install/riptide_teleop2:/home/hollis/osu-uwrt/riptide_software/install/riptide_rqt_plugins2:/home/hollis/osu-uwrt/riptide_software/install/riptide_hardware2:/home/hollis/osu-uwrt/riptide_software/install/riptide_controllers2:/home/hollis/osu-uwrt/riptide_software/install/riptide_mapping2:/home/hollis/osu-uwrt/riptide_software/install/riptide_localization2:/home/hollis/osu-uwrt/riptide_software/install/riptide_bringup2:/home/hollis/osu-uwrt/riptide_software/install/riptide_SNIB:/opt/ros/humble /usr/bin/cmake --build /home/hollis/osu-uwrt/riptide_software/src/riptide_gazebo/Assets/Plugins/build/uwrt_gz -- -j20 -l20
[0.570s] DEBUG:colcon.colcon_core.event_handler.log_command:Invoking command in '/home/hollis/osu-uwrt/riptide_software/src/riptide_gazebo/Assets/Plugins/build/hello_world_plugin': CMAKE_PREFIX_PATH=${CMAKE_PREFIX_PATH}:/home/hollis/osu-uwrt/dependencies/install/microstrain_inertial_rqt:/home/hollis/osu-uwrt/dependencies/install/echo_video:/home/hollis/osu-uwrt/dependencies/install/camera_calibration:/home/hollis/osu-uwrt/riptide_software/install/riptide_teleop2:/home/hollis/osu-uwrt/riptide_software/install/riptide_rqt_plugins2:/home/hollis/osu-uwrt/riptide_software/install/riptide_hardware2:/home/hollis/osu-uwrt/riptide_software/install/riptide_controllers2:/home/hollis/osu-uwrt/riptide_software/install/riptide_mapping2:/home/hollis/osu-uwrt/riptide_software/install/riptide_localization2:/home/hollis/osu-uwrt/riptide_software/install/riptide_bringup2:/home/hollis/osu-uwrt/riptide_software/install/riptide_SNIB:/opt/ros/humble /usr/bin/cmake --install /home/hollis/osu-uwrt/riptide_software/src/riptide_gazebo/Assets/Plugins/build/hello_world_plugin
[0.575s] DEBUG:colcon.colcon_core.event_handler.log_command:Invoking command in '/home/hollis/osu-uwrt/riptide_software/src/riptide_gazebo/Assets/Plugins/build/uwrt_gz': CMAKE_PREFIX_PATH=${CMAKE_PREFIX_PATH}:/home/hollis/osu-uwrt/dependencies/install/microstrain_inertial_rqt:/home/hollis/osu-uwrt/dependencies/install/echo_video:/home/hollis/osu-uwrt/dependencies/install/camera_calibration:/home/hollis/osu-uwrt/riptide_software/install/riptide_teleop2:/home/hollis/osu-uwrt/riptide_software/install/riptide_rqt_plugins2:/home/hollis/osu-uwrt/riptide_software/install/riptide_hardware2:/home/hollis/osu-uwrt/riptide_software/install/riptide_controllers2:/home/hollis/osu-uwrt/riptide_software/install/riptide_mapping2:/home/hollis/osu-uwrt/riptide_software/install/riptide_localization2:/home/hollis/osu-uwrt/riptide_software/install/riptide_bringup2:/home/hollis/osu-uwrt/riptide_software/install/riptide_SNIB:/opt/ros/humble /usr/bin/cmake --install /home/hollis/osu-uwrt/riptide_software/src/riptide_gazebo/Assets/Plugins/build/uwrt_gz
[0.583s] Level 1:colcon.colcon_core.environment:create_environment_scripts_only(hello_world_plugin)
[0.593s] DEBUG:colcon.colcon_core.event_handler.log_command:Invoked command in '/home/hollis/osu-uwrt/riptide_software/src/riptide_gazebo/Assets/Plugins/build/hello_world_plugin' returned '0': CMAKE_PREFIX_PATH=${CMAKE_PREFIX_PATH}:/home/hollis/osu-uwrt/dependencies/install/microstrain_inertial_rqt:/home/hollis/osu-uwrt/dependencies/install/echo_video:/home/hollis/osu-uwrt/dependencies/install/camera_calibration:/home/hollis/osu-uwrt/riptide_software/install/riptide_teleop2:/home/hollis/osu-uwrt/riptide_software/install/riptide_rqt_plugins2:/home/hollis/osu-uwrt/riptide_software/install/riptide_hardware2:/home/hollis/osu-uwrt/riptide_software/install/riptide_controllers2:/home/hollis/osu-uwrt/riptide_software/install/riptide_mapping2:/home/hollis/osu-uwrt/riptide_software/install/riptide_localization2:/home/hollis/osu-uwrt/riptide_software/install/riptide_bringup2:/home/hollis/osu-uwrt/riptide_software/install/riptide_SNIB:/opt/ros/humble /usr/bin/cmake --install /home/hollis/osu-uwrt/riptide_software/src/riptide_gazebo/Assets/Plugins/build/hello_world_plugin
[0.594s] Level 1:colcon.colcon_core.environment:checking '/home/hollis/osu-uwrt/riptide_software/src/riptide_gazebo/Assets/Plugins/install/hello_world_plugin' for CMake module files
[0.595s] Level 1:colcon.colcon_core.environment:checking '/home/hollis/osu-uwrt/riptide_software/src/riptide_gazebo/Assets/Plugins/install/hello_world_plugin' for CMake config files
[0.595s] Level 1:colcon.colcon_core.shell:create_environment_hook('hello_world_plugin', 'cmake_prefix_path')
[0.596s] INFO:colcon.colcon_core.shell:Creating environment hook '/home/hollis/osu-uwrt/riptide_software/src/riptide_gazebo/Assets/Plugins/install/hello_world_plugin/share/hello_world_plugin/hook/cmake_prefix_path.ps1'
[0.597s] INFO:colcon.colcon_core.shell:Creating environment descriptor '/home/hollis/osu-uwrt/riptide_software/src/riptide_gazebo/Assets/Plugins/install/hello_world_plugin/share/hello_world_plugin/hook/cmake_prefix_path.dsv'
[0.598s] INFO:colcon.colcon_core.shell:Creating environment hook '/home/hollis/osu-uwrt/riptide_software/src/riptide_gazebo/Assets/Plugins/install/hello_world_plugin/share/hello_world_plugin/hook/cmake_prefix_path.sh'
[0.599s] Level 1:colcon.colcon_core.environment:checking '/home/hollis/osu-uwrt/riptide_software/src/riptide_gazebo/Assets/Plugins/install/hello_world_plugin/bin'
[0.599s] Level 1:colcon.colcon_core.environment:checking '/home/hollis/osu-uwrt/riptide_software/src/riptide_gazebo/Assets/Plugins/install/hello_world_plugin/lib/pkgconfig/hello_world_plugin.pc'
[0.601s] Level 1:colcon.colcon_core.environment:checking '/home/hollis/osu-uwrt/riptide_software/src/riptide_gazebo/Assets/Plugins/install/hello_world_plugin/lib/python3.10/site-packages'
[0.601s] Level 1:colcon.colcon_core.environment:checking '/home/hollis/osu-uwrt/riptide_software/src/riptide_gazebo/Assets/Plugins/install/hello_world_plugin/bin'
[0.604s] INFO:colcon.colcon_core.shell:Creating package script '/home/hollis/osu-uwrt/riptide_software/src/riptide_gazebo/Assets/Plugins/install/hello_world_plugin/share/hello_world_plugin/package.ps1'
[0.607s] INFO:colcon.colcon_core.shell:Creating package descriptor '/home/hollis/osu-uwrt/riptide_software/src/riptide_gazebo/Assets/Plugins/install/hello_world_plugin/share/hello_world_plugin/package.dsv'
[0.608s] INFO:colcon.colcon_core.shell:Creating package script '/home/hollis/osu-uwrt/riptide_software/src/riptide_gazebo/Assets/Plugins/install/hello_world_plugin/share/hello_world_plugin/package.sh'
[0.609s] INFO:colcon.colcon_core.shell:Creating package script '/home/hollis/osu-uwrt/riptide_software/src/riptide_gazebo/Assets/Plugins/install/hello_world_plugin/share/hello_world_plugin/package.bash'
[0.610s] INFO:colcon.colcon_core.shell:Creating package script '/home/hollis/osu-uwrt/riptide_software/src/riptide_gazebo/Assets/Plugins/install/hello_world_plugin/share/hello_world_plugin/package.zsh'
[0.611s] Level 1:colcon.colcon_core.environment:create_file_with_runtime_dependencies(/home/hollis/osu-uwrt/riptide_software/src/riptide_gazebo/Assets/Plugins/install/hello_world_plugin/share/colcon-core/packages/hello_world_plugin)
[0.613s] Level 1:colcon.colcon_core.environment:create_environment_scripts_only(uwrt_gz)
[0.615s] Level 1:colcon.colcon_core.environment:checking '/home/hollis/osu-uwrt/riptide_software/src/riptide_gazebo/Assets/Plugins/install/uwrt_gz' for CMake module files
[0.615s] DEBUG:colcon.colcon_core.event_handler.log_command:Invoked command in '/home/hollis/osu-uwrt/riptide_software/src/riptide_gazebo/Assets/Plugins/build/uwrt_gz' returned '0': CMAKE_PREFIX_PATH=${CMAKE_PREFIX_PATH}:/home/hollis/osu-uwrt/dependencies/install/microstrain_inertial_rqt:/home/hollis/osu-uwrt/dependencies/install/echo_video:/home/hollis/osu-uwrt/dependencies/install/camera_calibration:/home/hollis/osu-uwrt/riptide_software/install/riptide_teleop2:/home/hollis/osu-uwrt/riptide_software/install/riptide_rqt_plugins2:/home/hollis/osu-uwrt/riptide_software/install/riptide_hardware2:/home/hollis/osu-uwrt/riptide_software/install/riptide_controllers2:/home/hollis/osu-uwrt/riptide_software/install/riptide_mapping2:/home/hollis/osu-uwrt/riptide_software/install/riptide_localization2:/home/hollis/osu-uwrt/riptide_software/install/riptide_bringup2:/home/hollis/osu-uwrt/riptide_software/install/riptide_SNIB:/opt/ros/humble /usr/bin/cmake --install /home/hollis/osu-uwrt/riptide_software/src/riptide_gazebo/Assets/Plugins/build/uwrt_gz
[0.616s] Level 1:colcon.colcon_core.environment:checking '/home/hollis/osu-uwrt/riptide_software/src/riptide_gazebo/Assets/Plugins/install/uwrt_gz' for CMake config files
[0.616s] Level 1:colcon.colcon_core.shell:create_environment_hook('uwrt_gz', 'cmake_prefix_path')
[0.617s] INFO:colcon.colcon_core.shell:Creating environment hook '/home/hollis/osu-uwrt/riptide_software/src/riptide_gazebo/Assets/Plugins/install/uwrt_gz/share/uwrt_gz/hook/cmake_prefix_path.ps1'
[0.618s] INFO:colcon.colcon_core.shell:Creating environment descriptor '/home/hollis/osu-uwrt/riptide_software/src/riptide_gazebo/Assets/Plugins/install/uwrt_gz/share/uwrt_gz/hook/cmake_prefix_path.dsv'
[0.618s] INFO:colcon.colcon_core.shell:Creating environment hook '/home/hollis/osu-uwrt/riptide_software/src/riptide_gazebo/Assets/Plugins/install/uwrt_gz/share/uwrt_gz/hook/cmake_prefix_path.sh'
[0.618s] Level 1:colcon.colcon_core.environment:checking '/home/hollis/osu-uwrt/riptide_software/src/riptide_gazebo/Assets/Plugins/install/uwrt_gz/lib'
[0.619s] Level 1:colcon.colcon_core.shell:create_environment_hook('uwrt_gz', 'ld_library_path_lib')
[0.621s] INFO:colcon.colcon_core.shell:Creating environment hook '/home/hollis/osu-uwrt/riptide_software/src/riptide_gazebo/Assets/Plugins/install/uwrt_gz/share/uwrt_gz/hook/ld_library_path_lib.ps1'
[0.621s] INFO:colcon.colcon_core.shell:Creating environment descriptor '/home/hollis/osu-uwrt/riptide_software/src/riptide_gazebo/Assets/Plugins/install/uwrt_gz/share/uwrt_gz/hook/ld_library_path_lib.dsv'
[0.622s] INFO:colcon.colcon_core.shell:Creating environment hook '/home/hollis/osu-uwrt/riptide_software/src/riptide_gazebo/Assets/Plugins/install/uwrt_gz/share/uwrt_gz/hook/ld_library_path_lib.sh'
[0.622s] Level 1:colcon.colcon_core.environment:checking '/home/hollis/osu-uwrt/riptide_software/src/riptide_gazebo/Assets/Plugins/install/uwrt_gz/bin'
[0.623s] Level 1:colcon.colcon_core.environment:checking '/home/hollis/osu-uwrt/riptide_software/src/riptide_gazebo/Assets/Plugins/install/uwrt_gz/lib/pkgconfig/uwrt_gz.pc'
[0.623s] Level 1:colcon.colcon_core.environment:checking '/home/hollis/osu-uwrt/riptide_software/src/riptide_gazebo/Assets/Plugins/install/uwrt_gz/lib/python3.10/site-packages'
[0.623s] Level 1:colcon.colcon_core.environment:checking '/home/hollis/osu-uwrt/riptide_software/src/riptide_gazebo/Assets/Plugins/install/uwrt_gz/bin'
[0.625s] INFO:colcon.colcon_core.shell:Creating package script '/home/hollis/osu-uwrt/riptide_software/src/riptide_gazebo/Assets/Plugins/install/uwrt_gz/share/uwrt_gz/package.ps1'
[0.626s] INFO:colcon.colcon_core.shell:Creating package descriptor '/home/hollis/osu-uwrt/riptide_software/src/riptide_gazebo/Assets/Plugins/install/uwrt_gz/share/uwrt_gz/package.dsv'
[0.627s] INFO:colcon.colcon_core.shell:Creating package script '/home/hollis/osu-uwrt/riptide_software/src/riptide_gazebo/Assets/Plugins/install/uwrt_gz/share/uwrt_gz/package.sh'
[0.627s] INFO:colcon.colcon_core.shell:Creating package script '/home/hollis/osu-uwrt/riptide_software/src/riptide_gazebo/Assets/Plugins/install/uwrt_gz/share/uwrt_gz/package.bash'
[0.627s] INFO:colcon.colcon_core.shell:Creating package script '/home/hollis/osu-uwrt/riptide_software/src/riptide_gazebo/Assets/Plugins/install/uwrt_gz/share/uwrt_gz/package.zsh'
[0.628s] Level 1:colcon.colcon_core.environment:create_file_with_runtime_dependencies(/home/hollis/osu-uwrt/riptide_software/src/riptide_gazebo/Assets/Plugins/install/uwrt_gz/share/colcon-core/packages/uwrt_gz)
[0.645s] Level 1:colcon.colcon_core.environment:create_environment_scripts_only(hello_world_plugin)
[0.647s] Level 1:colcon.colcon_core.environment:checking '/home/hollis/osu-uwrt/riptide_software/src/riptide_gazebo/Assets/Plugins/install/hello_world_plugin' for CMake module files
[0.648s] Level 1:colcon.colcon_core.environment:checking '/home/hollis/osu-uwrt/riptide_software/src/riptide_gazebo/Assets/Plugins/install/hello_world_plugin' for CMake config files
[0.648s] Level 1:colcon.colcon_core.shell:create_environment_hook('hello_world_plugin', 'cmake_prefix_path')
[0.649s] INFO:colcon.colcon_core.shell:Creating environment hook '/home/hollis/osu-uwrt/riptide_software/src/riptide_gazebo/Assets/Plugins/install/hello_world_plugin/share/hello_world_plugin/hook/cmake_prefix_path.ps1'
[0.650s] INFO:colcon.colcon_core.shell:Creating environment descriptor '/home/hollis/osu-uwrt/riptide_software/src/riptide_gazebo/Assets/Plugins/install/hello_world_plugin/share/hello_world_plugin/hook/cmake_prefix_path.dsv'
[0.650s] INFO:colcon.colcon_core.shell:Creating environment hook '/home/hollis/osu-uwrt/riptide_software/src/riptide_gazebo/Assets/Plugins/install/hello_world_plugin/share/hello_world_plugin/hook/cmake_prefix_path.sh'
[0.651s] Level 1:colcon.colcon_core.environment:checking '/home/hollis/osu-uwrt/riptide_software/src/riptide_gazebo/Assets/Plugins/install/hello_world_plugin/bin'
[0.651s] Level 1:colcon.colcon_core.environment:checking '/home/hollis/osu-uwrt/riptide_software/src/riptide_gazebo/Assets/Plugins/install/hello_world_plugin/lib/pkgconfig/hello_world_plugin.pc'
[0.651s] Level 1:colcon.colcon_core.environment:checking '/home/hollis/osu-uwrt/riptide_software/src/riptide_gazebo/Assets/Plugins/install/hello_world_plugin/lib/python3.10/site-packages'
[0.651s] Level 1:colcon.colcon_core.environment:checking '/home/hollis/osu-uwrt/riptide_software/src/riptide_gazebo/Assets/Plugins/install/hello_world_plugin/bin'
[0.653s] INFO:colcon.colcon_core.shell:Creating package script '/home/hollis/osu-uwrt/riptide_software/src/riptide_gazebo/Assets/Plugins/install/hello_world_plugin/share/hello_world_plugin/package.ps1'
[0.653s] INFO:colcon.colcon_core.shell:Creating package descriptor '/home/hollis/osu-uwrt/riptide_software/src/riptide_gazebo/Assets/Plugins/install/hello_world_plugin/share/hello_world_plugin/package.dsv'
[0.654s] INFO:colcon.colcon_core.shell:Creating package script '/home/hollis/osu-uwrt/riptide_software/src/riptide_gazebo/Assets/Plugins/install/hello_world_plugin/share/hello_world_plugin/package.sh'
[0.654s] INFO:colcon.colcon_core.shell:Creating package script '/home/hollis/osu-uwrt/riptide_software/src/riptide_gazebo/Assets/Plugins/install/hello_world_plugin/share/hello_world_plugin/package.bash'
[0.655s] INFO:colcon.colcon_core.shell:Creating package script '/home/hollis/osu-uwrt/riptide_software/src/riptide_gazebo/Assets/Plugins/install/hello_world_plugin/share/hello_world_plugin/package.zsh'
[0.655s] Level 1:colcon.colcon_core.environment:create_file_with_runtime_dependencies(/home/hollis/osu-uwrt/riptide_software/src/riptide_gazebo/Assets/Plugins/install/hello_world_plugin/share/colcon-core/packages/hello_world_plugin)
[0.660s] Level 1:colcon.colcon_core.environment:create_environment_scripts_only(uwrt_gz)
[0.661s] Level 1:colcon.colcon_core.environment:checking '/home/hollis/osu-uwrt/riptide_software/src/riptide_gazebo/Assets/Plugins/install/uwrt_gz' for CMake module files
[0.662s] Level 1:colcon.colcon_core.environment:checking '/home/hollis/osu-uwrt/riptide_software/src/riptide_gazebo/Assets/Plugins/install/uwrt_gz' for CMake config files
[0.662s] Level 1:colcon.colcon_core.shell:create_environment_hook('uwrt_gz', 'cmake_prefix_path')
[0.663s] INFO:colcon.colcon_core.shell:Creating environment hook '/home/hollis/osu-uwrt/riptide_software/src/riptide_gazebo/Assets/Plugins/install/uwrt_gz/share/uwrt_gz/hook/cmake_prefix_path.ps1'
[0.663s] INFO:colcon.colcon_core.shell:Creating environment descriptor '/home/hollis/osu-uwrt/riptide_software/src/riptide_gazebo/Assets/Plugins/install/uwrt_gz/share/uwrt_gz/hook/cmake_prefix_path.dsv'
[0.664s] INFO:colcon.colcon_core.shell:Creating environment hook '/home/hollis/osu-uwrt/riptide_software/src/riptide_gazebo/Assets/Plugins/install/uwrt_gz/share/uwrt_gz/hook/cmake_prefix_path.sh'
[0.664s] Level 1:colcon.colcon_core.environment:checking '/home/hollis/osu-uwrt/riptide_software/src/riptide_gazebo/Assets/Plugins/install/uwrt_gz/lib'
[0.664s] Level 1:colcon.colcon_core.shell:create_environment_hook('uwrt_gz', 'ld_library_path_lib')
[0.665s] INFO:colcon.colcon_core.shell:Creating environment hook '/home/hollis/osu-uwrt/riptide_software/src/riptide_gazebo/Assets/Plugins/install/uwrt_gz/share/uwrt_gz/hook/ld_library_path_lib.ps1'
[0.666s] INFO:colcon.colcon_core.shell:Creating environment descriptor '/home/hollis/osu-uwrt/riptide_software/src/riptide_gazebo/Assets/Plugins/install/uwrt_gz/share/uwrt_gz/hook/ld_library_path_lib.dsv'
[0.666s] INFO:colcon.colcon_core.shell:Creating environment hook '/home/hollis/osu-uwrt/riptide_software/src/riptide_gazebo/Assets/Plugins/install/uwrt_gz/share/uwrt_gz/hook/ld_library_path_lib.sh'
[0.666s] Level 1:colcon.colcon_core.environment:checking '/home/hollis/osu-uwrt/riptide_software/src/riptide_gazebo/Assets/Plugins/install/uwrt_gz/bin'
[0.666s] Level 1:colcon.colcon_core.environment:checking '/home/hollis/osu-uwrt/riptide_software/src/riptide_gazebo/Assets/Plugins/install/uwrt_gz/lib/pkgconfig/uwrt_gz.pc'
[0.667s] Level 1:colcon.colcon_core.environment:checking '/home/hollis/osu-uwrt/riptide_software/src/riptide_gazebo/Assets/Plugins/install/uwrt_gz/lib/python3.10/site-packages'
[0.667s] Level 1:colcon.colcon_core.environment:checking '/home/hollis/osu-uwrt/riptide_software/src/riptide_gazebo/Assets/Plugins/install/uwrt_gz/bin'
[0.669s] INFO:colcon.colcon_core.shell:Creating package script '/home/hollis/osu-uwrt/riptide_software/src/riptide_gazebo/Assets/Plugins/install/uwrt_gz/share/uwrt_gz/package.ps1'
[0.670s] INFO:colcon.colcon_core.shell:Creating package descriptor '/home/hollis/osu-uwrt/riptide_software/src/riptide_gazebo/Assets/Plugins/install/uwrt_gz/share/uwrt_gz/package.dsv'
[0.671s] INFO:colcon.colcon_core.shell:Creating package script '/home/hollis/osu-uwrt/riptide_software/src/riptide_gazebo/Assets/Plugins/install/uwrt_gz/share/uwrt_gz/package.sh'
[0.671s] INFO:colcon.colcon_core.shell:Creating package script '/home/hollis/osu-uwrt/riptide_software/src/riptide_gazebo/Assets/Plugins/install/uwrt_gz/share/uwrt_gz/package.bash'
[0.672s] INFO:colcon.colcon_core.shell:Creating package script '/home/hollis/osu-uwrt/riptide_software/src/riptide_gazebo/Assets/Plugins/install/uwrt_gz/share/uwrt_gz/package.zsh'
[0.672s] Level 1:colcon.colcon_core.environment:create_file_with_runtime_dependencies(/home/hollis/osu-uwrt/riptide_software/src/riptide_gazebo/Assets/Plugins/install/uwrt_gz/share/colcon-core/packages/uwrt_gz)
[11.338s] DEBUG:colcon.colcon_core.event_handler.log_command:Invoked command in '/home/hollis/osu-uwrt/riptide_software/src/riptide_gazebo/Assets/Plugins/build/uwrt_ros_gz' returned '0': CMAKE_PREFIX_PATH=${CMAKE_PREFIX_PATH}:/home/hollis/osu-uwrt/dependencies/install/microstrain_inertial_rqt:/home/hollis/osu-uwrt/dependencies/install/echo_video:/home/hollis/osu-uwrt/dependencies/install/camera_calibration:/home/hollis/osu-uwrt/riptide_software/install/riptide_teleop2:/home/hollis/osu-uwrt/riptide_software/install/riptide_rqt_plugins2:/home/hollis/osu-uwrt/riptide_software/install/riptide_hardware2:/home/hollis/osu-uwrt/riptide_software/install/riptide_controllers2:/home/hollis/osu-uwrt/riptide_software/install/riptide_mapping2:/home/hollis/osu-uwrt/riptide_software/install/riptide_localization2:/home/hollis/osu-uwrt/riptide_software/install/riptide_bringup2:/home/hollis/osu-uwrt/riptide_software/install/riptide_SNIB:/opt/ros/humble /usr/bin/cmake --build /home/hollis/osu-uwrt/riptide_software/src/riptide_gazebo/Assets/Plugins/build/uwrt_ros_gz -- -j20 -l20
[11.365s] DEBUG:colcon.colcon_core.event_handler.log_command:Invoking command in '/home/hollis/osu-uwrt/riptide_software/src/riptide_gazebo/Assets/Plugins/build/uwrt_ros_gz': CMAKE_PREFIX_PATH=${CMAKE_PREFIX_PATH}:/home/hollis/osu-uwrt/dependencies/install/microstrain_inertial_rqt:/home/hollis/osu-uwrt/dependencies/install/echo_video:/home/hollis/osu-uwrt/dependencies/install/camera_calibration:/home/hollis/osu-uwrt/riptide_software/install/riptide_teleop2:/home/hollis/osu-uwrt/riptide_software/install/riptide_rqt_plugins2:/home/hollis/osu-uwrt/riptide_software/install/riptide_hardware2:/home/hollis/osu-uwrt/riptide_software/install/riptide_controllers2:/home/hollis/osu-uwrt/riptide_software/install/riptide_mapping2:/home/hollis/osu-uwrt/riptide_software/install/riptide_localization2:/home/hollis/osu-uwrt/riptide_software/install/riptide_bringup2:/home/hollis/osu-uwrt/riptide_software/install/riptide_SNIB:/opt/ros/humble /usr/bin/cmake --install /home/hollis/osu-uwrt/riptide_software/src/riptide_gazebo/Assets/Plugins/build/uwrt_ros_gz
[11.381s] Level 1:colcon.colcon_core.environment:create_environment_scripts_only(uwrt_ros_gz)
[11.382s] Level 1:colcon.colcon_core.environment:checking '/home/hollis/osu-uwrt/riptide_software/src/riptide_gazebo/Assets/Plugins/install/uwrt_ros_gz' for CMake module files
[11.383s] DEBUG:colcon.colcon_core.event_handler.log_command:Invoked command in '/home/hollis/osu-uwrt/riptide_software/src/riptide_gazebo/Assets/Plugins/build/uwrt_ros_gz' returned '0': CMAKE_PREFIX_PATH=${CMAKE_PREFIX_PATH}:/home/hollis/osu-uwrt/dependencies/install/microstrain_inertial_rqt:/home/hollis/osu-uwrt/dependencies/install/echo_video:/home/hollis/osu-uwrt/dependencies/install/camera_calibration:/home/hollis/osu-uwrt/riptide_software/install/riptide_teleop2:/home/hollis/osu-uwrt/riptide_software/install/riptide_rqt_plugins2:/home/hollis/osu-uwrt/riptide_software/install/riptide_hardware2:/home/hollis/osu-uwrt/riptide_software/install/riptide_controllers2:/home/hollis/osu-uwrt/riptide_software/install/riptide_mapping2:/home/hollis/osu-uwrt/riptide_software/install/riptide_localization2:/home/hollis/osu-uwrt/riptide_software/install/riptide_bringup2:/home/hollis/osu-uwrt/riptide_software/install/riptide_SNIB:/opt/ros/humble /usr/bin/cmake --install /home/hollis/osu-uwrt/riptide_software/src/riptide_gazebo/Assets/Plugins/build/uwrt_ros_gz
[11.383s] Level 1:colcon.colcon_core.environment:checking '/home/hollis/osu-uwrt/riptide_software/src/riptide_gazebo/Assets/Plugins/install/uwrt_ros_gz' for CMake config files
[11.383s] Level 1:colcon.colcon_core.shell:create_environment_hook('uwrt_ros_gz', 'cmake_prefix_path')
[11.384s] INFO:colcon.colcon_core.shell:Creating environment hook '/home/hollis/osu-uwrt/riptide_software/src/riptide_gazebo/Assets/Plugins/install/uwrt_ros_gz/share/uwrt_ros_gz/hook/cmake_prefix_path.ps1'
[11.385s] INFO:colcon.colcon_core.shell:Creating environment descriptor '/home/hollis/osu-uwrt/riptide_software/src/riptide_gazebo/Assets/Plugins/install/uwrt_ros_gz/share/uwrt_ros_gz/hook/cmake_prefix_path.dsv'
[11.385s] INFO:colcon.colcon_core.shell:Creating environment hook '/home/hollis/osu-uwrt/riptide_software/src/riptide_gazebo/Assets/Plugins/install/uwrt_ros_gz/share/uwrt_ros_gz/hook/cmake_prefix_path.sh'
[11.386s] Level 1:colcon.colcon_core.environment:checking '/home/hollis/osu-uwrt/riptide_software/src/riptide_gazebo/Assets/Plugins/install/uwrt_ros_gz/lib'
[11.386s] Level 1:colcon.colcon_core.environment:checking '/home/hollis/osu-uwrt/riptide_software/src/riptide_gazebo/Assets/Plugins/install/uwrt_ros_gz/bin'
[11.387s] Level 1:colcon.colcon_core.environment:checking '/home/hollis/osu-uwrt/riptide_software/src/riptide_gazebo/Assets/Plugins/install/uwrt_ros_gz/lib/pkgconfig/uwrt_ros_gz.pc'
[11.387s] Level 1:colcon.colcon_core.environment:checking '/home/hollis/osu-uwrt/riptide_software/src/riptide_gazebo/Assets/Plugins/install/uwrt_ros_gz/lib/python3.10/site-packages'
[11.387s] Level 1:colcon.colcon_core.environment:checking '/home/hollis/osu-uwrt/riptide_software/src/riptide_gazebo/Assets/Plugins/install/uwrt_ros_gz/bin'
[11.389s] INFO:colcon.colcon_core.shell:Creating package script '/home/hollis/osu-uwrt/riptide_software/src/riptide_gazebo/Assets/Plugins/install/uwrt_ros_gz/share/uwrt_ros_gz/package.ps1'
[11.390s] INFO:colcon.colcon_core.shell:Creating package descriptor '/home/hollis/osu-uwrt/riptide_software/src/riptide_gazebo/Assets/Plugins/install/uwrt_ros_gz/share/uwrt_ros_gz/package.dsv'
[11.390s] INFO:colcon.colcon_core.shell:Creating package script '/home/hollis/osu-uwrt/riptide_software/src/riptide_gazebo/Assets/Plugins/install/uwrt_ros_gz/share/uwrt_ros_gz/package.sh'
[11.391s] INFO:colcon.colcon_core.shell:Creating package script '/home/hollis/osu-uwrt/riptide_software/src/riptide_gazebo/Assets/Plugins/install/uwrt_ros_gz/share/uwrt_ros_gz/package.bash'
[11.391s] INFO:colcon.colcon_core.shell:Creating package script '/home/hollis/osu-uwrt/riptide_software/src/riptide_gazebo/Assets/Plugins/install/uwrt_ros_gz/share/uwrt_ros_gz/package.zsh'
[11.391s] Level 1:colcon.colcon_core.environment:create_file_with_runtime_dependencies(/home/hollis/osu-uwrt/riptide_software/src/riptide_gazebo/Assets/Plugins/install/uwrt_ros_gz/share/colcon-core/packages/uwrt_ros_gz)
[11.415s] Level 1:colcon.colcon_core.environment:create_environment_scripts_only(uwrt_ros_gz)
[11.417s] Level 1:colcon.colcon_core.environment:checking '/home/hollis/osu-uwrt/riptide_software/src/riptide_gazebo/Assets/Plugins/install/uwrt_ros_gz' for CMake module files
[11.417s] Level 1:colcon.colcon_core.environment:checking '/home/hollis/osu-uwrt/riptide_software/src/riptide_gazebo/Assets/Plugins/install/uwrt_ros_gz' for CMake config files
[11.418s] Level 1:colcon.colcon_core.shell:create_environment_hook('uwrt_ros_gz', 'cmake_prefix_path')
[11.419s] INFO:colcon.colcon_core.shell:Creating environment hook '/home/hollis/osu-uwrt/riptide_software/src/riptide_gazebo/Assets/Plugins/install/uwrt_ros_gz/share/uwrt_ros_gz/hook/cmake_prefix_path.ps1'
[11.420s] INFO:colcon.colcon_core.shell:Creating environment descriptor '/home/hollis/osu-uwrt/riptide_software/src/riptide_gazebo/Assets/Plugins/install/uwrt_ros_gz/share/uwrt_ros_gz/hook/cmake_prefix_path.dsv'
[11.420s] INFO:colcon.colcon_core.shell:Creating environment hook '/home/hollis/osu-uwrt/riptide_software/src/riptide_gazebo/Assets/Plugins/install/uwrt_ros_gz/share/uwrt_ros_gz/hook/cmake_prefix_path.sh'
[11.421s] Level 1:colcon.colcon_core.environment:checking '/home/hollis/osu-uwrt/riptide_software/src/riptide_gazebo/Assets/Plugins/install/uwrt_ros_gz/lib'
[11.421s] Level 1:colcon.colcon_core.environment:checking '/home/hollis/osu-uwrt/riptide_software/src/riptide_gazebo/Assets/Plugins/install/uwrt_ros_gz/bin'
[11.421s] Level 1:colcon.colcon_core.environment:checking '/home/hollis/osu-uwrt/riptide_software/src/riptide_gazebo/Assets/Plugins/install/uwrt_ros_gz/lib/pkgconfig/uwrt_ros_gz.pc'
[11.422s] Level 1:colcon.colcon_core.environment:checking '/home/hollis/osu-uwrt/riptide_software/src/riptide_gazebo/Assets/Plugins/install/uwrt_ros_gz/lib/python3.10/site-packages'
[11.422s] Level 1:colcon.colcon_core.environment:checking '/home/hollis/osu-uwrt/riptide_software/src/riptide_gazebo/Assets/Plugins/install/uwrt_ros_gz/bin'
[11.423s] INFO:colcon.colcon_core.shell:Creating package script '/home/hollis/osu-uwrt/riptide_software/src/riptide_gazebo/Assets/Plugins/install/uwrt_ros_gz/share/uwrt_ros_gz/package.ps1'
[11.424s] INFO:colcon.colcon_core.shell:Creating package descriptor '/home/hollis/osu-uwrt/riptide_software/src/riptide_gazebo/Assets/Plugins/install/uwrt_ros_gz/share/uwrt_ros_gz/package.dsv'
[11.425s] INFO:colcon.colcon_core.shell:Creating package script '/home/hollis/osu-uwrt/riptide_software/src/riptide_gazebo/Assets/Plugins/install/uwrt_ros_gz/share/uwrt_ros_gz/package.sh'
[11.425s] INFO:colcon.colcon_core.shell:Creating package script '/home/hollis/osu-uwrt/riptide_software/src/riptide_gazebo/Assets/Plugins/install/uwrt_ros_gz/share/uwrt_ros_gz/package.bash'
[11.426s] INFO:colcon.colcon_core.shell:Creating package script '/home/hollis/osu-uwrt/riptide_software/src/riptide_gazebo/Assets/Plugins/install/uwrt_ros_gz/share/uwrt_ros_gz/package.zsh'
[11.426s] Level 1:colcon.colcon_core.environment:create_file_with_runtime_dependencies(/home/hollis/osu-uwrt/riptide_software/src/riptide_gazebo/Assets/Plugins/install/uwrt_ros_gz/share/colcon-core/packages/uwrt_ros_gz)
[11.426s] DEBUG:colcon.colcon_parallel_executor.executor.parallel:closing loop
[11.426s] DEBUG:colcon.colcon_parallel_executor.executor.parallel:loop closed
[11.427s] DEBUG:colcon.colcon_parallel_executor.executor.parallel:run_until_complete finished with '0'
[11.427s] DEBUG:colcon.colcon_core.event_reactor:joining thread
[11.438s] INFO:colcon.colcon_core.plugin_system:Skipping extension 'colcon_notification.desktop_notification.terminal_notifier': Not used on non-Darwin systems
[11.439s] INFO:colcon.colcon_core.plugin_system:Skipping extension 'colcon_notification.desktop_notification.win32': Not used on non-Windows systems
[11.439s] INFO:colcon.colcon_notification.desktop_notification:Sending desktop notification using 'notify2'
[11.460s] DEBUG:colcon.colcon_core.event_reactor:joined thread
[11.463s] INFO:colcon.colcon_core.shell:Creating prefix script '/home/hollis/osu-uwrt/riptide_software/src/riptide_gazebo/Assets/Plugins/install/local_setup.ps1'
[11.464s] INFO:colcon.colcon_core.shell:Creating prefix util module '/home/hollis/osu-uwrt/riptide_software/src/riptide_gazebo/Assets/Plugins/install/_local_setup_util_ps1.py'
[11.466s] INFO:colcon.colcon_core.shell:Creating prefix chain script '/home/hollis/osu-uwrt/riptide_software/src/riptide_gazebo/Assets/Plugins/install/setup.ps1'
[11.467s] INFO:colcon.colcon_core.shell:Creating prefix script '/home/hollis/osu-uwrt/riptide_software/src/riptide_gazebo/Assets/Plugins/install/local_setup.sh'
[11.467s] INFO:colcon.colcon_core.shell:Creating prefix util module '/home/hollis/osu-uwrt/riptide_software/src/riptide_gazebo/Assets/Plugins/install/_local_setup_util_sh.py'
[11.468s] INFO:colcon.colcon_core.shell:Creating prefix chain script '/home/hollis/osu-uwrt/riptide_software/src/riptide_gazebo/Assets/Plugins/install/setup.sh'
[11.471s] INFO:colcon.colcon_core.shell:Creating prefix script '/home/hollis/osu-uwrt/riptide_software/src/riptide_gazebo/Assets/Plugins/install/local_setup.bash'
[11.472s] INFO:colcon.colcon_core.shell:Creating prefix chain script '/home/hollis/osu-uwrt/riptide_software/src/riptide_gazebo/Assets/Plugins/install/setup.bash'
[11.475s] INFO:colcon.colcon_core.shell:Creating prefix script '/home/hollis/osu-uwrt/riptide_software/src/riptide_gazebo/Assets/Plugins/install/local_setup.zsh'
[11.476s] INFO:colcon.colcon_core.shell:Creating prefix chain script '/home/hollis/osu-uwrt/riptide_software/src/riptide_gazebo/Assets/Plugins/install/setup.zsh'
