[0.023s] Invoking command in '/home/toby/osu-uwrt/development/software/src/riptide_gazebo/Assets/Plugins/uwrt_gui/build/CompObjectsPlugin': /usr/bin/cmake --build /home/toby/osu-uwrt/development/software/src/riptide_gazebo/Assets/Plugins/uwrt_gui/build/CompObjectsPlugin -- -j12 -l12
[0.053s] -- Looking for gz-sim7 -- found version 7.0.0
[0.058s] -- Searching for dependencies of gz-sim7
[0.059s] -- Looking for sdformat13 -- found version 13.2.0
[0.059s] -- Searching for dependencies of sdformat13
[0.064s] -- Checking for module 'tinyxml2'
[0.078s] --   Found tinyxml2, version 9.0.0
[0.110s] -- Looking for gz-math7 -- found version 7.0.2
[0.111s] -- Searching for dependencies of gz-math7
[0.111s] -- Looking for gz-utils2 -- found version 2.0.0
[0.112s] -- Searching for dependencies of gz-utils2
[0.115s] -- Looking for gz-utils2 -- found version 2.0.0
[0.116s] -- Searching for dependencies of gz-utils2
[0.116s] -- Searching for <gz-utils2> component [cli]
[0.116s] -- Looking for gz-utils2-cli -- found version 2.0.0
[0.117s] -- Searching for dependencies of gz-utils2-cli
[0.119s] -- Looking for gz-plugin2 -- found version 2.0.0
[0.119s] -- Searching for dependencies of gz-plugin2
[0.119s] -- Looking for gz-utils2 -- found version 2.0.0
[0.120s] -- Searching for <gz-plugin2> component [loader]
[0.120s] -- Looking for gz-plugin2-loader -- found version 2.0.0
[0.121s] -- Searching for dependencies of gz-plugin2-loader
[0.122s] -- Searching for <gz-plugin2> component [register]
[0.123s] -- Looking for gz-plugin2-register -- found version 2.0.0
[0.123s] -- Searching for dependencies of gz-plugin2-register
[0.125s] -- Looking for gz-transport12 -- found version 12.0.0
[0.125s] -- Searching for dependencies of gz-transport12
[0.171s] -- Config-file not installed for ZeroMQ -- checking for pkg-config
[0.176s] -- Checking for module 'libzmq >= 4'
[0.191s] --   Found libzmq , version 4.3.4
[0.233s] -- Checking for module 'uuid'
[0.248s] --   Found uuid, version 2.37.2
[0.279s] -- Looking for gz-utils2 -- found version 2.0.0
[0.280s] -- Looking for gz-msgs9 -- found version 9.0.0
[0.280s] -- Searching for dependencies of gz-msgs9
[0.306s] -- Looking for gz-math7 -- found version 7.0.2
[0.325s] -- Searching for <gz-transport12> component [log]
[0.325s] -- Looking for gz-transport12-log -- found version 12.0.0
[0.326s] -- Searching for dependencies of gz-transport12-log
[0.327s] -- Looking for gz-msgs9 -- found version 9.0.0
[0.328s] -- Looking for gz-common5 -- found version 5.2.2
[0.328s] -- Searching for dependencies of gz-common5
[0.329s] -- Looking for gz-utils2 -- found version 2.0.0
[0.329s] -- Looking for dlfcn.h - found
[0.329s] -- Looking for libdl - found
[0.338s] -- Searching for <gz-common5> component [profiler]
[0.339s] -- Looking for gz-common5-profiler -- found version 5.2.2
[0.340s] -- Searching for dependencies of gz-common5-profiler
[0.340s] -- Searching for <gz-common5> component [events]
[0.341s] -- Looking for gz-common5-events -- found version 5.2.2
[0.341s] -- Searching for dependencies of gz-common5-events
[0.342s] -- Looking for gz-math7 -- found version 7.0.2
[0.342s] -- Searching for <gz-common5> component [av]
[0.343s] -- Looking for gz-common5-av -- found version 5.2.2
[0.344s] -- Searching for dependencies of gz-common5-av
[0.350s] -- Checking for module 'libswscale'
[0.363s] --   Found libswscale, version 5.9.100
[0.401s] -- Checking for module 'libavdevice >= 56.4.100'
[0.416s] --   Found libavdevice , version 58.13.100
[0.457s] -- Checking for module 'libavformat'
[0.470s] --   Found libavformat, version 58.76.100
[0.515s] -- Checking for module 'libavcodec'
[0.529s] --   Found libavcodec, version 58.134.100
[0.569s] -- Checking for module 'libavutil'
[0.585s] --   Found libavutil, version 56.70.100
[0.620s] -- Looking for gz-fuel_tools8 -- found version 8.0.0
[0.620s] -- Searching for dependencies of gz-fuel_tools8
[0.673s] -- Checking for module 'jsoncpp'
[0.691s] --   Found jsoncpp, version 1.9.5
[0.739s] -- Checking for module 'libzip'
[0.755s] --   Found libzip, version 1.7.3
[0.792s] -- Looking for gz-utils2 -- found version 2.0.0
[0.792s] -- Looking for gz-common5 -- found version 5.2.2
[0.793s] -- Looking for gz-math7 -- found version 7.0.2
[0.794s] -- Looking for gz-msgs9 -- found version 9.0.0
[0.796s] -- Looking for gz-gui7 -- found version 7.0.0
[0.797s] -- Searching for dependencies of gz-gui7
[0.832s] -- Looking for gz-utils2 -- found version 2.0.0
[0.833s] -- Looking for gz-math7 -- found version 7.0.2
[0.834s] -- Looking for gz-common5 -- found version 5.2.2
[0.834s] -- Looking for gz-plugin2 -- found version 2.0.0
[0.835s] -- Looking for gz-transport12 -- found version 12.0.0
[0.836s] -- Looking for gz-rendering7 -- found version 7.1.0
[0.837s] -- Searching for dependencies of gz-rendering7
[0.837s] -- Looking for gz-math7 -- found version 7.0.2
[0.838s] -- Searching for dependencies of gz-math7
[0.839s] -- Looking for gz-utils2 -- found version 2.0.0
[0.839s] -- Searching for <gz-math7> component [eigen3]
[0.840s] -- Looking for gz-math7-eigen3 -- found version 7.0.2
[0.841s] -- Searching for dependencies of gz-math7-eigen3
[0.843s] -- Looking for gz-common5 -- found version 5.2.2
[0.844s] -- Searching for dependencies of gz-common5
[0.845s] -- Looking for gz-utils2 -- found version 2.0.0
[0.845s] -- Looking for dlfcn.h - found
[0.845s] -- Looking for libdl - found
[0.859s] -- Searching for <gz-common5> component [graphics]
[0.859s] -- Looking for gz-common5-graphics -- found version 5.2.2
[0.860s] -- Searching for dependencies of gz-common5-graphics
[0.860s] -- Looking for gz-math7 -- found version 7.0.2
[0.864s] -- Searching for <gz-common5> component [events]
[0.865s] -- Searching for <gz-common5> component [geospatial]
[0.866s] -- Looking for gz-common5-geospatial -- found version 5.2.2
[0.866s] -- Searching for dependencies of gz-common5-geospatial
[0.867s] -- Looking for gz-math7 -- found version 7.0.2
[0.868s] -- Looking for gz-common5 -- found version 5.2.2
[0.869s] -- Looking for gz-plugin2 -- found version 2.0.0
[0.870s] -- Searching for dependencies of gz-plugin2
[0.871s] -- Looking for gz-utils2 -- found version 2.0.0
[0.871s] -- Searching for <gz-plugin2> component [all]
[0.872s] -- Looking for all libraries of gz-plugin2 -- found version 2.0.0
[0.873s] -- Looking for gz-plugin2 -- found version 2.0.0
[0.875s] -- Looking for gz-utils2 -- found version 2.0.0
[0.876s] -- Looking for gz-msgs9 -- found version 9.0.0
[0.902s] -- Looking for gz-physics6 -- found version 6.1.0
[0.903s] -- Searching for dependencies of gz-physics6
[0.903s] -- Looking for gz-math7 -- found version 7.0.2
[0.904s] -- Looking for gz-plugin2 -- found version 2.0.0
[0.905s] -- Looking for gz-utils2 -- found version 2.0.0
[0.907s] -- Searching for <gz-physics6> component [heightmap]
[0.907s] -- Looking for gz-physics6-heightmap -- found version 6.1.0
[0.908s] -- Searching for dependencies of gz-physics6-heightmap
[0.909s] -- Looking for gz-common5 -- found version 5.2.2
[0.910s] -- Searching for <gz-physics6> component [mesh]
[0.911s] -- Looking for gz-physics6-mesh -- found version 6.1.0
[0.911s] -- Searching for dependencies of gz-physics6-mesh
[0.912s] -- Looking for gz-common5 -- found version 5.2.2
[0.913s] -- Searching for <gz-physics6> component [sdf]
[0.913s] -- Looking for gz-physics6-sdf -- found version 6.1.0
[0.914s] -- Searching for dependencies of gz-physics6-sdf
[0.915s] -- Looking for sdformat13 -- found version 13.2.0
[0.916s] -- Looking for gz-sensors7 -- found version 7.0.0
[0.917s] -- Searching for dependencies of gz-sensors7
[0.946s] -- Looking for gz-math7 -- found version 7.0.2
[0.947s] -- Looking for gz-common5 -- found version 5.2.2
[0.948s] -- Looking for gz-transport12 -- found version 12.0.0
[0.949s] -- Looking for gz-rendering7 -- found version 7.1.0
[0.950s] -- Looking for gz-msgs9 -- found version 9.0.0
[0.950s] -- Looking for sdformat13 -- found version 13.2.0
[0.951s] -- Searching for <gz-sensors7> component [air_pressure]
[0.952s] -- Looking for gz-sensors7-air_pressure -- found version 7.0.0
[0.953s] -- Searching for dependencies of gz-sensors7-air_pressure
[0.954s] -- Searching for <gz-sensors7> component [altimeter]
[0.954s] -- Looking for gz-sensors7-altimeter -- found version 7.0.0
[0.955s] -- Searching for dependencies of gz-sensors7-altimeter
[0.956s] -- Searching for <gz-sensors7> component [imu]
[0.957s] -- Looking for gz-sensors7-imu -- found version 7.0.0
[0.958s] -- Searching for dependencies of gz-sensors7-imu
[0.958s] -- Searching for <gz-sensors7> component [force_torque]
[0.959s] -- Looking for gz-sensors7-force_torque -- found version 7.0.0
[0.960s] -- Searching for dependencies of gz-sensors7-force_torque
[0.961s] -- Searching for <gz-sensors7> component [logical_camera]
[0.962s] -- Looking for gz-sensors7-logical_camera -- found version 7.0.0
[0.963s] -- Searching for dependencies of gz-sensors7-logical_camera
[0.963s] -- Searching for <gz-sensors7> component [magnetometer]
[0.964s] -- Looking for gz-sensors7-magnetometer -- found version 7.0.0
[0.965s] -- Searching for dependencies of gz-sensors7-magnetometer
[0.966s] -- Searching for <gz-sensors7> component [navsat]
[0.966s] -- Looking for gz-sensors7-navsat -- found version 7.0.0
[0.967s] -- Searching for dependencies of gz-sensors7-navsat
[0.967s] -- Searching for <gz-sensors7> component [rendering]
[0.968s] -- Looking for gz-sensors7-rendering -- found version 7.0.0
[0.969s] -- Searching for dependencies of gz-sensors7-rendering
[0.970s] -- Searching for <gz-sensors7> component [lidar]
[0.970s] -- Looking for gz-sensors7-lidar -- found version 7.0.0
[0.971s] -- Searching for dependencies of gz-sensors7-lidar
[0.972s] -- Searching for <gz-sensors7> component [gpu_lidar]
[0.973s] -- Looking for gz-sensors7-gpu_lidar -- found version 7.0.0
[0.974s] -- Searching for dependencies of gz-sensors7-gpu_lidar
[0.975s] -- Searching for <gz-sensors7> component [camera]
[0.975s] -- Looking for gz-sensors7-camera -- found version 7.0.0
[0.976s] -- Searching for dependencies of gz-sensors7-camera
[0.977s] -- Searching for <gz-sensors7> component [boundingbox_camera]
[0.978s] -- Looking for gz-sensors7-boundingbox_camera -- found version 7.0.0
[0.979s] -- Searching for dependencies of gz-sensors7-boundingbox_camera
[0.980s] -- Searching for <gz-sensors7> component [segmentation_camera]
[0.980s] -- Looking for gz-sensors7-segmentation_camera -- found version 7.0.0
[0.981s] -- Searching for dependencies of gz-sensors7-segmentation_camera
[0.982s] -- Searching for <gz-sensors7> component [depth_camera]
[0.982s] -- Looking for gz-sensors7-depth_camera -- found version 7.0.0
[0.983s] -- Searching for dependencies of gz-sensors7-depth_camera
[0.983s] -- Searching for <gz-sensors7> component [rgbd_camera]
[0.984s] -- Looking for gz-sensors7-rgbd_camera -- found version 7.0.0
[0.985s] -- Searching for dependencies of gz-sensors7-rgbd_camera
[0.986s] -- Searching for <gz-sensors7> component [thermal_camera]
[0.986s] -- Looking for gz-sensors7-thermal_camera -- found version 7.0.0
[0.987s] -- Searching for dependencies of gz-sensors7-thermal_camera
[0.988s] -- Searching for <gz-sensors7> component [wide_angle_camera]
[0.988s] -- Looking for gz-sensors7-wide_angle_camera -- found version 7.0.0
[0.989s] -- Searching for dependencies of gz-sensors7-wide_angle_camera
[0.990s] -- Looking for gz-rendering7 -- found version 7.1.0
[0.991s] -- Looking for gz-math7 -- found version 7.0.2
[0.992s] -- Looking for gz-utils2 -- found version 2.0.0
[1.021s] -- Searching for <gz-sim7> component [gui]
[1.022s] -- Looking for gz-sim7-gui -- found version 7.0.0
[1.022s] -- Searching for dependencies of gz-sim7-gui
[1.024s] -- Configuring done
[1.061s] -- Generating done
[1.063s] -- Build files have been written to: /home/toby/osu-uwrt/development/software/src/riptide_gazebo/Assets/Plugins/uwrt_gui/build/CompObjectsPlugin
[1.101s] [ 16%] [34m[1mAutomatic MOC for target CompObjectsPlugin[0m
[1.122s] [ 16%] Built target CompObjectsPlugin_autogen
[1.133s] [ 33%] [34m[1mGenerating qrc_CompObjectsPlugin.cpp[0m
[1.644s] [35m[1mConsolidate compiler generated dependencies of target CompObjectsPlugin[0m
[1.670s] [ 50%] [32mBuilding CXX object CMakeFiles/CompObjectsPlugin.dir/qrc_CompObjectsPlugin.cpp.o[0m
[12.341s] [ 66%] [32m[1mLinking CXX shared library libCompObjectsPlugin.so[0m
[12.575s] [100%] Built target CompObjectsPlugin
[12.585s] Invoked command in '/home/toby/osu-uwrt/development/software/src/riptide_gazebo/Assets/Plugins/uwrt_gui/build/CompObjectsPlugin' returned '0': /usr/bin/cmake --build /home/toby/osu-uwrt/development/software/src/riptide_gazebo/Assets/Plugins/uwrt_gui/build/CompObjectsPlugin -- -j12 -l12
[12.631s] Invoking command in '/home/toby/osu-uwrt/development/software/src/riptide_gazebo/Assets/Plugins/uwrt_gui/build/CompObjectsPlugin': /usr/bin/cmake --install /home/toby/osu-uwrt/development/software/src/riptide_gazebo/Assets/Plugins/uwrt_gui/build/CompObjectsPlugin
[12.638s] -- Install configuration: ""
[12.638s] -- Installing: /home/toby/osu-uwrt/development/software/src/riptide_gazebo/Assets/Plugins/uwrt_gui/install/CompObjectsPlugin/install/CompObjectsPlugin.qrc
[12.639s] -- Installing: /home/toby/osu-uwrt/development/software/src/riptide_gazebo/Assets/Plugins/uwrt_gui/install/CompObjectsPlugin/install/CompObjectsPlugin.qml
[12.641s] Invoked command in '/home/toby/osu-uwrt/development/software/src/riptide_gazebo/Assets/Plugins/uwrt_gui/build/CompObjectsPlugin' returned '0': /usr/bin/cmake --install /home/toby/osu-uwrt/development/software/src/riptide_gazebo/Assets/Plugins/uwrt_gui/build/CompObjectsPlugin
