[0.013s] Invoking command in '/home/hollis/osu-uwrt/riptide_software/src/riptide_gazebo/Assets/Plugins/build/uwrt_gz': CMAKE_PREFIX_PATH=${CMAKE_PREFIX_PATH}:/home/hollis/osu-uwrt/dependencies/install/microstrain_inertial_rqt:/home/hollis/osu-uwrt/dependencies/install/echo_video:/home/hollis/osu-uwrt/dependencies/install/camera_calibration:/home/hollis/osu-uwrt/riptide_software/install/riptide_teleop2:/home/hollis/osu-uwrt/riptide_software/install/riptide_rqt_plugins2:/home/hollis/osu-uwrt/riptide_software/install/riptide_hardware2:/home/hollis/osu-uwrt/riptide_software/install/riptide_controllers2:/home/hollis/osu-uwrt/riptide_software/install/riptide_mapping2:/home/hollis/osu-uwrt/riptide_software/install/riptide_localization2:/home/hollis/osu-uwrt/riptide_software/install/riptide_bringup2:/home/hollis/osu-uwrt/riptide_software/install/riptide_SNIB:/opt/ros/humble /usr/bin/cmake --build /home/hollis/osu-uwrt/riptide_software/src/riptide_gazebo/Assets/Plugins/build/uwrt_gz -- -j20 -l20
[0.040s] [35m[1mConsolidate compiler generated dependencies of target MoveEntity[0m
[0.050s] [ 50%] [32mBuilding CXX object CMakeFiles/MoveEntity.dir/src/MoveEntity.cc.o[0m
[0.904s] [01m[K/home/hollis/osu-uwrt/riptide_software/src/riptide_gazebo/Assets/Plugins/uwrt_gz/src/MoveEntity.cc:[m[K In member function ‘[01m[Kvirtual void move_entity::MoveEntity::Configure(const Entity&, const std::shared_ptr<const sdf::v13::Element>&, gz::sim::v7::EntityComponentManager&, gz::sim::v7::EventManager&)[m[K’:
[0.905s] [01m[K/home/hollis/osu-uwrt/riptide_software/src/riptide_gazebo/Assets/Plugins/uwrt_gz/src/MoveEntity.cc:58:48:[m[K [01;35m[Kwarning: [m[Kunused parameter ‘[01m[K_sdf[m[K’ [[01;35m[K]8;;https://gcc.gnu.org/onlinedocs/gcc/Warning-Options.html#index-Wunused-parameter-Wunused-parameter]8;;[m[K]
[0.905s]    58 |     [01;35m[Kconst std::shared_ptr<const sdf::Element> &_sdf[m[K,
[0.905s]       |     [01;35m[K~~~~~~~~~~~~~~~~~~~~~~~~~~~~~~~~~~~~~~~~~~~^~~~[m[K
[1.285s] [100%] [32m[1mLinking CXX shared library libMoveEntity.so[0m
[1.384s] [100%] Built target MoveEntity
[1.390s] Invoked command in '/home/hollis/osu-uwrt/riptide_software/src/riptide_gazebo/Assets/Plugins/build/uwrt_gz' returned '0': CMAKE_PREFIX_PATH=${CMAKE_PREFIX_PATH}:/home/hollis/osu-uwrt/dependencies/install/microstrain_inertial_rqt:/home/hollis/osu-uwrt/dependencies/install/echo_video:/home/hollis/osu-uwrt/dependencies/install/camera_calibration:/home/hollis/osu-uwrt/riptide_software/install/riptide_teleop2:/home/hollis/osu-uwrt/riptide_software/install/riptide_rqt_plugins2:/home/hollis/osu-uwrt/riptide_software/install/riptide_hardware2:/home/hollis/osu-uwrt/riptide_software/install/riptide_controllers2:/home/hollis/osu-uwrt/riptide_software/install/riptide_mapping2:/home/hollis/osu-uwrt/riptide_software/install/riptide_localization2:/home/hollis/osu-uwrt/riptide_software/install/riptide_bringup2:/home/hollis/osu-uwrt/riptide_software/install/riptide_SNIB:/opt/ros/humble /usr/bin/cmake --build /home/hollis/osu-uwrt/riptide_software/src/riptide_gazebo/Assets/Plugins/build/uwrt_gz -- -j20 -l20
[1.410s] Invoking command in '/home/hollis/osu-uwrt/riptide_software/src/riptide_gazebo/Assets/Plugins/build/uwrt_gz': CMAKE_PREFIX_PATH=${CMAKE_PREFIX_PATH}:/home/hollis/osu-uwrt/dependencies/install/microstrain_inertial_rqt:/home/hollis/osu-uwrt/dependencies/install/echo_video:/home/hollis/osu-uwrt/dependencies/install/camera_calibration:/home/hollis/osu-uwrt/riptide_software/install/riptide_teleop2:/home/hollis/osu-uwrt/riptide_software/install/riptide_rqt_plugins2:/home/hollis/osu-uwrt/riptide_software/install/riptide_hardware2:/home/hollis/osu-uwrt/riptide_software/install/riptide_controllers2:/home/hollis/osu-uwrt/riptide_software/install/riptide_mapping2:/home/hollis/osu-uwrt/riptide_software/install/riptide_localization2:/home/hollis/osu-uwrt/riptide_software/install/riptide_bringup2:/home/hollis/osu-uwrt/riptide_software/install/riptide_SNIB:/opt/ros/humble /usr/bin/cmake --install /home/hollis/osu-uwrt/riptide_software/src/riptide_gazebo/Assets/Plugins/build/uwrt_gz
[1.415s] -- Install configuration: ""
[1.415s] -- Installing: /home/hollis/osu-uwrt/riptide_software/src/riptide_gazebo/Assets/Plugins/install/uwrt_gz/lib/libMoveEntity.so
[1.416s] -- Up-to-date: /home/hollis/osu-uwrt/riptide_software/src/riptide_gazebo/Assets/Plugins/install/uwrt_gz/share/ament_index/resource_index/package_run_dependencies/uwrt_gz
[1.416s] -- Up-to-date: /home/hollis/osu-uwrt/riptide_software/src/riptide_gazebo/Assets/Plugins/install/uwrt_gz/share/ament_index/resource_index/parent_prefix_path/uwrt_gz
[1.416s] -- Up-to-date: /home/hollis/osu-uwrt/riptide_software/src/riptide_gazebo/Assets/Plugins/install/uwrt_gz/share/uwrt_gz/environment/ament_prefix_path.sh
[1.416s] -- Up-to-date: /home/hollis/osu-uwrt/riptide_software/src/riptide_gazebo/Assets/Plugins/install/uwrt_gz/share/uwrt_gz/environment/ament_prefix_path.dsv
[1.416s] -- Up-to-date: /home/hollis/osu-uwrt/riptide_software/src/riptide_gazebo/Assets/Plugins/install/uwrt_gz/share/uwrt_gz/environment/path.sh
[1.416s] -- Up-to-date: /home/hollis/osu-uwrt/riptide_software/src/riptide_gazebo/Assets/Plugins/install/uwrt_gz/share/uwrt_gz/environment/path.dsv
[1.416s] -- Up-to-date: /home/hollis/osu-uwrt/riptide_software/src/riptide_gazebo/Assets/Plugins/install/uwrt_gz/share/uwrt_gz/local_setup.bash
[1.416s] -- Up-to-date: /home/hollis/osu-uwrt/riptide_software/src/riptide_gazebo/Assets/Plugins/install/uwrt_gz/share/uwrt_gz/local_setup.sh
[1.416s] -- Up-to-date: /home/hollis/osu-uwrt/riptide_software/src/riptide_gazebo/Assets/Plugins/install/uwrt_gz/share/uwrt_gz/local_setup.zsh
[1.416s] -- Up-to-date: /home/hollis/osu-uwrt/riptide_software/src/riptide_gazebo/Assets/Plugins/install/uwrt_gz/share/uwrt_gz/local_setup.dsv
[1.416s] -- Installing: /home/hollis/osu-uwrt/riptide_software/src/riptide_gazebo/Assets/Plugins/install/uwrt_gz/share/uwrt_gz/package.dsv
[1.416s] -- Up-to-date: /home/hollis/osu-uwrt/riptide_software/src/riptide_gazebo/Assets/Plugins/install/uwrt_gz/share/ament_index/resource_index/packages/uwrt_gz
[1.416s] -- Up-to-date: /home/hollis/osu-uwrt/riptide_software/src/riptide_gazebo/Assets/Plugins/install/uwrt_gz/share/uwrt_gz/cmake/uwrt_gzConfig.cmake
[1.416s] -- Up-to-date: /home/hollis/osu-uwrt/riptide_software/src/riptide_gazebo/Assets/Plugins/install/uwrt_gz/share/uwrt_gz/cmake/uwrt_gzConfig-version.cmake
[1.416s] -- Up-to-date: /home/hollis/osu-uwrt/riptide_software/src/riptide_gazebo/Assets/Plugins/install/uwrt_gz/share/uwrt_gz/package.xml
[1.419s] Invoked command in '/home/hollis/osu-uwrt/riptide_software/src/riptide_gazebo/Assets/Plugins/build/uwrt_gz' returned '0': CMAKE_PREFIX_PATH=${CMAKE_PREFIX_PATH}:/home/hollis/osu-uwrt/dependencies/install/microstrain_inertial_rqt:/home/hollis/osu-uwrt/dependencies/install/echo_video:/home/hollis/osu-uwrt/dependencies/install/camera_calibration:/home/hollis/osu-uwrt/riptide_software/install/riptide_teleop2:/home/hollis/osu-uwrt/riptide_software/install/riptide_rqt_plugins2:/home/hollis/osu-uwrt/riptide_software/install/riptide_hardware2:/home/hollis/osu-uwrt/riptide_software/install/riptide_controllers2:/home/hollis/osu-uwrt/riptide_software/install/riptide_mapping2:/home/hollis/osu-uwrt/riptide_software/install/riptide_localization2:/home/hollis/osu-uwrt/riptide_software/install/riptide_bringup2:/home/hollis/osu-uwrt/riptide_software/install/riptide_SNIB:/opt/ros/humble /usr/bin/cmake --install /home/hollis/osu-uwrt/riptide_software/src/riptide_gazebo/Assets/Plugins/build/uwrt_gz
