[0.022s] Invoking command in '/home/toby/osu-uwrt/development/software/src/riptide_gazebo/Assets/Plugins/uwrt_gui/build/CompObjectsPlugin': /usr/bin/cmake --build /home/toby/osu-uwrt/development/software/src/riptide_gazebo/Assets/Plugins/uwrt_gui/build/CompObjectsPlugin -- -j12 -l12
[0.046s] -- Looking for gz-sim7 -- found version 7.0.0
[0.050s] -- Searching for dependencies of gz-sim7
[0.050s] -- Looking for sdformat13 -- found version 13.2.0
[0.051s] -- Searching for dependencies of sdformat13
[0.055s] -- Checking for module 'tinyxml2'
[0.067s] --   Found tinyxml2, version 9.0.0
[0.095s] -- Looking for gz-math7 -- found version 7.0.2
[0.095s] -- Searching for dependencies of gz-math7
[0.095s] -- Looking for gz-utils2 -- found version 2.0.0
[0.096s] -- Searching for dependencies of gz-utils2
[0.097s] -- Looking for gz-utils2 -- found version 2.0.0
[0.098s] -- Searching for dependencies of gz-utils2
[0.098s] -- Searching for <gz-utils2> component [cli]
[0.098s] -- Looking for gz-utils2-cli -- found version 2.0.0
[0.099s] -- Searching for dependencies of gz-utils2-cli
[0.100s] -- Looking for gz-plugin2 -- found version 2.0.0
[0.101s] -- Searching for dependencies of gz-plugin2
[0.101s] -- Looking for gz-utils2 -- found version 2.0.0
[0.102s] -- Searching for <gz-plugin2> component [loader]
[0.102s] -- Looking for gz-plugin2-loader -- found version 2.0.0
[0.103s] -- Searching for dependencies of gz-plugin2-loader
[0.104s] -- Searching for <gz-plugin2> component [register]
[0.104s] -- Looking for gz-plugin2-register -- found version 2.0.0
[0.105s] -- Searching for dependencies of gz-plugin2-register
[0.105s] -- Looking for gz-transport12 -- found version 12.0.0
[0.106s] -- Searching for dependencies of gz-transport12
[0.142s] -- Config-file not installed for ZeroMQ -- checking for pkg-config
[0.146s] -- Checking for module 'libzmq >= 4'
[0.159s] --   Found libzmq , version 4.3.4
[0.196s] -- Checking for module 'uuid'
[0.208s] --   Found uuid, version 2.37.2
[0.238s] -- Looking for gz-utils2 -- found version 2.0.0
[0.238s] -- Looking for gz-msgs9 -- found version 9.0.0
[0.239s] -- Searching for dependencies of gz-msgs9
[0.260s] -- Looking for gz-math7 -- found version 7.0.2
[0.280s] -- Searching for <gz-transport12> component [log]
[0.281s] -- Looking for gz-transport12-log -- found version 12.0.0
[0.281s] -- Searching for dependencies of gz-transport12-log
[0.282s] -- Looking for gz-msgs9 -- found version 9.0.0
[0.283s] -- Looking for gz-common5 -- found version 5.2.2
[0.283s] -- Searching for dependencies of gz-common5
[0.284s] -- Looking for gz-utils2 -- found version 2.0.0
[0.284s] -- Looking for dlfcn.h - found
[0.284s] -- Looking for libdl - found
[0.293s] -- Searching for <gz-common5> component [profiler]
[0.294s] -- Looking for gz-common5-profiler -- found version 5.2.2
[0.295s] -- Searching for dependencies of gz-common5-profiler
[0.295s] -- Searching for <gz-common5> component [events]
[0.296s] -- Looking for gz-common5-events -- found version 5.2.2
[0.296s] -- Searching for dependencies of gz-common5-events
[0.297s] -- Looking for gz-math7 -- found version 7.0.2
[0.297s] -- Searching for <gz-common5> component [av]
[0.298s] -- Looking for gz-common5-av -- found version 5.2.2
[0.298s] -- Searching for dependencies of gz-common5-av
[0.303s] -- Checking for module 'libswscale'
[0.317s] --   Found libswscale, version 5.9.100
[0.355s] -- Checking for module 'libavdevice >= 56.4.100'
[0.369s] --   Found libavdevice , version 58.13.100
[0.407s] -- Checking for module 'libavformat'
[0.420s] --   Found libavformat, version 58.76.100
[0.458s] -- Checking for module 'libavcodec'
[0.471s] --   Found libavcodec, version 58.134.100
[0.513s] -- Checking for module 'libavutil'
[0.527s] --   Found libavutil, version 56.70.100
[0.561s] -- Looking for gz-fuel_tools8 -- found version 8.0.0
[0.561s] -- Searching for dependencies of gz-fuel_tools8
[0.603s] -- Checking for module 'jsoncpp'
[0.617s] --   Found jsoncpp, version 1.9.5
[0.655s] -- Checking for module 'libzip'
[0.668s] --   Found libzip, version 1.7.3
[0.699s] -- Looking for gz-utils2 -- found version 2.0.0
[0.699s] -- Looking for gz-common5 -- found version 5.2.2
[0.700s] -- Looking for gz-math7 -- found version 7.0.2
[0.700s] -- Looking for gz-msgs9 -- found version 9.0.0
[0.701s] -- Looking for gz-gui7 -- found version 7.0.0
[0.702s] -- Searching for dependencies of gz-gui7
[0.731s] -- Looking for gz-utils2 -- found version 2.0.0
[0.731s] -- Looking for gz-math7 -- found version 7.0.2
[0.731s] -- Looking for gz-common5 -- found version 5.2.2
[0.732s] -- Looking for gz-plugin2 -- found version 2.0.0
[0.732s] -- Looking for gz-transport12 -- found version 12.0.0
[0.733s] -- Looking for gz-rendering7 -- found version 7.1.0
[0.733s] -- Searching for dependencies of gz-rendering7
[0.733s] -- Looking for gz-math7 -- found version 7.0.2
[0.734s] -- Searching for dependencies of gz-math7
[0.734s] -- Looking for gz-utils2 -- found version 2.0.0
[0.734s] -- Searching for <gz-math7> component [eigen3]
[0.735s] -- Looking for gz-math7-eigen3 -- found version 7.0.2
[0.735s] -- Searching for dependencies of gz-math7-eigen3
[0.737s] -- Looking for gz-common5 -- found version 5.2.2
[0.738s] -- Searching for dependencies of gz-common5
[0.738s] -- Looking for gz-utils2 -- found version 2.0.0
[0.738s] -- Looking for dlfcn.h - found
[0.739s] -- Looking for libdl - found
[0.748s] -- Searching for <gz-common5> component [graphics]
[0.749s] -- Looking for gz-common5-graphics -- found version 5.2.2
[0.749s] -- Searching for dependencies of gz-common5-graphics
[0.750s] -- Looking for gz-math7 -- found version 7.0.2
[0.752s] -- Searching for <gz-common5> component [events]
[0.753s] -- Searching for <gz-common5> component [geospatial]
[0.754s] -- Looking for gz-common5-geospatial -- found version 5.2.2
[0.754s] -- Searching for dependencies of gz-common5-geospatial
[0.755s] -- Looking for gz-math7 -- found version 7.0.2
[0.755s] -- Looking for gz-common5 -- found version 5.2.2
[0.756s] -- Looking for gz-plugin2 -- found version 2.0.0
[0.757s] -- Searching for dependencies of gz-plugin2
[0.757s] -- Looking for gz-utils2 -- found version 2.0.0
[0.757s] -- Searching for <gz-plugin2> component [all]
[0.758s] -- Looking for all libraries of gz-plugin2 -- found version 2.0.0
[0.758s] -- Looking for gz-plugin2 -- found version 2.0.0
[0.760s] -- Looking for gz-utils2 -- found version 2.0.0
[0.761s] -- Looking for gz-msgs9 -- found version 9.0.0
[0.775s] -- Looking for gz-physics6 -- found version 6.1.0
[0.776s] -- Searching for dependencies of gz-physics6
[0.776s] -- Looking for gz-math7 -- found version 7.0.2
[0.777s] -- Looking for gz-plugin2 -- found version 2.0.0
[0.777s] -- Looking for gz-utils2 -- found version 2.0.0
[0.778s] -- Searching for <gz-physics6> component [heightmap]
[0.779s] -- Looking for gz-physics6-heightmap -- found version 6.1.0
[0.779s] -- Searching for dependencies of gz-physics6-heightmap
[0.780s] -- Looking for gz-common5 -- found version 5.2.2
[0.780s] -- Searching for <gz-physics6> component [mesh]
[0.781s] -- Looking for gz-physics6-mesh -- found version 6.1.0
[0.781s] -- Searching for dependencies of gz-physics6-mesh
[0.782s] -- Looking for gz-common5 -- found version 5.2.2
[0.782s] -- Searching for <gz-physics6> component [sdf]
[0.783s] -- Looking for gz-physics6-sdf -- found version 6.1.0
[0.783s] -- Searching for dependencies of gz-physics6-sdf
[0.784s] -- Looking for sdformat13 -- found version 13.2.0
[0.785s] -- Looking for gz-sensors7 -- found version 7.0.0
[0.785s] -- Searching for dependencies of gz-sensors7
[0.807s] -- Looking for gz-math7 -- found version 7.0.2
[0.807s] -- Looking for gz-common5 -- found version 5.2.2
[0.808s] -- Looking for gz-transport12 -- found version 12.0.0
[0.809s] -- Looking for gz-rendering7 -- found version 7.1.0
[0.809s] -- Looking for gz-msgs9 -- found version 9.0.0
[0.810s] -- Looking for sdformat13 -- found version 13.2.0
[0.810s] -- Searching for <gz-sensors7> component [air_pressure]
[0.811s] -- Looking for gz-sensors7-air_pressure -- found version 7.0.0
[0.812s] -- Searching for dependencies of gz-sensors7-air_pressure
[0.812s] -- Searching for <gz-sensors7> component [altimeter]
[0.813s] -- Looking for gz-sensors7-altimeter -- found version 7.0.0
[0.814s] -- Searching for dependencies of gz-sensors7-altimeter
[0.814s] -- Searching for <gz-sensors7> component [imu]
[0.815s] -- Looking for gz-sensors7-imu -- found version 7.0.0
[0.815s] -- Searching for dependencies of gz-sensors7-imu
[0.816s] -- Searching for <gz-sensors7> component [force_torque]
[0.816s] -- Looking for gz-sensors7-force_torque -- found version 7.0.0
[0.817s] -- Searching for dependencies of gz-sensors7-force_torque
[0.817s] -- Searching for <gz-sensors7> component [logical_camera]
[0.818s] -- Looking for gz-sensors7-logical_camera -- found version 7.0.0
[0.819s] -- Searching for dependencies of gz-sensors7-logical_camera
[0.819s] -- Searching for <gz-sensors7> component [magnetometer]
[0.820s] -- Looking for gz-sensors7-magnetometer -- found version 7.0.0
[0.820s] -- Searching for dependencies of gz-sensors7-magnetometer
[0.821s] -- Searching for <gz-sensors7> component [navsat]
[0.821s] -- Looking for gz-sensors7-navsat -- found version 7.0.0
[0.822s] -- Searching for dependencies of gz-sensors7-navsat
[0.822s] -- Searching for <gz-sensors7> component [rendering]
[0.823s] -- Looking for gz-sensors7-rendering -- found version 7.0.0
[0.823s] -- Searching for dependencies of gz-sensors7-rendering
[0.824s] -- Searching for <gz-sensors7> component [lidar]
[0.825s] -- Looking for gz-sensors7-lidar -- found version 7.0.0
[0.825s] -- Searching for dependencies of gz-sensors7-lidar
[0.826s] -- Searching for <gz-sensors7> component [gpu_lidar]
[0.826s] -- Looking for gz-sensors7-gpu_lidar -- found version 7.0.0
[0.827s] -- Searching for dependencies of gz-sensors7-gpu_lidar
[0.827s] -- Searching for <gz-sensors7> component [camera]
[0.828s] -- Looking for gz-sensors7-camera -- found version 7.0.0
[0.828s] -- Searching for dependencies of gz-sensors7-camera
[0.829s] -- Searching for <gz-sensors7> component [boundingbox_camera]
[0.829s] -- Looking for gz-sensors7-boundingbox_camera -- found version 7.0.0
[0.830s] -- Searching for dependencies of gz-sensors7-boundingbox_camera
[0.830s] -- Searching for <gz-sensors7> component [segmentation_camera]
[0.831s] -- Looking for gz-sensors7-segmentation_camera -- found version 7.0.0
[0.831s] -- Searching for dependencies of gz-sensors7-segmentation_camera
[0.832s] -- Searching for <gz-sensors7> component [depth_camera]
[0.832s] -- Looking for gz-sensors7-depth_camera -- found version 7.0.0
[0.833s] -- Searching for dependencies of gz-sensors7-depth_camera
[0.833s] -- Searching for <gz-sensors7> component [rgbd_camera]
[0.834s] -- Looking for gz-sensors7-rgbd_camera -- found version 7.0.0
[0.834s] -- Searching for dependencies of gz-sensors7-rgbd_camera
[0.835s] -- Searching for <gz-sensors7> component [thermal_camera]
[0.835s] -- Looking for gz-sensors7-thermal_camera -- found version 7.0.0
[0.836s] -- Searching for dependencies of gz-sensors7-thermal_camera
[0.837s] -- Searching for <gz-sensors7> component [wide_angle_camera]
[0.837s] -- Looking for gz-sensors7-wide_angle_camera -- found version 7.0.0
[0.838s] -- Searching for dependencies of gz-sensors7-wide_angle_camera
[0.839s] -- Looking for gz-rendering7 -- found version 7.1.0
[0.839s] -- Looking for gz-math7 -- found version 7.0.2
[0.840s] -- Looking for gz-utils2 -- found version 2.0.0
[0.861s] -- Searching for <gz-sim7> component [gui]
[0.861s] -- Looking for gz-sim7-gui -- found version 7.0.0
[0.862s] -- Searching for dependencies of gz-sim7-gui
[0.864s] -- Configuring done
[0.896s] -- Generating done
[0.898s] -- Build files have been written to: /home/toby/osu-uwrt/development/software/src/riptide_gazebo/Assets/Plugins/uwrt_gui/build/CompObjectsPlugin
[0.935s] [ 16%] [34m[1mAutomatic MOC for target CompObjectsPlugin[0m
[0.956s] [ 16%] Built target CompObjectsPlugin_autogen
[0.966s] [ 33%] [34m[1mGenerating qrc_CompObjectsPlugin.cpp[0m
[1.007s] [35m[1mConsolidate compiler generated dependencies of target CompObjectsPlugin[0m
[1.032s] [ 50%] [32mBuilding CXX object CMakeFiles/CompObjectsPlugin.dir/qrc_CompObjectsPlugin.cpp.o[0m
[1.662s] [ 66%] [32m[1mLinking CXX shared library libCompObjectsPlugin.so[0m
[1.868s] [100%] Built target CompObjectsPlugin
[1.879s] Invoked command in '/home/toby/osu-uwrt/development/software/src/riptide_gazebo/Assets/Plugins/uwrt_gui/build/CompObjectsPlugin' returned '0': /usr/bin/cmake --build /home/toby/osu-uwrt/development/software/src/riptide_gazebo/Assets/Plugins/uwrt_gui/build/CompObjectsPlugin -- -j12 -l12
[1.922s] Invoking command in '/home/toby/osu-uwrt/development/software/src/riptide_gazebo/Assets/Plugins/uwrt_gui/build/CompObjectsPlugin': /usr/bin/cmake --install /home/toby/osu-uwrt/development/software/src/riptide_gazebo/Assets/Plugins/uwrt_gui/build/CompObjectsPlugin
[1.930s] -- Install configuration: ""
[1.930s] -- Installing: /home/toby/osu-uwrt/development/software/src/riptide_gazebo/Assets/Plugins/uwrt_gui/install/CompObjectsPlugin/install/CompObjectsPlugin.qrc
[1.930s] -- Installing: /home/toby/osu-uwrt/development/software/src/riptide_gazebo/Assets/Plugins/uwrt_gui/install/CompObjectsPlugin/install/CompObjectsPlugin.qml
[1.933s] Invoked command in '/home/toby/osu-uwrt/development/software/src/riptide_gazebo/Assets/Plugins/uwrt_gui/build/CompObjectsPlugin' returned '0': /usr/bin/cmake --install /home/toby/osu-uwrt/development/software/src/riptide_gazebo/Assets/Plugins/uwrt_gui/build/CompObjectsPlugin
